2006-01-08 03:05:20 Файл /home/vprokate.ru/www/Wings/Logs.php подключён.
2006-01-08 03:05:20 Файл /home/vprokate.ru/www/Wings/DB.php подключён.
2006-01-08 03:17:15 Файл /home/vprokate.ru/www/Wings/Logs.php подключён.
2006-01-08 03:17:15 Файл /home/vprokate.ru/www/Wings/DB.php подключён.
2006-01-08 03:17:17 Файл /home/vprokate.ru/www/Wings/Logs.php подключён.
2006-01-08 03:17:17 Файл /home/vprokate.ru/www/Wings/DB.php подключён.
2006-01-08 03:17:38 Файл /home/vprokate.ru/www/Wings/Logs.php подключён.
2006-01-08 03:17:38 Файл /home/vprokate.ru/www/Wings/DB.php подключён.
2006-01-08 03:17:59 Файл /home/vprokate.ru/www/Wings/Logs.php подключён.
2006-01-08 03:17:59 Файл /home/vprokate.ru/www/Wings/DB.php подключён.
2006-01-08 03:17:59 Файл /home/vprokate.ru/www/Applications/FrontEnd/Workspace.php подключён.
2006-01-08 03:17:59 Файл /home/vprokate.ru/www/Applications/FrontEnd/FrontEndModel.php подключён.
2006-01-08 03:17:59 Файл /home/vprokate.ru/www/Applications/FrontEnd/Index/Controller.php подключён.
2006-01-08 03:17:59 Файл /home/vprokate.ru/www/Applications/FrontEnd/Index/View.php подключён.
2006-01-08 03:19:18 Файл /home/vprokate.ru/www/Wings/Logs.php подключён.
2006-01-08 03:19:18 Файл /home/vprokate.ru/www/Wings/DB.php подключён.
2006-01-08 03:19:18 Файл /home/vprokate.ru/www/Applications/FrontEnd/Workspace.php подключён.
2006-01-08 03:19:18 Файл /home/vprokate.ru/www/Applications/FrontEnd/FrontEndModel.php подключён.
2006-01-08 03:19:18 Файл /home/vprokate.ru/www/Applications/FrontEnd/Index/Controller.php подключён.
2006-01-08 03:19:18 Файл /home/vprokate.ru/www/Applications/FrontEnd/Index/View.php подключён.
2006-01-08 03:26:34 Файл /home/vprokate.ru/www/Wings/Logs.php подключён.
2006-01-08 03:26:34 Файл /home/vprokate.ru/www/Wings/DB.php подключён.
2006-01-08 03:26:34 Файл /home/vprokate.ru/www/Applications/FrontEnd/Workspace.php подключён.
2006-01-08 03:26:34 Файл /home/vprokate.ru/www/Applications/FrontEnd/FrontEndModel.php подключён.
2006-01-08 03:26:34 Файл /home/vprokate.ru/www/Applications/FrontEnd/Index/Controller.php подключён.
2006-01-08 03:26:34 Файл /home/vprokate.ru/www/Applications/FrontEnd/Index/View.php подключён.
2006-01-08 03:26:34 Файл /home/vprokate.ru/www/Smarty_Internal_Debug.php не найден.
2006-01-08 03:26:34 Файл /home/vprokate.ru/www/Smarty_Internal_TemplateCompilerBase.php не найден.
2006-01-08 03:26:34 Файл /home/vprokate.ru/www/Smarty_Internal_Templatelexer.php не найден.
2006-01-08 03:26:34 Файл /home/vprokate.ru/www/Smarty_Internal_Templateparser.php не найден.
2006-01-08 03:26:34 Файл /home/vprokate.ru/www/Smarty_Internal_Write_File.php не найден.
2006-01-08 03:26:34 Файл /home/vprokate.ru/www/Smarty_Internal_CompileBase.php не найден.
2006-01-08 03:26:39 Файл /home/vprokate.ru/www/Wings/Logs.php подключён.
2006-01-08 03:26:39 Файл /home/vprokate.ru/www/Wings/DB.php подключён.
2006-01-08 03:26:39 Файл /home/vprokate.ru/www/Applications/FrontEnd/Workspace.php подключён.
2006-01-08 03:26:39 Файл /home/vprokate.ru/www/Applications/FrontEnd/FrontEndModel.php подключён.
2006-01-08 03:26:39 Файл /home/vprokate.ru/www/Applications/FrontEnd/Index/Controller.php подключён.
2006-01-08 03:26:39 Файл /home/vprokate.ru/www/Applications/FrontEnd/Index/View.php подключён.
2006-01-08 03:26:39 Файл /home/vprokate.ru/www/Smarty_Internal_Debug.php не найден.
2006-01-08 03:27:07 Файл /home/vprokate.ru/www/Wings/Logs.php подключён.
2006-01-08 03:27:07 Файл /home/vprokate.ru/www/Wings/DB.php подключён.
2006-01-08 03:27:07 Файл /home/vprokate.ru/www/Applications/FrontEnd/Workspace.php подключён.
2006-01-08 03:27:07 Файл /home/vprokate.ru/www/Applications/FrontEnd/FrontEndModel.php подключён.
2006-01-08 03:27:07 Файл /home/vprokate.ru/www/Applications/FrontEnd/Index/Controller.php подключён.
2006-01-08 03:27:07 Файл /home/vprokate.ru/www/Applications/FrontEnd/Index/View.php подключён.
2006-01-08 03:27:07 Файл /home/vprokate.ru/www/Smarty_Internal_Debug.php не найден.
2006-01-08 03:27:11 Файл /home/vprokate.ru/www/Wings/Logs.php подключён.
2006-01-08 03:27:11 Файл /home/vprokate.ru/www/Wings/DB.php подключён.
2006-01-08 03:27:11 Файл /home/vprokate.ru/www/Applications/FrontEnd/Workspace.php подключён.
2006-01-08 03:27:11 Файл /home/vprokate.ru/www/Applications/FrontEnd/FrontEndModel.php подключён.
2006-01-08 03:27:11 Файл /home/vprokate.ru/www/Applications/FrontEnd/Index/Controller.php подключён.
2006-01-08 03:27:11 Файл /home/vprokate.ru/www/Applications/FrontEnd/Index/View.php подключён.
2006-01-08 03:27:11 Файл /home/vprokate.ru/www/Smarty_Internal_Debug.php не найден.
2006-01-08 03:27:58 Файл /home/vprokate.ru/www/Wings/Logs.php подключён.
2006-01-08 03:27:58 Файл /home/vprokate.ru/www/Wings/DB.php подключён.
2006-01-08 03:27:58 Файл /home/vprokate.ru/www/Applications/FrontEnd/Workspace.php подключён.
2006-01-08 03:27:58 Файл /home/vprokate.ru/www/Applications/FrontEnd/FrontEndModel.php подключён.
2006-01-08 03:27:58 Файл /home/vprokate.ru/www/Applications/FrontEnd/Index/Controller.php подключён.
2006-01-08 03:27:58 Файл /home/vprokate.ru/www/Applications/FrontEnd/Index/View.php подключён.
2006-01-08 03:28:08 Файл /home/vprokate.ru/www/Wings/Logs.php подключён.
2006-01-08 03:28:08 Файл /home/vprokate.ru/www/Wings/DB.php подключён.
2006-01-08 03:28:08 Файл /home/vprokate.ru/www/Applications/FrontEnd/Workspace.php подключён.
2006-01-08 03:28:08 Файл /home/vprokate.ru/www/Applications/FrontEnd/FrontEndModel.php подключён.
2006-01-08 03:28:08 Файл /home/vprokate.ru/www/Applications/FrontEnd/Index/Controller.php подключён.
2006-01-08 03:28:08 Файл /home/vprokate.ru/www/Applications/FrontEnd/Index/View.php подключён.
2006-01-08 03:28:09 Файл /home/vprokate.ru/www/Wings/Logs.php подключён.
2006-01-08 03:28:09 Файл /home/vprokate.ru/www/Wings/DB.php подключён.
2006-01-08 03:28:09 Файл /home/vprokate.ru/www/Applications/FrontEnd/Workspace.php подключён.
2006-01-08 03:28:09 Файл /home/vprokate.ru/www/Applications/FrontEnd/FrontEndModel.php подключён.
2006-01-08 03:28:09 Файл /home/vprokate.ru/www/Applications/FrontEnd/Index/Controller.php подключён.
2006-01-08 03:28:09 Файл /home/vprokate.ru/www/Applications/FrontEnd/Index/View.php подключён.
2006-01-08 03:29:04 Файл /home/vprokate.ru/www/Wings/Logs.php подключён.
2006-01-08 03:29:04 Файл /home/vprokate.ru/www/Wings/DB.php подключён.
2006-01-08 03:29:04 Файл /home/vprokate.ru/www/Applications/FrontEnd/Workspace.php подключён.
2006-01-08 03:29:04 Файл /home/vprokate.ru/www/Applications/FrontEnd/FrontEndModel.php подключён.
2006-01-08 03:29:04 Файл /home/vprokate.ru/www/Applications/FrontEnd/Index/Controller.php подключён.
2006-01-08 03:29:04 Файл /home/vprokate.ru/www/Applications/FrontEnd/Index/View.php подключён.
2006-01-08 03:30:24 Файл /home/vprokate.ru/www/Wings/Logs.php подключён.
2006-01-08 03:30:24 Файл /home/vprokate.ru/www/Wings/DB.php подключён.
2006-01-08 03:30:24 Файл /home/vprokate.ru/www/Applications/FrontEnd/Workspace.php подключён.
2006-01-08 03:30:24 Файл /home/vprokate.ru/www/Applications/FrontEnd/FrontEndModel.php подключён.
2006-01-08 03:30:24 Файл /home/vprokate.ru/www/Applications/FrontEnd/Index/Controller.php подключён.
2006-01-08 03:30:24 Файл /home/vprokate.ru/www/Applications/FrontEnd/Index/View.php подключён.
2006-01-08 03:30:26 Файл /home/vprokate.ru/www/Wings/Logs.php подключён.
2006-01-08 03:30:26 Файл /home/vprokate.ru/www/Wings/DB.php подключён.
2006-01-08 03:30:26 Файл /home/vprokate.ru/www/Applications/FrontEnd/Workspace.php подключён.
2006-01-08 03:30:26 Файл /home/vprokate.ru/www/Applications/FrontEnd/FrontEndModel.php подключён.
2006-01-08 03:30:26 Файл /home/vprokate.ru/www/Applications/FrontEnd/Index/Controller.php подключён.
2006-01-08 03:30:26 Файл /home/vprokate.ru/www/Applications/FrontEnd/Index/View.php подключён.
2006-01-08 03:30:33 Файл /home/vprokate.ru/www/Wings/Logs.php подключён.
2006-01-08 03:30:33 Файл /home/vprokate.ru/www/Wings/DB.php подключён.
2006-01-08 03:30:33 Файл /home/vprokate.ru/www/Applications/FrontEnd/Workspace.php подключён.
2006-01-08 03:30:33 Файл /home/vprokate.ru/www/Applications/FrontEnd/FrontEndModel.php подключён.
2006-01-08 03:30:33 Файл /home/vprokate.ru/www/Applications/FrontEnd/Index/Controller.php подключён.
2006-01-08 03:30:33 Файл /home/vprokate.ru/www/Applications/FrontEnd/Index/View.php подключён.
2006-01-08 03:30:52 Файл /home/vprokate.ru/www/Wings/Logs.php подключён.
2006-01-08 03:30:52 Файл /home/vprokate.ru/www/Wings/DB.php подключён.
2006-01-08 03:30:52 Файл /home/vprokate.ru/www/Applications/FrontEnd/Workspace.php подключён.
2006-01-08 03:30:52 Файл /home/vprokate.ru/www/Applications/FrontEnd/FrontEndModel.php подключён.
2006-01-08 03:30:52 Файл /home/vprokate.ru/www/Applications/FrontEnd/Index/Controller.php подключён.
2006-01-08 03:30:52 Файл /home/vprokate.ru/www/Applications/FrontEnd/Index/View.php подключён.
2006-01-08 03:30:52 Файл /home/vprokate.ru/www/Smarty_Internal_TemplateCompilerBase.php не найден.
2006-01-08 03:30:52 Файл /home/vprokate.ru/www/Smarty_Internal_Templatelexer.php не найден.
2006-01-08 03:30:52 Файл /home/vprokate.ru/www/Smarty_Internal_Templateparser.php не найден.
2006-01-08 03:30:52 Файл /home/vprokate.ru/www/Smarty_Internal_Write_File.php не найден.
2006-01-08 03:31:00 Файл /home/vprokate.ru/www/Wings/Logs.php подключён.
2006-01-08 03:31:00 Файл /home/vprokate.ru/www/Wings/DB.php подключён.
2006-01-08 03:31:00 Файл /home/vprokate.ru/www/Applications/FrontEnd/Workspace.php подключён.
2006-01-08 03:31:00 Файл /home/vprokate.ru/www/Applications/FrontEnd/FrontEndModel.php подключён.
2006-01-08 03:31:00 Файл /home/vprokate.ru/www/Applications/FrontEnd/Index/Controller.php подключён.
2006-01-08 03:31:00 Файл /home/vprokate.ru/www/Applications/FrontEnd/Index/View.php подключён.
2006-01-08 03:48:31 Файл /home/vprokate.ru/www/Wings/Logs.php подключён.
2006-01-08 03:48:31 Файл /home/vprokate.ru/www/Wings/DB.php подключён.
2006-01-08 03:48:31 Файл /home/vprokate.ru/www/Applications/FrontEnd/Workspace.php подключён.
2006-01-08 03:48:31 Файл /home/vprokate.ru/www/Applications/FrontEnd/FrontEndModel.php подключён.
2006-01-08 03:48:31 Файл /home/vprokate.ru/www/Applications/FrontEnd/Index/Controller.php подключён.
2006-01-08 03:48:31 Файл /home/vprokate.ru/www/Applications/FrontEnd/Index/View.php подключён.
2006-01-08 03:48:33 Файл /home/vprokate.ru/www/Wings/Logs.php подключён.
2006-01-08 03:48:33 Файл /home/vprokate.ru/www/Wings/DB.php подключён.
2006-01-08 03:48:33 Файл /home/vprokate.ru/www/Applications/FrontEnd/Workspace.php подключён.
2006-01-08 03:48:33 Файл /home/vprokate.ru/www/Applications/FrontEnd/FrontEndModel.php подключён.
2006-01-08 03:48:33 Файл /home/vprokate.ru/www/Applications/FrontEnd/Index/Controller.php подключён.
2006-01-08 03:48:33 Файл /home/vprokate.ru/www/Applications/FrontEnd/Index/View.php подключён.
2006-01-08 21:45:51 Файл /home/webservers/vprokate.ru/www/Wings/Logs.php подключён.
2006-01-08 21:45:51 Файл /home/webservers/vprokate.ru/www/Wings/DB.php подключён.
2006-01-08 21:45:52 Файл /home/webservers/vprokate.ru/www/Applications/FrontEnd/Workspace.php подключён.
2006-01-08 21:45:52 Файл /home/webservers/vprokate.ru/www/Applications/FrontEnd/FrontEndModel.php подключён.
2006-01-08 21:45:52 Файл /home/webservers/vprokate.ru/www/Applications/FrontEnd/Index/Controller.php подключён.
2006-01-08 21:45:52 Файл /home/webservers/vprokate.ru/www/Applications/FrontEnd/Index/View.php подключён.
2006-01-08 21:45:52 Файл /home/webservers/vprokate.ru/www/Smarty_Internal_TemplateCompilerBase.php не найден.
2006-01-08 21:45:52 Файл /home/webservers/vprokate.ru/www/Smarty_Internal_Templatelexer.php не найден.
2006-01-08 21:45:52 Файл /home/webservers/vprokate.ru/www/Smarty_Internal_Templateparser.php не найден.
2006-01-08 21:46:55 Файл /home/webservers/vprokate.ru/www/Wings/Logs.php подключён.
2006-01-08 21:46:55 Файл /home/webservers/vprokate.ru/www/Wings/DB.php подключён.
2006-01-08 21:46:55 Файл /home/webservers/vprokate.ru/www/Applications/FrontEnd/Workspace.php подключён.
2006-01-08 21:46:55 Файл /home/webservers/vprokate.ru/www/Applications/FrontEnd/FrontEndModel.php подключён.
2006-01-08 21:46:55 Файл /home/webservers/vprokate.ru/www/Applications/FrontEnd/Index/Controller.php подключён.
2006-01-08 21:46:55 Файл /home/webservers/vprokate.ru/www/Applications/FrontEnd/Index/View.php подключён.
2006-01-08 21:46:55 Файл /home/webservers/vprokate.ru/www/Smarty_Internal_TemplateCompilerBase.php не найден.
2006-01-08 21:46:55 Файл /home/webservers/vprokate.ru/www/Smarty_Internal_Templatelexer.php не найден.
2006-01-08 21:46:55 Файл /home/webservers/vprokate.ru/www/Smarty_Internal_Templateparser.php не найден.
2006-01-08 21:46:55 Файл /home/webservers/vprokate.ru/www/Smarty_Internal_Write_File.php не найден.
2006-01-08 21:48:42 Файл /home/webservers/vprokate.ru/www/Wings/Logs.php подключён.
2006-01-08 21:48:42 Файл /home/webservers/vprokate.ru/www/Wings/DB.php подключён.
2006-01-08 21:48:42 Файл /home/webservers/vprokate.ru/www/Applications/FrontEnd/Workspace.php подключён.
2006-01-08 21:48:42 Файл /home/webservers/vprokate.ru/www/Applications/FrontEnd/FrontEndModel.php подключён.
2006-01-08 21:48:42 Файл /home/webservers/vprokate.ru/www/Applications/FrontEnd/Index/Controller.php подключён.
2006-01-08 21:48:42 Файл /home/webservers/vprokate.ru/www/Applications/FrontEnd/Index/View.php подключён.
2006-01-08 21:56:23 Файл /home/webservers/vprokate.ru/www/Wings/Logs.php подключён.
2006-01-08 21:56:23 Файл /home/webservers/vprokate.ru/www/Wings/DB.php подключён.
2006-01-08 21:56:23 Файл /home/webservers/vprokate.ru/www/Applications/FrontEnd/Workspace.php подключён.
2006-01-08 21:56:23 Файл /home/webservers/vprokate.ru/www/Applications/FrontEnd/FrontEndModel.php подключён.
2006-01-08 21:56:23 Файл /home/webservers/vprokate.ru/www/Applications/FrontEnd/Index/Controller.php подключён.
2006-01-08 21:56:23 Файл /home/webservers/vprokate.ru/www/Applications/FrontEnd/Index/View.php подключён.
2006-01-08 22:02:04 Файл /home/webservers/vprokate.ru/www/Wings/Logs.php подключён.
2006-01-08 22:02:04 Файл /home/webservers/vprokate.ru/www/Wings/DB.php подключён.
2006-01-08 22:02:04 Файл /home/webservers/vprokate.ru/www/Applications/FrontEnd/Workspace.php подключён.
2006-01-08 22:02:04 Файл /home/webservers/vprokate.ru/www/Applications/FrontEnd/FrontEndModel.php подключён.
2006-01-08 22:02:04 Файл /home/webservers/vprokate.ru/www/Applications/FrontEnd/Index/Controller.php подключён.
2006-01-08 22:02:04 Файл /home/webservers/vprokate.ru/www/Applications/FrontEnd/Index/View.php подключён.
2006-01-08 22:02:04 Файл /home/webservers/vprokate.ru/www/Smarty_Internal_TemplateCompilerBase.php не найден.
2006-01-08 22:02:04 Файл /home/webservers/vprokate.ru/www/Smarty_Internal_Templatelexer.php не найден.
2006-01-08 22:02:04 Файл /home/webservers/vprokate.ru/www/Smarty_Internal_Templateparser.php не найден.
2006-01-08 22:02:04 Файл /home/webservers/vprokate.ru/www/Smarty_Internal_Write_File.php не найден.
2006-01-08 22:02:14 Файл /home/webservers/vprokate.ru/www/Wings/Logs.php подключён.
2006-01-08 22:02:14 Файл /home/webservers/vprokate.ru/www/Wings/DB.php подключён.
2006-01-08 22:02:14 Файл /home/webservers/vprokate.ru/www/Applications/FrontEnd/Workspace.php подключён.
2006-01-08 22:02:14 Файл /home/webservers/vprokate.ru/www/Applications/FrontEnd/FrontEndModel.php подключён.
2006-01-08 22:02:14 Файл /home/webservers/vprokate.ru/www/Applications/FrontEnd/Index/Controller.php подключён.
2006-01-08 22:02:14 Файл /home/webservers/vprokate.ru/www/Applications/FrontEnd/Index/View.php подключён.
2006-01-08 22:02:14 Файл /home/webservers/vprokate.ru/www/Smarty_Internal_TemplateCompilerBase.php не найден.
2006-01-08 22:02:14 Файл /home/webservers/vprokate.ru/www/Smarty_Internal_Templatelexer.php не найден.
2006-01-08 22:02:14 Файл /home/webservers/vprokate.ru/www/Smarty_Internal_Templateparser.php не найден.
2006-01-08 22:02:14 Файл /home/webservers/vprokate.ru/www/Smarty_Internal_Write_File.php не найден.
2006-01-08 22:02:16 Файл /home/webservers/vprokate.ru/www/Wings/Logs.php подключён.
2006-01-08 22:02:16 Файл /home/webservers/vprokate.ru/www/Wings/DB.php подключён.
2006-01-08 22:02:16 Файл /home/webservers/vprokate.ru/www/Applications/FrontEnd/Workspace.php подключён.
2006-01-08 22:02:16 Файл /home/webservers/vprokate.ru/www/Applications/FrontEnd/FrontEndModel.php подключён.
2006-01-08 22:02:16 Файл /home/webservers/vprokate.ru/www/Applications/FrontEnd/Index/Controller.php подключён.
2006-01-08 22:02:16 Файл /home/webservers/vprokate.ru/www/Applications/FrontEnd/Index/View.php подключён.
2006-01-08 22:02:18 Файл /home/webservers/vprokate.ru/www/Wings/Logs.php подключён.
2006-01-08 22:02:18 Файл /home/webservers/vprokate.ru/www/Wings/DB.php подключён.
2006-01-08 22:02:18 Файл /home/webservers/vprokate.ru/www/Applications/FrontEnd/Workspace.php подключён.
2006-01-08 22:02:18 Файл /home/webservers/vprokate.ru/www/Applications/FrontEnd/FrontEndModel.php подключён.
2006-01-08 22:02:18 Файл /home/webservers/vprokate.ru/www/Applications/FrontEnd/Index/Controller.php подключён.
2006-01-08 22:02:18 Файл /home/webservers/vprokate.ru/www/Applications/FrontEnd/Index/View.php подключён.
2006-01-08 22:02:25 Файл /home/webservers/vprokate.ru/www/Wings/Logs.php подключён.
2006-01-08 22:02:25 Файл /home/webservers/vprokate.ru/www/Wings/DB.php подключён.
2006-01-08 22:02:25 Файл /home/webservers/vprokate.ru/www/Applications/FrontEnd/Workspace.php подключён.
2006-01-08 22:02:25 Файл /home/webservers/vprokate.ru/www/Applications/FrontEnd/FrontEndModel.php подключён.
2006-01-08 22:02:25 Файл /home/webservers/vprokate.ru/www/Applications/FrontEnd/Index/Controller.php подключён.
2006-01-08 22:02:25 Файл /home/webservers/vprokate.ru/www/Applications/FrontEnd/Index/View.php подключён.
2006-01-08 22:03:33 Файл /home/webservers/vprokate.ru/www/Wings/Logs.php подключён.
2006-01-08 22:03:33 Файл /home/webservers/vprokate.ru/www/Wings/DB.php подключён.
2006-01-08 22:03:33 Файл /home/webservers/vprokate.ru/www/Applications/FrontEnd/Workspace.php подключён.
2006-01-08 22:03:33 Файл /home/webservers/vprokate.ru/www/Applications/FrontEnd/FrontEndModel.php подключён.
2006-01-08 22:03:33 Файл /home/webservers/vprokate.ru/www/Applications/FrontEnd/Index/Controller.php подключён.
2006-01-08 22:03:33 Файл /home/webservers/vprokate.ru/www/Applications/FrontEnd/Index/View.php подключён.
2006-01-08 22:03:37 Файл /home/webservers/vprokate.ru/www/Wings/Logs.php подключён.
2006-01-08 22:03:37 Файл /home/webservers/vprokate.ru/www/Wings/DB.php подключён.
2006-01-08 22:03:37 Файл /home/webservers/vprokate.ru/www/Applications/FrontEnd/Workspace.php подключён.
2006-01-08 22:03:37 Файл /home/webservers/vprokate.ru/www/Applications/FrontEnd/FrontEndModel.php подключён.
2006-01-08 22:03:37 Файл /home/webservers/vprokate.ru/www/Applications/FrontEnd/Index/Controller.php подключён.
2006-01-08 22:03:37 Файл /home/webservers/vprokate.ru/www/Applications/FrontEnd/Index/View.php подключён.
2006-01-08 22:03:40 Файл /home/webservers/vprokate.ru/www/Wings/Logs.php подключён.
2006-01-08 22:03:40 Файл /home/webservers/vprokate.ru/www/Wings/DB.php подключён.
2006-01-08 22:03:40 Файл /home/webservers/vprokate.ru/www/Applications/FrontEnd/Workspace.php подключён.
2006-01-08 22:03:40 Файл /home/webservers/vprokate.ru/www/Applications/FrontEnd/FrontEndModel.php подключён.
2006-01-08 22:03:40 Файл /home/webservers/vprokate.ru/www/Applications/FrontEnd/Index/Controller.php подключён.
2006-01-08 22:03:40 Файл /home/webservers/vprokate.ru/www/Applications/FrontEnd/Index/View.php подключён.
2006-01-08 22:03:42 Файл /home/webservers/vprokate.ru/www/Wings/Logs.php подключён.
2006-01-08 22:03:42 Файл /home/webservers/vprokate.ru/www/Wings/DB.php подключён.
2006-01-08 22:03:42 Файл /home/webservers/vprokate.ru/www/Applications/FrontEnd/Workspace.php подключён.
2006-01-08 22:03:42 Файл /home/webservers/vprokate.ru/www/Applications/FrontEnd/FrontEndModel.php подключён.
2006-01-08 22:03:42 Файл /home/webservers/vprokate.ru/www/Applications/FrontEnd/Index/Controller.php подключён.
2006-01-08 22:03:42 Файл /home/webservers/vprokate.ru/www/Applications/FrontEnd/Index/View.php подключён.
2006-01-08 22:12:49 Файл /home/webservers/vprokate.ru/www/Wings/Logs.php подключён.
2006-01-08 22:12:49 Файл /home/webservers/vprokate.ru/www/Wings/DB.php подключён.
2006-01-08 22:12:49 Файл /home/webservers/vprokate.ru/www/Applications/FrontEnd/Workspace.php подключён.
2006-01-08 22:12:49 Файл /home/webservers/vprokate.ru/www/Applications/FrontEnd/FrontEndModel.php подключён.
2006-01-08 22:12:49 Файл /home/webservers/vprokate.ru/www/Applications/FrontEnd/Index/Controller.php подключён.
2006-01-08 22:12:49 Файл /home/webservers/vprokate.ru/www/Applications/FrontEnd/Index/View.php подключён.
2006-01-08 22:13:04 Файл /home/webservers/vprokate.ru/www/Wings/Logs.php подключён.
2006-01-08 22:13:04 Файл /home/webservers/vprokate.ru/www/Wings/DB.php подключён.
2006-01-08 22:13:04 Файл /home/webservers/vprokate.ru/www/Applications/FrontEnd/Workspace.php подключён.
2006-01-08 22:13:04 Файл /home/webservers/vprokate.ru/www/Applications/FrontEnd/FrontEndModel.php подключён.
2006-01-08 22:13:04 Файл /home/webservers/vprokate.ru/www/Applications/FrontEnd/Index/Controller.php подключён.
2006-01-08 22:13:04 Файл /home/webservers/vprokate.ru/www/Applications/FrontEnd/Index/View.php подключён.
2006-01-08 22:13:20 Файл /home/webservers/vprokate.ru/www/Wings/Logs.php подключён.
2006-01-08 22:13:20 Файл /home/webservers/vprokate.ru/www/Wings/DB.php подключён.
2006-01-08 22:13:20 Файл /home/webservers/vprokate.ru/www/Applications/FrontEnd/Workspace.php подключён.
2006-01-08 22:13:20 Файл /home/webservers/vprokate.ru/www/Applications/FrontEnd/FrontEndModel.php подключён.
2006-01-08 22:13:20 Файл /home/webservers/vprokate.ru/www/Applications/FrontEnd/Index/Controller.php подключён.
2006-01-08 22:13:20 Файл /home/webservers/vprokate.ru/www/Applications/FrontEnd/Index/View.php подключён.
2006-01-08 22:14:01 Файл /home/webservers/vprokate.ru/www/Wings/Logs.php подключён.
2006-01-08 22:14:01 Файл /home/webservers/vprokate.ru/www/Wings/DB.php подключён.
2006-01-08 22:14:01 Файл /home/webservers/vprokate.ru/www/Applications/FrontEnd/Workspace.php подключён.
2006-01-08 22:14:01 Файл /home/webservers/vprokate.ru/www/Applications/FrontEnd/FrontEndModel.php подключён.
2006-01-08 22:14:01 Файл /home/webservers/vprokate.ru/www/Applications/FrontEnd/Index/Controller.php подключён.
2006-01-08 22:14:01 Файл /home/webservers/vprokate.ru/www/Applications/FrontEnd/Index/View.php подключён.
2006-01-08 22:14:01 Файл /home/webservers/vprokate.ru/www/Wings/Logs.php подключён.
2006-01-08 22:14:01 Файл /home/webservers/vprokate.ru/www/Wings/DB.php подключён.
2006-01-08 22:14:01 Файл /home/webservers/vprokate.ru/www/Applications/FrontEnd/Workspace.php подключён.
2006-01-08 22:14:01 Файл /home/webservers/vprokate.ru/www/Applications/FrontEnd/FrontEndModel.php подключён.
2006-01-08 22:14:01 Файл /home/webservers/vprokate.ru/www/Applications/FrontEnd/Error/Controller.php не найден.
2006-01-08 22:14:06 Файл /home/webservers/vprokate.ru/www/Wings/Logs.php подключён.
2006-01-08 22:14:06 Файл /home/webservers/vprokate.ru/www/Wings/DB.php подключён.
2006-01-08 22:14:06 Файл /home/webservers/vprokate.ru/www/Applications/FrontEnd/Workspace.php подключён.
2006-01-08 22:14:06 Файл /home/webservers/vprokate.ru/www/Applications/FrontEnd/FrontEndModel.php подключён.
2006-01-08 22:14:06 Файл /home/webservers/vprokate.ru/www/Applications/FrontEnd/Error/Controller.php не найден.
2006-01-08 22:14:10 Файл /home/webservers/vprokate.ru/www/Wings/Logs.php подключён.
2006-01-08 22:14:10 Файл /home/webservers/vprokate.ru/www/Wings/DB.php подключён.
2006-01-08 22:14:10 Файл /home/webservers/vprokate.ru/www/Applications/FrontEnd/Workspace.php подключён.
2006-01-08 22:14:10 Файл /home/webservers/vprokate.ru/www/Applications/FrontEnd/FrontEndModel.php подключён.
2006-01-08 22:14:10 Файл /home/webservers/vprokate.ru/www/Applications/FrontEnd/Error/Controller.php не найден.
2006-01-08 22:14:10 Файл /home/webservers/vprokate.ru/www/Wings/Logs.php подключён.
2006-01-08 22:14:10 Файл /home/webservers/vprokate.ru/www/Wings/DB.php подключён.
2006-01-08 22:14:10 Файл /home/webservers/vprokate.ru/www/Applications/FrontEnd/Workspace.php подключён.
2006-01-08 22:14:10 Файл /home/webservers/vprokate.ru/www/Applications/FrontEnd/FrontEndModel.php подключён.
2006-01-08 22:14:10 Файл /home/webservers/vprokate.ru/www/Applications/FrontEnd/Error/Controller.php не найден.
2006-01-08 22:14:26 Файл /home/webservers/vprokate.ru/www/Wings/Logs.php подключён.
2006-01-08 22:14:26 Файл /home/webservers/vprokate.ru/www/Wings/DB.php подключён.
2006-01-08 22:14:26 Файл /home/webservers/vprokate.ru/www/Applications/FrontEnd/Workspace.php подключён.
2006-01-08 22:14:26 Файл /home/webservers/vprokate.ru/www/Applications/FrontEnd/FrontEndModel.php подключён.
2006-01-08 22:14:26 Файл /home/webservers/vprokate.ru/www/Applications/FrontEnd/Error/Controller.php не найден.
2006-01-08 22:14:28 Файл /home/webservers/vprokate.ru/www/Wings/Logs.php подключён.
2006-01-08 22:14:28 Файл /home/webservers/vprokate.ru/www/Wings/DB.php подключён.
2006-01-08 22:14:28 Файл /home/webservers/vprokate.ru/www/Applications/FrontEnd/Workspace.php подключён.
2006-01-08 22:14:28 Файл /home/webservers/vprokate.ru/www/Applications/FrontEnd/FrontEndModel.php подключён.
2006-01-08 22:14:28 Файл /home/webservers/vprokate.ru/www/Applications/FrontEnd/Error/Controller.php не найден.
2006-01-08 22:14:28 Файл /home/webservers/vprokate.ru/www/Wings/Logs.php подключён.
2006-01-08 22:14:28 Файл /home/webservers/vprokate.ru/www/Wings/DB.php подключён.
2006-01-08 22:14:28 Файл /home/webservers/vprokate.ru/www/Applications/FrontEnd/Workspace.php подключён.
2006-01-08 22:14:28 Файл /home/webservers/vprokate.ru/www/Applications/FrontEnd/FrontEndModel.php подключён.
2006-01-08 22:14:28 Файл /home/webservers/vprokate.ru/www/Applications/FrontEnd/Error/Controller.php не найден.
2006-01-08 22:14:40 Файл /home/webservers/vprokate.ru/www/Wings/Logs.php подключён.
2006-01-08 22:14:40 Файл /home/webservers/vprokate.ru/www/Wings/DB.php подключён.
2006-01-08 22:14:40 Файл /home/webservers/vprokate.ru/www/Applications/FrontEnd/Workspace.php подключён.
2006-01-08 22:14:40 Файл /home/webservers/vprokate.ru/www/Applications/FrontEnd/FrontEndModel.php подключён.
2006-01-08 22:14:40 Файл /home/webservers/vprokate.ru/www/Applications/FrontEnd/Error/Controller.php не найден.
2006-01-08 22:14:41 Файл /home/webservers/vprokate.ru/www/Wings/Logs.php подключён.
2006-01-08 22:14:41 Файл /home/webservers/vprokate.ru/www/Wings/DB.php подключён.
2006-01-08 22:14:41 Файл /home/webservers/vprokate.ru/www/Applications/FrontEnd/Workspace.php подключён.
2006-01-08 22:14:41 Файл /home/webservers/vprokate.ru/www/Applications/FrontEnd/FrontEndModel.php подключён.
2006-01-08 22:14:41 Файл /home/webservers/vprokate.ru/www/Applications/FrontEnd/Index/Controller.php подключён.
2006-01-08 22:14:41 Файл /home/webservers/vprokate.ru/www/Applications/FrontEnd/Index/View.php подключён.
2006-01-08 22:14:41 Файл /home/webservers/vprokate.ru/www/Wings/Logs.php подключён.
2006-01-08 22:14:41 Файл /home/webservers/vprokate.ru/www/Wings/DB.php подключён.
2006-01-08 22:14:41 Файл /home/webservers/vprokate.ru/www/Applications/FrontEnd/Workspace.php подключён.
2006-01-08 22:14:41 Файл /home/webservers/vprokate.ru/www/Applications/FrontEnd/FrontEndModel.php подключён.
2006-01-08 22:14:41 Файл /home/webservers/vprokate.ru/www/Applications/FrontEnd/Error/Controller.php не найден.
2006-01-08 22:15:26 Файл /home/webservers/vprokate.ru/www/Wings/Logs.php подключён.
2006-01-08 22:15:26 Файл /home/webservers/vprokate.ru/www/Wings/DB.php подключён.
2006-01-08 22:15:26 Файл /home/webservers/vprokate.ru/www/Applications/FrontEnd/Workspace.php подключён.
2006-01-08 22:15:26 Файл /home/webservers/vprokate.ru/www/Applications/FrontEnd/FrontEndModel.php подключён.
2006-01-08 22:15:26 Файл /home/webservers/vprokate.ru/www/Applications/FrontEnd/Error/Controller.php не найден.
2006-01-08 22:15:27 Файл /home/webservers/vprokate.ru/www/Wings/Logs.php подключён.
2006-01-08 22:15:27 Файл /home/webservers/vprokate.ru/www/Wings/DB.php подключён.
2006-01-08 22:15:27 Файл /home/webservers/vprokate.ru/www/Applications/FrontEnd/Workspace.php подключён.
2006-01-08 22:15:27 Файл /home/webservers/vprokate.ru/www/Applications/FrontEnd/FrontEndModel.php подключён.
2006-01-08 22:15:27 Файл /home/webservers/vprokate.ru/www/Applications/FrontEnd/Error/Controller.php не найден.
2006-01-08 22:15:27 Файл /home/webservers/vprokate.ru/www/Wings/Logs.php подключён.
2006-01-08 22:15:27 Файл /home/webservers/vprokate.ru/www/Wings/DB.php подключён.
2006-01-08 22:15:27 Файл /home/webservers/vprokate.ru/www/Applications/FrontEnd/Workspace.php подключён.
2006-01-08 22:15:27 Файл /home/webservers/vprokate.ru/www/Applications/FrontEnd/FrontEndModel.php подключён.
2006-01-08 22:15:27 Файл /home/webservers/vprokate.ru/www/Applications/FrontEnd/Error/Controller.php не найден.
2006-01-08 22:15:27 Файл /home/webservers/vprokate.ru/www/Wings/Logs.php подключён.
2006-01-08 22:15:27 Файл /home/webservers/vprokate.ru/www/Wings/DB.php подключён.
2006-01-08 22:15:27 Файл /home/webservers/vprokate.ru/www/Applications/FrontEnd/Workspace.php подключён.
2006-01-08 22:15:27 Файл /home/webservers/vprokate.ru/www/Applications/FrontEnd/FrontEndModel.php подключён.
2006-01-08 22:15:27 Файл /home/webservers/vprokate.ru/www/Applications/FrontEnd/Error/Controller.php не найден.
2006-01-08 22:15:28 Файл /home/webservers/vprokate.ru/www/Wings/Logs.php подключён.
2006-01-08 22:15:28 Файл /home/webservers/vprokate.ru/www/Wings/DB.php подключён.
2006-01-08 22:15:28 Файл /home/webservers/vprokate.ru/www/Applications/FrontEnd/Workspace.php подключён.
2006-01-08 22:15:28 Файл /home/webservers/vprokate.ru/www/Applications/FrontEnd/FrontEndModel.php подключён.
2006-01-08 22:15:28 Файл /home/webservers/vprokate.ru/www/Applications/FrontEnd/Error/Controller.php не найден.
2006-01-08 22:48:50 Файл /home/webservers/vprokate.ru/www/Wings/Logs.php подключён.
2006-01-08 22:48:50 Файл /home/webservers/vprokate.ru/www/Wings/DB.php подключён.
2006-01-08 22:48:50 Файл /home/webservers/vprokate.ru/www/Applications/FrontEnd/Workspace.php подключён.
2006-01-08 22:48:50 Файл /home/webservers/vprokate.ru/www/Applications/FrontEnd/FrontEndModel.php подключён.
2006-01-08 22:48:50 Файл /home/webservers/vprokate.ru/www/Applications/FrontEnd/Index/Controller.php подключён.
2006-01-08 22:48:50 Файл /home/webservers/vprokate.ru/www/Applications/FrontEnd/Index/View.php подключён.
2006-01-08 22:48:52 Файл /home/webservers/vprokate.ru/www/Wings/Logs.php подключён.
2006-01-08 22:48:52 Файл /home/webservers/vprokate.ru/www/Wings/DB.php подключён.
2006-01-08 22:48:52 Файл /home/webservers/vprokate.ru/www/Applications/FrontEnd/Workspace.php подключён.
2006-01-08 22:48:52 Файл /home/webservers/vprokate.ru/www/Applications/FrontEnd/FrontEndModel.php подключён.
2006-01-08 22:48:52 Файл /home/webservers/vprokate.ru/www/Applications/FrontEnd/Index/Controller.php подключён.
2006-01-08 22:48:52 Файл /home/webservers/vprokate.ru/www/Applications/FrontEnd/Index/View.php подключён.
2006-01-08 22:48:53 Файл /home/webservers/vprokate.ru/www/Wings/Logs.php подключён.
2006-01-08 22:48:53 Файл /home/webservers/vprokate.ru/www/Wings/DB.php подключён.
2006-01-08 22:48:53 Файл /home/webservers/vprokate.ru/www/Applications/FrontEnd/Workspace.php подключён.
2006-01-08 22:48:53 Файл /home/webservers/vprokate.ru/www/Applications/FrontEnd/FrontEndModel.php подключён.
2006-01-08 22:48:53 Файл /home/webservers/vprokate.ru/www/Applications/FrontEnd/Index/Controller.php подключён.
2006-01-08 22:48:53 Файл /home/webservers/vprokate.ru/www/Applications/FrontEnd/Index/View.php подключён.
2006-01-08 22:48:55 Файл /home/webservers/vprokate.ru/www/Wings/Logs.php подключён.
2006-01-08 22:48:55 Файл /home/webservers/vprokate.ru/www/Wings/DB.php подключён.
2006-01-08 22:48:55 Файл /home/webservers/vprokate.ru/www/Applications/FrontEnd/Workspace.php подключён.
2006-01-08 22:48:55 Файл /home/webservers/vprokate.ru/www/Applications/FrontEnd/FrontEndModel.php подключён.
2006-01-08 22:48:55 Файл /home/webservers/vprokate.ru/www/Applications/FrontEnd/Index/Controller.php подключён.
2006-01-08 22:48:55 Файл /home/webservers/vprokate.ru/www/Applications/FrontEnd/Index/View.php подключён.
2006-01-08 22:58:14 Файл /home/webservers/vprokate.ru/www/Wings/Logs.php подключён.
2006-01-08 22:58:14 Файл /home/webservers/vprokate.ru/www/Wings/DB.php подключён.
2006-01-08 22:58:14 Файл /home/webservers/vprokate.ru/www/Applications/FrontEnd/Workspace.php подключён.
2006-01-08 22:58:14 Файл /home/webservers/vprokate.ru/www/Applications/FrontEnd/FrontEndModel.php подключён.
2006-01-08 22:58:14 Файл /home/webservers/vprokate.ru/www/Applications/FrontEnd/Error/Controller.php не найден.
2006-01-08 22:59:24 Файл /home/webservers/vprokate.ru/www/Wings/Logs.php подключён.
2006-01-08 22:59:24 Файл /home/webservers/vprokate.ru/www/Wings/DB.php подключён.
2006-01-08 22:59:24 Файл /home/webservers/vprokate.ru/www/Applications/FrontEnd/Workspace.php подключён.
2006-01-08 22:59:24 Файл /home/webservers/vprokate.ru/www/Applications/FrontEnd/FrontEndModel.php подключён.
2006-01-08 22:59:24 Файл /home/webservers/vprokate.ru/www/Applications/FrontEnd/Index/Controller.php подключён.
2006-01-08 22:59:24 Файл /home/webservers/vprokate.ru/www/Applications/FrontEnd/Index/View.php подключён.
2006-01-08 22:59:24 Файл /home/webservers/vprokate.ru/www/Wings/Logs.php подключён.
2006-01-08 22:59:24 Файл /home/webservers/vprokate.ru/www/Wings/DB.php подключён.
2006-01-08 22:59:24 Файл /home/webservers/vprokate.ru/www/Applications/FrontEnd/Workspace.php подключён.
2006-01-08 22:59:24 Файл /home/webservers/vprokate.ru/www/Applications/FrontEnd/FrontEndModel.php подключён.
2006-01-08 22:59:24 Файл /home/webservers/vprokate.ru/www/Applications/FrontEnd/Error/Controller.php не найден.
2006-01-08 23:05:03 Файл /home/webservers/vprokate.ru/www/Wings/Logs.php подключён.
2006-01-08 23:05:03 Файл /home/webservers/vprokate.ru/www/Wings/DB.php подключён.
2006-01-08 23:05:03 Файл /home/webservers/vprokate.ru/www/Applications/FrontEnd/Workspace.php подключён.
2006-01-08 23:05:03 Файл /home/webservers/vprokate.ru/www/Applications/FrontEnd/FrontEndModel.php подключён.
2006-01-08 23:05:03 Файл /home/webservers/vprokate.ru/www/Applications/FrontEnd/Error/Controller.php не найден.
2006-01-08 23:05:03 Файл /home/webservers/vprokate.ru/www/Wings/Logs.php подключён.
2006-01-08 23:05:03 Файл /home/webservers/vprokate.ru/www/Wings/DB.php подключён.
2006-01-08 23:05:03 Файл /home/webservers/vprokate.ru/www/Applications/FrontEnd/Workspace.php подключён.
2006-01-08 23:05:03 Файл /home/webservers/vprokate.ru/www/Applications/FrontEnd/FrontEndModel.php подключён.
2006-01-08 23:05:03 Файл /home/webservers/vprokate.ru/www/Applications/FrontEnd/Error/Controller.php не найден.
2006-01-08 23:12:56 Файл /home/webservers/vprokate.ru/www/Wings/Logs.php подключён.
2006-01-08 23:12:56 Файл /home/webservers/vprokate.ru/www/Wings/DB.php подключён.
2006-01-08 23:12:56 Файл /home/webservers/vprokate.ru/www/Applications/FrontEnd/Workspace.php подключён.
2006-01-08 23:12:56 Файл /home/webservers/vprokate.ru/www/Applications/FrontEnd/FrontEndModel.php подключён.
2006-01-08 23:12:56 Файл /home/webservers/vprokate.ru/www/Applications/FrontEnd/Error/Controller.php не найден.
2006-01-08 23:13:26 Файл /home/webservers/vprokate.ru/www/Wings/Logs.php подключён.
2006-01-08 23:13:26 Файл /home/webservers/vprokate.ru/www/Wings/DB.php подключён.
2006-01-08 23:13:26 Файл /home/webservers/vprokate.ru/www/Applications/FrontEnd/Workspace.php подключён.
2006-01-08 23:13:26 Файл /home/webservers/vprokate.ru/www/Applications/FrontEnd/FrontEndModel.php подключён.
2006-01-08 23:13:26 Файл /home/webservers/vprokate.ru/www/Applications/FrontEnd/Error/Controller.php не найден.
2006-01-08 23:13:33 Файл /home/webservers/vprokate.ru/www/Wings/Logs.php подключён.
2006-01-08 23:13:33 Файл /home/webservers/vprokate.ru/www/Wings/DB.php подключён.
2006-01-08 23:13:33 Файл /home/webservers/vprokate.ru/www/Applications/FrontEnd/Workspace.php подключён.
2006-01-08 23:13:33 Файл /home/webservers/vprokate.ru/www/Applications/FrontEnd/FrontEndModel.php подключён.
2006-01-08 23:13:33 Файл /home/webservers/vprokate.ru/www/Applications/FrontEnd/Error/Controller.php не найден.
2006-01-08 23:13:41 Файл /home/webservers/vprokate.ru/www/Wings/Logs.php подключён.
2006-01-08 23:13:41 Файл /home/webservers/vprokate.ru/www/Wings/DB.php подключён.
2006-01-08 23:13:41 Файл /home/webservers/vprokate.ru/www/Applications/FrontEnd/Workspace.php подключён.
2006-01-08 23:13:41 Файл /home/webservers/vprokate.ru/www/Applications/FrontEnd/FrontEndModel.php подключён.
2006-01-08 23:13:41 Файл /home/webservers/vprokate.ru/www/Applications/FrontEnd/Error/Controller.php не найден.
2006-01-08 23:13:45 Файл /home/webservers/vprokate.ru/www/Wings/Logs.php подключён.
2006-01-08 23:13:45 Файл /home/webservers/vprokate.ru/www/Wings/DB.php подключён.
2006-01-08 23:13:45 Файл /home/webservers/vprokate.ru/www/Applications/FrontEnd/Workspace.php подключён.
2006-01-08 23:13:45 Файл /home/webservers/vprokate.ru/www/Applications/FrontEnd/FrontEndModel.php подключён.
2006-01-08 23:13:45 Файл /home/webservers/vprokate.ru/www/Applications/FrontEnd/Error/Controller.php не найден.
2006-01-08 23:14:48 Файл /home/webservers/vprokate.ru/www/Wings/Logs.php подключён.
2006-01-08 23:14:48 Файл /home/webservers/vprokate.ru/www/Wings/DB.php подключён.
2006-01-08 23:14:48 Файл /home/webservers/vprokate.ru/www/Applications/FrontEnd/Workspace.php подключён.
2006-01-08 23:14:48 Файл /home/webservers/vprokate.ru/www/Applications/FrontEnd/FrontEndModel.php подключён.
2006-01-08 23:14:48 Файл /home/webservers/vprokate.ru/www/Applications/FrontEnd/Error/Controller.php не найден.
2006-01-08 23:14:59 Файл /home/webservers/vprokate.ru/www/Wings/Logs.php подключён.
2006-01-08 23:14:59 Файл /home/webservers/vprokate.ru/www/Wings/DB.php подключён.
2006-01-08 23:14:59 Файл /home/webservers/vprokate.ru/www/Applications/FrontEnd/Workspace.php подключён.
2006-01-08 23:14:59 Файл /home/webservers/vprokate.ru/www/Applications/FrontEnd/FrontEndModel.php подключён.
2006-01-08 23:14:59 Файл /home/webservers/vprokate.ru/www/Applications/FrontEnd/Error/Controller.php не найден.
2006-01-08 23:15:07 Файл /home/webservers/vprokate.ru/www/Wings/Logs.php подключён.
2006-01-08 23:15:07 Файл /home/webservers/vprokate.ru/www/Wings/DB.php подключён.
2006-01-08 23:15:07 Файл /home/webservers/vprokate.ru/www/Applications/FrontEnd/Workspace.php подключён.
2006-01-08 23:15:07 Файл /home/webservers/vprokate.ru/www/Applications/FrontEnd/FrontEndModel.php подключён.
2006-01-08 23:15:07 Файл /home/webservers/vprokate.ru/www/Applications/FrontEnd/Error/Controller.php не найден.
2006-01-08 23:15:09 Файл /home/webservers/vprokate.ru/www/Wings/Logs.php подключён.
2006-01-08 23:15:09 Файл /home/webservers/vprokate.ru/www/Wings/DB.php подключён.
2006-01-08 23:15:09 Файл /home/webservers/vprokate.ru/www/Applications/FrontEnd/Workspace.php подключён.
2006-01-08 23:15:09 Файл /home/webservers/vprokate.ru/www/Applications/FrontEnd/FrontEndModel.php подключён.
2006-01-08 23:15:09 Файл /home/webservers/vprokate.ru/www/Applications/FrontEnd/Error/Controller.php не найден.
2006-01-08 23:15:10 Файл /home/webservers/vprokate.ru/www/Wings/Logs.php подключён.
2006-01-08 23:15:10 Файл /home/webservers/vprokate.ru/www/Wings/DB.php подключён.
2006-01-08 23:15:10 Файл /home/webservers/vprokate.ru/www/Applications/FrontEnd/Workspace.php подключён.
2006-01-08 23:15:10 Файл /home/webservers/vprokate.ru/www/Applications/FrontEnd/FrontEndModel.php подключён.
2006-01-08 23:15:10 Файл /home/webservers/vprokate.ru/www/Applications/FrontEnd/Error/Controller.php не найден.
2006-01-08 23:15:22 Файл /home/webservers/vprokate.ru/www/Wings/Logs.php подключён.
2006-01-08 23:15:22 Файл /home/webservers/vprokate.ru/www/Wings/DB.php подключён.
2006-01-08 23:15:22 Файл /home/webservers/vprokate.ru/www/Applications/FrontEnd/Workspace.php подключён.
2006-01-08 23:15:22 Файл /home/webservers/vprokate.ru/www/Applications/FrontEnd/FrontEndModel.php подключён.
2006-01-08 23:15:22 Файл /home/webservers/vprokate.ru/www/Applications/FrontEnd/Error/Controller.php не найден.
2006-01-08 23:15:28 Файл /home/webservers/vprokate.ru/www/Wings/Logs.php подключён.
2006-01-08 23:15:28 Файл /home/webservers/vprokate.ru/www/Wings/DB.php подключён.
2006-01-08 23:15:28 Файл /home/webservers/vprokate.ru/www/Applications/FrontEnd/Workspace.php подключён.
2006-01-08 23:15:28 Файл /home/webservers/vprokate.ru/www/Applications/FrontEnd/FrontEndModel.php подключён.
2006-01-08 23:15:28 Файл /home/webservers/vprokate.ru/www/Applications/FrontEnd/Error/Controller.php не найден.
2006-01-08 23:15:29 Файл /home/webservers/vprokate.ru/www/Wings/Logs.php подключён.
2006-01-08 23:15:29 Файл /home/webservers/vprokate.ru/www/Wings/DB.php подключён.
2006-01-08 23:15:29 Файл /home/webservers/vprokate.ru/www/Applications/FrontEnd/Workspace.php подключён.
2006-01-08 23:15:29 Файл /home/webservers/vprokate.ru/www/Applications/FrontEnd/FrontEndModel.php подключён.
2006-01-08 23:15:29 Файл /home/webservers/vprokate.ru/www/Applications/FrontEnd/Error/Controller.php не найден.
2006-01-08 23:15:30 Файл /home/webservers/vprokate.ru/www/Wings/Logs.php подключён.
2006-01-08 23:15:30 Файл /home/webservers/vprokate.ru/www/Wings/DB.php подключён.
2006-01-08 23:15:30 Файл /home/webservers/vprokate.ru/www/Applications/FrontEnd/Workspace.php подключён.
2006-01-08 23:15:30 Файл /home/webservers/vprokate.ru/www/Applications/FrontEnd/FrontEndModel.php подключён.
2006-01-08 23:15:30 Файл /home/webservers/vprokate.ru/www/Applications/FrontEnd/Error/Controller.php не найден.
2006-01-08 23:15:30 Файл /home/webservers/vprokate.ru/www/Wings/Logs.php подключён.
2006-01-08 23:15:30 Файл /home/webservers/vprokate.ru/www/Wings/DB.php подключён.
2006-01-08 23:15:30 Файл /home/webservers/vprokate.ru/www/Applications/FrontEnd/Workspace.php подключён.
2006-01-08 23:15:30 Файл /home/webservers/vprokate.ru/www/Applications/FrontEnd/FrontEndModel.php подключён.
2006-01-08 23:15:30 Файл /home/webservers/vprokate.ru/www/Applications/FrontEnd/Error/Controller.php не найден.
2006-01-08 23:15:31 Файл /home/webservers/vprokate.ru/www/Wings/Logs.php подключён.
2006-01-08 23:15:31 Файл /home/webservers/vprokate.ru/www/Wings/DB.php подключён.
2006-01-08 23:15:31 Файл /home/webservers/vprokate.ru/www/Applications/FrontEnd/Workspace.php подключён.
2006-01-08 23:15:31 Файл /home/webservers/vprokate.ru/www/Applications/FrontEnd/FrontEndModel.php подключён.
2006-01-08 23:15:31 Файл /home/webservers/vprokate.ru/www/Applications/FrontEnd/Error/Controller.php не найден.
2006-01-08 23:15:31 Файл /home/webservers/vprokate.ru/www/Wings/Logs.php подключён.
2006-01-08 23:15:31 Файл /home/webservers/vprokate.ru/www/Wings/DB.php подключён.
2006-01-08 23:15:31 Файл /home/webservers/vprokate.ru/www/Applications/FrontEnd/Workspace.php подключён.
2006-01-08 23:15:31 Файл /home/webservers/vprokate.ru/www/Applications/FrontEnd/FrontEndModel.php подключён.
2006-01-08 23:15:31 Файл /home/webservers/vprokate.ru/www/Applications/FrontEnd/Error/Controller.php не найден.
2006-01-08 23:15:31 Файл /home/webservers/vprokate.ru/www/Wings/Logs.php подключён.
2006-01-08 23:15:31 Файл /home/webservers/vprokate.ru/www/Wings/DB.php подключён.
2006-01-08 23:15:31 Файл /home/webservers/vprokate.ru/www/Applications/FrontEnd/Workspace.php подключён.
2006-01-08 23:15:31 Файл /home/webservers/vprokate.ru/www/Applications/FrontEnd/FrontEndModel.php подключён.
2006-01-08 23:15:31 Файл /home/webservers/vprokate.ru/www/Applications/FrontEnd/Error/Controller.php не найден.
2006-01-08 23:15:31 Файл /home/webservers/vprokate.ru/www/Wings/Logs.php подключён.
2006-01-08 23:15:31 Файл /home/webservers/vprokate.ru/www/Wings/DB.php подключён.
2006-01-08 23:15:31 Файл /home/webservers/vprokate.ru/www/Applications/FrontEnd/Workspace.php подключён.
2006-01-08 23:15:31 Файл /home/webservers/vprokate.ru/www/Applications/FrontEnd/FrontEndModel.php подключён.
2006-01-08 23:15:31 Файл /home/webservers/vprokate.ru/www/Applications/FrontEnd/Error/Controller.php не найден.
2006-01-08 23:15:32 Файл /home/webservers/vprokate.ru/www/Wings/Logs.php подключён.
2006-01-08 23:15:32 Файл /home/webservers/vprokate.ru/www/Wings/DB.php подключён.
2006-01-08 23:15:32 Файл /home/webservers/vprokate.ru/www/Applications/FrontEnd/Workspace.php подключён.
2006-01-08 23:15:32 Файл /home/webservers/vprokate.ru/www/Applications/FrontEnd/FrontEndModel.php подключён.
2006-01-08 23:15:32 Файл /home/webservers/vprokate.ru/www/Applications/FrontEnd/Error/Controller.php не найден.
2006-01-08 23:15:32 Файл /home/webservers/vprokate.ru/www/Wings/Logs.php подключён.
2006-01-08 23:15:32 Файл /home/webservers/vprokate.ru/www/Wings/DB.php подключён.
2006-01-08 23:15:32 Файл /home/webservers/vprokate.ru/www/Applications/FrontEnd/Workspace.php подключён.
2006-01-08 23:15:32 Файл /home/webservers/vprokate.ru/www/Applications/FrontEnd/FrontEndModel.php подключён.
2006-01-08 23:15:32 Файл /home/webservers/vprokate.ru/www/Applications/FrontEnd/Error/Controller.php не найден.
2006-01-08 23:15:32 Файл /home/webservers/vprokate.ru/www/Wings/Logs.php подключён.
2006-01-08 23:15:32 Файл /home/webservers/vprokate.ru/www/Wings/DB.php подключён.
2006-01-08 23:15:32 Файл /home/webservers/vprokate.ru/www/Applications/FrontEnd/Workspace.php подключён.
2006-01-08 23:15:32 Файл /home/webservers/vprokate.ru/www/Applications/FrontEnd/FrontEndModel.php подключён.
2006-01-08 23:15:32 Файл /home/webservers/vprokate.ru/www/Applications/FrontEnd/Error/Controller.php не найден.
2006-01-08 23:15:32 Файл /home/webservers/vprokate.ru/www/Wings/Logs.php подключён.
2006-01-08 23:15:32 Файл /home/webservers/vprokate.ru/www/Wings/DB.php подключён.
2006-01-08 23:15:32 Файл /home/webservers/vprokate.ru/www/Applications/FrontEnd/Workspace.php подключён.
2006-01-08 23:15:32 Файл /home/webservers/vprokate.ru/www/Applications/FrontEnd/FrontEndModel.php подключён.
2006-01-08 23:15:32 Файл /home/webservers/vprokate.ru/www/Applications/FrontEnd/Error/Controller.php не найден.
2006-01-08 23:15:32 Файл /home/webservers/vprokate.ru/www/Wings/Logs.php подключён.
2006-01-08 23:15:32 Файл /home/webservers/vprokate.ru/www/Wings/DB.php подключён.
2006-01-08 23:15:32 Файл /home/webservers/vprokate.ru/www/Applications/FrontEnd/Workspace.php подключён.
2006-01-08 23:15:32 Файл /home/webservers/vprokate.ru/www/Applications/FrontEnd/FrontEndModel.php подключён.
2006-01-08 23:15:32 Файл /home/webservers/vprokate.ru/www/Applications/FrontEnd/Error/Controller.php не найден.
2006-01-08 23:15:33 Файл /home/webservers/vprokate.ru/www/Wings/Logs.php подключён.
2006-01-08 23:15:33 Файл /home/webservers/vprokate.ru/www/Wings/DB.php подключён.
2006-01-08 23:15:33 Файл /home/webservers/vprokate.ru/www/Applications/FrontEnd/Workspace.php подключён.
2006-01-08 23:15:33 Файл /home/webservers/vprokate.ru/www/Applications/FrontEnd/FrontEndModel.php подключён.
2006-01-08 23:15:33 Файл /home/webservers/vprokate.ru/www/Applications/FrontEnd/Error/Controller.php не найден.
2006-01-08 23:15:33 Файл /home/webservers/vprokate.ru/www/Wings/Logs.php подключён.
2006-01-08 23:15:33 Файл /home/webservers/vprokate.ru/www/Wings/DB.php подключён.
2006-01-08 23:15:33 Файл /home/webservers/vprokate.ru/www/Applications/FrontEnd/Workspace.php подключён.
2006-01-08 23:15:33 Файл /home/webservers/vprokate.ru/www/Applications/FrontEnd/FrontEndModel.php подключён.
2006-01-08 23:15:33 Файл /home/webservers/vprokate.ru/www/Applications/FrontEnd/Error/Controller.php не найден.
2006-01-08 23:15:33 Файл /home/webservers/vprokate.ru/www/Wings/Logs.php подключён.
2006-01-08 23:15:33 Файл /home/webservers/vprokate.ru/www/Wings/DB.php подключён.
2006-01-08 23:15:33 Файл /home/webservers/vprokate.ru/www/Applications/FrontEnd/Workspace.php подключён.
2006-01-08 23:15:33 Файл /home/webservers/vprokate.ru/www/Applications/FrontEnd/FrontEndModel.php подключён.
2006-01-08 23:15:33 Файл /home/webservers/vprokate.ru/www/Applications/FrontEnd/Error/Controller.php не найден.
2006-01-08 23:15:33 Файл /home/webservers/vprokate.ru/www/Wings/Logs.php подключён.
2006-01-08 23:15:33 Файл /home/webservers/vprokate.ru/www/Wings/DB.php подключён.
2006-01-08 23:15:33 Файл /home/webservers/vprokate.ru/www/Applications/FrontEnd/Workspace.php подключён.
2006-01-08 23:15:33 Файл /home/webservers/vprokate.ru/www/Applications/FrontEnd/FrontEndModel.php подключён.
2006-01-08 23:15:33 Файл /home/webservers/vprokate.ru/www/Applications/FrontEnd/Error/Controller.php не найден.
2006-01-08 23:15:33 Файл /home/webservers/vprokate.ru/www/Wings/Logs.php подключён.
2006-01-08 23:15:33 Файл /home/webservers/vprokate.ru/www/Wings/DB.php подключён.
2006-01-08 23:15:33 Файл /home/webservers/vprokate.ru/www/Applications/FrontEnd/Workspace.php подключён.
2006-01-08 23:15:33 Файл /home/webservers/vprokate.ru/www/Applications/FrontEnd/FrontEndModel.php подключён.
2006-01-08 23:15:33 Файл /home/webservers/vprokate.ru/www/Applications/FrontEnd/Error/Controller.php не найден.
2006-01-08 23:15:34 Файл /home/webservers/vprokate.ru/www/Wings/Logs.php подключён.
2006-01-08 23:15:34 Файл /home/webservers/vprokate.ru/www/Wings/DB.php подключён.
2006-01-08 23:15:34 Файл /home/webservers/vprokate.ru/www/Applications/FrontEnd/Workspace.php подключён.
2006-01-08 23:15:34 Файл /home/webservers/vprokate.ru/www/Applications/FrontEnd/FrontEndModel.php подключён.
2006-01-08 23:15:34 Файл /home/webservers/vprokate.ru/www/Applications/FrontEnd/Error/Controller.php не найден.
2006-01-08 23:15:34 Файл /home/webservers/vprokate.ru/www/Wings/Logs.php подключён.
2006-01-08 23:15:34 Файл /home/webservers/vprokate.ru/www/Wings/DB.php подключён.
2006-01-08 23:15:34 Файл /home/webservers/vprokate.ru/www/Applications/FrontEnd/Workspace.php подключён.
2006-01-08 23:15:34 Файл /home/webservers/vprokate.ru/www/Applications/FrontEnd/FrontEndModel.php подключён.
2006-01-08 23:15:34 Файл /home/webservers/vprokate.ru/www/Applications/FrontEnd/Error/Controller.php не найден.
2006-01-08 23:15:34 Файл /home/webservers/vprokate.ru/www/Wings/Logs.php подключён.
2006-01-08 23:15:34 Файл /home/webservers/vprokate.ru/www/Wings/DB.php подключён.
2006-01-08 23:15:34 Файл /home/webservers/vprokate.ru/www/Applications/FrontEnd/Workspace.php подключён.
2006-01-08 23:15:34 Файл /home/webservers/vprokate.ru/www/Applications/FrontEnd/FrontEndModel.php подключён.
2006-01-08 23:15:34 Файл /home/webservers/vprokate.ru/www/Applications/FrontEnd/Error/Controller.php не найден.
2006-01-08 23:15:34 Файл /home/webservers/vprokate.ru/www/Wings/Logs.php подключён.
2006-01-08 23:15:34 Файл /home/webservers/vprokate.ru/www/Wings/DB.php подключён.
2006-01-08 23:15:34 Файл /home/webservers/vprokate.ru/www/Applications/FrontEnd/Workspace.php подключён.
2006-01-08 23:15:34 Файл /home/webservers/vprokate.ru/www/Applications/FrontEnd/FrontEndModel.php подключён.
2006-01-08 23:15:34 Файл /home/webservers/vprokate.ru/www/Applications/FrontEnd/Error/Controller.php не найден.
2006-01-08 23:15:35 Файл /home/webservers/vprokate.ru/www/Wings/Logs.php подключён.
2006-01-08 23:15:35 Файл /home/webservers/vprokate.ru/www/Wings/DB.php подключён.
2006-01-08 23:15:35 Файл /home/webservers/vprokate.ru/www/Applications/FrontEnd/Workspace.php подключён.
2006-01-08 23:15:35 Файл /home/webservers/vprokate.ru/www/Applications/FrontEnd/FrontEndModel.php подключён.
2006-01-08 23:15:35 Файл /home/webservers/vprokate.ru/www/Applications/FrontEnd/Error/Controller.php не найден.
2006-01-08 23:15:35 Файл /home/webservers/vprokate.ru/www/Wings/Logs.php подключён.
2006-01-08 23:15:35 Файл /home/webservers/vprokate.ru/www/Wings/DB.php подключён.
2006-01-08 23:15:35 Файл /home/webservers/vprokate.ru/www/Applications/FrontEnd/Workspace.php подключён.
2006-01-08 23:15:35 Файл /home/webservers/vprokate.ru/www/Applications/FrontEnd/FrontEndModel.php подключён.
2006-01-08 23:15:35 Файл /home/webservers/vprokate.ru/www/Applications/FrontEnd/Error/Controller.php не найден.
2006-01-08 23:15:35 Файл /home/webservers/vprokate.ru/www/Wings/Logs.php подключён.
2006-01-08 23:15:35 Файл /home/webservers/vprokate.ru/www/Wings/DB.php подключён.
2006-01-08 23:15:35 Файл /home/webservers/vprokate.ru/www/Applications/FrontEnd/Workspace.php подключён.
2006-01-08 23:15:35 Файл /home/webservers/vprokate.ru/www/Applications/FrontEnd/FrontEndModel.php подключён.
2006-01-08 23:15:35 Файл /home/webservers/vprokate.ru/www/Applications/FrontEnd/Error/Controller.php не найден.
2006-01-08 23:15:35 Файл /home/webservers/vprokate.ru/www/Wings/Logs.php подключён.
2006-01-08 23:15:35 Файл /home/webservers/vprokate.ru/www/Wings/DB.php подключён.
2006-01-08 23:15:35 Файл /home/webservers/vprokate.ru/www/Applications/FrontEnd/Workspace.php подключён.
2006-01-08 23:15:35 Файл /home/webservers/vprokate.ru/www/Applications/FrontEnd/FrontEndModel.php подключён.
2006-01-08 23:15:35 Файл /home/webservers/vprokate.ru/www/Applications/FrontEnd/Error/Controller.php не найден.
2006-01-08 23:15:35 Файл /home/webservers/vprokate.ru/www/Wings/Logs.php подключён.
2006-01-08 23:15:35 Файл /home/webservers/vprokate.ru/www/Wings/DB.php подключён.
2006-01-08 23:15:35 Файл /home/webservers/vprokate.ru/www/Applications/FrontEnd/Workspace.php подключён.
2006-01-08 23:15:35 Файл /home/webservers/vprokate.ru/www/Applications/FrontEnd/FrontEndModel.php подключён.
2006-01-08 23:15:35 Файл /home/webservers/vprokate.ru/www/Applications/FrontEnd/Error/Controller.php не найден.
2006-01-08 23:15:36 Файл /home/webservers/vprokate.ru/www/Wings/Logs.php подключён.
2006-01-08 23:15:36 Файл /home/webservers/vprokate.ru/www/Wings/DB.php подключён.
2006-01-08 23:15:36 Файл /home/webservers/vprokate.ru/www/Applications/FrontEnd/Workspace.php подключён.
2006-01-08 23:15:36 Файл /home/webservers/vprokate.ru/www/Applications/FrontEnd/FrontEndModel.php подключён.
2006-01-08 23:15:36 Файл /home/webservers/vprokate.ru/www/Applications/FrontEnd/Error/Controller.php не найден.
2006-01-08 23:15:36 Файл /home/webservers/vprokate.ru/www/Wings/Logs.php подключён.
2006-01-08 23:15:36 Файл /home/webservers/vprokate.ru/www/Wings/DB.php подключён.
2006-01-08 23:15:36 Файл /home/webservers/vprokate.ru/www/Applications/FrontEnd/Workspace.php подключён.
2006-01-08 23:15:36 Файл /home/webservers/vprokate.ru/www/Applications/FrontEnd/FrontEndModel.php подключён.
2006-01-08 23:15:36 Файл /home/webservers/vprokate.ru/www/Applications/FrontEnd/Error/Controller.php не найден.
2006-01-08 23:15:36 Файл /home/webservers/vprokate.ru/www/Wings/Logs.php подключён.
2006-01-08 23:15:36 Файл /home/webservers/vprokate.ru/www/Wings/DB.php подключён.
2006-01-08 23:15:36 Файл /home/webservers/vprokate.ru/www/Applications/FrontEnd/Workspace.php подключён.
2006-01-08 23:15:36 Файл /home/webservers/vprokate.ru/www/Applications/FrontEnd/FrontEndModel.php подключён.
2006-01-08 23:15:36 Файл /home/webservers/vprokate.ru/www/Applications/FrontEnd/Error/Controller.php не найден.
2006-01-08 23:15:36 Файл /home/webservers/vprokate.ru/www/Wings/Logs.php подключён.
2006-01-08 23:15:36 Файл /home/webservers/vprokate.ru/www/Wings/DB.php подключён.
2006-01-08 23:15:36 Файл /home/webservers/vprokate.ru/www/Applications/FrontEnd/Workspace.php подключён.
2006-01-08 23:15:36 Файл /home/webservers/vprokate.ru/www/Applications/FrontEnd/FrontEndModel.php подключён.
2006-01-08 23:15:36 Файл /home/webservers/vprokate.ru/www/Applications/FrontEnd/Error/Controller.php не найден.
2006-01-08 23:15:36 Файл /home/webservers/vprokate.ru/www/Wings/Logs.php подключён.
2006-01-08 23:15:36 Файл /home/webservers/vprokate.ru/www/Wings/DB.php подключён.
2006-01-08 23:15:36 Файл /home/webservers/vprokate.ru/www/Applications/FrontEnd/Workspace.php подключён.
2006-01-08 23:15:36 Файл /home/webservers/vprokate.ru/www/Applications/FrontEnd/FrontEndModel.php подключён.
2006-01-08 23:15:36 Файл /home/webservers/vprokate.ru/www/Applications/FrontEnd/Error/Controller.php не найден.
2006-01-08 23:15:37 Файл /home/webservers/vprokate.ru/www/Wings/Logs.php подключён.
2006-01-08 23:15:37 Файл /home/webservers/vprokate.ru/www/Wings/DB.php подключён.
2006-01-08 23:15:37 Файл /home/webservers/vprokate.ru/www/Applications/FrontEnd/Workspace.php подключён.
2006-01-08 23:15:37 Файл /home/webservers/vprokate.ru/www/Applications/FrontEnd/FrontEndModel.php подключён.
2006-01-08 23:15:37 Файл /home/webservers/vprokate.ru/www/Applications/FrontEnd/Error/Controller.php не найден.
2006-01-08 23:15:37 Файл /home/webservers/vprokate.ru/www/Wings/Logs.php подключён.
2006-01-08 23:15:37 Файл /home/webservers/vprokate.ru/www/Wings/DB.php подключён.
2006-01-08 23:15:37 Файл /home/webservers/vprokate.ru/www/Applications/FrontEnd/Workspace.php подключён.
2006-01-08 23:15:37 Файл /home/webservers/vprokate.ru/www/Applications/FrontEnd/FrontEndModel.php подключён.
2006-01-08 23:15:37 Файл /home/webservers/vprokate.ru/www/Applications/FrontEnd/Error/Controller.php не найден.
2006-01-08 23:15:37 Файл /home/webservers/vprokate.ru/www/Wings/Logs.php подключён.
2006-01-08 23:15:37 Файл /home/webservers/vprokate.ru/www/Wings/DB.php подключён.
2006-01-08 23:15:37 Файл /home/webservers/vprokate.ru/www/Applications/FrontEnd/Workspace.php подключён.
2006-01-08 23:15:37 Файл /home/webservers/vprokate.ru/www/Applications/FrontEnd/FrontEndModel.php подключён.
2006-01-08 23:15:37 Файл /home/webservers/vprokate.ru/www/Applications/FrontEnd/Error/Controller.php не найден.
2006-01-08 23:15:37 Файл /home/webservers/vprokate.ru/www/Wings/Logs.php подключён.
2006-01-08 23:15:37 Файл /home/webservers/vprokate.ru/www/Wings/DB.php подключён.
2006-01-08 23:15:37 Файл /home/webservers/vprokate.ru/www/Applications/FrontEnd/Workspace.php подключён.
2006-01-08 23:15:37 Файл /home/webservers/vprokate.ru/www/Applications/FrontEnd/FrontEndModel.php подключён.
2006-01-08 23:15:37 Файл /home/webservers/vprokate.ru/www/Applications/FrontEnd/Error/Controller.php не найден.
2006-01-08 23:15:37 Файл /home/webservers/vprokate.ru/www/Wings/Logs.php подключён.
2006-01-08 23:15:37 Файл /home/webservers/vprokate.ru/www/Wings/DB.php подключён.
2006-01-08 23:15:37 Файл /home/webservers/vprokate.ru/www/Applications/FrontEnd/Workspace.php подключён.
2006-01-08 23:15:37 Файл /home/webservers/vprokate.ru/www/Applications/FrontEnd/FrontEndModel.php подключён.
2006-01-08 23:15:37 Файл /home/webservers/vprokate.ru/www/Applications/FrontEnd/Error/Controller.php не найден.
2006-01-08 23:15:38 Файл /home/webservers/vprokate.ru/www/Wings/Logs.php подключён.
2006-01-08 23:15:38 Файл /home/webservers/vprokate.ru/www/Wings/DB.php подключён.
2006-01-08 23:15:38 Файл /home/webservers/vprokate.ru/www/Applications/FrontEnd/Workspace.php подключён.
2006-01-08 23:15:38 Файл /home/webservers/vprokate.ru/www/Applications/FrontEnd/FrontEndModel.php подключён.
2006-01-08 23:15:38 Файл /home/webservers/vprokate.ru/www/Applications/FrontEnd/Error/Controller.php не найден.
2006-01-08 23:15:38 Файл /home/webservers/vprokate.ru/www/Wings/Logs.php подключён.
2006-01-08 23:15:38 Файл /home/webservers/vprokate.ru/www/Wings/DB.php подключён.
2006-01-08 23:15:38 Файл /home/webservers/vprokate.ru/www/Applications/FrontEnd/Workspace.php подключён.
2006-01-08 23:15:38 Файл /home/webservers/vprokate.ru/www/Applications/FrontEnd/FrontEndModel.php подключён.
2006-01-08 23:15:38 Файл /home/webservers/vprokate.ru/www/Applications/FrontEnd/Error/Controller.php не найден.
2006-01-08 23:15:38 Файл /home/webservers/vprokate.ru/www/Wings/Logs.php подключён.
2006-01-08 23:15:38 Файл /home/webservers/vprokate.ru/www/Wings/DB.php подключён.
2006-01-08 23:15:38 Файл /home/webservers/vprokate.ru/www/Applications/FrontEnd/Workspace.php подключён.
2006-01-08 23:15:38 Файл /home/webservers/vprokate.ru/www/Applications/FrontEnd/FrontEndModel.php подключён.
2006-01-08 23:15:38 Файл /home/webservers/vprokate.ru/www/Applications/FrontEnd/Error/Controller.php не найден.
2006-01-08 23:15:38 Файл /home/webservers/vprokate.ru/www/Wings/Logs.php подключён.
2006-01-08 23:15:38 Файл /home/webservers/vprokate.ru/www/Wings/DB.php подключён.
2006-01-08 23:15:38 Файл /home/webservers/vprokate.ru/www/Applications/FrontEnd/Workspace.php подключён.
2006-01-08 23:15:38 Файл /home/webservers/vprokate.ru/www/Applications/FrontEnd/FrontEndModel.php подключён.
2006-01-08 23:15:38 Файл /home/webservers/vprokate.ru/www/Applications/FrontEnd/Error/Controller.php не найден.
2006-01-08 23:15:38 Файл /home/webservers/vprokate.ru/www/Wings/Logs.php подключён.
2006-01-08 23:15:38 Файл /home/webservers/vprokate.ru/www/Wings/DB.php подключён.
2006-01-08 23:15:38 Файл /home/webservers/vprokate.ru/www/Applications/FrontEnd/Workspace.php подключён.
2006-01-08 23:15:39 Файл /home/webservers/vprokate.ru/www/Applications/FrontEnd/FrontEndModel.php подключён.
2006-01-08 23:15:39 Файл /home/webservers/vprokate.ru/www/Applications/FrontEnd/Error/Controller.php не найден.
2006-01-08 23:15:39 Файл /home/webservers/vprokate.ru/www/Wings/Logs.php подключён.
2006-01-08 23:15:39 Файл /home/webservers/vprokate.ru/www/Wings/DB.php подключён.
2006-01-08 23:15:39 Файл /home/webservers/vprokate.ru/www/Applications/FrontEnd/Workspace.php подключён.
2006-01-08 23:15:39 Файл /home/webservers/vprokate.ru/www/Applications/FrontEnd/FrontEndModel.php подключён.
2006-01-08 23:15:39 Файл /home/webservers/vprokate.ru/www/Applications/FrontEnd/Error/Controller.php не найден.
2006-01-08 23:15:39 Файл /home/webservers/vprokate.ru/www/Wings/Logs.php подключён.
2006-01-08 23:15:39 Файл /home/webservers/vprokate.ru/www/Wings/DB.php подключён.
2006-01-08 23:15:39 Файл /home/webservers/vprokate.ru/www/Applications/FrontEnd/Workspace.php подключён.
2006-01-08 23:15:39 Файл /home/webservers/vprokate.ru/www/Applications/FrontEnd/FrontEndModel.php подключён.
2006-01-08 23:15:39 Файл /home/webservers/vprokate.ru/www/Applications/FrontEnd/Error/Controller.php не найден.
2006-01-08 23:15:40 Файл /home/webservers/vprokate.ru/www/Wings/Logs.php подключён.
2006-01-08 23:15:40 Файл /home/webservers/vprokate.ru/www/Wings/DB.php подключён.
2006-01-08 23:15:40 Файл /home/webservers/vprokate.ru/www/Applications/FrontEnd/Workspace.php подключён.
2006-01-08 23:15:40 Файл /home/webservers/vprokate.ru/www/Applications/FrontEnd/FrontEndModel.php подключён.
2006-01-08 23:15:40 Файл /home/webservers/vprokate.ru/www/Applications/FrontEnd/Error/Controller.php не найден.
2006-01-08 23:15:40 Файл /home/webservers/vprokate.ru/www/Wings/Logs.php подключён.
2006-01-08 23:15:40 Файл /home/webservers/vprokate.ru/www/Wings/DB.php подключён.
2006-01-08 23:15:40 Файл /home/webservers/vprokate.ru/www/Applications/FrontEnd/Workspace.php подключён.
2006-01-08 23:15:40 Файл /home/webservers/vprokate.ru/www/Applications/FrontEnd/FrontEndModel.php подключён.
2006-01-08 23:15:40 Файл /home/webservers/vprokate.ru/www/Applications/FrontEnd/Error/Controller.php не найден.
2006-01-08 23:15:40 Файл /home/webservers/vprokate.ru/www/Wings/Logs.php подключён.
2006-01-08 23:15:40 Файл /home/webservers/vprokate.ru/www/Wings/DB.php подключён.
2006-01-08 23:15:41 Файл /home/webservers/vprokate.ru/www/Applications/FrontEnd/Workspace.php подключён.
2006-01-08 23:15:41 Файл /home/webservers/vprokate.ru/www/Applications/FrontEnd/FrontEndModel.php подключён.
2006-01-08 23:15:41 Файл /home/webservers/vprokate.ru/www/Applications/FrontEnd/Error/Controller.php не найден.
2006-01-08 23:15:41 Файл /home/webservers/vprokate.ru/www/Wings/Logs.php подключён.
2006-01-08 23:15:41 Файл /home/webservers/vprokate.ru/www/Wings/DB.php подключён.
2006-01-08 23:15:41 Файл /home/webservers/vprokate.ru/www/Applications/FrontEnd/Workspace.php подключён.
2006-01-08 23:15:41 Файл /home/webservers/vprokate.ru/www/Applications/FrontEnd/FrontEndModel.php подключён.
2006-01-08 23:15:41 Файл /home/webservers/vprokate.ru/www/Applications/FrontEnd/Error/Controller.php не найден.
2006-01-08 23:15:41 Файл /home/webservers/vprokate.ru/www/Wings/Logs.php подключён.
2006-01-08 23:15:41 Файл /home/webservers/vprokate.ru/www/Wings/DB.php подключён.
2006-01-08 23:15:41 Файл /home/webservers/vprokate.ru/www/Applications/FrontEnd/Workspace.php подключён.
2006-01-08 23:15:41 Файл /home/webservers/vprokate.ru/www/Applications/FrontEnd/FrontEndModel.php подключён.
2006-01-08 23:15:41 Файл /home/webservers/vprokate.ru/www/Applications/FrontEnd/Error/Controller.php не найден.
2006-01-08 23:15:41 Файл /home/webservers/vprokate.ru/www/Wings/Logs.php подключён.
2006-01-08 23:15:41 Файл /home/webservers/vprokate.ru/www/Wings/DB.php подключён.
2006-01-08 23:15:41 Файл /home/webservers/vprokate.ru/www/Applications/FrontEnd/Workspace.php подключён.
2006-01-08 23:15:41 Файл /home/webservers/vprokate.ru/www/Applications/FrontEnd/FrontEndModel.php подключён.
2006-01-08 23:15:41 Файл /home/webservers/vprokate.ru/www/Applications/FrontEnd/Error/Controller.php не найден.
2006-01-08 23:15:41 Файл /home/webservers/vprokate.ru/www/Wings/Logs.php подключён.
2006-01-08 23:15:41 Файл /home/webservers/vprokate.ru/www/Wings/DB.php подключён.
2006-01-08 23:15:41 Файл /home/webservers/vprokate.ru/www/Applications/FrontEnd/Workspace.php подключён.
2006-01-08 23:15:41 Файл /home/webservers/vprokate.ru/www/Applications/FrontEnd/FrontEndModel.php подключён.
2006-01-08 23:15:41 Файл /home/webservers/vprokate.ru/www/Applications/FrontEnd/Error/Controller.php не найден.
2006-01-08 23:15:41 Файл /home/webservers/vprokate.ru/www/Wings/Logs.php подключён.
2006-01-08 23:15:41 Файл /home/webservers/vprokate.ru/www/Wings/DB.php подключён.
2006-01-08 23:15:41 Файл /home/webservers/vprokate.ru/www/Applications/FrontEnd/Workspace.php подключён.
2006-01-08 23:15:41 Файл /home/webservers/vprokate.ru/www/Applications/FrontEnd/FrontEndModel.php подключён.
2006-01-08 23:15:42 Файл /home/webservers/vprokate.ru/www/Applications/FrontEnd/Error/Controller.php не найден.
2006-01-08 23:15:42 Файл /home/webservers/vprokate.ru/www/Wings/Logs.php подключён.
2006-01-08 23:15:42 Файл /home/webservers/vprokate.ru/www/Wings/DB.php подключён.
2006-01-08 23:15:42 Файл /home/webservers/vprokate.ru/www/Applications/FrontEnd/Workspace.php подключён.
2006-01-08 23:15:42 Файл /home/webservers/vprokate.ru/www/Applications/FrontEnd/FrontEndModel.php подключён.
2006-01-08 23:15:42 Файл /home/webservers/vprokate.ru/www/Applications/FrontEnd/Error/Controller.php не найден.
2006-01-08 23:15:42 Файл /home/webservers/vprokate.ru/www/Wings/Logs.php подключён.
2006-01-08 23:15:42 Файл /home/webservers/vprokate.ru/www/Wings/DB.php подключён.
2006-01-08 23:15:42 Файл /home/webservers/vprokate.ru/www/Applications/FrontEnd/Workspace.php подключён.
2006-01-08 23:15:42 Файл /home/webservers/vprokate.ru/www/Applications/FrontEnd/FrontEndModel.php подключён.
2006-01-08 23:15:42 Файл /home/webservers/vprokate.ru/www/Applications/FrontEnd/Error/Controller.php не найден.
2006-01-08 23:15:42 Файл /home/webservers/vprokate.ru/www/Wings/Logs.php подключён.
2006-01-08 23:15:42 Файл /home/webservers/vprokate.ru/www/Wings/DB.php подключён.
2006-01-08 23:15:42 Файл /home/webservers/vprokate.ru/www/Applications/FrontEnd/Workspace.php подключён.
2006-01-08 23:15:42 Файл /home/webservers/vprokate.ru/www/Applications/FrontEnd/FrontEndModel.php подключён.
2006-01-08 23:15:42 Файл /home/webservers/vprokate.ru/www/Applications/FrontEnd/Error/Controller.php не найден.
2006-01-08 23:15:42 Файл /home/webservers/vprokate.ru/www/Wings/Logs.php подключён.
2006-01-08 23:15:42 Файл /home/webservers/vprokate.ru/www/Wings/DB.php подключён.
2006-01-08 23:15:42 Файл /home/webservers/vprokate.ru/www/Applications/FrontEnd/Workspace.php подключён.
2006-01-08 23:15:42 Файл /home/webservers/vprokate.ru/www/Applications/FrontEnd/FrontEndModel.php подключён.
2006-01-08 23:15:42 Файл /home/webservers/vprokate.ru/www/Applications/FrontEnd/Error/Controller.php не найден.
2006-01-08 23:15:43 Файл /home/webservers/vprokate.ru/www/Wings/Logs.php подключён.
2006-01-08 23:15:43 Файл /home/webservers/vprokate.ru/www/Wings/DB.php подключён.
2006-01-08 23:15:43 Файл /home/webservers/vprokate.ru/www/Applications/FrontEnd/Workspace.php подключён.
2006-01-08 23:15:43 Файл /home/webservers/vprokate.ru/www/Applications/FrontEnd/FrontEndModel.php подключён.
2006-01-08 23:15:43 Файл /home/webservers/vprokate.ru/www/Applications/FrontEnd/Error/Controller.php не найден.
2006-01-08 23:15:43 Файл /home/webservers/vprokate.ru/www/Wings/Logs.php подключён.
2006-01-08 23:15:43 Файл /home/webservers/vprokate.ru/www/Wings/DB.php подключён.
2006-01-08 23:15:43 Файл /home/webservers/vprokate.ru/www/Applications/FrontEnd/Workspace.php подключён.
2006-01-08 23:15:43 Файл /home/webservers/vprokate.ru/www/Applications/FrontEnd/FrontEndModel.php подключён.
2006-01-08 23:15:43 Файл /home/webservers/vprokate.ru/www/Applications/FrontEnd/Error/Controller.php не найден.
2006-01-08 23:15:43 Файл /home/webservers/vprokate.ru/www/Wings/Logs.php подключён.
2006-01-08 23:15:43 Файл /home/webservers/vprokate.ru/www/Wings/DB.php подключён.
2006-01-08 23:15:43 Файл /home/webservers/vprokate.ru/www/Applications/FrontEnd/Workspace.php подключён.
2006-01-08 23:15:43 Файл /home/webservers/vprokate.ru/www/Applications/FrontEnd/FrontEndModel.php подключён.
2006-01-08 23:15:43 Файл /home/webservers/vprokate.ru/www/Applications/FrontEnd/Error/Controller.php не найден.
2006-01-08 23:15:43 Файл /home/webservers/vprokate.ru/www/Wings/Logs.php подключён.
2006-01-08 23:15:43 Файл /home/webservers/vprokate.ru/www/Wings/DB.php подключён.
2006-01-08 23:15:43 Файл /home/webservers/vprokate.ru/www/Applications/FrontEnd/Workspace.php подключён.
2006-01-08 23:15:43 Файл /home/webservers/vprokate.ru/www/Applications/FrontEnd/FrontEndModel.php подключён.
2006-01-08 23:15:43 Файл /home/webservers/vprokate.ru/www/Applications/FrontEnd/Error/Controller.php не найден.
2006-01-08 23:15:44 Файл /home/webservers/vprokate.ru/www/Wings/Logs.php подключён.
2006-01-08 23:15:44 Файл /home/webservers/vprokate.ru/www/Wings/DB.php подключён.
2006-01-08 23:15:44 Файл /home/webservers/vprokate.ru/www/Applications/FrontEnd/Workspace.php подключён.
2006-01-08 23:15:44 Файл /home/webservers/vprokate.ru/www/Applications/FrontEnd/FrontEndModel.php подключён.
2006-01-08 23:15:44 Файл /home/webservers/vprokate.ru/www/Applications/FrontEnd/Error/Controller.php не найден.
2006-01-08 23:15:44 Файл /home/webservers/vprokate.ru/www/Wings/Logs.php подключён.
2006-01-08 23:15:44 Файл /home/webservers/vprokate.ru/www/Wings/DB.php подключён.
2006-01-08 23:15:44 Файл /home/webservers/vprokate.ru/www/Applications/FrontEnd/Workspace.php подключён.
2006-01-08 23:15:44 Файл /home/webservers/vprokate.ru/www/Applications/FrontEnd/FrontEndModel.php подключён.
2006-01-08 23:15:44 Файл /home/webservers/vprokate.ru/www/Applications/FrontEnd/Error/Controller.php не найден.
2006-01-08 23:15:44 Файл /home/webservers/vprokate.ru/www/Wings/Logs.php подключён.
2006-01-08 23:15:44 Файл /home/webservers/vprokate.ru/www/Wings/DB.php подключён.
2006-01-08 23:15:44 Файл /home/webservers/vprokate.ru/www/Applications/FrontEnd/Workspace.php подключён.
2006-01-08 23:15:44 Файл /home/webservers/vprokate.ru/www/Applications/FrontEnd/FrontEndModel.php подключён.
2006-01-08 23:15:44 Файл /home/webservers/vprokate.ru/www/Applications/FrontEnd/Error/Controller.php не найден.
2006-01-08 23:15:44 Файл /home/webservers/vprokate.ru/www/Wings/Logs.php подключён.
2006-01-08 23:15:44 Файл /home/webservers/vprokate.ru/www/Wings/DB.php подключён.
2006-01-08 23:15:44 Файл /home/webservers/vprokate.ru/www/Applications/FrontEnd/Workspace.php подключён.
2006-01-08 23:15:44 Файл /home/webservers/vprokate.ru/www/Applications/FrontEnd/FrontEndModel.php подключён.
2006-01-08 23:15:44 Файл /home/webservers/vprokate.ru/www/Applications/FrontEnd/Error/Controller.php не найден.
2006-01-08 23:15:44 Файл /home/webservers/vprokate.ru/www/Wings/Logs.php подключён.
2006-01-08 23:15:44 Файл /home/webservers/vprokate.ru/www/Wings/DB.php подключён.
2006-01-08 23:15:44 Файл /home/webservers/vprokate.ru/www/Applications/FrontEnd/Workspace.php подключён.
2006-01-08 23:15:44 Файл /home/webservers/vprokate.ru/www/Applications/FrontEnd/FrontEndModel.php подключён.
2006-01-08 23:15:44 Файл /home/webservers/vprokate.ru/www/Applications/FrontEnd/Error/Controller.php не найден.
2006-01-08 23:15:45 Файл /home/webservers/vprokate.ru/www/Wings/Logs.php подключён.
2006-01-08 23:15:45 Файл /home/webservers/vprokate.ru/www/Wings/DB.php подключён.
2006-01-08 23:15:45 Файл /home/webservers/vprokate.ru/www/Applications/FrontEnd/Workspace.php подключён.
2006-01-08 23:15:45 Файл /home/webservers/vprokate.ru/www/Applications/FrontEnd/FrontEndModel.php подключён.
2006-01-08 23:15:45 Файл /home/webservers/vprokate.ru/www/Applications/FrontEnd/Error/Controller.php не найден.
2006-01-08 23:15:45 Файл /home/webservers/vprokate.ru/www/Wings/Logs.php подключён.
2006-01-08 23:15:45 Файл /home/webservers/vprokate.ru/www/Wings/DB.php подключён.
2006-01-08 23:15:45 Файл /home/webservers/vprokate.ru/www/Applications/FrontEnd/Workspace.php подключён.
2006-01-08 23:15:45 Файл /home/webservers/vprokate.ru/www/Applications/FrontEnd/FrontEndModel.php подключён.
2006-01-08 23:15:45 Файл /home/webservers/vprokate.ru/www/Applications/FrontEnd/Error/Controller.php не найден.
2006-01-08 23:15:45 Файл /home/webservers/vprokate.ru/www/Wings/Logs.php подключён.
2006-01-08 23:15:45 Файл /home/webservers/vprokate.ru/www/Wings/DB.php подключён.
2006-01-08 23:15:45 Файл /home/webservers/vprokate.ru/www/Applications/FrontEnd/Workspace.php подключён.
2006-01-08 23:15:45 Файл /home/webservers/vprokate.ru/www/Applications/FrontEnd/FrontEndModel.php подключён.
2006-01-08 23:15:45 Файл /home/webservers/vprokate.ru/www/Applications/FrontEnd/Error/Controller.php не найден.
2006-01-08 23:15:45 Файл /home/webservers/vprokate.ru/www/Wings/Logs.php подключён.
2006-01-08 23:15:45 Файл /home/webservers/vprokate.ru/www/Wings/DB.php подключён.
2006-01-08 23:15:45 Файл /home/webservers/vprokate.ru/www/Applications/FrontEnd/Workspace.php подключён.
2006-01-08 23:15:45 Файл /home/webservers/vprokate.ru/www/Applications/FrontEnd/FrontEndModel.php подключён.
2006-01-08 23:15:45 Файл /home/webservers/vprokate.ru/www/Applications/FrontEnd/Error/Controller.php не найден.
2006-01-08 23:15:45 Файл /home/webservers/vprokate.ru/www/Wings/Logs.php подключён.
2006-01-08 23:15:45 Файл /home/webservers/vprokate.ru/www/Wings/DB.php подключён.
2006-01-08 23:15:45 Файл /home/webservers/vprokate.ru/www/Applications/FrontEnd/Workspace.php подключён.
2006-01-08 23:15:45 Файл /home/webservers/vprokate.ru/www/Applications/FrontEnd/FrontEndModel.php подключён.
2006-01-08 23:15:45 Файл /home/webservers/vprokate.ru/www/Applications/FrontEnd/Error/Controller.php не найден.
2006-01-08 23:15:46 Файл /home/webservers/vprokate.ru/www/Wings/Logs.php подключён.
2006-01-08 23:15:46 Файл /home/webservers/vprokate.ru/www/Wings/DB.php подключён.
2006-01-08 23:15:46 Файл /home/webservers/vprokate.ru/www/Applications/FrontEnd/Workspace.php подключён.
2006-01-08 23:15:46 Файл /home/webservers/vprokate.ru/www/Applications/FrontEnd/FrontEndModel.php подключён.
2006-01-08 23:15:46 Файл /home/webservers/vprokate.ru/www/Applications/FrontEnd/Error/Controller.php не найден.
2006-01-08 23:15:46 Файл /home/webservers/vprokate.ru/www/Wings/Logs.php подключён.
2006-01-08 23:15:46 Файл /home/webservers/vprokate.ru/www/Wings/DB.php подключён.
2006-01-08 23:15:46 Файл /home/webservers/vprokate.ru/www/Applications/FrontEnd/Workspace.php подключён.
2006-01-08 23:15:46 Файл /home/webservers/vprokate.ru/www/Applications/FrontEnd/FrontEndModel.php подключён.
2006-01-08 23:15:46 Файл /home/webservers/vprokate.ru/www/Applications/FrontEnd/Error/Controller.php не найден.
2006-01-08 23:15:46 Файл /home/webservers/vprokate.ru/www/Wings/Logs.php подключён.
2006-01-08 23:15:46 Файл /home/webservers/vprokate.ru/www/Wings/DB.php подключён.
2006-01-08 23:15:46 Файл /home/webservers/vprokate.ru/www/Applications/FrontEnd/Workspace.php подключён.
2006-01-08 23:15:46 Файл /home/webservers/vprokate.ru/www/Applications/FrontEnd/FrontEndModel.php подключён.
2006-01-08 23:15:46 Файл /home/webservers/vprokate.ru/www/Applications/FrontEnd/Error/Controller.php не найден.
2006-01-08 23:15:46 Файл /home/webservers/vprokate.ru/www/Wings/Logs.php подключён.
2006-01-08 23:15:46 Файл /home/webservers/vprokate.ru/www/Wings/DB.php подключён.
2006-01-08 23:15:46 Файл /home/webservers/vprokate.ru/www/Applications/FrontEnd/Workspace.php подключён.
2006-01-08 23:15:46 Файл /home/webservers/vprokate.ru/www/Applications/FrontEnd/FrontEndModel.php подключён.
2006-01-08 23:15:46 Файл /home/webservers/vprokate.ru/www/Applications/FrontEnd/Error/Controller.php не найден.
2006-01-08 23:15:46 Файл /home/webservers/vprokate.ru/www/Wings/Logs.php подключён.
2006-01-08 23:15:46 Файл /home/webservers/vprokate.ru/www/Wings/DB.php подключён.
2006-01-08 23:15:46 Файл /home/webservers/vprokate.ru/www/Applications/FrontEnd/Workspace.php подключён.
2006-01-08 23:15:46 Файл /home/webservers/vprokate.ru/www/Applications/FrontEnd/FrontEndModel.php подключён.
2006-01-08 23:15:46 Файл /home/webservers/vprokate.ru/www/Applications/FrontEnd/Error/Controller.php не найден.
2006-01-08 23:16:08 Файл /home/webservers/vprokate.ru/www/Wings/Logs.php подключён.
2006-01-08 23:16:08 Файл /home/webservers/vprokate.ru/www/Wings/DB.php подключён.
2006-01-08 23:16:08 Файл /home/webservers/vprokate.ru/www/Applications/FrontEnd/Workspace.php подключён.
2006-01-08 23:16:08 Файл /home/webservers/vprokate.ru/www/Applications/FrontEnd/FrontEndModel.php подключён.
2006-01-08 23:16:08 Файл /home/webservers/vprokate.ru/www/Applications/FrontEnd/Error/Controller.php не найден.
2006-01-08 23:16:10 Файл /home/webservers/vprokate.ru/www/Wings/Logs.php подключён.
2006-01-08 23:16:10 Файл /home/webservers/vprokate.ru/www/Wings/DB.php подключён.
2006-01-08 23:16:10 Файл /home/webservers/vprokate.ru/www/Applications/FrontEnd/Workspace.php подключён.
2006-01-08 23:16:10 Файл /home/webservers/vprokate.ru/www/Applications/FrontEnd/FrontEndModel.php подключён.
2006-01-08 23:16:10 Файл /home/webservers/vprokate.ru/www/Applications/FrontEnd/Error/Controller.php не найден.
2006-01-08 23:16:12 Файл /home/webservers/vprokate.ru/www/Wings/Logs.php подключён.
2006-01-08 23:16:12 Файл /home/webservers/vprokate.ru/www/Wings/DB.php подключён.
2006-01-08 23:16:12 Файл /home/webservers/vprokate.ru/www/Applications/FrontEnd/Workspace.php подключён.
2006-01-08 23:16:12 Файл /home/webservers/vprokate.ru/www/Applications/FrontEnd/FrontEndModel.php подключён.
2006-01-08 23:16:12 Файл /home/webservers/vprokate.ru/www/Applications/FrontEnd/Error/Controller.php не найден.
2006-01-08 23:16:14 Файл /home/webservers/vprokate.ru/www/Wings/Logs.php подключён.
2006-01-08 23:16:14 Файл /home/webservers/vprokate.ru/www/Wings/DB.php подключён.
2006-01-08 23:16:14 Файл /home/webservers/vprokate.ru/www/Applications/FrontEnd/Workspace.php подключён.
2006-01-08 23:16:14 Файл /home/webservers/vprokate.ru/www/Applications/FrontEnd/FrontEndModel.php подключён.
2006-01-08 23:16:14 Файл /home/webservers/vprokate.ru/www/Applications/FrontEnd/Error/Controller.php не найден.
2006-01-08 23:16:16 Файл /home/webservers/vprokate.ru/www/Wings/Logs.php подключён.
2006-01-08 23:16:16 Файл /home/webservers/vprokate.ru/www/Wings/DB.php подключён.
2006-01-08 23:16:16 Файл /home/webservers/vprokate.ru/www/Applications/FrontEnd/Workspace.php подключён.
2006-01-08 23:16:16 Файл /home/webservers/vprokate.ru/www/Applications/FrontEnd/FrontEndModel.php подключён.
2006-01-08 23:16:16 Файл /home/webservers/vprokate.ru/www/Applications/FrontEnd/Error/Controller.php не найден.
2006-01-08 23:16:21 Файл /home/webservers/vprokate.ru/www/Wings/Logs.php подключён.
2006-01-08 23:16:21 Файл /home/webservers/vprokate.ru/www/Wings/DB.php подключён.
2006-01-08 23:16:21 Файл /home/webservers/vprokate.ru/www/Applications/FrontEnd/Workspace.php подключён.
2006-01-08 23:16:21 Файл /home/webservers/vprokate.ru/www/Applications/FrontEnd/FrontEndModel.php подключён.
2006-01-08 23:16:21 Файл /home/webservers/vprokate.ru/www/Applications/FrontEnd/Error/Controller.php не найден.
2006-01-08 23:16:29 Файл /home/webservers/vprokate.ru/www/Wings/Logs.php подключён.
2006-01-08 23:16:29 Файл /home/webservers/vprokate.ru/www/Wings/DB.php подключён.
2006-01-08 23:16:29 Файл /home/webservers/vprokate.ru/www/Applications/FrontEnd/Workspace.php подключён.
2006-01-08 23:16:29 Файл /home/webservers/vprokate.ru/www/Applications/FrontEnd/FrontEndModel.php подключён.
2006-01-08 23:16:29 Файл /home/webservers/vprokate.ru/www/Applications/FrontEnd/Error/Controller.php не найден.
2006-01-08 23:16:30 Файл /home/webservers/vprokate.ru/www/Wings/Logs.php подключён.
2006-01-08 23:16:30 Файл /home/webservers/vprokate.ru/www/Wings/DB.php подключён.
2006-01-08 23:16:30 Файл /home/webservers/vprokate.ru/www/Applications/FrontEnd/Workspace.php подключён.
2006-01-08 23:16:30 Файл /home/webservers/vprokate.ru/www/Applications/FrontEnd/FrontEndModel.php подключён.
2006-01-08 23:16:30 Файл /home/webservers/vprokate.ru/www/Applications/FrontEnd/Error/Controller.php не найден.
2006-01-08 23:16:31 Файл /home/webservers/vprokate.ru/www/Wings/Logs.php подключён.
2006-01-08 23:16:31 Файл /home/webservers/vprokate.ru/www/Wings/DB.php подключён.
2006-01-08 23:16:31 Файл /home/webservers/vprokate.ru/www/Applications/FrontEnd/Workspace.php подключён.
2006-01-08 23:16:31 Файл /home/webservers/vprokate.ru/www/Applications/FrontEnd/FrontEndModel.php подключён.
2006-01-08 23:16:31 Файл /home/webservers/vprokate.ru/www/Applications/FrontEnd/Error/Controller.php не найден.
2006-01-08 23:16:32 Файл /home/webservers/vprokate.ru/www/Wings/Logs.php подключён.
2006-01-08 23:16:32 Файл /home/webservers/vprokate.ru/www/Wings/DB.php подключён.
2006-01-08 23:16:32 Файл /home/webservers/vprokate.ru/www/Applications/FrontEnd/Workspace.php подключён.
2006-01-08 23:16:32 Файл /home/webservers/vprokate.ru/www/Applications/FrontEnd/FrontEndModel.php подключён.
2006-01-08 23:16:32 Файл /home/webservers/vprokate.ru/www/Applications/FrontEnd/Error/Controller.php не найден.
2006-01-08 23:16:34 Файл /home/webservers/vprokate.ru/www/Wings/Logs.php подключён.
2006-01-08 23:16:34 Файл /home/webservers/vprokate.ru/www/Wings/DB.php подключён.
2006-01-08 23:16:34 Файл /home/webservers/vprokate.ru/www/Applications/FrontEnd/Workspace.php подключён.
2006-01-08 23:16:34 Файл /home/webservers/vprokate.ru/www/Applications/FrontEnd/FrontEndModel.php подключён.
2006-01-08 23:16:34 Файл /home/webservers/vprokate.ru/www/Applications/FrontEnd/Error/Controller.php не найден.
2006-01-08 23:16:41 Файл /home/webservers/vprokate.ru/www/Wings/Logs.php подключён.
2006-01-08 23:16:41 Файл /home/webservers/vprokate.ru/www/Wings/DB.php подключён.
2006-01-08 23:16:41 Файл /home/webservers/vprokate.ru/www/Applications/FrontEnd/Workspace.php подключён.
2006-01-08 23:16:41 Файл /home/webservers/vprokate.ru/www/Applications/FrontEnd/FrontEndModel.php подключён.
2006-01-08 23:16:41 Файл /home/webservers/vprokate.ru/www/Applications/FrontEnd/Error/Controller.php не найден.
2006-01-08 23:16:51 Файл /home/webservers/vprokate.ru/www/Wings/Logs.php подключён.
2006-01-08 23:16:51 Файл /home/webservers/vprokate.ru/www/Wings/DB.php подключён.
2006-01-08 23:16:51 Файл /home/webservers/vprokate.ru/www/Applications/FrontEnd/Workspace.php подключён.
2006-01-08 23:16:51 Файл /home/webservers/vprokate.ru/www/Applications/FrontEnd/FrontEndModel.php подключён.
2006-01-08 23:16:51 Файл /home/webservers/vprokate.ru/www/Applications/FrontEnd/Error/Controller.php не найден.
2006-01-08 23:16:54 Файл /home/webservers/vprokate.ru/www/Wings/Logs.php подключён.
2006-01-08 23:16:54 Файл /home/webservers/vprokate.ru/www/Wings/DB.php подключён.
2006-01-08 23:16:54 Файл /home/webservers/vprokate.ru/www/Applications/FrontEnd/Workspace.php подключён.
2006-01-08 23:16:54 Файл /home/webservers/vprokate.ru/www/Applications/FrontEnd/FrontEndModel.php подключён.
2006-01-08 23:16:54 Файл /home/webservers/vprokate.ru/www/Applications/FrontEnd/Error/Controller.php не найден.
2006-01-08 23:16:56 Файл /home/webservers/vprokate.ru/www/Wings/Logs.php подключён.
2006-01-08 23:16:56 Файл /home/webservers/vprokate.ru/www/Wings/DB.php подключён.
2006-01-08 23:16:56 Файл /home/webservers/vprokate.ru/www/Applications/FrontEnd/Workspace.php подключён.
2006-01-08 23:16:56 Файл /home/webservers/vprokate.ru/www/Applications/FrontEnd/FrontEndModel.php подключён.
2006-01-08 23:16:56 Файл /home/webservers/vprokate.ru/www/Applications/FrontEnd/Error/Controller.php не найден.
2006-01-08 23:16:57 Файл /home/webservers/vprokate.ru/www/Wings/Logs.php подключён.
2006-01-08 23:16:57 Файл /home/webservers/vprokate.ru/www/Wings/DB.php подключён.
2006-01-08 23:16:57 Файл /home/webservers/vprokate.ru/www/Applications/FrontEnd/Workspace.php подключён.
2006-01-08 23:16:57 Файл /home/webservers/vprokate.ru/www/Applications/FrontEnd/FrontEndModel.php подключён.
2006-01-08 23:16:57 Файл /home/webservers/vprokate.ru/www/Applications/FrontEnd/Error/Controller.php не найден.
2006-01-08 23:16:59 Файл /home/webservers/vprokate.ru/www/Wings/Logs.php подключён.
2006-01-08 23:16:59 Файл /home/webservers/vprokate.ru/www/Wings/DB.php подключён.
2006-01-08 23:16:59 Файл /home/webservers/vprokate.ru/www/Applications/FrontEnd/Workspace.php подключён.
2006-01-08 23:16:59 Файл /home/webservers/vprokate.ru/www/Applications/FrontEnd/FrontEndModel.php подключён.
2006-01-08 23:16:59 Файл /home/webservers/vprokate.ru/www/Applications/FrontEnd/Error/Controller.php не найден.
2006-01-08 23:17:00 Файл /home/webservers/vprokate.ru/www/Wings/Logs.php подключён.
2006-01-08 23:17:00 Файл /home/webservers/vprokate.ru/www/Wings/DB.php подключён.
2006-01-08 23:17:00 Файл /home/webservers/vprokate.ru/www/Applications/FrontEnd/Workspace.php подключён.
2006-01-08 23:17:00 Файл /home/webservers/vprokate.ru/www/Applications/FrontEnd/FrontEndModel.php подключён.
2006-01-08 23:17:00 Файл /home/webservers/vprokate.ru/www/Applications/FrontEnd/Error/Controller.php не найден.
2006-01-08 23:17:00 Файл /home/webservers/vprokate.ru/www/Wings/Logs.php подключён.
2006-01-08 23:17:00 Файл /home/webservers/vprokate.ru/www/Wings/DB.php подключён.
2006-01-08 23:17:00 Файл /home/webservers/vprokate.ru/www/Applications/FrontEnd/Workspace.php подключён.
2006-01-08 23:17:00 Файл /home/webservers/vprokate.ru/www/Applications/FrontEnd/FrontEndModel.php подключён.
2006-01-08 23:17:00 Файл /home/webservers/vprokate.ru/www/Applications/FrontEnd/Error/Controller.php не найден.
2006-01-08 23:17:02 Файл /home/webservers/vprokate.ru/www/Wings/Logs.php подключён.
2006-01-08 23:17:02 Файл /home/webservers/vprokate.ru/www/Wings/DB.php подключён.
2006-01-08 23:17:02 Файл /home/webservers/vprokate.ru/www/Applications/FrontEnd/Workspace.php подключён.
2006-01-08 23:17:02 Файл /home/webservers/vprokate.ru/www/Applications/FrontEnd/FrontEndModel.php подключён.
2006-01-08 23:17:02 Файл /home/webservers/vprokate.ru/www/Applications/FrontEnd/Error/Controller.php не найден.
2006-01-08 23:17:04 Файл /home/webservers/vprokate.ru/www/Wings/Logs.php подключён.
2006-01-08 23:17:04 Файл /home/webservers/vprokate.ru/www/Wings/DB.php подключён.
2006-01-08 23:17:04 Файл /home/webservers/vprokate.ru/www/Applications/FrontEnd/Workspace.php подключён.
2006-01-08 23:17:04 Файл /home/webservers/vprokate.ru/www/Applications/FrontEnd/FrontEndModel.php подключён.
2006-01-08 23:17:04 Файл /home/webservers/vprokate.ru/www/Applications/FrontEnd/Error/Controller.php не найден.
2006-01-08 23:17:04 Файл /home/webservers/vprokate.ru/www/Wings/Logs.php подключён.
2006-01-08 23:17:04 Файл /home/webservers/vprokate.ru/www/Wings/DB.php подключён.
2006-01-08 23:17:04 Файл /home/webservers/vprokate.ru/www/Applications/FrontEnd/Workspace.php подключён.
2006-01-08 23:17:04 Файл /home/webservers/vprokate.ru/www/Applications/FrontEnd/FrontEndModel.php подключён.
2006-01-08 23:17:04 Файл /home/webservers/vprokate.ru/www/Applications/FrontEnd/Error/Controller.php не найден.
2006-01-08 23:17:05 Файл /home/webservers/vprokate.ru/www/Wings/Logs.php подключён.
2006-01-08 23:17:05 Файл /home/webservers/vprokate.ru/www/Wings/DB.php подключён.
2006-01-08 23:17:05 Файл /home/webservers/vprokate.ru/www/Applications/FrontEnd/Workspace.php подключён.
2006-01-08 23:17:05 Файл /home/webservers/vprokate.ru/www/Applications/FrontEnd/FrontEndModel.php подключён.
2006-01-08 23:17:05 Файл /home/webservers/vprokate.ru/www/Applications/FrontEnd/Error/Controller.php не найден.
2006-01-08 23:17:08 Файл /home/webservers/vprokate.ru/www/Wings/Logs.php подключён.
2006-01-08 23:17:08 Файл /home/webservers/vprokate.ru/www/Wings/DB.php подключён.
2006-01-08 23:17:08 Файл /home/webservers/vprokate.ru/www/Applications/FrontEnd/Workspace.php подключён.
2006-01-08 23:17:08 Файл /home/webservers/vprokate.ru/www/Applications/FrontEnd/FrontEndModel.php подключён.
2006-01-08 23:17:08 Файл /home/webservers/vprokate.ru/www/Applications/FrontEnd/Error/Controller.php не найден.
2006-01-08 23:17:11 Файл /home/webservers/vprokate.ru/www/Wings/Logs.php подключён.
2006-01-08 23:17:11 Файл /home/webservers/vprokate.ru/www/Wings/DB.php подключён.
2006-01-08 23:17:11 Файл /home/webservers/vprokate.ru/www/Applications/FrontEnd/Workspace.php подключён.
2006-01-08 23:17:11 Файл /home/webservers/vprokate.ru/www/Applications/FrontEnd/FrontEndModel.php подключён.
2006-01-08 23:17:11 Файл /home/webservers/vprokate.ru/www/Applications/FrontEnd/Error/Controller.php не найден.
2006-01-08 23:17:14 Файл /home/webservers/vprokate.ru/www/Wings/Logs.php подключён.
2006-01-08 23:17:14 Файл /home/webservers/vprokate.ru/www/Wings/DB.php подключён.
2006-01-08 23:17:14 Файл /home/webservers/vprokate.ru/www/Applications/FrontEnd/Workspace.php подключён.
2006-01-08 23:17:14 Файл /home/webservers/vprokate.ru/www/Applications/FrontEnd/FrontEndModel.php подключён.
2006-01-08 23:17:14 Файл /home/webservers/vprokate.ru/www/Applications/FrontEnd/Error/Controller.php не найден.
2006-01-08 23:17:19 Файл /home/webservers/vprokate.ru/www/Wings/Logs.php подключён.
2006-01-08 23:17:19 Файл /home/webservers/vprokate.ru/www/Wings/DB.php подключён.
2006-01-08 23:17:19 Файл /home/webservers/vprokate.ru/www/Applications/FrontEnd/Workspace.php подключён.
2006-01-08 23:17:19 Файл /home/webservers/vprokate.ru/www/Applications/FrontEnd/FrontEndModel.php подключён.
2006-01-08 23:17:19 Файл /home/webservers/vprokate.ru/www/Applications/FrontEnd/Error/Controller.php не найден.
2006-01-08 23:17:21 Файл /home/webservers/vprokate.ru/www/Wings/Logs.php подключён.
2006-01-08 23:17:21 Файл /home/webservers/vprokate.ru/www/Wings/DB.php подключён.
2006-01-08 23:17:21 Файл /home/webservers/vprokate.ru/www/Applications/FrontEnd/Workspace.php подключён.
2006-01-08 23:17:21 Файл /home/webservers/vprokate.ru/www/Applications/FrontEnd/FrontEndModel.php подключён.
2006-01-08 23:17:21 Файл /home/webservers/vprokate.ru/www/Applications/FrontEnd/Error/Controller.php не найден.
