2012-06-15 14:58:34 Файл /home/webservers/alpha.vprokate.ru/www/Wings/Logs.php подключён.
2012-06-15 14:58:34 Файл /home/webservers/alpha.vprokate.ru/www/Wings/DB.php подключён.
2012-06-15 14:58:34 Файл /home/webservers/alpha.vprokate.ru/www/Applications/FrontEnd/Workspace.php подключён.
2012-06-15 14:58:34 Файл /home/webservers/alpha.vprokate.ru/www/Applications/FrontEnd/Model.php подключён.
2012-06-15 14:58:34 Файл /home/webservers/alpha.vprokate.ru/www/Applications/FrontEnd/Index/Controller.php подключён.
2012-06-15 14:58:34 Файл /home/webservers/alpha.vprokate.ru/www/Applications/FrontEnd/Index/View.php подключён.
2012-06-15 14:58:40 Файл /home/webservers/alpha.vprokate.ru/www/Wings/Logs.php подключён.
2012-06-15 14:58:40 Файл /home/webservers/alpha.vprokate.ru/www/Wings/DB.php подключён.
2012-06-15 14:58:40 Файл /home/webservers/alpha.vprokate.ru/www/Applications/FrontEnd/Workspace.php подключён.
2012-06-15 14:58:40 Файл /home/webservers/alpha.vprokate.ru/www/Applications/FrontEnd/Model.php подключён.
2012-06-15 14:58:40 Файл /home/webservers/alpha.vprokate.ru/www/Applications/FrontEnd/Error/Controller.php не найден.
2012-06-15 14:58:40 Файл /home/webservers/alpha.vprokate.ru/www/Wings/Logs.php подключён.
2012-06-15 14:58:40 Файл /home/webservers/alpha.vprokate.ru/www/Wings/DB.php подключён.
2012-06-15 14:58:40 Файл /home/webservers/alpha.vprokate.ru/www/Applications/FrontEnd/Workspace.php подключён.
2012-06-15 14:58:40 Файл /home/webservers/alpha.vprokate.ru/www/Applications/FrontEnd/Model.php подключён.
2012-06-15 14:58:40 Файл /home/webservers/alpha.vprokate.ru/www/Applications/FrontEnd/Error/Controller.php не найден.
2012-06-15 14:58:41 Файл /home/webservers/alpha.vprokate.ru/www/Wings/Logs.php подключён.
2012-06-15 14:58:41 Файл /home/webservers/alpha.vprokate.ru/www/Wings/DB.php подключён.
2012-06-15 14:58:41 Файл /home/webservers/alpha.vprokate.ru/www/Applications/FrontEnd/Workspace.php подключён.
2012-06-15 14:58:41 Файл /home/webservers/alpha.vprokate.ru/www/Applications/FrontEnd/Model.php подключён.
2012-06-15 14:58:41 Файл /home/webservers/alpha.vprokate.ru/www/Applications/FrontEnd/Error/Controller.php не найден.
2012-06-15 14:58:42 Файл /home/webservers/alpha.vprokate.ru/www/Wings/Logs.php подключён.
2012-06-15 14:58:42 Файл /home/webservers/alpha.vprokate.ru/www/Wings/DB.php подключён.
2012-06-15 14:58:42 Файл /home/webservers/alpha.vprokate.ru/www/Applications/FrontEnd/Workspace.php подключён.
2012-06-15 14:58:42 Файл /home/webservers/alpha.vprokate.ru/www/Applications/FrontEnd/Model.php подключён.
2012-06-15 14:58:42 Файл /home/webservers/alpha.vprokate.ru/www/Applications/FrontEnd/Films/Controller.php подключён.
2012-06-15 14:58:42 Файл /home/webservers/alpha.vprokate.ru/www/Applications/FrontEnd/Films/View.php подключён.
