2012-05-17 13:38:57 Файл /home/webservers/vprokate.ru/www/Wings/Logs.php подключён.
2012-05-17 13:38:57 Файл /home/webservers/vprokate.ru/www/Wings/DB.php подключён.
2012-05-17 13:38:57 Файл /home/webservers/vprokate.ru/www/Applications/FrontEnd/Workspace.php подключён.
2012-05-17 13:38:57 Файл /home/webservers/vprokate.ru/www/Applications/FrontEnd/FrontEndModel.php подключён.
2012-05-17 13:38:57 Файл /home/webservers/vprokate.ru/www/Applications/FrontEnd/Index/Controller.php подключён.
2012-05-17 13:38:57 Файл /home/webservers/vprokate.ru/www/Applications/FrontEnd/Index/View.php подключён.
2012-05-17 13:39:00 Файл /home/webservers/vprokate.ru/www/Wings/Logs.php подключён.
2012-05-17 13:39:00 Файл /home/webservers/vprokate.ru/www/Wings/DB.php подключён.
2012-05-17 13:39:00 Файл /home/webservers/vprokate.ru/www/Applications/FrontEnd/Workspace.php подключён.
2012-05-17 13:39:00 Файл /home/webservers/vprokate.ru/www/Applications/FrontEnd/FrontEndModel.php подключён.
2012-05-17 13:39:00 Файл /home/webservers/vprokate.ru/www/Applications/FrontEnd/Error/Controller.php не найден.
2012-05-17 15:27:41 Файл /home/webservers/vprokate.ru/www/Wings/Logs.php подключён.
2012-05-17 15:27:41 Файл /home/webservers/vprokate.ru/www/Wings/DB.php подключён.
2012-05-17 15:27:41 Файл /home/webservers/vprokate.ru/www/Applications/FrontEnd/Workspace.php подключён.
2012-05-17 15:27:41 Файл /home/webservers/vprokate.ru/www/Applications/FrontEnd/FrontEndModel.php подключён.
2012-05-17 15:27:41 Файл /home/webservers/vprokate.ru/www/Applications/FrontEnd/Error/Controller.php не найден.
2012-05-17 15:32:07 Файл /home/webservers/vprokate.ru/www/Wings/Logs.php подключён.
2012-05-17 15:32:07 Файл /home/webservers/vprokate.ru/www/Wings/DB.php подключён.
2012-05-17 15:32:07 Файл /home/webservers/vprokate.ru/www/Applications/FrontEnd/Workspace.php подключён.
2012-05-17 15:32:07 Файл /home/webservers/vprokate.ru/www/Applications/FrontEnd/FrontEndModel.php подключён.
2012-05-17 15:32:07 Файл /home/webservers/vprokate.ru/www/Applications/FrontEnd/Index/Controller.php подключён.
2012-05-17 15:32:07 Файл /home/webservers/vprokate.ru/www/Applications/FrontEnd/Index/View.php подключён.
2012-05-17 15:32:07 Файл /home/webservers/vprokate.ru/www/Wings/Logs.php подключён.
2012-05-17 15:32:07 Файл /home/webservers/vprokate.ru/www/Wings/DB.php подключён.
2012-05-17 15:32:07 Файл /home/webservers/vprokate.ru/www/Applications/FrontEnd/Workspace.php подключён.
2012-05-17 15:32:07 Файл /home/webservers/vprokate.ru/www/Applications/FrontEnd/FrontEndModel.php подключён.
2012-05-17 15:32:07 Файл /home/webservers/vprokate.ru/www/Applications/FrontEnd/Error/Controller.php не найден.
2012-05-17 15:33:06 Файл /home/webservers/vprokate.ru/www/Wings/Logs.php подключён.
2012-05-17 15:33:06 Файл /home/webservers/vprokate.ru/www/Wings/DB.php подключён.
2012-05-17 15:33:06 Файл /home/webservers/vprokate.ru/www/Applications/FrontEnd/Workspace.php подключён.
2012-05-17 15:33:06 Файл /home/webservers/vprokate.ru/www/Applications/FrontEnd/FrontEndModel.php подключён.
2012-05-17 15:33:06 Файл /home/webservers/vprokate.ru/www/Applications/FrontEnd/Index/Controller.php подключён.
2012-05-17 15:33:06 Файл /home/webservers/vprokate.ru/www/Applications/FrontEnd/Index/View.php подключён.
2012-05-17 15:33:06 Файл /home/webservers/vprokate.ru/www/Wings/Logs.php подключён.
2012-05-17 15:33:06 Файл /home/webservers/vprokate.ru/www/Wings/DB.php подключён.
2012-05-17 15:33:06 Файл /home/webservers/vprokate.ru/www/Applications/FrontEnd/Workspace.php подключён.
2012-05-17 15:33:06 Файл /home/webservers/vprokate.ru/www/Applications/FrontEnd/FrontEndModel.php подключён.
2012-05-17 15:33:06 Файл /home/webservers/vprokate.ru/www/Applications/FrontEnd/Error/Controller.php не найден.
2012-05-17 15:33:08 Файл /home/webservers/vprokate.ru/www/Wings/Logs.php подключён.
2012-05-17 15:33:08 Файл /home/webservers/vprokate.ru/www/Wings/DB.php подключён.
2012-05-17 15:33:08 Файл /home/webservers/vprokate.ru/www/Applications/FrontEnd/Workspace.php подключён.
2012-05-17 15:33:08 Файл /home/webservers/vprokate.ru/www/Applications/FrontEnd/FrontEndModel.php подключён.
2012-05-17 15:33:08 Файл /home/webservers/vprokate.ru/www/Applications/FrontEnd/Index/Controller.php подключён.
2012-05-17 15:33:08 Файл /home/webservers/vprokate.ru/www/Applications/FrontEnd/Index/View.php подключён.
2012-05-17 15:33:08 Файл /home/webservers/vprokate.ru/www/Wings/Logs.php подключён.
2012-05-17 15:33:08 Файл /home/webservers/vprokate.ru/www/Wings/DB.php подключён.
2012-05-17 15:33:08 Файл /home/webservers/vprokate.ru/www/Applications/FrontEnd/Workspace.php подключён.
2012-05-17 15:33:08 Файл /home/webservers/vprokate.ru/www/Applications/FrontEnd/FrontEndModel.php подключён.
2012-05-17 15:33:08 Файл /home/webservers/vprokate.ru/www/Applications/FrontEnd/Error/Controller.php не найден.
2012-05-17 15:33:28 Файл /home/webservers/vprokate.ru/www/Wings/Logs.php подключён.
2012-05-17 15:33:28 Файл /home/webservers/vprokate.ru/www/Wings/DB.php подключён.
2012-05-17 15:33:28 Файл /home/webservers/vprokate.ru/www/Applications/FrontEnd/Workspace.php подключён.
2012-05-17 15:33:28 Файл /home/webservers/vprokate.ru/www/Applications/FrontEnd/FrontEndModel.php подключён.
2012-05-17 15:33:28 Файл /home/webservers/vprokate.ru/www/Applications/FrontEnd/Index/Controller.php подключён.
2012-05-17 15:33:28 Файл /home/webservers/vprokate.ru/www/Applications/FrontEnd/Index/View.php подключён.
2012-05-17 15:33:52 Файл /home/webservers/vprokate.ru/www/Wings/Logs.php подключён.
2012-05-17 15:33:52 Файл /home/webservers/vprokate.ru/www/Wings/DB.php подключён.
2012-05-17 15:33:52 Файл /home/webservers/vprokate.ru/www/Applications/FrontEnd/Workspace.php подключён.
2012-05-17 15:33:52 Файл /home/webservers/vprokate.ru/www/Applications/FrontEnd/FrontEndModel.php подключён.
2012-05-17 15:33:52 Файл /home/webservers/vprokate.ru/www/Applications/FrontEnd/Error/Controller.php не найден.
2012-05-17 15:33:52 Файл /home/webservers/vprokate.ru/www/Wings/Logs.php подключён.
2012-05-17 15:33:52 Файл /home/webservers/vprokate.ru/www/Wings/DB.php подключён.
2012-05-17 15:33:52 Файл /home/webservers/vprokate.ru/www/Applications/FrontEnd/Workspace.php подключён.
2012-05-17 15:33:52 Файл /home/webservers/vprokate.ru/www/Applications/FrontEnd/FrontEndModel.php подключён.
2012-05-17 15:33:52 Файл /home/webservers/vprokate.ru/www/Applications/FrontEnd/Error/Controller.php не найден.
2012-05-17 15:33:52 Файл /home/webservers/vprokate.ru/www/Wings/Logs.php подключён.
2012-05-17 15:33:52 Файл /home/webservers/vprokate.ru/www/Wings/DB.php подключён.
2012-05-17 15:33:52 Файл /home/webservers/vprokate.ru/www/Applications/FrontEnd/Workspace.php подключён.
2012-05-17 15:33:52 Файл /home/webservers/vprokate.ru/www/Applications/FrontEnd/FrontEndModel.php подключён.
2012-05-17 15:33:52 Файл /home/webservers/vprokate.ru/www/Applications/FrontEnd/Error/Controller.php не найден.
2012-05-17 15:35:05 Файл /home/webservers/vprokate.ru/www/Wings/Logs.php подключён.
2012-05-17 15:35:05 Файл /home/webservers/vprokate.ru/www/Wings/DB.php подключён.
2012-05-17 15:35:05 Файл /home/webservers/vprokate.ru/www/Applications/FrontEnd/Workspace.php подключён.
2012-05-17 15:35:05 Файл /home/webservers/vprokate.ru/www/Applications/FrontEnd/FrontEndModel.php подключён.
2012-05-17 15:35:05 Файл /home/webservers/vprokate.ru/www/Applications/FrontEnd/Index/Controller.php подключён.
2012-05-17 15:35:05 Файл /home/webservers/vprokate.ru/www/Applications/FrontEnd/Index/View.php подключён.
2012-05-17 15:35:07 Файл /home/webservers/vprokate.ru/www/Wings/Logs.php подключён.
2012-05-17 15:35:07 Файл /home/webservers/vprokate.ru/www/Wings/DB.php подключён.
2012-05-17 15:35:07 Файл /home/webservers/vprokate.ru/www/Applications/FrontEnd/Workspace.php подключён.
2012-05-17 15:35:07 Файл /home/webservers/vprokate.ru/www/Applications/FrontEnd/FrontEndModel.php подключён.
2012-05-17 15:35:07 Файл /home/webservers/vprokate.ru/www/Applications/FrontEnd/Index/Controller.php подключён.
2012-05-17 15:35:07 Файл /home/webservers/vprokate.ru/www/Applications/FrontEnd/Index/View.php подключён.
2012-05-17 15:35:56 Файл /home/webservers/vprokate.ru/www/Wings/Logs.php подключён.
2012-05-17 15:35:56 Файл /home/webservers/vprokate.ru/www/Wings/DB.php подключён.
2012-05-17 15:35:56 Файл /home/webservers/vprokate.ru/www/Applications/FrontEnd/Workspace.php подключён.
2012-05-17 15:35:56 Файл /home/webservers/vprokate.ru/www/Applications/FrontEnd/FrontEndModel.php подключён.
2012-05-17 15:35:56 Файл /home/webservers/vprokate.ru/www/Applications/FrontEnd/Index/Controller.php подключён.
2012-05-17 15:35:56 Файл /home/webservers/vprokate.ru/www/Applications/FrontEnd/Index/View.php подключён.
2012-05-17 17:33:04 Файл /home/webservers/vprokate.ru/www/Wings/Logs.php подключён.
2012-05-17 17:33:04 Файл /home/webservers/vprokate.ru/www/Wings/DB.php подключён.
2012-05-17 17:33:04 Файл /home/webservers/vprokate.ru/www/Applications/FrontEnd/Workspace.php подключён.
2012-05-17 17:33:04 Файл /home/webservers/vprokate.ru/www/Applications/FrontEnd/FrontEndModel.php подключён.
2012-05-17 17:33:04 Файл /home/webservers/vprokate.ru/www/Applications/FrontEnd/Error/Controller.php не найден.
2012-05-17 17:33:04 Файл /home/webservers/vprokate.ru/www/Wings/Logs.php подключён.
2012-05-17 17:33:04 Файл /home/webservers/vprokate.ru/www/Wings/DB.php подключён.
2012-05-17 17:33:04 Файл /home/webservers/vprokate.ru/www/Applications/FrontEnd/Workspace.php подключён.
2012-05-17 17:33:04 Файл /home/webservers/vprokate.ru/www/Applications/FrontEnd/FrontEndModel.php подключён.
2012-05-17 17:33:04 Файл /home/webservers/vprokate.ru/www/Applications/FrontEnd/Error/Controller.php не найден.
2012-05-17 18:25:19 Файл /home/webservers/vprokate.ru/www/Wings/Logs.php подключён.
2012-05-17 18:25:19 Файл /home/webservers/vprokate.ru/www/Wings/DB.php подключён.
2012-05-17 18:25:19 Файл /home/webservers/vprokate.ru/www/Applications/FrontEnd/Workspace.php подключён.
2012-05-17 18:25:19 Файл /home/webservers/vprokate.ru/www/Applications/FrontEnd/FrontEndModel.php подключён.
2012-05-17 18:25:19 Файл /home/webservers/vprokate.ru/www/Applications/FrontEnd/Index/Controller.php подключён.
2012-05-17 18:25:19 Файл /home/webservers/vprokate.ru/www/Applications/FrontEnd/Index/View.php подключён.
2012-05-17 18:27:09 Файл /home/webservers/vprokate.ru/www/Wings/Logs.php подключён.
2012-05-17 18:27:09 Файл /home/webservers/vprokate.ru/www/Wings/DB.php подключён.
2012-05-17 18:27:09 Файл /home/webservers/vprokate.ru/www/Applications/FrontEnd/Workspace.php подключён.
2012-05-17 18:27:09 Файл /home/webservers/vprokate.ru/www/Applications/FrontEnd/FrontEndModel.php подключён.
2012-05-17 18:27:09 Файл /home/webservers/vprokate.ru/www/Applications/FrontEnd/Index/Controller.php подключён.
2012-05-17 18:27:09 Файл /home/webservers/vprokate.ru/www/Applications/FrontEnd/Index/View.php подключён.
