2012-06-03 12:25:13 Файл /home/webservers/alpha.vprokate.ru/www/Wings/Logs.php подключён.
2012-06-03 12:25:13 Файл /home/webservers/alpha.vprokate.ru/www/Wings/DB.php подключён.
2012-06-03 12:25:13 Файл /home/webservers/alpha.vprokate.ru/www/Applications/FrontEnd/Workspace.php подключён.
2012-06-03 12:25:13 Файл /home/webservers/alpha.vprokate.ru/www/Applications/FrontEnd/FrontEndModel.php подключён.
2012-06-03 12:25:13 Файл /home/webservers/alpha.vprokate.ru/www/Applications/FrontEnd/Index/Controller.php подключён.
2012-06-03 12:25:13 Файл /home/webservers/alpha.vprokate.ru/www/Applications/FrontEnd/Index/View.php подключён.
2012-06-03 12:25:16 Файл /home/webservers/alpha.vprokate.ru/www/Wings/Logs.php подключён.
2012-06-03 12:25:16 Файл /home/webservers/alpha.vprokate.ru/www/Wings/DB.php подключён.
2012-06-03 12:25:16 Файл /home/webservers/alpha.vprokate.ru/www/Applications/FrontEnd/Workspace.php подключён.
2012-06-03 12:25:16 Файл /home/webservers/alpha.vprokate.ru/www/Applications/FrontEnd/FrontEndModel.php подключён.
2012-06-03 12:25:16 Файл /home/webservers/alpha.vprokate.ru/www/Applications/FrontEnd/Error/Controller.php не найден.
2012-06-03 12:25:16 Файл /home/webservers/alpha.vprokate.ru/www/Wings/Logs.php подключён.
2012-06-03 12:25:16 Файл /home/webservers/alpha.vprokate.ru/www/Wings/DB.php подключён.
2012-06-03 12:25:16 Файл /home/webservers/alpha.vprokate.ru/www/Applications/FrontEnd/Workspace.php подключён.
2012-06-03 12:25:16 Файл /home/webservers/alpha.vprokate.ru/www/Applications/FrontEnd/FrontEndModel.php подключён.
2012-06-03 12:25:16 Файл /home/webservers/alpha.vprokate.ru/www/Applications/FrontEnd/Error/Controller.php не найден.
2012-06-03 12:25:16 Файл /home/webservers/alpha.vprokate.ru/www/Wings/Logs.php подключён.
2012-06-03 12:25:16 Файл /home/webservers/alpha.vprokate.ru/www/Wings/DB.php подключён.
2012-06-03 12:25:16 Файл /home/webservers/alpha.vprokate.ru/www/Applications/FrontEnd/Workspace.php подключён.
2012-06-03 12:25:16 Файл /home/webservers/alpha.vprokate.ru/www/Applications/FrontEnd/FrontEndModel.php подключён.
2012-06-03 12:25:16 Файл /home/webservers/alpha.vprokate.ru/www/Applications/FrontEnd/Error/Controller.php не найден.
2012-06-03 13:52:34 Файл /home/webservers/alpha.vprokate.ru/www/Wings/Logs.php подключён.
2012-06-03 13:52:34 Файл /home/webservers/alpha.vprokate.ru/www/Wings/DB.php подключён.
2012-06-03 13:52:34 Файл /home/webservers/alpha.vprokate.ru/www/Applications/FrontEnd/Workspace.php подключён.
2012-06-03 13:52:34 Файл /home/webservers/alpha.vprokate.ru/www/Applications/FrontEnd/FrontEndModel.php подключён.
2012-06-03 13:52:34 Файл /home/webservers/alpha.vprokate.ru/www/Applications/FrontEnd/Index/Controller.php подключён.
2012-06-03 13:52:34 Файл /home/webservers/alpha.vprokate.ru/www/Applications/FrontEnd/Index/View.php подключён.
2012-06-03 13:55:21 Файл /home/webservers/alpha.vprokate.ru/www/Wings/Logs.php подключён.
2012-06-03 13:55:21 Файл /home/webservers/alpha.vprokate.ru/www/Wings/DB.php подключён.
2012-06-03 13:55:21 Файл /home/webservers/alpha.vprokate.ru/www/Applications/FrontEnd/Workspace.php подключён.
2012-06-03 13:55:21 Файл /home/webservers/alpha.vprokate.ru/www/Applications/FrontEnd/FrontEndModel.php подключён.
2012-06-03 13:55:21 Файл /home/webservers/alpha.vprokate.ru/www/Applications/FrontEnd/Index/Controller.php подключён.
2012-06-03 13:55:21 Файл /home/webservers/alpha.vprokate.ru/www/Applications/FrontEnd/Index/View.php подключён.
2012-06-03 13:55:38 Файл /home/webservers/alpha.vprokate.ru/www/Wings/Logs.php подключён.
2012-06-03 13:55:38 Файл /home/webservers/alpha.vprokate.ru/www/Wings/DB.php подключён.
2012-06-03 13:55:38 Файл /home/webservers/alpha.vprokate.ru/www/Applications/FrontEnd/Workspace.php подключён.
2012-06-03 13:55:38 Файл /home/webservers/alpha.vprokate.ru/www/Applications/FrontEnd/FrontEndModel.php подключён.
2012-06-03 13:55:38 Файл /home/webservers/alpha.vprokate.ru/www/Applications/FrontEnd/Index/Controller.php подключён.
2012-06-03 13:55:38 Файл /home/webservers/alpha.vprokate.ru/www/Applications/FrontEnd/Index/View.php подключён.
2012-06-03 13:58:22 Файл /home/webservers/alpha.vprokate.ru/www/Wings/Logs.php подключён.
2012-06-03 13:58:22 Файл /home/webservers/alpha.vprokate.ru/www/Wings/DB.php подключён.
2012-06-03 13:58:22 Файл /home/webservers/alpha.vprokate.ru/www/Applications/FrontEnd/Workspace.php подключён.
2012-06-03 13:58:22 Файл /home/webservers/alpha.vprokate.ru/www/Applications/FrontEnd/FrontEndModel.php подключён.
2012-06-03 13:58:22 Файл /home/webservers/alpha.vprokate.ru/www/Applications/FrontEnd/Index/Controller.php подключён.
2012-06-03 13:58:22 Файл /home/webservers/alpha.vprokate.ru/www/Applications/FrontEnd/Index/View.php подключён.
2012-06-03 14:01:10 Файл /home/webservers/alpha.vprokate.ru/www/Wings/Logs.php подключён.
2012-06-03 14:01:10 Файл /home/webservers/alpha.vprokate.ru/www/Wings/DB.php подключён.
2012-06-03 14:01:10 Файл /home/webservers/alpha.vprokate.ru/www/Applications/FrontEnd/Workspace.php подключён.
2012-06-03 14:01:10 Файл /home/webservers/alpha.vprokate.ru/www/Applications/FrontEnd/FrontEndModel.php подключён.
2012-06-03 14:01:10 Файл /home/webservers/alpha.vprokate.ru/www/Applications/FrontEnd/Index/Controller.php подключён.
2012-06-03 14:01:10 Файл /home/webservers/alpha.vprokate.ru/www/Applications/FrontEnd/Index/View.php подключён.
2012-06-03 14:02:44 Файл /home/webservers/alpha.vprokate.ru/www/Wings/Logs.php подключён.
2012-06-03 14:02:44 Файл /home/webservers/alpha.vprokate.ru/www/Wings/DB.php подключён.
2012-06-03 14:02:44 Файл /home/webservers/alpha.vprokate.ru/www/Applications/FrontEnd/Workspace.php подключён.
2012-06-03 14:02:44 Файл /home/webservers/alpha.vprokate.ru/www/Applications/FrontEnd/FrontEndModel.php подключён.
2012-06-03 14:02:44 Файл /home/webservers/alpha.vprokate.ru/www/Applications/FrontEnd/Index/Controller.php подключён.
2012-06-03 14:02:44 Файл /home/webservers/alpha.vprokate.ru/www/Applications/FrontEnd/Index/View.php подключён.
2012-06-03 14:02:55 Файл /home/webservers/alpha.vprokate.ru/www/Wings/Logs.php подключён.
2012-06-03 14:02:55 Файл /home/webservers/alpha.vprokate.ru/www/Wings/DB.php подключён.
2012-06-03 14:02:55 Файл /home/webservers/alpha.vprokate.ru/www/Applications/FrontEnd/Workspace.php подключён.
2012-06-03 14:02:55 Файл /home/webservers/alpha.vprokate.ru/www/Applications/FrontEnd/FrontEndModel.php подключён.
2012-06-03 14:02:55 Файл /home/webservers/alpha.vprokate.ru/www/Applications/FrontEnd/Index/Controller.php подключён.
2012-06-03 14:02:55 Файл /home/webservers/alpha.vprokate.ru/www/Applications/FrontEnd/Index/View.php подключён.
2012-06-03 14:08:21 Файл /home/webservers/alpha.vprokate.ru/www/Wings/Logs.php подключён.
2012-06-03 14:08:21 Файл /home/webservers/alpha.vprokate.ru/www/Wings/DB.php подключён.
2012-06-03 14:08:21 Файл /home/webservers/alpha.vprokate.ru/www/Applications/FrontEnd/Workspace.php подключён.
2012-06-03 14:08:21 Файл /home/webservers/alpha.vprokate.ru/www/Applications/FrontEnd/FrontEndModel.php подключён.
2012-06-03 14:08:21 Файл /home/webservers/alpha.vprokate.ru/www/Applications/FrontEnd/Index/Controller.php подключён.
2012-06-03 14:08:21 Файл /home/webservers/alpha.vprokate.ru/www/Applications/FrontEnd/Index/View.php подключён.
2012-06-03 14:08:32 Файл /home/webservers/alpha.vprokate.ru/www/Wings/Logs.php подключён.
2012-06-03 14:08:32 Файл /home/webservers/alpha.vprokate.ru/www/Wings/DB.php подключён.
2012-06-03 14:08:32 Файл /home/webservers/alpha.vprokate.ru/www/Applications/FrontEnd/Workspace.php подключён.
2012-06-03 14:08:32 Файл /home/webservers/alpha.vprokate.ru/www/Applications/FrontEnd/FrontEndModel.php подключён.
2012-06-03 14:08:32 Файл /home/webservers/alpha.vprokate.ru/www/Applications/FrontEnd/Index/Controller.php подключён.
2012-06-03 14:08:32 Файл /home/webservers/alpha.vprokate.ru/www/Applications/FrontEnd/Index/View.php подключён.
2012-06-03 14:09:13 Файл /home/webservers/alpha.vprokate.ru/www/Wings/Logs.php подключён.
2012-06-03 14:09:13 Файл /home/webservers/alpha.vprokate.ru/www/Wings/DB.php подключён.
2012-06-03 14:09:13 Файл /home/webservers/alpha.vprokate.ru/www/Applications/FrontEnd/Workspace.php подключён.
2012-06-03 14:09:13 Файл /home/webservers/alpha.vprokate.ru/www/Applications/FrontEnd/FrontEndModel.php подключён.
2012-06-03 14:09:13 Файл /home/webservers/alpha.vprokate.ru/www/Applications/FrontEnd/Index/Controller.php подключён.
2012-06-03 14:09:13 Файл /home/webservers/alpha.vprokate.ru/www/Applications/FrontEnd/Index/View.php подключён.
2012-06-03 14:09:59 Файл /home/webservers/alpha.vprokate.ru/www/Wings/Logs.php подключён.
2012-06-03 14:09:59 Файл /home/webservers/alpha.vprokate.ru/www/Wings/DB.php подключён.
2012-06-03 14:09:59 Файл /home/webservers/alpha.vprokate.ru/www/Applications/FrontEnd/Workspace.php подключён.
2012-06-03 14:09:59 Файл /home/webservers/alpha.vprokate.ru/www/Applications/FrontEnd/FrontEndModel.php подключён.
2012-06-03 14:09:59 Файл /home/webservers/alpha.vprokate.ru/www/Applications/FrontEnd/Index/Controller.php подключён.
2012-06-03 14:09:59 Файл /home/webservers/alpha.vprokate.ru/www/Applications/FrontEnd/Index/View.php подключён.
2012-06-03 14:10:33 Файл /home/webservers/alpha.vprokate.ru/www/Wings/Logs.php подключён.
2012-06-03 14:10:33 Файл /home/webservers/alpha.vprokate.ru/www/Wings/DB.php подключён.
2012-06-03 14:10:33 Файл /home/webservers/alpha.vprokate.ru/www/Applications/FrontEnd/Workspace.php подключён.
2012-06-03 14:10:33 Файл /home/webservers/alpha.vprokate.ru/www/Applications/FrontEnd/FrontEndModel.php подключён.
2012-06-03 14:10:33 Файл /home/webservers/alpha.vprokate.ru/www/Applications/FrontEnd/Index/Controller.php подключён.
2012-06-03 14:10:33 Файл /home/webservers/alpha.vprokate.ru/www/Applications/FrontEnd/Index/View.php подключён.
2012-06-03 14:10:56 Файл /home/webservers/alpha.vprokate.ru/www/Wings/Logs.php подключён.
2012-06-03 14:10:56 Файл /home/webservers/alpha.vprokate.ru/www/Wings/DB.php подключён.
2012-06-03 14:10:56 Файл /home/webservers/alpha.vprokate.ru/www/Applications/FrontEnd/Workspace.php подключён.
2012-06-03 14:10:56 Файл /home/webservers/alpha.vprokate.ru/www/Applications/FrontEnd/FrontEndModel.php подключён.
2012-06-03 14:10:56 Файл /home/webservers/alpha.vprokate.ru/www/Applications/FrontEnd/Index/Controller.php подключён.
2012-06-03 14:10:56 Файл /home/webservers/alpha.vprokate.ru/www/Applications/FrontEnd/Index/View.php подключён.
2012-06-03 14:13:47 Файл /home/webservers/alpha.vprokate.ru/www/Wings/Logs.php подключён.
2012-06-03 14:13:47 Файл /home/webservers/alpha.vprokate.ru/www/Wings/DB.php подключён.
2012-06-03 14:13:47 Файл /home/webservers/alpha.vprokate.ru/www/Applications/FrontEnd/Workspace.php подключён.
2012-06-03 14:13:47 Файл /home/webservers/alpha.vprokate.ru/www/Applications/FrontEnd/FrontEndModel.php подключён.
2012-06-03 14:13:47 Файл /home/webservers/alpha.vprokate.ru/www/Applications/FrontEnd/Index/Controller.php подключён.
2012-06-03 14:13:47 Файл /home/webservers/alpha.vprokate.ru/www/Applications/FrontEnd/Index/View.php подключён.
2012-06-03 14:25:19 Файл /home/webservers/alpha.vprokate.ru/www/Wings/Logs.php подключён.
2012-06-03 14:25:19 Файл /home/webservers/alpha.vprokate.ru/www/Wings/DB.php подключён.
2012-06-03 14:25:19 Файл /home/webservers/alpha.vprokate.ru/www/Applications/FrontEnd/Workspace.php подключён.
2012-06-03 14:25:19 Файл /home/webservers/alpha.vprokate.ru/www/Applications/FrontEnd/FrontEndModel.php подключён.
2012-06-03 14:25:19 Файл /home/webservers/alpha.vprokate.ru/www/Applications/FrontEnd/Index/Controller.php подключён.
2012-06-03 14:25:19 Файл /home/webservers/alpha.vprokate.ru/www/Applications/FrontEnd/Index/View.php подключён.
2012-06-03 14:26:02 Файл /home/webservers/alpha.vprokate.ru/www/Wings/Logs.php подключён.
2012-06-03 14:26:02 Файл /home/webservers/alpha.vprokate.ru/www/Wings/DB.php подключён.
2012-06-03 14:26:02 Файл /home/webservers/alpha.vprokate.ru/www/Applications/FrontEnd/Workspace.php подключён.
2012-06-03 14:26:02 Файл /home/webservers/alpha.vprokate.ru/www/Applications/FrontEnd/FrontEndModel.php подключён.
2012-06-03 14:26:02 Файл /home/webservers/alpha.vprokate.ru/www/Applications/FrontEnd/Index/Controller.php подключён.
2012-06-03 14:26:02 Файл /home/webservers/alpha.vprokate.ru/www/Applications/FrontEnd/Index/View.php подключён.
2012-06-03 14:26:17 Файл /home/webservers/alpha.vprokate.ru/www/Wings/Logs.php подключён.
2012-06-03 14:26:17 Файл /home/webservers/alpha.vprokate.ru/www/Wings/DB.php подключён.
2012-06-03 14:26:17 Файл /home/webservers/alpha.vprokate.ru/www/Applications/FrontEnd/Workspace.php подключён.
2012-06-03 14:26:17 Файл /home/webservers/alpha.vprokate.ru/www/Applications/FrontEnd/FrontEndModel.php подключён.
2012-06-03 14:26:17 Файл /home/webservers/alpha.vprokate.ru/www/Applications/FrontEnd/Index/Controller.php подключён.
2012-06-03 14:26:17 Файл /home/webservers/alpha.vprokate.ru/www/Applications/FrontEnd/Index/View.php подключён.
