2012-04-12 17:25:11 Файл Z:/home/arhangel31337/www/Wings/Logs.php подключён.
2012-04-12 17:25:11 Файл Z:/home/arhangel31337/www/Wings/Singleton.php подключён.
2012-04-12 17:25:11 Файл Z:/home/arhangel31337/www/Wings/DB.php подключён.
2012-04-12 17:25:12 Файл Z:/home/arhangel31337/www/Application/FrontEnd/Workspace.php подключён.
2012-04-12 17:25:12 Файл Z:/home/arhangel31337/www/Wings/Logs.php подключён.
2012-04-12 17:25:12 Файл Z:/home/arhangel31337/www/Wings/Singleton.php подключён.
2012-04-12 17:25:12 Файл Z:/home/arhangel31337/www/Wings/DB.php подключён.
2012-04-12 17:25:12 Файл Z:/home/arhangel31337/www/Application/FrontEnd/Workspace.php подключён.
2012-04-12 17:32:50 Файл Z:/home/arhangel31337/www/Wings/Logs.php подключён.
2012-04-12 17:32:50 Файл Z:/home/arhangel31337/www/Wings/Singleton.php подключён.
2012-04-12 17:32:50 Файл Z:/home/arhangel31337/www/Wings/DB.php подключён.
2012-04-12 17:32:50 Файл Z:/home/arhangel31337/www/Application/FrontEnd/Workspace.php подключён.
2012-04-12 17:47:57 Файл Z:/home/arhangel31337/www/Wings/Logs.php подключён.
2012-04-12 17:47:57 Файл Z:/home/arhangel31337/www/Wings/Singleton.php подключён.
2012-04-12 17:47:57 Файл Z:/home/arhangel31337/www/Wings/DB.php подключён.
2012-04-12 17:47:57 Файл Z:/home/arhangel31337/www/Application/FrontEnd/Workspace.php подключён.
2012-04-12 17:48:03 Файл Z:/home/arhangel31337/www/Wings/Logs.php подключён.
2012-04-12 17:48:03 Файл Z:/home/arhangel31337/www/Wings/Singleton.php подключён.
2012-04-12 17:48:03 Файл Z:/home/arhangel31337/www/Wings/DB.php подключён.
2012-04-12 17:48:04 Файл Z:/home/arhangel31337/www/Application/FrontEnd/Workspace.php подключён.
2012-04-12 17:48:05 Файл Z:/home/arhangel31337/www/Wings/Logs.php подключён.
2012-04-12 17:48:05 Файл Z:/home/arhangel31337/www/Wings/Singleton.php подключён.
2012-04-12 17:48:05 Файл Z:/home/arhangel31337/www/Wings/DB.php подключён.
2012-04-12 17:48:05 Файл Z:/home/arhangel31337/www/Application/FrontEnd/Workspace.php подключён.
2012-04-12 17:48:08 Файл Z:/home/arhangel31337/www/Wings/Logs.php подключён.
2012-04-12 17:48:08 Файл Z:/home/arhangel31337/www/Wings/Singleton.php подключён.
2012-04-12 17:48:08 Файл Z:/home/arhangel31337/www/Wings/DB.php подключён.
2012-04-12 17:48:08 Файл Z:/home/arhangel31337/www/Application/FrontEnd/Workspace.php подключён.
2012-04-12 17:48:08 Файл Z:/home/arhangel31337/www/Wings/Logs.php подключён.
2012-04-12 17:48:08 Файл Z:/home/arhangel31337/www/Wings/Singleton.php подключён.
2012-04-12 17:48:08 Файл Z:/home/arhangel31337/www/Wings/DB.php подключён.
2012-04-12 17:48:08 Файл Z:/home/arhangel31337/www/Application/FrontEnd/Workspace.php подключён.
2012-04-12 17:48:09 Файл Z:/home/arhangel31337/www/Wings/Logs.php подключён.
2012-04-12 17:48:09 Файл Z:/home/arhangel31337/www/Wings/Singleton.php подключён.
2012-04-12 17:48:09 Файл Z:/home/arhangel31337/www/Wings/DB.php подключён.
2012-04-12 17:48:09 Файл Z:/home/arhangel31337/www/Application/FrontEnd/Workspace.php подключён.
2012-04-12 17:48:09 Файл Z:/home/arhangel31337/www/Wings/Logs.php подключён.
2012-04-12 17:48:09 Файл Z:/home/arhangel31337/www/Wings/Singleton.php подключён.
2012-04-12 17:48:09 Файл Z:/home/arhangel31337/www/Wings/DB.php подключён.
2012-04-12 17:48:09 Файл Z:/home/arhangel31337/www/Application/FrontEnd/Workspace.php подключён.
2012-04-12 17:48:10 Файл Z:/home/arhangel31337/www/Wings/Logs.php подключён.
2012-04-12 17:48:10 Файл Z:/home/arhangel31337/www/Wings/Singleton.php подключён.
2012-04-12 17:48:10 Файл Z:/home/arhangel31337/www/Wings/DB.php подключён.
2012-04-12 17:48:10 Файл Z:/home/arhangel31337/www/Application/FrontEnd/Workspace.php подключён.
2012-04-12 17:48:10 Файл Z:/home/arhangel31337/www/Wings/Logs.php подключён.
2012-04-12 17:48:10 Файл Z:/home/arhangel31337/www/Wings/Singleton.php подключён.
2012-04-12 17:48:10 Файл Z:/home/arhangel31337/www/Wings/DB.php подключён.
2012-04-12 17:48:10 Файл Z:/home/arhangel31337/www/Application/FrontEnd/Workspace.php подключён.
2012-04-12 17:54:59 Файл Z:/home/arhangel31337/www/Wings/Logs.php подключён.
2012-04-12 17:54:59 Файл Z:/home/arhangel31337/www/Wings/Singleton.php подключён.
2012-04-12 17:54:59 Файл Z:/home/arhangel31337/www/Wings/DB.php подключён.
2012-04-12 17:54:59 Файл Z:/home/arhangel31337/www/Application/FrontEnd/Workspace.php подключён.
2012-04-12 17:57:07 Файл Z:/home/arhangel31337/www/Wings/Logs.php подключён.
2012-04-12 17:57:07 Файл Z:/home/arhangel31337/www/Wings/Singleton.php подключён.
2012-04-12 17:57:07 Файл Z:/home/arhangel31337/www/Wings/DB.php подключён.
2012-04-12 17:57:07 Файл Z:/home/arhangel31337/www/Application/BackEnd/Workspace.php не найден.
2012-04-12 17:57:36 Файл Z:/home/arhangel31337/www/Wings/Logs.php подключён.
2012-04-12 17:57:36 Файл Z:/home/arhangel31337/www/Wings/Singleton.php подключён.
2012-04-12 17:57:36 Файл Z:/home/arhangel31337/www/Wings/DB.php подключён.
2012-04-12 17:57:36 Файл Z:/home/arhangel31337/www/Application/BackEnd/Workspace.php не найден.
2012-04-12 17:57:41 Файл Z:/home/arhangel31337/www/Wings/Logs.php подключён.
2012-04-12 17:57:41 Файл Z:/home/arhangel31337/www/Wings/Singleton.php подключён.
2012-04-12 17:57:41 Файл Z:/home/arhangel31337/www/Wings/DB.php подключён.
2012-04-12 17:57:41 Файл Z:/home/arhangel31337/www/Application/BackEnd/Workspace.php не найден.
2012-04-12 17:58:22 Файл Z:/home/arhangel31337/www/Wings/Logs.php подключён.
2012-04-12 17:58:22 Файл Z:/home/arhangel31337/www/Wings/Singleton.php подключён.
2012-04-12 17:58:22 Файл Z:/home/arhangel31337/www/Wings/DB.php подключён.
2012-04-12 17:58:22 Файл Z:/home/arhangel31337/www/Application/BackEnd/Workspace.php не найден.
2012-04-12 17:58:42 Файл Z:/home/arhangel31337/www/Wings/Logs.php подключён.
2012-04-12 17:58:42 Файл Z:/home/arhangel31337/www/Wings/Singleton.php подключён.
2012-04-12 17:58:42 Файл Z:/home/arhangel31337/www/Wings/DB.php подключён.
2012-04-12 17:58:42 Файл Z:/home/arhangel31337/www/Application/FrontEnd/Workspace.php подключён.
2012-04-12 18:04:46 Файл Z:/home/arhangel31337/www/Wings/Logs.php подключён.
2012-04-12 18:04:46 Файл Z:/home/arhangel31337/www/Wings/Singleton.php подключён.
2012-04-12 18:04:46 Файл Z:/home/arhangel31337/www/Wings/DB.php подключён.
2012-04-12 18:04:46 Файл Z:/home/arhangel31337/www/Application/FrontEnd/Workspace.php подключён.
2012-04-12 18:12:52 Файл Z:/home/arhangel31337/www/Wings/Logs.php подключён.
2012-04-12 18:12:52 Файл Z:/home/arhangel31337/www/Wings/Singleton.php подключён.
2012-04-12 18:12:52 Файл Z:/home/arhangel31337/www/Wings/DB.php подключён.
2012-04-12 18:12:52 Файл Z:/home/arhangel31337/www/Application/FrontEnd/Workspace.php подключён.
2012-04-12 18:12:52 Файл Z:/home/arhangel31337/www/Wings/Logs.php подключён.
2012-04-12 18:12:52 Файл Z:/home/arhangel31337/www/Wings/Singleton.php подключён.
2012-04-12 18:12:52 Файл Z:/home/arhangel31337/www/Wings/DB.php подключён.
2012-04-12 18:12:52 Файл Z:/home/arhangel31337/www/Application/FrontEnd/Workspace.php подключён.
2012-04-12 18:25:47 Файл Z:/home/arhangel31337/www/Wings/Logs.php подключён.
2012-04-12 18:25:47 Файл Z:/home/arhangel31337/www/Wings/Singleton.php подключён.
2012-04-12 18:25:47 Файл Z:/home/arhangel31337/www/Wings/DB.php подключён.
2012-04-12 18:25:47 Файл Z:/home/arhangel31337/www/Application/FrontEnd/Workspace.php подключён.
2012-04-12 18:25:48 Файл Z:/home/arhangel31337/www/Wings/Logs.php подключён.
2012-04-12 18:25:48 Файл Z:/home/arhangel31337/www/Wings/Singleton.php подключён.
2012-04-12 18:25:48 Файл Z:/home/arhangel31337/www/Wings/DB.php подключён.
2012-04-12 18:25:48 Файл Z:/home/arhangel31337/www/Application/FrontEnd/Workspace.php подключён.
2012-04-12 18:25:49 Файл Z:/home/arhangel31337/www/Wings/Logs.php подключён.
2012-04-12 18:25:49 Файл Z:/home/arhangel31337/www/Wings/Singleton.php подключён.
2012-04-12 18:25:49 Файл Z:/home/arhangel31337/www/Wings/DB.php подключён.
2012-04-12 18:25:49 Файл Z:/home/arhangel31337/www/Application/FrontEnd/Workspace.php подключён.
2012-04-12 18:25:50 Файл Z:/home/arhangel31337/www/Wings/Logs.php подключён.
2012-04-12 18:25:50 Файл Z:/home/arhangel31337/www/Wings/Singleton.php подключён.
2012-04-12 18:25:50 Файл Z:/home/arhangel31337/www/Wings/DB.php подключён.
2012-04-12 18:25:50 Файл Z:/home/arhangel31337/www/Application/FrontEnd/Workspace.php подключён.
2012-04-12 18:25:51 Файл Z:/home/arhangel31337/www/Wings/Logs.php подключён.
2012-04-12 18:25:51 Файл Z:/home/arhangel31337/www/Wings/Singleton.php подключён.
2012-04-12 18:25:51 Файл Z:/home/arhangel31337/www/Wings/DB.php подключён.
2012-04-12 18:25:51 Файл Z:/home/arhangel31337/www/Application/FrontEnd/Workspace.php подключён.
2012-04-12 18:40:58 Файл Z:/home/arhangel31337/www/Wings/Logs.php подключён.
2012-04-12 18:40:58 Файл Z:/home/arhangel31337/www/Wings/Singleton.php подключён.
2012-04-12 18:40:58 Файл Z:/home/arhangel31337/www/Wings/DB.php подключён.
2012-04-12 18:40:58 Файл Z:/home/arhangel31337/www/Application/FrontEnd/Workspace.php подключён.
2012-04-12 18:41:28 Файл Z:/home/arhangel31337/www/Wings/Logs.php подключён.
2012-04-12 18:41:28 Файл Z:/home/arhangel31337/www/Wings/Singleton.php подключён.
2012-04-12 18:41:28 Файл Z:/home/arhangel31337/www/Wings/DB.php подключён.
2012-04-12 18:41:28 Файл Z:/home/arhangel31337/www/Application/FrontEnd/Workspace.php подключён.
2012-04-12 18:42:15 Файл Z:/home/arhangel31337/www/Wings/Logs.php подключён.
2012-04-12 18:42:15 Файл Z:/home/arhangel31337/www/Wings/Singleton.php подключён.
2012-04-12 18:42:15 Файл Z:/home/arhangel31337/www/Wings/DB.php подключён.
2012-04-12 18:42:15 Файл Z:/home/arhangel31337/www/Application/FrontEnd/Workspace.php подключён.
2012-04-12 18:43:24 Файл Z:/home/arhangel31337/www/Wings/Logs.php подключён.
2012-04-12 18:43:24 Файл Z:/home/arhangel31337/www/Wings/Singleton.php подключён.
2012-04-12 18:43:24 Файл Z:/home/arhangel31337/www/Wings/DB.php подключён.
2012-04-12 18:43:25 Файл Z:/home/arhangel31337/www/Application/FrontEnd/Workspace.php подключён.
2012-04-12 18:44:28 Файл Z:/home/arhangel31337/www/Wings/Logs.php подключён.
2012-04-12 18:44:28 Файл Z:/home/arhangel31337/www/Wings/Singleton.php подключён.
2012-04-12 18:44:28 Файл Z:/home/arhangel31337/www/Wings/DB.php подключён.
2012-04-12 18:44:28 Файл Z:/home/arhangel31337/www/Application/FrontEnd/Workspace.php подключён.
2012-04-12 18:45:08 Файл Z:/home/arhangel31337/www/Wings/Logs.php подключён.
2012-04-12 18:45:08 Файл Z:/home/arhangel31337/www/Wings/Singleton.php подключён.
2012-04-12 18:45:08 Файл Z:/home/arhangel31337/www/Wings/DB.php подключён.
2012-04-12 18:45:08 Файл Z:/home/arhangel31337/www/Application/FrontEnd/Workspace.php подключён.
2012-04-12 18:45:37 Файл Z:/home/arhangel31337/www/Wings/Logs.php подключён.
2012-04-12 18:45:37 Файл Z:/home/arhangel31337/www/Wings/Singleton.php подключён.
2012-04-12 18:45:37 Файл Z:/home/arhangel31337/www/Wings/DB.php подключён.
2012-04-12 18:45:37 Файл Z:/home/arhangel31337/www/Application/FrontEnd/Workspace.php подключён.
2012-04-12 18:47:56 Файл Z:/home/arhangel31337/www/Wings/Logs.php подключён.
2012-04-12 18:47:56 Файл Z:/home/arhangel31337/www/Wings/Singleton.php подключён.
2012-04-12 18:47:56 Файл Z:/home/arhangel31337/www/Wings/DB.php подключён.
2012-04-12 18:47:56 Файл Z:/home/arhangel31337/www/Application/FrontEnd/Workspace.php подключён.
2012-04-12 18:47:58 Файл Z:/home/arhangel31337/www/Wings/Logs.php подключён.
2012-04-12 18:47:58 Файл Z:/home/arhangel31337/www/Wings/Singleton.php подключён.
2012-04-12 18:47:58 Файл Z:/home/arhangel31337/www/Wings/DB.php подключён.
2012-04-12 18:47:58 Файл Z:/home/arhangel31337/www/Application/FrontEnd/Workspace.php подключён.
2012-04-12 18:48:22 Файл Z:/home/arhangel31337/www/Wings/Logs.php подключён.
2012-04-12 18:48:22 Файл Z:/home/arhangel31337/www/Wings/Singleton.php подключён.
2012-04-12 18:48:22 Файл Z:/home/arhangel31337/www/Wings/DB.php подключён.
2012-04-12 18:48:23 Файл Z:/home/arhangel31337/www/Application/FrontEnd/Workspace.php подключён.
2012-04-12 18:48:42 Файл Z:/home/arhangel31337/www/Wings/Logs.php подключён.
2012-04-12 18:48:42 Файл Z:/home/arhangel31337/www/Wings/Singleton.php подключён.
2012-04-12 18:48:42 Файл Z:/home/arhangel31337/www/Wings/DB.php подключён.
2012-04-12 18:48:42 Файл Z:/home/arhangel31337/www/Application/FrontEnd/Workspace.php подключён.
2012-04-12 18:48:44 Файл Z:/home/arhangel31337/www/Wings/Logs.php подключён.
2012-04-12 18:48:44 Файл Z:/home/arhangel31337/www/Wings/Singleton.php подключён.
2012-04-12 18:48:44 Файл Z:/home/arhangel31337/www/Wings/DB.php подключён.
2012-04-12 18:48:45 Файл Z:/home/arhangel31337/www/Application/FrontEnd/Workspace.php подключён.
2012-04-12 18:48:46 Файл Z:/home/arhangel31337/www/Wings/Logs.php подключён.
2012-04-12 18:48:46 Файл Z:/home/arhangel31337/www/Wings/Singleton.php подключён.
2012-04-12 18:48:46 Файл Z:/home/arhangel31337/www/Wings/DB.php подключён.
2012-04-12 18:48:46 Файл Z:/home/arhangel31337/www/Application/FrontEnd/Workspace.php подключён.
2012-04-12 18:48:59 Файл Z:/home/arhangel31337/www/Wings/Logs.php подключён.
2012-04-12 18:48:59 Файл Z:/home/arhangel31337/www/Wings/Singleton.php подключён.
2012-04-12 18:48:59 Файл Z:/home/arhangel31337/www/Wings/DB.php подключён.
2012-04-12 18:48:59 Файл Z:/home/arhangel31337/www/Application/FrontEnd/Workspace.php подключён.
2012-04-12 18:49:08 Файл Z:/home/arhangel31337/www/Wings/Logs.php подключён.
2012-04-12 18:49:08 Файл Z:/home/arhangel31337/www/Wings/Singleton.php подключён.
2012-04-12 18:49:08 Файл Z:/home/arhangel31337/www/Wings/DB.php подключён.
2012-04-12 18:49:08 Файл Z:/home/arhangel31337/www/Application/FrontEnd/Workspace.php подключён.
2012-04-12 18:49:30 Файл Z:/home/arhangel31337/www/Wings/Logs.php подключён.
2012-04-12 18:49:30 Файл Z:/home/arhangel31337/www/Wings/Singleton.php подключён.
2012-04-12 18:49:30 Файл Z:/home/arhangel31337/www/Wings/DB.php подключён.
2012-04-12 18:49:30 Файл Z:/home/arhangel31337/www/Application/FrontEnd/Workspace.php подключён.
2012-04-12 19:02:18 Файл Z:/home/arhangel31337/www/Wings/Logs.php подключён.
2012-04-12 19:02:18 Файл Z:/home/arhangel31337/www/Wings/DB.php подключён.
2012-04-12 19:02:56 Файл Z:/home/arhangel31337/www/Wings/Logs.php подключён.
2012-04-12 19:02:56 Файл Z:/home/arhangel31337/www/Wings/DB.php подключён.
2012-04-12 19:02:56 Файл Z:/home/arhangel31337/www/Application/FrontEnd/Workspace.php подключён.
2012-04-12 19:02:57 Файл Z:/home/arhangel31337/www/Wings/Logs.php подключён.
2012-04-12 19:02:57 Файл Z:/home/arhangel31337/www/Wings/DB.php подключён.
2012-04-12 19:02:57 Файл Z:/home/arhangel31337/www/Application/FrontEnd/Workspace.php подключён.
2012-04-12 19:05:43 Файл Z:/home/arhangel31337/www/Wings/Logs.php подключён.
2012-04-12 19:05:43 Файл Z:/home/arhangel31337/www/Wings/DB.php подключён.
2012-04-12 19:05:43 Файл Z:/home/arhangel31337/www/Application/FrontEnd/Workspace.php подключён.
2012-04-12 19:05:43 Файл Z:/home/arhangel31337/www/Application/FrontEnd/FrontEndModel.php подключён.
2012-04-12 19:06:08 Файл Z:/home/arhangel31337/www/Wings/Logs.php подключён.
2012-04-12 19:06:08 Файл Z:/home/arhangel31337/www/Wings/DB.php подключён.
2012-04-12 19:06:08 Файл Z:/home/arhangel31337/www/Application/FrontEnd/Workspace.php подключён.
2012-04-12 19:06:08 Файл Z:/home/arhangel31337/www/Application/FrontEnd/FrontEndModel.php подключён.
2012-04-12 19:06:31 Файл Z:/home/arhangel31337/www/Wings/Logs.php подключён.
2012-04-12 19:06:31 Файл Z:/home/arhangel31337/www/Wings/DB.php подключён.
2012-04-12 19:06:31 Файл Z:/home/arhangel31337/www/Application/FrontEnd/Workspace.php подключён.
2012-04-12 19:06:31 Файл Z:/home/arhangel31337/www/Application/FrontEnd/FrontEndModel.php подключён.
2012-04-12 19:06:32 Файл Z:/home/arhangel31337/www/Wings/Logs.php подключён.
2012-04-12 19:06:32 Файл Z:/home/arhangel31337/www/Wings/DB.php подключён.
2012-04-12 19:06:32 Файл Z:/home/arhangel31337/www/Application/FrontEnd/Workspace.php подключён.
2012-04-12 19:06:32 Файл Z:/home/arhangel31337/www/Application/FrontEnd/FrontEndModel.php подключён.
2012-04-12 19:06:46 Файл Z:/home/arhangel31337/www/Wings/Logs.php подключён.
2012-04-12 19:06:46 Файл Z:/home/arhangel31337/www/Wings/DB.php подключён.
2012-04-12 19:06:46 Файл Z:/home/arhangel31337/www/Application/FrontEnd/Workspace.php подключён.
2012-04-12 19:06:46 Файл Z:/home/arhangel31337/www/Application/FrontEnd/FrontEndModel.php подключён.
2012-04-12 19:07:05 Файл Z:/home/arhangel31337/www/Wings/Logs.php подключён.
2012-04-12 19:07:05 Файл Z:/home/arhangel31337/www/Wings/DB.php подключён.
2012-04-12 19:07:05 Файл Z:/home/arhangel31337/www/Application/FrontEnd/Workspace.php подключён.
2012-04-12 19:07:05 Файл Z:/home/arhangel31337/www/Application/FrontEnd/FrontEndModel.php подключён.
2012-04-12 19:07:36 Файл Z:/home/arhangel31337/www/Wings/Logs.php подключён.
2012-04-12 19:07:36 Файл Z:/home/arhangel31337/www/Wings/DB.php подключён.
2012-04-12 19:07:36 Файл Z:/home/arhangel31337/www/Application/FrontEnd/Workspace.php подключён.
2012-04-12 19:07:36 Файл Z:/home/arhangel31337/www/Application/FrontEnd/FrontEndModel.php подключён.
2012-04-12 19:10:01 Файл Z:/home/arhangel31337/www/Wings/Logs.php подключён.
2012-04-12 19:10:01 Файл Z:/home/arhangel31337/www/Wings/DB.php подключён.
2012-04-12 19:10:01 Файл Z:/home/arhangel31337/www/Application/FrontEnd/Workspace.php подключён.
2012-04-12 19:10:01 Файл Z:/home/arhangel31337/www/Application/FrontEnd/FrontEndModel.php подключён.
2012-04-12 19:10:40 Файл Z:/home/arhangel31337/www/Wings/Logs.php подключён.
2012-04-12 19:10:40 Файл Z:/home/arhangel31337/www/Wings/DB.php подключён.
2012-04-12 19:10:40 Файл Z:/home/arhangel31337/www/Application/FrontEnd/Workspace.php подключён.
2012-04-12 19:10:40 Файл Z:/home/arhangel31337/www/Application/FrontEnd/FrontEndModel.php подключён.
2012-04-12 19:10:51 Файл Z:/home/arhangel31337/www/Wings/Logs.php подключён.
2012-04-12 19:10:51 Файл Z:/home/arhangel31337/www/Wings/DB.php подключён.
2012-04-12 19:10:51 Файл Z:/home/arhangel31337/www/Application/FrontEnd/Workspace.php подключён.
2012-04-12 19:10:51 Файл Z:/home/arhangel31337/www/Application/FrontEnd/FrontEndModel.php подключён.
2012-04-12 19:11:05 Файл Z:/home/arhangel31337/www/Wings/Logs.php подключён.
2012-04-12 19:11:05 Файл Z:/home/arhangel31337/www/Wings/DB.php подключён.
2012-04-12 19:11:05 Файл Z:/home/arhangel31337/www/Application/FrontEnd/Workspace.php подключён.
2012-04-12 19:11:05 Файл Z:/home/arhangel31337/www/Application/FrontEnd/FrontEndModel.php подключён.
2012-04-12 19:11:39 Файл Z:/home/arhangel31337/www/Wings/Logs.php подключён.
2012-04-12 19:11:39 Файл Z:/home/arhangel31337/www/Wings/DB.php подключён.
2012-04-12 19:11:39 Файл Z:/home/arhangel31337/www/Application/FrontEnd/Workspace.php подключён.
2012-04-12 19:11:39 Файл Z:/home/arhangel31337/www/Application/FrontEnd/FrontEndModel.php подключён.
2012-04-12 19:12:09 Файл Z:/home/arhangel31337/www/Wings/Logs.php подключён.
2012-04-12 19:12:09 Файл Z:/home/arhangel31337/www/Wings/DB.php подключён.
2012-04-12 19:12:09 Файл Z:/home/arhangel31337/www/Application/FrontEnd/Workspace.php подключён.
2012-04-12 19:12:09 Файл Z:/home/arhangel31337/www/Application/FrontEnd/FrontEndModel.php подключён.
2012-04-12 19:12:20 Файл Z:/home/arhangel31337/www/Wings/Logs.php подключён.
2012-04-12 19:12:20 Файл Z:/home/arhangel31337/www/Wings/DB.php подключён.
2012-04-12 19:12:20 Файл Z:/home/arhangel31337/www/Application/FrontEnd/Workspace.php подключён.
2012-04-12 19:12:20 Файл Z:/home/arhangel31337/www/Application/FrontEnd/FrontEndModel.php подключён.
2012-04-12 19:12:25 Файл Z:/home/arhangel31337/www/Wings/Logs.php подключён.
2012-04-12 19:12:25 Файл Z:/home/arhangel31337/www/Wings/DB.php подключён.
2012-04-12 19:12:25 Файл Z:/home/arhangel31337/www/Application/FrontEnd/Workspace.php подключён.
2012-04-12 19:12:25 Файл Z:/home/arhangel31337/www/Application/FrontEnd/FrontEndModel.php подключён.
2012-04-12 19:14:26 Файл Z:/home/arhangel31337/www/Wings/Logs.php подключён.
2012-04-12 19:14:26 Файл Z:/home/arhangel31337/www/Wings/DB.php подключён.
2012-04-12 19:14:26 Файл Z:/home/arhangel31337/www/Application/FrontEnd/Workspace.php подключён.
2012-04-12 19:14:26 Файл Z:/home/arhangel31337/www/Application/FrontEnd/FrontEndModel.php подключён.
2012-04-12 19:14:30 Файл Z:/home/arhangel31337/www/Wings/Logs.php подключён.
2012-04-12 19:14:30 Файл Z:/home/arhangel31337/www/Wings/DB.php подключён.
2012-04-12 19:14:30 Файл Z:/home/arhangel31337/www/Application/FrontEnd/Workspace.php подключён.
2012-04-12 19:14:30 Файл Z:/home/arhangel31337/www/Application/FrontEnd/FrontEndModel.php подключён.
2012-04-12 19:15:55 Файл Z:/home/arhangel31337/www/Wings/Logs.php подключён.
2012-04-12 19:15:55 Файл Z:/home/arhangel31337/www/Wings/DB.php подключён.
2012-04-12 19:15:55 Файл Z:/home/arhangel31337/www/Application/FrontEnd/Workspace.php подключён.
2012-04-12 19:15:55 Файл Z:/home/arhangel31337/www/Application/FrontEnd/FrontEndModel.php подключён.
2012-04-12 19:16:30 Файл Z:/home/arhangel31337/www/Wings/Logs.php подключён.
2012-04-12 19:16:30 Файл Z:/home/arhangel31337/www/Wings/DB.php подключён.
2012-04-12 19:16:30 Файл Z:/home/arhangel31337/www/Application/FrontEnd/Workspace.php подключён.
2012-04-12 19:16:30 Файл Z:/home/arhangel31337/www/Application/FrontEnd/FrontEndModel.php подключён.
2012-04-12 19:16:31 Файл Z:/home/arhangel31337/www/Wings/Logs.php подключён.
2012-04-12 19:16:31 Файл Z:/home/arhangel31337/www/Wings/DB.php подключён.
2012-04-12 19:16:31 Файл Z:/home/arhangel31337/www/Application/FrontEnd/Workspace.php подключён.
2012-04-12 19:16:31 Файл Z:/home/arhangel31337/www/Application/FrontEnd/FrontEndModel.php подключён.
2012-04-12 19:16:33 Файл Z:/home/arhangel31337/www/Wings/Logs.php подключён.
2012-04-12 19:16:33 Файл Z:/home/arhangel31337/www/Wings/DB.php подключён.
2012-04-12 19:16:33 Файл Z:/home/arhangel31337/www/Application/FrontEnd/Workspace.php подключён.
2012-04-12 19:16:33 Файл Z:/home/arhangel31337/www/Application/FrontEnd/FrontEndModel.php подключён.
2012-04-12 19:16:34 Файл Z:/home/arhangel31337/www/Wings/Logs.php подключён.
2012-04-12 19:16:34 Файл Z:/home/arhangel31337/www/Wings/DB.php подключён.
2012-04-12 19:16:34 Файл Z:/home/arhangel31337/www/Application/FrontEnd/Workspace.php подключён.
2012-04-12 19:16:34 Файл Z:/home/arhangel31337/www/Application/FrontEnd/FrontEndModel.php подключён.
2012-04-12 19:16:36 Файл Z:/home/arhangel31337/www/Wings/Logs.php подключён.
2012-04-12 19:16:36 Файл Z:/home/arhangel31337/www/Wings/DB.php подключён.
2012-04-12 19:16:36 Файл Z:/home/arhangel31337/www/Application/FrontEnd/Workspace.php подключён.
2012-04-12 19:16:36 Файл Z:/home/arhangel31337/www/Application/FrontEnd/FrontEndModel.php подключён.
2012-04-12 19:16:37 Файл Z:/home/arhangel31337/www/Wings/Logs.php подключён.
2012-04-12 19:16:37 Файл Z:/home/arhangel31337/www/Wings/DB.php подключён.
2012-04-12 19:16:37 Файл Z:/home/arhangel31337/www/Application/FrontEnd/Workspace.php подключён.
2012-04-12 19:16:37 Файл Z:/home/arhangel31337/www/Application/FrontEnd/FrontEndModel.php подключён.
