2012-05-20 06:11:45 Файл /home/webservers/vprokate.ru/www/Wings/Logs.php подключён.
2012-05-20 06:11:45 Файл /home/webservers/vprokate.ru/www/Wings/DB.php подключён.
2012-05-20 06:11:45 Файл /home/webservers/vprokate.ru/www/Applications/FrontEnd/Workspace.php подключён.
2012-05-20 06:11:45 Файл /home/webservers/vprokate.ru/www/Applications/FrontEnd/FrontEndModel.php подключён.
2012-05-20 06:11:45 Файл /home/webservers/vprokate.ru/www/Applications/FrontEnd/Error/Controller.php не найден.
2012-05-20 06:11:46 Файл /home/webservers/vprokate.ru/www/Wings/Logs.php подключён.
2012-05-20 06:11:46 Файл /home/webservers/vprokate.ru/www/Wings/DB.php подключён.
2012-05-20 06:11:46 Файл /home/webservers/vprokate.ru/www/Applications/FrontEnd/Workspace.php подключён.
2012-05-20 06:11:46 Файл /home/webservers/vprokate.ru/www/Applications/FrontEnd/FrontEndModel.php подключён.
2012-05-20 06:11:46 Файл /home/webservers/vprokate.ru/www/Applications/FrontEnd/Error/Controller.php не найден.
2012-05-20 06:11:47 Файл /home/webservers/vprokate.ru/www/Wings/Logs.php подключён.
2012-05-20 06:11:47 Файл /home/webservers/vprokate.ru/www/Wings/DB.php подключён.
2012-05-20 06:11:47 Файл /home/webservers/vprokate.ru/www/Applications/FrontEnd/Workspace.php подключён.
2012-05-20 06:11:47 Файл /home/webservers/vprokate.ru/www/Applications/FrontEnd/FrontEndModel.php подключён.
2012-05-20 06:11:47 Файл /home/webservers/vprokate.ru/www/Applications/FrontEnd/Error/Controller.php не найден.
2012-05-20 06:11:48 Файл /home/webservers/vprokate.ru/www/Wings/Logs.php подключён.
2012-05-20 06:11:48 Файл /home/webservers/vprokate.ru/www/Wings/DB.php подключён.
2012-05-20 06:11:48 Файл /home/webservers/vprokate.ru/www/Applications/FrontEnd/Workspace.php подключён.
2012-05-20 06:11:48 Файл /home/webservers/vprokate.ru/www/Applications/FrontEnd/FrontEndModel.php подключён.
2012-05-20 06:11:48 Файл /home/webservers/vprokate.ru/www/Applications/FrontEnd/Error/Controller.php не найден.
2012-05-20 06:11:49 Файл /home/webservers/vprokate.ru/www/Wings/Logs.php подключён.
2012-05-20 06:11:49 Файл /home/webservers/vprokate.ru/www/Wings/DB.php подключён.
2012-05-20 06:11:49 Файл /home/webservers/vprokate.ru/www/Applications/FrontEnd/Workspace.php подключён.
2012-05-20 06:11:49 Файл /home/webservers/vprokate.ru/www/Applications/FrontEnd/FrontEndModel.php подключён.
2012-05-20 06:11:49 Файл /home/webservers/vprokate.ru/www/Applications/FrontEnd/Error/Controller.php не найден.
2012-05-20 06:11:49 Файл /home/webservers/vprokate.ru/www/Wings/Logs.php подключён.
2012-05-20 06:11:49 Файл /home/webservers/vprokate.ru/www/Wings/DB.php подключён.
2012-05-20 06:11:50 Файл /home/webservers/vprokate.ru/www/Applications/FrontEnd/Workspace.php подключён.
2012-05-20 06:11:50 Файл /home/webservers/vprokate.ru/www/Applications/FrontEnd/FrontEndModel.php подключён.
2012-05-20 06:11:50 Файл /home/webservers/vprokate.ru/www/Applications/FrontEnd/Error/Controller.php не найден.
2012-05-20 06:11:50 Файл /home/webservers/vprokate.ru/www/Wings/Logs.php подключён.
2012-05-20 06:11:50 Файл /home/webservers/vprokate.ru/www/Wings/DB.php подключён.
2012-05-20 06:11:50 Файл /home/webservers/vprokate.ru/www/Applications/FrontEnd/Workspace.php подключён.
2012-05-20 06:11:50 Файл /home/webservers/vprokate.ru/www/Applications/FrontEnd/FrontEndModel.php подключён.
2012-05-20 06:11:50 Файл /home/webservers/vprokate.ru/www/Applications/FrontEnd/Error/Controller.php не найден.
2012-05-20 06:11:51 Файл /home/webservers/vprokate.ru/www/Wings/Logs.php подключён.
2012-05-20 06:11:51 Файл /home/webservers/vprokate.ru/www/Wings/DB.php подключён.
2012-05-20 06:11:51 Файл /home/webservers/vprokate.ru/www/Applications/FrontEnd/Workspace.php подключён.
2012-05-20 06:11:51 Файл /home/webservers/vprokate.ru/www/Applications/FrontEnd/FrontEndModel.php подключён.
2012-05-20 06:11:51 Файл /home/webservers/vprokate.ru/www/Applications/FrontEnd/Error/Controller.php не найден.
2012-05-20 06:11:52 Файл /home/webservers/vprokate.ru/www/Wings/Logs.php подключён.
2012-05-20 06:11:52 Файл /home/webservers/vprokate.ru/www/Wings/DB.php подключён.
2012-05-20 06:11:52 Файл /home/webservers/vprokate.ru/www/Applications/FrontEnd/Workspace.php подключён.
2012-05-20 06:11:52 Файл /home/webservers/vprokate.ru/www/Applications/FrontEnd/FrontEndModel.php подключён.
2012-05-20 06:11:52 Файл /home/webservers/vprokate.ru/www/Applications/FrontEnd/Error/Controller.php не найден.
2012-05-20 06:11:53 Файл /home/webservers/vprokate.ru/www/Wings/Logs.php подключён.
2012-05-20 06:11:53 Файл /home/webservers/vprokate.ru/www/Wings/DB.php подключён.
2012-05-20 06:11:53 Файл /home/webservers/vprokate.ru/www/Applications/FrontEnd/Workspace.php подключён.
2012-05-20 06:11:53 Файл /home/webservers/vprokate.ru/www/Applications/FrontEnd/FrontEndModel.php подключён.
2012-05-20 06:11:53 Файл /home/webservers/vprokate.ru/www/Applications/FrontEnd/Error/Controller.php не найден.
2012-05-20 06:11:54 Файл /home/webservers/vprokate.ru/www/Wings/Logs.php подключён.
2012-05-20 06:11:54 Файл /home/webservers/vprokate.ru/www/Wings/DB.php подключён.
2012-05-20 06:11:54 Файл /home/webservers/vprokate.ru/www/Applications/FrontEnd/Workspace.php подключён.
2012-05-20 06:11:54 Файл /home/webservers/vprokate.ru/www/Applications/FrontEnd/FrontEndModel.php подключён.
2012-05-20 06:11:54 Файл /home/webservers/vprokate.ru/www/Applications/FrontEnd/Error/Controller.php не найден.
