2012-06-19 09:22:49 Файл /home/webservers/alpha.vprokate.ru/www/Wings/Logs.php подключён.
2012-06-19 09:22:49 Файл /home/webservers/alpha.vprokate.ru/www/Wings/DB.php подключён.
2012-06-19 09:22:49 Файл /home/webservers/alpha.vprokate.ru/www/Applications/FrontEnd/Workspace.php подключён.
2012-06-19 09:22:49 Файл /home/webservers/alpha.vprokate.ru/www/Applications/FrontEnd/Model.php подключён.
2012-06-19 09:22:49 Файл /home/webservers/alpha.vprokate.ru/www/Applications/FrontEnd/Error/Controller.php не найден.
2012-06-19 09:57:33 Файл /home/webservers/alpha.vprokate.ru/www/Wings/Logs.php подключён.
2012-06-19 09:57:33 Файл /home/webservers/alpha.vprokate.ru/www/Wings/DB.php подключён.
2012-06-19 09:57:33 Файл /home/webservers/alpha.vprokate.ru/www/Applications/FrontEnd/Workspace.php подключён.
2012-06-19 09:57:33 Файл /home/webservers/alpha.vprokate.ru/www/Applications/FrontEnd/Model.php подключён.
2012-06-19 09:57:33 Файл /home/webservers/alpha.vprokate.ru/www/Applications/FrontEnd/Error/Controller.php не найден.
2012-06-19 09:57:37 Файл /home/webservers/alpha.vprokate.ru/www/Wings/Logs.php подключён.
2012-06-19 09:57:37 Файл /home/webservers/alpha.vprokate.ru/www/Wings/DB.php подключён.
2012-06-19 09:57:37 Файл /home/webservers/alpha.vprokate.ru/www/Applications/FrontEnd/Workspace.php подключён.
2012-06-19 09:57:37 Файл /home/webservers/alpha.vprokate.ru/www/Applications/FrontEnd/Model.php подключён.
2012-06-19 09:57:37 Файл /home/webservers/alpha.vprokate.ru/www/Applications/FrontEnd/Index/Controller.php подключён.
2012-06-19 09:57:37 Файл /home/webservers/alpha.vprokate.ru/www/Applications/FrontEnd/Index/View.php подключён.
2012-06-19 12:32:02 Файл /home/webservers/alpha.vprokate.ru/www/Wings/Logs.php подключён.
2012-06-19 12:32:02 Файл /home/webservers/alpha.vprokate.ru/www/Wings/DB.php подключён.
2012-06-19 12:32:02 Файл /home/webservers/alpha.vprokate.ru/www/Applications/FrontEnd/Workspace.php подключён.
2012-06-19 12:32:02 Файл /home/webservers/alpha.vprokate.ru/www/Applications/FrontEnd/Model.php подключён.
2012-06-19 12:32:02 Файл /home/webservers/alpha.vprokate.ru/www/Applications/FrontEnd/Index/Controller.php подключён.
2012-06-19 12:32:02 Файл /home/webservers/alpha.vprokate.ru/www/Applications/FrontEnd/Index/View.php подключён.
2012-06-19 12:32:03 Файл /home/webservers/alpha.vprokate.ru/www/Wings/Logs.php подключён.
2012-06-19 12:32:03 Файл /home/webservers/alpha.vprokate.ru/www/Wings/DB.php подключён.
2012-06-19 12:32:03 Файл /home/webservers/alpha.vprokate.ru/www/Applications/FrontEnd/Workspace.php подключён.
2012-06-19 12:32:03 Файл /home/webservers/alpha.vprokate.ru/www/Applications/FrontEnd/Model.php подключён.
2012-06-19 12:32:03 Файл /home/webservers/alpha.vprokate.ru/www/Applications/FrontEnd/Error/Controller.php не найден.
2012-06-19 13:01:31 Файл /home/webservers/alpha.vprokate.ru/www/Wings/Logs.php подключён.
2012-06-19 13:01:31 Файл /home/webservers/alpha.vprokate.ru/www/Wings/DB.php подключён.
2012-06-19 13:01:31 Файл /home/webservers/alpha.vprokate.ru/www/Applications/FrontEnd/Workspace.php подключён.
2012-06-19 13:01:31 Файл /home/webservers/alpha.vprokate.ru/www/Applications/FrontEnd/Model.php подключён.
2012-06-19 13:01:31 Файл /home/webservers/alpha.vprokate.ru/www/Applications/FrontEnd/Error/Controller.php не найден.
2012-06-19 13:01:31 Файл /home/webservers/alpha.vprokate.ru/www/Wings/Logs.php подключён.
2012-06-19 13:01:31 Файл /home/webservers/alpha.vprokate.ru/www/Wings/DB.php подключён.
2012-06-19 13:01:31 Файл /home/webservers/alpha.vprokate.ru/www/Applications/FrontEnd/Workspace.php подключён.
2012-06-19 13:01:31 Файл /home/webservers/alpha.vprokate.ru/www/Applications/FrontEnd/Model.php подключён.
2012-06-19 13:01:31 Файл /home/webservers/alpha.vprokate.ru/www/Applications/FrontEnd/Index/Controller.php подключён.
2012-06-19 13:01:31 Файл /home/webservers/alpha.vprokate.ru/www/Applications/FrontEnd/Index/View.php подключён.
2012-06-19 15:07:24 Файл /home/webservers/alpha.vprokate.ru/www/Wings/Logs.php подключён.
2012-06-19 15:07:24 Файл /home/webservers/alpha.vprokate.ru/www/Wings/DB.php подключён.
2012-06-19 15:07:24 Файл /home/webservers/alpha.vprokate.ru/www/Applications/FrontEnd/Workspace.php подключён.
2012-06-19 15:07:24 Файл /home/webservers/alpha.vprokate.ru/www/Applications/FrontEnd/Model.php подключён.
2012-06-19 15:07:24 Файл /home/webservers/alpha.vprokate.ru/www/Applications/FrontEnd/Person/Controller.php подключён.
2012-06-19 15:07:24 Файл /home/webservers/alpha.vprokate.ru/www/Applications/FrontEnd/Person/View.php подключён.
2012-06-19 15:07:33 Файл /home/webservers/alpha.vprokate.ru/www/Wings/Logs.php подключён.
2012-06-19 15:07:33 Файл /home/webservers/alpha.vprokate.ru/www/Wings/DB.php подключён.
2012-06-19 15:07:33 Файл /home/webservers/alpha.vprokate.ru/www/Applications/FrontEnd/Workspace.php подключён.
2012-06-19 15:07:33 Файл /home/webservers/alpha.vprokate.ru/www/Applications/FrontEnd/Model.php подключён.
2012-06-19 15:07:33 Файл /home/webservers/alpha.vprokate.ru/www/Applications/FrontEnd/Film/Controller.php подключён.
2012-06-19 15:07:33 Файл /home/webservers/alpha.vprokate.ru/www/Applications/FrontEnd/Film/View.php подключён.
2012-06-19 16:51:09 Файл /home/webservers/alpha.vprokate.ru/www/Wings/Logs.php подключён.
2012-06-19 16:51:09 Файл /home/webservers/alpha.vprokate.ru/www/Wings/DB.php подключён.
2012-06-19 16:51:09 Файл /home/webservers/alpha.vprokate.ru/www/Applications/FrontEnd/Workspace.php подключён.
2012-06-19 16:51:09 Файл /home/webservers/alpha.vprokate.ru/www/Applications/FrontEnd/Model.php подключён.
2012-06-19 16:51:09 Файл /home/webservers/alpha.vprokate.ru/www/Applications/FrontEnd/Person/Controller.php подключён.
2012-06-19 16:51:09 Файл /home/webservers/alpha.vprokate.ru/www/Applications/FrontEnd/Person/View.php подключён.
2012-06-19 17:05:24 Файл /home/webservers/alpha.vprokate.ru/www/Wings/Logs.php подключён.
2012-06-19 17:05:24 Файл /home/webservers/alpha.vprokate.ru/www/Wings/DB.php подключён.
2012-06-19 17:05:24 Файл /home/webservers/alpha.vprokate.ru/www/Applications/FrontEnd/Workspace.php подключён.
2012-06-19 17:05:24 Файл /home/webservers/alpha.vprokate.ru/www/Applications/FrontEnd/Model.php подключён.
2012-06-19 17:05:24 Файл /home/webservers/alpha.vprokate.ru/www/Applications/FrontEnd/Films/Controller.php подключён.
2012-06-19 17:05:24 Файл /home/webservers/alpha.vprokate.ru/www/Applications/FrontEnd/Films/View.php подключён.
2012-06-19 17:05:28 Файл /home/webservers/alpha.vprokate.ru/www/Wings/Logs.php подключён.
2012-06-19 17:05:28 Файл /home/webservers/alpha.vprokate.ru/www/Wings/DB.php подключён.
2012-06-19 17:05:28 Файл /home/webservers/alpha.vprokate.ru/www/Applications/FrontEnd/Workspace.php подключён.
2012-06-19 17:05:28 Файл /home/webservers/alpha.vprokate.ru/www/Applications/FrontEnd/Model.php подключён.
2012-06-19 17:05:28 Файл /home/webservers/alpha.vprokate.ru/www/Applications/FrontEnd/Error/Controller.php не найден.
2012-06-19 17:56:37 Файл /home/webservers/alpha.vprokate.ru/www/Wings/Logs.php подключён.
2012-06-19 17:56:37 Файл /home/webservers/alpha.vprokate.ru/www/Wings/DB.php подключён.
2012-06-19 17:56:37 Файл /home/webservers/alpha.vprokate.ru/www/Applications/FrontEnd/Workspace.php подключён.
2012-06-19 17:56:37 Файл /home/webservers/alpha.vprokate.ru/www/Applications/FrontEnd/Model.php подключён.
2012-06-19 17:56:37 Файл /home/webservers/alpha.vprokate.ru/www/Applications/FrontEnd/Index/Controller.php подключён.
2012-06-19 17:56:37 Файл /home/webservers/alpha.vprokate.ru/www/Applications/FrontEnd/Index/View.php подключён.
2012-06-19 17:56:42 Файл /home/webservers/alpha.vprokate.ru/www/Wings/Logs.php подключён.
2012-06-19 17:56:42 Файл /home/webservers/alpha.vprokate.ru/www/Wings/DB.php подключён.
2012-06-19 17:56:42 Файл /home/webservers/alpha.vprokate.ru/www/Applications/FrontEnd/Workspace.php подключён.
2012-06-19 17:56:42 Файл /home/webservers/alpha.vprokate.ru/www/Applications/FrontEnd/Model.php подключён.
2012-06-19 17:56:42 Файл /home/webservers/alpha.vprokate.ru/www/Applications/FrontEnd/Error/Controller.php не найден.
2012-06-19 17:56:42 Файл /home/webservers/alpha.vprokate.ru/www/Wings/Logs.php подключён.
2012-06-19 17:56:42 Файл /home/webservers/alpha.vprokate.ru/www/Wings/DB.php подключён.
2012-06-19 17:56:42 Файл /home/webservers/alpha.vprokate.ru/www/Applications/FrontEnd/Workspace.php подключён.
2012-06-19 17:56:42 Файл /home/webservers/alpha.vprokate.ru/www/Applications/FrontEnd/Model.php подключён.
2012-06-19 17:56:42 Файл /home/webservers/alpha.vprokate.ru/www/Applications/FrontEnd/Error/Controller.php не найден.
2012-06-19 17:56:42 Файл /home/webservers/alpha.vprokate.ru/www/Wings/Logs.php подключён.
2012-06-19 17:56:42 Файл /home/webservers/alpha.vprokate.ru/www/Wings/DB.php подключён.
2012-06-19 17:56:42 Файл /home/webservers/alpha.vprokate.ru/www/Applications/FrontEnd/Workspace.php подключён.
2012-06-19 17:56:42 Файл /home/webservers/alpha.vprokate.ru/www/Applications/FrontEnd/Model.php подключён.
2012-06-19 17:56:42 Файл /home/webservers/alpha.vprokate.ru/www/Applications/FrontEnd/Error/Controller.php не найден.
2012-06-19 17:56:45 Файл /home/webservers/alpha.vprokate.ru/www/Wings/Logs.php подключён.
2012-06-19 17:56:45 Файл /home/webservers/alpha.vprokate.ru/www/Wings/DB.php подключён.
2012-06-19 17:56:45 Файл /home/webservers/alpha.vprokate.ru/www/Applications/FrontEnd/Workspace.php подключён.
2012-06-19 17:56:45 Файл /home/webservers/alpha.vprokate.ru/www/Applications/FrontEnd/Model.php подключён.
2012-06-19 17:56:45 Файл /home/webservers/alpha.vprokate.ru/www/Applications/FrontEnd/Films/Controller.php подключён.
2012-06-19 17:56:45 Файл /home/webservers/alpha.vprokate.ru/www/Applications/FrontEnd/Films/View.php подключён.
