2012-05-12 01:44:00 Файл /home/webservers/vprokate.ru/www/Wings/Logs.php подключён.
2012-05-12 01:44:00 Файл /home/webservers/vprokate.ru/www/Wings/DB.php подключён.
2012-05-12 01:44:00 Файл /home/webservers/vprokate.ru/www/Applications/FrontEnd/Workspace.php подключён.
2012-05-12 01:44:00 Файл /home/webservers/vprokate.ru/www/Applications/FrontEnd/FrontEndModel.php подключён.
2012-05-12 01:44:00 Файл /home/webservers/vprokate.ru/www/Applications/FrontEnd/Error/Controller.php не найден.
2012-05-12 02:21:37 Файл /home/webservers/vprokate.ru/www/Wings/Logs.php подключён.
2012-05-12 02:21:37 Файл /home/webservers/vprokate.ru/www/Wings/DB.php подключён.
2012-05-12 02:21:37 Файл /home/webservers/vprokate.ru/www/Applications/FrontEnd/Workspace.php подключён.
2012-05-12 02:21:37 Файл /home/webservers/vprokate.ru/www/Applications/FrontEnd/FrontEndModel.php подключён.
2012-05-12 02:21:37 Файл /home/webservers/vprokate.ru/www/Applications/FrontEnd/Error/Controller.php не найден.
2012-05-12 09:23:42 Файл /home/webservers/vprokate.ru/www/Wings/Logs.php подключён.
2012-05-12 09:23:42 Файл /home/webservers/vprokate.ru/www/Wings/DB.php подключён.
2012-05-12 09:23:42 Файл /home/webservers/vprokate.ru/www/Applications/FrontEnd/Workspace.php подключён.
2012-05-12 09:23:42 Файл /home/webservers/vprokate.ru/www/Applications/FrontEnd/FrontEndModel.php подключён.
2012-05-12 09:23:42 Файл /home/webservers/vprokate.ru/www/Applications/FrontEnd/Error/Controller.php не найден.
2012-05-12 11:11:44 Файл /home/webservers/vprokate.ru/www/Wings/Logs.php подключён.
2012-05-12 11:11:44 Файл /home/webservers/vprokate.ru/www/Wings/DB.php подключён.
2012-05-12 11:11:44 Файл /home/webservers/vprokate.ru/www/Applications/FrontEnd/Workspace.php подключён.
2012-05-12 11:11:44 Файл /home/webservers/vprokate.ru/www/Applications/FrontEnd/FrontEndModel.php подключён.
2012-05-12 11:11:44 Файл /home/webservers/vprokate.ru/www/Applications/FrontEnd/Error/Controller.php не найден.
2012-05-12 15:45:50 Файл /home/webservers/vprokate.ru/www/Wings/Logs.php подключён.
2012-05-12 15:45:50 Файл /home/webservers/vprokate.ru/www/Wings/DB.php подключён.
2012-05-12 15:45:50 Файл /home/webservers/vprokate.ru/www/Applications/FrontEnd/Workspace.php подключён.
2012-05-12 15:45:50 Файл /home/webservers/vprokate.ru/www/Applications/FrontEnd/FrontEndModel.php подключён.
2012-05-12 15:45:50 Файл /home/webservers/vprokate.ru/www/Applications/FrontEnd/Index/Controller.php подключён.
2012-05-12 15:45:50 Файл /home/webservers/vprokate.ru/www/Applications/FrontEnd/Index/View.php подключён.
2012-05-12 15:45:52 Файл /home/webservers/vprokate.ru/www/Wings/Logs.php подключён.
2012-05-12 15:45:52 Файл /home/webservers/vprokate.ru/www/Wings/DB.php подключён.
2012-05-12 15:45:52 Файл /home/webservers/vprokate.ru/www/Applications/FrontEnd/Workspace.php подключён.
2012-05-12 15:45:52 Файл /home/webservers/vprokate.ru/www/Applications/FrontEnd/FrontEndModel.php подключён.
2012-05-12 15:45:52 Файл /home/webservers/vprokate.ru/www/Applications/FrontEnd/Error/Controller.php не найден.
2012-05-12 15:45:52 Файл /home/webservers/vprokate.ru/www/Wings/Logs.php подключён.
2012-05-12 15:45:52 Файл /home/webservers/vprokate.ru/www/Wings/DB.php подключён.
2012-05-12 15:45:52 Файл /home/webservers/vprokate.ru/www/Applications/FrontEnd/Workspace.php подключён.
2012-05-12 15:45:52 Файл /home/webservers/vprokate.ru/www/Applications/FrontEnd/FrontEndModel.php подключён.
2012-05-12 15:45:52 Файл /home/webservers/vprokate.ru/www/Applications/FrontEnd/Error/Controller.php не найден.
2012-05-12 15:45:52 Файл /home/webservers/vprokate.ru/www/Wings/Logs.php подключён.
2012-05-12 15:45:52 Файл /home/webservers/vprokate.ru/www/Wings/DB.php подключён.
2012-05-12 15:45:52 Файл /home/webservers/vprokate.ru/www/Applications/FrontEnd/Workspace.php подключён.
2012-05-12 15:45:52 Файл /home/webservers/vprokate.ru/www/Applications/FrontEnd/FrontEndModel.php подключён.
2012-05-12 15:45:52 Файл /home/webservers/vprokate.ru/www/Applications/FrontEnd/Error/Controller.php не найден.
