2012-06-02 08:06:32 Файл /home/webservers/alpha.vprokate.ru/www/Wings/Logs.php подключён.
2012-06-02 08:06:32 Файл /home/webservers/alpha.vprokate.ru/www/Wings/DB.php подключён.
2012-06-02 08:06:32 Файл /home/webservers/alpha.vprokate.ru/www/Applications/FrontEnd/Workspace.php подключён.
2012-06-02 08:06:32 Файл /home/webservers/alpha.vprokate.ru/www/Applications/FrontEnd/FrontEndModel.php подключён.
2012-06-02 08:06:32 Файл /home/webservers/alpha.vprokate.ru/www/Applications/FrontEnd/Index/Controller.php подключён.
2012-06-02 08:06:32 Файл /home/webservers/alpha.vprokate.ru/www/Applications/FrontEnd/Index/View.php подключён.
2012-06-02 08:06:33 Файл /home/webservers/alpha.vprokate.ru/www/Wings/Logs.php подключён.
2012-06-02 08:06:33 Файл /home/webservers/alpha.vprokate.ru/www/Wings/DB.php подключён.
2012-06-02 08:06:33 Файл /home/webservers/alpha.vprokate.ru/www/Applications/FrontEnd/Workspace.php подключён.
2012-06-02 08:06:33 Файл /home/webservers/alpha.vprokate.ru/www/Applications/FrontEnd/FrontEndModel.php подключён.
2012-06-02 08:06:33 Файл /home/webservers/alpha.vprokate.ru/www/Applications/FrontEnd/Error/Controller.php не найден.
2012-06-02 08:06:33 Файл /home/webservers/alpha.vprokate.ru/www/Wings/Logs.php подключён.
2012-06-02 08:06:33 Файл /home/webservers/alpha.vprokate.ru/www/Wings/DB.php подключён.
2012-06-02 08:06:33 Файл /home/webservers/alpha.vprokate.ru/www/Applications/FrontEnd/Workspace.php подключён.
2012-06-02 08:06:33 Файл /home/webservers/alpha.vprokate.ru/www/Applications/FrontEnd/FrontEndModel.php подключён.
2012-06-02 08:06:33 Файл /home/webservers/alpha.vprokate.ru/www/Applications/FrontEnd/Error/Controller.php не найден.
2012-06-02 08:06:33 Файл /home/webservers/alpha.vprokate.ru/www/Wings/Logs.php подключён.
2012-06-02 08:06:33 Файл /home/webservers/alpha.vprokate.ru/www/Wings/DB.php подключён.
2012-06-02 08:06:33 Файл /home/webservers/alpha.vprokate.ru/www/Applications/FrontEnd/Workspace.php подключён.
2012-06-02 08:06:33 Файл /home/webservers/alpha.vprokate.ru/www/Applications/FrontEnd/FrontEndModel.php подключён.
2012-06-02 08:06:33 Файл /home/webservers/alpha.vprokate.ru/www/Applications/FrontEnd/Error/Controller.php не найден.
2012-06-02 08:09:41 Файл /home/webservers/alpha.vprokate.ru/www/Wings/Logs.php подключён.
2012-06-02 08:09:41 Файл /home/webservers/alpha.vprokate.ru/www/Wings/DB.php подключён.
2012-06-02 08:09:41 Файл /home/webservers/alpha.vprokate.ru/www/Applications/FrontEnd/Workspace.php подключён.
2012-06-02 08:09:41 Файл /home/webservers/alpha.vprokate.ru/www/Applications/FrontEnd/FrontEndModel.php подключён.
2012-06-02 08:09:41 Файл /home/webservers/alpha.vprokate.ru/www/Applications/FrontEnd/Index/Controller.php подключён.
2012-06-02 08:09:41 Файл /home/webservers/alpha.vprokate.ru/www/Applications/FrontEnd/Index/View.php подключён.
2012-06-02 08:09:42 Файл /home/webservers/alpha.vprokate.ru/www/Wings/Logs.php подключён.
2012-06-02 08:09:42 Файл /home/webservers/alpha.vprokate.ru/www/Wings/DB.php подключён.
2012-06-02 08:09:42 Файл /home/webservers/alpha.vprokate.ru/www/Applications/FrontEnd/Workspace.php подключён.
2012-06-02 08:09:42 Файл /home/webservers/alpha.vprokate.ru/www/Applications/FrontEnd/FrontEndModel.php подключён.
2012-06-02 08:09:42 Файл /home/webservers/alpha.vprokate.ru/www/Applications/FrontEnd/Index/Controller.php подключён.
2012-06-02 08:09:42 Файл /home/webservers/alpha.vprokate.ru/www/Applications/FrontEnd/Index/View.php подключён.
2012-06-02 08:18:37 Файл /home/webservers/alpha.vprokate.ru/www/Wings/Logs.php подключён.
2012-06-02 08:18:37 Файл /home/webservers/alpha.vprokate.ru/www/Wings/DB.php подключён.
2012-06-02 08:18:37 Файл /home/webservers/alpha.vprokate.ru/www/Applications/FrontEnd/Workspace.php подключён.
2012-06-02 08:18:37 Файл /home/webservers/alpha.vprokate.ru/www/Applications/FrontEnd/FrontEndModel.php подключён.
2012-06-02 08:18:37 Файл /home/webservers/alpha.vprokate.ru/www/Applications/FrontEnd/Films/Controller.php подключён.
2012-06-02 08:18:37 Файл /home/webservers/alpha.vprokate.ru/www/Applications/FrontEnd/Films/View.php подключён.
2012-06-02 08:18:58 Файл /home/webservers/alpha.vprokate.ru/www/Wings/Logs.php подключён.
2012-06-02 08:18:58 Файл /home/webservers/alpha.vprokate.ru/www/Wings/DB.php подключён.
2012-06-02 08:18:58 Файл /home/webservers/alpha.vprokate.ru/www/Applications/FrontEnd/Workspace.php подключён.
2012-06-02 08:18:58 Файл /home/webservers/alpha.vprokate.ru/www/Applications/FrontEnd/FrontEndModel.php подключён.
2012-06-02 08:18:58 Файл /home/webservers/alpha.vprokate.ru/www/Applications/FrontEnd/Films/Controller.php подключён.
2012-06-02 08:18:58 Файл /home/webservers/alpha.vprokate.ru/www/Applications/FrontEnd/Films/View.php подключён.
2012-06-02 08:19:12 Файл /home/webservers/alpha.vprokate.ru/www/Wings/Logs.php подключён.
2012-06-02 08:19:12 Файл /home/webservers/alpha.vprokate.ru/www/Wings/DB.php подключён.
2012-06-02 08:19:12 Файл /home/webservers/alpha.vprokate.ru/www/Applications/FrontEnd/Workspace.php подключён.
2012-06-02 08:19:12 Файл /home/webservers/alpha.vprokate.ru/www/Applications/FrontEnd/FrontEndModel.php подключён.
2012-06-02 08:19:12 Файл /home/webservers/alpha.vprokate.ru/www/Applications/FrontEnd/Person/Controller.php подключён.
2012-06-02 08:19:12 Файл /home/webservers/alpha.vprokate.ru/www/Applications/FrontEnd/Person/View.php подключён.
2012-06-02 08:19:21 Файл /home/webservers/alpha.vprokate.ru/www/Wings/Logs.php подключён.
2012-06-02 08:19:21 Файл /home/webservers/alpha.vprokate.ru/www/Wings/DB.php подключён.
2012-06-02 08:19:21 Файл /home/webservers/alpha.vprokate.ru/www/Applications/FrontEnd/Workspace.php подключён.
2012-06-02 08:19:21 Файл /home/webservers/alpha.vprokate.ru/www/Applications/FrontEnd/FrontEndModel.php подключён.
2012-06-02 08:19:21 Файл /home/webservers/alpha.vprokate.ru/www/Applications/FrontEnd/Film/Controller.php подключён.
2012-06-02 08:19:21 Файл /home/webservers/alpha.vprokate.ru/www/Applications/FrontEnd/Film/View.php подключён.
2012-06-02 08:19:42 Файл /home/webservers/alpha.vprokate.ru/www/Wings/Logs.php подключён.
2012-06-02 08:19:42 Файл /home/webservers/alpha.vprokate.ru/www/Wings/DB.php подключён.
2012-06-02 08:19:42 Файл /home/webservers/alpha.vprokate.ru/www/Applications/FrontEnd/Workspace.php подключён.
2012-06-02 08:19:42 Файл /home/webservers/alpha.vprokate.ru/www/Applications/FrontEnd/FrontEndModel.php подключён.
2012-06-02 08:19:42 Файл /home/webservers/alpha.vprokate.ru/www/Applications/FrontEnd/Film/Controller.php подключён.
2012-06-02 08:19:42 Файл /home/webservers/alpha.vprokate.ru/www/Applications/FrontEnd/Film/View.php подключён.
2012-06-02 08:19:49 Файл /home/webservers/alpha.vprokate.ru/www/Wings/Logs.php подключён.
2012-06-02 08:19:49 Файл /home/webservers/alpha.vprokate.ru/www/Wings/DB.php подключён.
2012-06-02 08:19:49 Файл /home/webservers/alpha.vprokate.ru/www/Applications/FrontEnd/Workspace.php подключён.
2012-06-02 08:19:49 Файл /home/webservers/alpha.vprokate.ru/www/Applications/FrontEnd/FrontEndModel.php подключён.
2012-06-02 08:19:49 Файл /home/webservers/alpha.vprokate.ru/www/Applications/FrontEnd/Person/Controller.php подключён.
2012-06-02 08:19:49 Файл /home/webservers/alpha.vprokate.ru/www/Applications/FrontEnd/Person/View.php подключён.
2012-06-02 08:19:50 Файл /home/webservers/alpha.vprokate.ru/www/Wings/Logs.php подключён.
2012-06-02 08:19:50 Файл /home/webservers/alpha.vprokate.ru/www/Wings/DB.php подключён.
2012-06-02 08:19:50 Файл /home/webservers/alpha.vprokate.ru/www/Applications/FrontEnd/Workspace.php подключён.
2012-06-02 08:19:50 Файл /home/webservers/alpha.vprokate.ru/www/Applications/FrontEnd/FrontEndModel.php подключён.
2012-06-02 08:19:50 Файл /home/webservers/alpha.vprokate.ru/www/Applications/FrontEnd/Films/Controller.php подключён.
2012-06-02 08:19:50 Файл /home/webservers/alpha.vprokate.ru/www/Applications/FrontEnd/Films/View.php подключён.
2012-06-02 08:19:52 Файл /home/webservers/alpha.vprokate.ru/www/Wings/Logs.php подключён.
2012-06-02 08:19:52 Файл /home/webservers/alpha.vprokate.ru/www/Wings/DB.php подключён.
2012-06-02 08:19:52 Файл /home/webservers/alpha.vprokate.ru/www/Applications/FrontEnd/Workspace.php подключён.
2012-06-02 08:19:52 Файл /home/webservers/alpha.vprokate.ru/www/Applications/FrontEnd/FrontEndModel.php подключён.
2012-06-02 08:19:52 Файл /home/webservers/alpha.vprokate.ru/www/Applications/FrontEnd/Films/Controller.php подключён.
2012-06-02 08:19:52 Файл /home/webservers/alpha.vprokate.ru/www/Applications/FrontEnd/Films/View.php подключён.
2012-06-02 08:19:54 Файл /home/webservers/alpha.vprokate.ru/www/Wings/Logs.php подключён.
2012-06-02 08:19:54 Файл /home/webservers/alpha.vprokate.ru/www/Wings/DB.php подключён.
2012-06-02 08:19:54 Файл /home/webservers/alpha.vprokate.ru/www/Applications/FrontEnd/Workspace.php подключён.
2012-06-02 08:19:54 Файл /home/webservers/alpha.vprokate.ru/www/Applications/FrontEnd/FrontEndModel.php подключён.
2012-06-02 08:19:54 Файл /home/webservers/alpha.vprokate.ru/www/Applications/FrontEnd/Index/Controller.php подключён.
2012-06-02 08:19:54 Файл /home/webservers/alpha.vprokate.ru/www/Applications/FrontEnd/Index/View.php подключён.
2012-06-02 09:07:31 Файл /home/webservers/alpha.vprokate.ru/www/Wings/Logs.php подключён.
2012-06-02 09:07:31 Файл /home/webservers/alpha.vprokate.ru/www/Wings/DB.php подключён.
2012-06-02 09:07:31 Файл /home/webservers/alpha.vprokate.ru/www/Applications/FrontEnd/Workspace.php подключён.
2012-06-02 09:07:31 Файл /home/webservers/alpha.vprokate.ru/www/Applications/FrontEnd/FrontEndModel.php подключён.
2012-06-02 09:07:31 Файл /home/webservers/alpha.vprokate.ru/www/Applications/FrontEnd/Index/Controller.php подключён.
2012-06-02 09:07:31 Файл /home/webservers/alpha.vprokate.ru/www/Applications/FrontEnd/Index/View.php подключён.
2012-06-02 09:07:32 Файл /home/webservers/alpha.vprokate.ru/www/Wings/Logs.php подключён.
2012-06-02 09:07:32 Файл /home/webservers/alpha.vprokate.ru/www/Wings/DB.php подключён.
2012-06-02 09:07:32 Файл /home/webservers/alpha.vprokate.ru/www/Applications/FrontEnd/Workspace.php подключён.
2012-06-02 09:07:32 Файл /home/webservers/alpha.vprokate.ru/www/Applications/FrontEnd/FrontEndModel.php подключён.
2012-06-02 09:07:32 Файл /home/webservers/alpha.vprokate.ru/www/Applications/FrontEnd/Error/Controller.php не найден.
2012-06-02 09:07:32 Файл /home/webservers/alpha.vprokate.ru/www/Wings/Logs.php подключён.
2012-06-02 09:07:32 Файл /home/webservers/alpha.vprokate.ru/www/Wings/DB.php подключён.
2012-06-02 09:07:32 Файл /home/webservers/alpha.vprokate.ru/www/Applications/FrontEnd/Workspace.php подключён.
2012-06-02 09:07:32 Файл /home/webservers/alpha.vprokate.ru/www/Applications/FrontEnd/FrontEndModel.php подключён.
2012-06-02 09:07:32 Файл /home/webservers/alpha.vprokate.ru/www/Applications/FrontEnd/Error/Controller.php не найден.
2012-06-02 09:07:32 Файл /home/webservers/alpha.vprokate.ru/www/Wings/Logs.php подключён.
2012-06-02 09:07:32 Файл /home/webservers/alpha.vprokate.ru/www/Wings/DB.php подключён.
2012-06-02 09:07:32 Файл /home/webservers/alpha.vprokate.ru/www/Applications/FrontEnd/Workspace.php подключён.
2012-06-02 09:07:32 Файл /home/webservers/alpha.vprokate.ru/www/Applications/FrontEnd/FrontEndModel.php подключён.
2012-06-02 09:07:32 Файл /home/webservers/alpha.vprokate.ru/www/Applications/FrontEnd/Error/Controller.php не найден.
2012-06-02 17:11:37 Файл /home/webservers/alpha.vprokate.ru/www/Wings/Logs.php подключён.
2012-06-02 17:11:37 Файл /home/webservers/alpha.vprokate.ru/www/Wings/DB.php подключён.
2012-06-02 17:11:38 Файл /home/webservers/alpha.vprokate.ru/www/Applications/FrontEnd/Workspace.php подключён.
2012-06-02 17:11:38 Файл /home/webservers/alpha.vprokate.ru/www/Applications/FrontEnd/FrontEndModel.php подключён.
2012-06-02 17:11:38 Файл /home/webservers/alpha.vprokate.ru/www/Applications/FrontEnd/Index/Controller.php подключён.
2012-06-02 17:11:38 Файл /home/webservers/alpha.vprokate.ru/www/Applications/FrontEnd/Index/View.php подключён.
2012-06-02 17:11:48 Файл /home/webservers/alpha.vprokate.ru/www/Wings/Logs.php подключён.
2012-06-02 17:11:48 Файл /home/webservers/alpha.vprokate.ru/www/Wings/DB.php подключён.
2012-06-02 17:11:48 Файл /home/webservers/alpha.vprokate.ru/www/Applications/FrontEnd/Workspace.php подключён.
2012-06-02 17:11:48 Файл /home/webservers/alpha.vprokate.ru/www/Applications/FrontEnd/FrontEndModel.php подключён.
2012-06-02 17:11:48 Файл /home/webservers/alpha.vprokate.ru/www/Applications/FrontEnd/Error/Controller.php не найден.
2012-06-02 17:12:04 Файл /home/webservers/alpha.vprokate.ru/www/Wings/Logs.php подключён.
2012-06-02 17:12:04 Файл /home/webservers/alpha.vprokate.ru/www/Wings/DB.php подключён.
2012-06-02 17:12:04 Файл /home/webservers/alpha.vprokate.ru/www/Applications/FrontEnd/Workspace.php подключён.
2012-06-02 17:12:04 Файл /home/webservers/alpha.vprokate.ru/www/Applications/FrontEnd/FrontEndModel.php подключён.
2012-06-02 17:12:04 Файл /home/webservers/alpha.vprokate.ru/www/Applications/FrontEnd/Error/Controller.php не найден.
2012-06-02 17:12:09 Файл /home/webservers/alpha.vprokate.ru/www/Wings/Logs.php подключён.
2012-06-02 17:12:09 Файл /home/webservers/alpha.vprokate.ru/www/Wings/DB.php подключён.
2012-06-02 17:12:09 Файл /home/webservers/alpha.vprokate.ru/www/Applications/FrontEnd/Workspace.php подключён.
2012-06-02 17:12:09 Файл /home/webservers/alpha.vprokate.ru/www/Applications/FrontEnd/FrontEndModel.php подключён.
2012-06-02 17:12:09 Файл /home/webservers/alpha.vprokate.ru/www/Applications/FrontEnd/Error/Controller.php не найден.
2012-06-02 17:12:13 Файл /home/webservers/alpha.vprokate.ru/www/Wings/Logs.php подключён.
2012-06-02 17:12:13 Файл /home/webservers/alpha.vprokate.ru/www/Wings/DB.php подключён.
2012-06-02 17:12:13 Файл /home/webservers/alpha.vprokate.ru/www/Applications/FrontEnd/Workspace.php подключён.
2012-06-02 17:12:13 Файл /home/webservers/alpha.vprokate.ru/www/Applications/FrontEnd/FrontEndModel.php подключён.
2012-06-02 17:12:13 Файл /home/webservers/alpha.vprokate.ru/www/Applications/FrontEnd/Error/Controller.php не найден.
2012-06-02 17:12:15 Файл /home/webservers/alpha.vprokate.ru/www/Wings/Logs.php подключён.
2012-06-02 17:12:15 Файл /home/webservers/alpha.vprokate.ru/www/Wings/DB.php подключён.
2012-06-02 17:12:15 Файл /home/webservers/alpha.vprokate.ru/www/Applications/FrontEnd/Workspace.php подключён.
2012-06-02 17:12:15 Файл /home/webservers/alpha.vprokate.ru/www/Applications/FrontEnd/FrontEndModel.php подключён.
2012-06-02 17:12:15 Файл /home/webservers/alpha.vprokate.ru/www/Applications/FrontEnd/Error/Controller.php не найден.
2012-06-02 17:12:19 Файл /home/webservers/alpha.vprokate.ru/www/Wings/Logs.php подключён.
2012-06-02 17:12:19 Файл /home/webservers/alpha.vprokate.ru/www/Wings/DB.php подключён.
2012-06-02 17:12:19 Файл /home/webservers/alpha.vprokate.ru/www/Applications/FrontEnd/Workspace.php подключён.
2012-06-02 17:12:19 Файл /home/webservers/alpha.vprokate.ru/www/Applications/FrontEnd/FrontEndModel.php подключён.
2012-06-02 17:12:19 Файл /home/webservers/alpha.vprokate.ru/www/Applications/FrontEnd/Error/Controller.php не найден.
2012-06-02 17:12:21 Файл /home/webservers/alpha.vprokate.ru/www/Wings/Logs.php подключён.
2012-06-02 17:12:21 Файл /home/webservers/alpha.vprokate.ru/www/Wings/DB.php подключён.
2012-06-02 17:12:21 Файл /home/webservers/alpha.vprokate.ru/www/Applications/FrontEnd/Workspace.php подключён.
2012-06-02 17:12:21 Файл /home/webservers/alpha.vprokate.ru/www/Applications/FrontEnd/FrontEndModel.php подключён.
2012-06-02 17:12:21 Файл /home/webservers/alpha.vprokate.ru/www/Applications/FrontEnd/Error/Controller.php не найден.
2012-06-02 17:12:22 Файл /home/webservers/alpha.vprokate.ru/www/Wings/Logs.php подключён.
2012-06-02 17:12:22 Файл /home/webservers/alpha.vprokate.ru/www/Wings/DB.php подключён.
2012-06-02 17:12:22 Файл /home/webservers/alpha.vprokate.ru/www/Applications/FrontEnd/Workspace.php подключён.
2012-06-02 17:12:22 Файл /home/webservers/alpha.vprokate.ru/www/Applications/FrontEnd/FrontEndModel.php подключён.
2012-06-02 17:12:22 Файл /home/webservers/alpha.vprokate.ru/www/Applications/FrontEnd/Error/Controller.php не найден.
2012-06-02 17:12:23 Файл /home/webservers/alpha.vprokate.ru/www/Wings/Logs.php подключён.
2012-06-02 17:12:23 Файл /home/webservers/alpha.vprokate.ru/www/Wings/DB.php подключён.
2012-06-02 17:12:23 Файл /home/webservers/alpha.vprokate.ru/www/Applications/FrontEnd/Workspace.php подключён.
2012-06-02 17:12:23 Файл /home/webservers/alpha.vprokate.ru/www/Applications/FrontEnd/FrontEndModel.php подключён.
2012-06-02 17:12:23 Файл /home/webservers/alpha.vprokate.ru/www/Applications/FrontEnd/Films/Controller.php подключён.
2012-06-02 17:12:23 Файл /home/webservers/alpha.vprokate.ru/www/Applications/FrontEnd/Films/View.php подключён.
2012-06-02 17:12:24 Файл /home/webservers/alpha.vprokate.ru/www/Wings/Logs.php подключён.
2012-06-02 17:12:24 Файл /home/webservers/alpha.vprokate.ru/www/Wings/DB.php подключён.
2012-06-02 17:12:24 Файл /home/webservers/alpha.vprokate.ru/www/Applications/FrontEnd/Workspace.php подключён.
2012-06-02 17:12:24 Файл /home/webservers/alpha.vprokate.ru/www/Applications/FrontEnd/FrontEndModel.php подключён.
2012-06-02 17:12:24 Файл /home/webservers/alpha.vprokate.ru/www/Applications/FrontEnd/Error/Controller.php не найден.
2012-06-02 17:12:29 Файл /home/webservers/alpha.vprokate.ru/www/Wings/Logs.php подключён.
2012-06-02 17:12:29 Файл /home/webservers/alpha.vprokate.ru/www/Wings/DB.php подключён.
2012-06-02 17:12:29 Файл /home/webservers/alpha.vprokate.ru/www/Applications/FrontEnd/Workspace.php подключён.
2012-06-02 17:12:29 Файл /home/webservers/alpha.vprokate.ru/www/Applications/FrontEnd/FrontEndModel.php подключён.
2012-06-02 17:12:29 Файл /home/webservers/alpha.vprokate.ru/www/Applications/FrontEnd/Films/Controller.php подключён.
2012-06-02 17:12:29 Файл /home/webservers/alpha.vprokate.ru/www/Applications/FrontEnd/Films/View.php подключён.
2012-06-02 17:12:30 Файл /home/webservers/alpha.vprokate.ru/www/Wings/Logs.php подключён.
2012-06-02 17:12:30 Файл /home/webservers/alpha.vprokate.ru/www/Wings/DB.php подключён.
2012-06-02 17:12:30 Файл /home/webservers/alpha.vprokate.ru/www/Applications/FrontEnd/Workspace.php подключён.
2012-06-02 17:12:30 Файл /home/webservers/alpha.vprokate.ru/www/Applications/FrontEnd/FrontEndModel.php подключён.
2012-06-02 17:12:30 Файл /home/webservers/alpha.vprokate.ru/www/Applications/FrontEnd/Error/Controller.php не найден.
2012-06-02 17:12:32 Файл /home/webservers/alpha.vprokate.ru/www/Wings/Logs.php подключён.
2012-06-02 17:12:32 Файл /home/webservers/alpha.vprokate.ru/www/Wings/DB.php подключён.
2012-06-02 17:12:32 Файл /home/webservers/alpha.vprokate.ru/www/Applications/FrontEnd/Workspace.php подключён.
2012-06-02 17:12:32 Файл /home/webservers/alpha.vprokate.ru/www/Applications/FrontEnd/FrontEndModel.php подключён.
2012-06-02 17:12:32 Файл /home/webservers/alpha.vprokate.ru/www/Applications/FrontEnd/Error/Controller.php не найден.
2012-06-02 17:12:33 Файл /home/webservers/alpha.vprokate.ru/www/Wings/Logs.php подключён.
2012-06-02 17:12:33 Файл /home/webservers/alpha.vprokate.ru/www/Wings/DB.php подключён.
2012-06-02 17:12:33 Файл /home/webservers/alpha.vprokate.ru/www/Applications/FrontEnd/Workspace.php подключён.
2012-06-02 17:12:33 Файл /home/webservers/alpha.vprokate.ru/www/Applications/FrontEnd/FrontEndModel.php подключён.
2012-06-02 17:12:33 Файл /home/webservers/alpha.vprokate.ru/www/Applications/FrontEnd/Error/Controller.php не найден.
2012-06-02 17:12:34 Файл /home/webservers/alpha.vprokate.ru/www/Wings/Logs.php подключён.
2012-06-02 17:12:34 Файл /home/webservers/alpha.vprokate.ru/www/Wings/DB.php подключён.
2012-06-02 17:12:34 Файл /home/webservers/alpha.vprokate.ru/www/Applications/FrontEnd/Workspace.php подключён.
2012-06-02 17:12:34 Файл /home/webservers/alpha.vprokate.ru/www/Applications/FrontEnd/FrontEndModel.php подключён.
2012-06-02 17:12:34 Файл /home/webservers/alpha.vprokate.ru/www/Applications/FrontEnd/Error/Controller.php не найден.
2012-06-02 17:12:39 Файл /home/webservers/alpha.vprokate.ru/www/Wings/Logs.php подключён.
2012-06-02 17:12:39 Файл /home/webservers/alpha.vprokate.ru/www/Wings/DB.php подключён.
2012-06-02 17:12:39 Файл /home/webservers/alpha.vprokate.ru/www/Applications/FrontEnd/Workspace.php подключён.
2012-06-02 17:12:39 Файл /home/webservers/alpha.vprokate.ru/www/Applications/FrontEnd/FrontEndModel.php подключён.
2012-06-02 17:12:39 Файл /home/webservers/alpha.vprokate.ru/www/Applications/FrontEnd/Person/Controller.php подключён.
2012-06-02 17:12:39 Файл /home/webservers/alpha.vprokate.ru/www/Applications/FrontEnd/Person/View.php подключён.
2012-06-02 17:12:40 Файл /home/webservers/alpha.vprokate.ru/www/Wings/Logs.php подключён.
2012-06-02 17:12:40 Файл /home/webservers/alpha.vprokate.ru/www/Wings/DB.php подключён.
2012-06-02 17:12:40 Файл /home/webservers/alpha.vprokate.ru/www/Applications/FrontEnd/Workspace.php подключён.
2012-06-02 17:12:40 Файл /home/webservers/alpha.vprokate.ru/www/Applications/FrontEnd/FrontEndModel.php подключён.
2012-06-02 17:12:40 Файл /home/webservers/alpha.vprokate.ru/www/Applications/FrontEnd/Error/Controller.php не найден.
2012-06-02 17:12:41 Файл /home/webservers/alpha.vprokate.ru/www/Wings/Logs.php подключён.
2012-06-02 17:12:41 Файл /home/webservers/alpha.vprokate.ru/www/Wings/DB.php подключён.
2012-06-02 17:12:41 Файл /home/webservers/alpha.vprokate.ru/www/Applications/FrontEnd/Workspace.php подключён.
2012-06-02 17:12:41 Файл /home/webservers/alpha.vprokate.ru/www/Applications/FrontEnd/FrontEndModel.php подключён.
2012-06-02 17:12:41 Файл /home/webservers/alpha.vprokate.ru/www/Applications/FrontEnd/Film/Controller.php подключён.
2012-06-02 17:12:41 Файл /home/webservers/alpha.vprokate.ru/www/Applications/FrontEnd/Film/View.php подключён.
2012-06-02 17:12:42 Файл /home/webservers/alpha.vprokate.ru/www/Wings/Logs.php подключён.
2012-06-02 17:12:42 Файл /home/webservers/alpha.vprokate.ru/www/Wings/DB.php подключён.
2012-06-02 17:12:42 Файл /home/webservers/alpha.vprokate.ru/www/Applications/FrontEnd/Workspace.php подключён.
2012-06-02 17:12:42 Файл /home/webservers/alpha.vprokate.ru/www/Applications/FrontEnd/FrontEndModel.php подключён.
2012-06-02 17:12:42 Файл /home/webservers/alpha.vprokate.ru/www/Applications/FrontEnd/Error/Controller.php не найден.
2012-06-02 17:12:45 Файл /home/webservers/alpha.vprokate.ru/www/Wings/Logs.php подключён.
2012-06-02 17:12:45 Файл /home/webservers/alpha.vprokate.ru/www/Wings/DB.php подключён.
2012-06-02 17:12:45 Файл /home/webservers/alpha.vprokate.ru/www/Applications/FrontEnd/Workspace.php подключён.
2012-06-02 17:12:45 Файл /home/webservers/alpha.vprokate.ru/www/Applications/FrontEnd/FrontEndModel.php подключён.
2012-06-02 17:12:45 Файл /home/webservers/alpha.vprokate.ru/www/Applications/FrontEnd/Films/Controller.php подключён.
2012-06-02 17:12:45 Файл /home/webservers/alpha.vprokate.ru/www/Applications/FrontEnd/Films/View.php подключён.
2012-06-02 17:12:46 Файл /home/webservers/alpha.vprokate.ru/www/Wings/Logs.php подключён.
2012-06-02 17:12:46 Файл /home/webservers/alpha.vprokate.ru/www/Wings/DB.php подключён.
2012-06-02 17:12:46 Файл /home/webservers/alpha.vprokate.ru/www/Applications/FrontEnd/Workspace.php подключён.
2012-06-02 17:12:46 Файл /home/webservers/alpha.vprokate.ru/www/Applications/FrontEnd/FrontEndModel.php подключён.
2012-06-02 17:12:46 Файл /home/webservers/alpha.vprokate.ru/www/Applications/FrontEnd/Error/Controller.php не найден.
2012-06-02 17:12:47 Файл /home/webservers/alpha.vprokate.ru/www/Wings/Logs.php подключён.
2012-06-02 17:12:47 Файл /home/webservers/alpha.vprokate.ru/www/Wings/DB.php подключён.
2012-06-02 17:12:47 Файл /home/webservers/alpha.vprokate.ru/www/Applications/FrontEnd/Workspace.php подключён.
2012-06-02 17:12:47 Файл /home/webservers/alpha.vprokate.ru/www/Applications/FrontEnd/FrontEndModel.php подключён.
2012-06-02 17:12:47 Файл /home/webservers/alpha.vprokate.ru/www/Applications/FrontEnd/Index/Controller.php подключён.
2012-06-02 17:12:47 Файл /home/webservers/alpha.vprokate.ru/www/Applications/FrontEnd/Index/View.php подключён.
2012-06-02 17:12:47 Файл /home/webservers/alpha.vprokate.ru/www/Wings/Logs.php подключён.
2012-06-02 17:12:47 Файл /home/webservers/alpha.vprokate.ru/www/Wings/DB.php подключён.
2012-06-02 17:12:47 Файл /home/webservers/alpha.vprokate.ru/www/Applications/FrontEnd/Workspace.php подключён.
2012-06-02 17:12:47 Файл /home/webservers/alpha.vprokate.ru/www/Applications/FrontEnd/FrontEndModel.php подключён.
2012-06-02 17:12:47 Файл /home/webservers/alpha.vprokate.ru/www/Applications/FrontEnd/Error/Controller.php не найден.
2012-06-02 17:12:51 Файл /home/webservers/alpha.vprokate.ru/www/Wings/Logs.php подключён.
2012-06-02 17:12:51 Файл /home/webservers/alpha.vprokate.ru/www/Wings/DB.php подключён.
2012-06-02 17:12:51 Файл /home/webservers/alpha.vprokate.ru/www/Applications/FrontEnd/Workspace.php подключён.
2012-06-02 17:12:51 Файл /home/webservers/alpha.vprokate.ru/www/Applications/FrontEnd/FrontEndModel.php подключён.
2012-06-02 17:12:51 Файл /home/webservers/alpha.vprokate.ru/www/Applications/FrontEnd/Films/Controller.php подключён.
2012-06-02 17:12:51 Файл /home/webservers/alpha.vprokate.ru/www/Applications/FrontEnd/Films/View.php подключён.
2012-06-02 17:12:52 Файл /home/webservers/alpha.vprokate.ru/www/Wings/Logs.php подключён.
2012-06-02 17:12:52 Файл /home/webservers/alpha.vprokate.ru/www/Wings/DB.php подключён.
2012-06-02 17:12:52 Файл /home/webservers/alpha.vprokate.ru/www/Applications/FrontEnd/Workspace.php подключён.
2012-06-02 17:12:52 Файл /home/webservers/alpha.vprokate.ru/www/Applications/FrontEnd/FrontEndModel.php подключён.
2012-06-02 17:12:52 Файл /home/webservers/alpha.vprokate.ru/www/Applications/FrontEnd/Error/Controller.php не найден.
2012-06-02 17:12:53 Файл /home/webservers/alpha.vprokate.ru/www/Wings/Logs.php подключён.
2012-06-02 17:12:53 Файл /home/webservers/alpha.vprokate.ru/www/Wings/DB.php подключён.
2012-06-02 17:12:53 Файл /home/webservers/alpha.vprokate.ru/www/Applications/FrontEnd/Workspace.php подключён.
2012-06-02 17:12:53 Файл /home/webservers/alpha.vprokate.ru/www/Applications/FrontEnd/FrontEndModel.php подключён.
2012-06-02 17:12:53 Файл /home/webservers/alpha.vprokate.ru/www/Applications/FrontEnd/Films/Controller.php подключён.
2012-06-02 17:12:53 Файл /home/webservers/alpha.vprokate.ru/www/Applications/FrontEnd/Films/View.php подключён.
2012-06-02 17:12:53 Файл /home/webservers/alpha.vprokate.ru/www/Wings/Logs.php подключён.
2012-06-02 17:12:53 Файл /home/webservers/alpha.vprokate.ru/www/Wings/DB.php подключён.
2012-06-02 17:12:53 Файл /home/webservers/alpha.vprokate.ru/www/Applications/FrontEnd/Workspace.php подключён.
2012-06-02 17:12:53 Файл /home/webservers/alpha.vprokate.ru/www/Applications/FrontEnd/FrontEndModel.php подключён.
2012-06-02 17:12:53 Файл /home/webservers/alpha.vprokate.ru/www/Applications/FrontEnd/Error/Controller.php не найден.
2012-06-02 17:13:00 Файл /home/webservers/alpha.vprokate.ru/www/Wings/Logs.php подключён.
2012-06-02 17:13:00 Файл /home/webservers/alpha.vprokate.ru/www/Wings/DB.php подключён.
2012-06-02 17:13:00 Файл /home/webservers/alpha.vprokate.ru/www/Applications/FrontEnd/Workspace.php подключён.
2012-06-02 17:13:00 Файл /home/webservers/alpha.vprokate.ru/www/Applications/FrontEnd/FrontEndModel.php подключён.
2012-06-02 17:13:00 Файл /home/webservers/alpha.vprokate.ru/www/Applications/FrontEnd/Error/Controller.php не найден.
2012-06-02 17:13:00 Файл /home/webservers/alpha.vprokate.ru/www/Wings/Logs.php подключён.
2012-06-02 17:13:00 Файл /home/webservers/alpha.vprokate.ru/www/Wings/DB.php подключён.
2012-06-02 17:13:01 Файл /home/webservers/alpha.vprokate.ru/www/Applications/FrontEnd/Workspace.php подключён.
2012-06-02 17:13:01 Файл /home/webservers/alpha.vprokate.ru/www/Applications/FrontEnd/FrontEndModel.php подключён.
2012-06-02 17:13:01 Файл /home/webservers/alpha.vprokate.ru/www/Applications/FrontEnd/Error/Controller.php не найден.
2012-06-02 17:13:02 Файл /home/webservers/alpha.vprokate.ru/www/Wings/Logs.php подключён.
2012-06-02 17:13:02 Файл /home/webservers/alpha.vprokate.ru/www/Wings/DB.php подключён.
2012-06-02 17:13:02 Файл /home/webservers/alpha.vprokate.ru/www/Applications/FrontEnd/Workspace.php подключён.
2012-06-02 17:13:02 Файл /home/webservers/alpha.vprokate.ru/www/Applications/FrontEnd/FrontEndModel.php подключён.
2012-06-02 17:13:02 Файл /home/webservers/alpha.vprokate.ru/www/Applications/FrontEnd/Error/Controller.php не найден.
2012-06-02 19:33:53 Файл /home/webservers/alpha.vprokate.ru/www/Wings/Logs.php подключён.
2012-06-02 19:33:53 Файл /home/webservers/alpha.vprokate.ru/www/Wings/DB.php подключён.
2012-06-02 19:33:53 Файл /home/webservers/alpha.vprokate.ru/www/Applications/FrontEnd/Workspace.php подключён.
2012-06-02 19:33:53 Файл /home/webservers/alpha.vprokate.ru/www/Applications/FrontEnd/FrontEndModel.php подключён.
2012-06-02 19:33:53 Файл /home/webservers/alpha.vprokate.ru/www/Applications/FrontEnd/Index/Controller.php подключён.
2012-06-02 19:33:53 Файл /home/webservers/alpha.vprokate.ru/www/Applications/FrontEnd/Index/View.php подключён.
2012-06-02 19:33:54 Файл /home/webservers/alpha.vprokate.ru/www/Wings/Logs.php подключён.
2012-06-02 19:33:54 Файл /home/webservers/alpha.vprokate.ru/www/Wings/DB.php подключён.
2012-06-02 19:33:54 Файл /home/webservers/alpha.vprokate.ru/www/Applications/FrontEnd/Workspace.php подключён.
2012-06-02 19:33:54 Файл /home/webservers/alpha.vprokate.ru/www/Applications/FrontEnd/FrontEndModel.php подключён.
2012-06-02 19:33:54 Файл /home/webservers/alpha.vprokate.ru/www/Applications/FrontEnd/Error/Controller.php не найден.
2012-06-02 19:33:54 Файл /home/webservers/alpha.vprokate.ru/www/Wings/Logs.php подключён.
2012-06-02 19:33:54 Файл /home/webservers/alpha.vprokate.ru/www/Wings/DB.php подключён.
2012-06-02 19:33:54 Файл /home/webservers/alpha.vprokate.ru/www/Applications/FrontEnd/Workspace.php подключён.
2012-06-02 19:33:54 Файл /home/webservers/alpha.vprokate.ru/www/Applications/FrontEnd/FrontEndModel.php подключён.
2012-06-02 19:33:54 Файл /home/webservers/alpha.vprokate.ru/www/Applications/FrontEnd/Error/Controller.php не найден.
2012-06-02 19:33:54 Файл /home/webservers/alpha.vprokate.ru/www/Wings/Logs.php подключён.
2012-06-02 19:33:54 Файл /home/webservers/alpha.vprokate.ru/www/Wings/DB.php подключён.
2012-06-02 19:33:54 Файл /home/webservers/alpha.vprokate.ru/www/Applications/FrontEnd/Workspace.php подключён.
2012-06-02 19:33:54 Файл /home/webservers/alpha.vprokate.ru/www/Applications/FrontEnd/FrontEndModel.php подключён.
2012-06-02 19:33:54 Файл /home/webservers/alpha.vprokate.ru/www/Applications/FrontEnd/Error/Controller.php не найден.
