2012-05-07 03:08:34 Файл /home/webservers/vprokate.ru/www/Wings/Logs.php подключён.
2012-05-07 03:08:34 Файл /home/webservers/vprokate.ru/www/Wings/DB.php подключён.
2012-05-07 03:08:34 Файл /home/webservers/vprokate.ru/www/Applications/FrontEnd/Workspace.php подключён.
2012-05-07 03:08:34 Файл /home/webservers/vprokate.ru/www/Applications/FrontEnd/FrontEndModel.php подключён.
2012-05-07 03:08:34 Файл /home/webservers/vprokate.ru/www/Applications/FrontEnd/Error/Controller.php не найден.
2012-05-07 03:09:36 Файл /home/webservers/vprokate.ru/www/Wings/Logs.php подключён.
2012-05-07 03:09:36 Файл /home/webservers/vprokate.ru/www/Wings/DB.php подключён.
2012-05-07 03:09:36 Файл /home/webservers/vprokate.ru/www/Applications/FrontEnd/Workspace.php подключён.
2012-05-07 03:09:36 Файл /home/webservers/vprokate.ru/www/Applications/FrontEnd/FrontEndModel.php подключён.
2012-05-07 03:09:36 Файл /home/webservers/vprokate.ru/www/Applications/FrontEnd/Index/Controller.php подключён.
2012-05-07 03:09:36 Файл /home/webservers/vprokate.ru/www/Applications/FrontEnd/Index/View.php подключён.
2012-05-07 03:09:49 Файл /home/webservers/vprokate.ru/www/Wings/Logs.php подключён.
2012-05-07 03:09:49 Файл /home/webservers/vprokate.ru/www/Wings/DB.php подключён.
2012-05-07 03:09:49 Файл /home/webservers/vprokate.ru/www/Applications/FrontEnd/Workspace.php подключён.
2012-05-07 03:09:49 Файл /home/webservers/vprokate.ru/www/Applications/FrontEnd/FrontEndModel.php подключён.
2012-05-07 03:09:49 Файл /home/webservers/vprokate.ru/www/Applications/FrontEnd/Error/Controller.php не найден.
2012-05-07 04:50:41 Файл /home/webservers/vprokate.ru/www/Wings/Logs.php подключён.
2012-05-07 04:50:41 Файл /home/webservers/vprokate.ru/www/Wings/DB.php подключён.
2012-05-07 04:50:41 Файл /home/webservers/vprokate.ru/www/Applications/FrontEnd/Workspace.php подключён.
2012-05-07 04:50:41 Файл /home/webservers/vprokate.ru/www/Applications/FrontEnd/FrontEndModel.php подключён.
2012-05-07 04:50:41 Файл /home/webservers/vprokate.ru/www/Applications/FrontEnd/Error/Controller.php не найден.
2012-05-07 06:49:59 Файл /home/webservers/vprokate.ru/www/Wings/Logs.php подключён.
2012-05-07 06:49:59 Файл /home/webservers/vprokate.ru/www/Wings/DB.php подключён.
2012-05-07 06:49:59 Файл /home/webservers/vprokate.ru/www/Applications/FrontEnd/Workspace.php подключён.
2012-05-07 06:49:59 Файл /home/webservers/vprokate.ru/www/Applications/FrontEnd/FrontEndModel.php подключён.
2012-05-07 06:49:59 Файл /home/webservers/vprokate.ru/www/Applications/FrontEnd/Error/Controller.php не найден.
2012-05-07 14:41:17 Файл /home/webservers/vprokate.ru/www/Wings/Logs.php подключён.
2012-05-07 14:41:17 Файл /home/webservers/vprokate.ru/www/Wings/DB.php подключён.
2012-05-07 14:41:17 Файл /home/webservers/vprokate.ru/www/Applications/FrontEnd/Workspace.php подключён.
2012-05-07 14:41:17 Файл /home/webservers/vprokate.ru/www/Applications/FrontEnd/FrontEndModel.php подключён.
2012-05-07 14:41:17 Файл /home/webservers/vprokate.ru/www/Applications/FrontEnd/Error/Controller.php не найден.
2012-05-07 20:31:22 Файл /home/webservers/vprokate.ru/www/Wings/Logs.php подключён.
2012-05-07 20:31:22 Файл /home/webservers/vprokate.ru/www/Wings/DB.php подключён.
2012-05-07 20:31:22 Файл /home/webservers/vprokate.ru/www/Applications/FrontEnd/Workspace.php подключён.
2012-05-07 20:31:22 Файл /home/webservers/vprokate.ru/www/Applications/FrontEnd/FrontEndModel.php подключён.
2012-05-07 20:31:22 Файл /home/webservers/vprokate.ru/www/Applications/FrontEnd/Index/Controller.php подключён.
2012-05-07 20:31:22 Файл /home/webservers/vprokate.ru/www/Applications/FrontEnd/Index/View.php подключён.
