2012-06-05 01:12:34 Файл /home/webservers/alpha.vprokate.ru/www/Wings/Logs.php подключён.
2012-06-05 01:12:34 Файл /home/webservers/alpha.vprokate.ru/www/Wings/DB.php подключён.
2012-06-05 01:12:34 Файл /home/webservers/alpha.vprokate.ru/www/Applications/FrontEnd/Workspace.php подключён.
2012-06-05 01:12:34 Файл /home/webservers/alpha.vprokate.ru/www/Applications/FrontEnd/FrontEndModel.php подключён.
2012-06-05 01:12:34 Файл /home/webservers/alpha.vprokate.ru/www/Applications/FrontEnd/Index/Controller.php подключён.
2012-06-05 01:12:34 Файл /home/webservers/alpha.vprokate.ru/www/Applications/FrontEnd/Index/View.php подключён.
2012-06-05 01:12:54 Файл /home/webservers/alpha.vprokate.ru/www/Wings/Logs.php подключён.
2012-06-05 01:12:54 Файл /home/webservers/alpha.vprokate.ru/www/Wings/DB.php подключён.
2012-06-05 01:12:54 Файл /home/webservers/alpha.vprokate.ru/www/Applications/FrontEnd/Workspace.php подключён.
2012-06-05 01:12:54 Файл /home/webservers/alpha.vprokate.ru/www/Applications/FrontEnd/FrontEndModel.php подключён.
2012-06-05 01:12:54 Файл /home/webservers/alpha.vprokate.ru/www/Applications/FrontEnd/Films/Controller.php подключён.
2012-06-05 01:12:54 Файл /home/webservers/alpha.vprokate.ru/www/Applications/FrontEnd/Films/View.php подключён.
2012-06-05 01:13:15 Файл /home/webservers/alpha.vprokate.ru/www/Wings/Logs.php подключён.
2012-06-05 01:13:15 Файл /home/webservers/alpha.vprokate.ru/www/Wings/DB.php подключён.
2012-06-05 01:13:15 Файл /home/webservers/alpha.vprokate.ru/www/Applications/FrontEnd/Workspace.php подключён.
2012-06-05 01:13:15 Файл /home/webservers/alpha.vprokate.ru/www/Applications/FrontEnd/FrontEndModel.php подключён.
2012-06-05 01:13:15 Файл /home/webservers/alpha.vprokate.ru/www/Applications/FrontEnd/Films/Controller.php подключён.
2012-06-05 01:13:15 Файл /home/webservers/alpha.vprokate.ru/www/Applications/FrontEnd/Films/View.php подключён.
2012-06-05 01:13:19 Файл /home/webservers/alpha.vprokate.ru/www/Wings/Logs.php подключён.
2012-06-05 01:13:19 Файл /home/webservers/alpha.vprokate.ru/www/Wings/DB.php подключён.
2012-06-05 01:13:19 Файл /home/webservers/alpha.vprokate.ru/www/Applications/FrontEnd/Workspace.php подключён.
2012-06-05 01:13:19 Файл /home/webservers/alpha.vprokate.ru/www/Applications/FrontEnd/FrontEndModel.php подключён.
2012-06-05 01:13:19 Файл /home/webservers/alpha.vprokate.ru/www/Applications/FrontEnd/Person/Controller.php подключён.
2012-06-05 01:13:19 Файл /home/webservers/alpha.vprokate.ru/www/Applications/FrontEnd/Person/View.php подключён.
2012-06-05 01:13:19 Файл /home/webservers/alpha.vprokate.ru/www/Smarty_Internal_TemplateCompilerBase.php не найден.
2012-06-05 01:13:19 Файл /home/webservers/alpha.vprokate.ru/www/Smarty_Internal_Templatelexer.php не найден.
2012-06-05 01:13:19 Файл /home/webservers/alpha.vprokate.ru/www/Smarty_Internal_Templateparser.php не найден.
2012-06-05 01:13:19 Файл /home/webservers/alpha.vprokate.ru/www/Smarty_Internal_Write_File.php не найден.
2012-06-05 01:13:33 Файл /home/webservers/alpha.vprokate.ru/www/Wings/Logs.php подключён.
2012-06-05 01:13:33 Файл /home/webservers/alpha.vprokate.ru/www/Wings/DB.php подключён.
2012-06-05 01:13:33 Файл /home/webservers/alpha.vprokate.ru/www/Applications/FrontEnd/Workspace.php подключён.
2012-06-05 01:13:33 Файл /home/webservers/alpha.vprokate.ru/www/Applications/FrontEnd/FrontEndModel.php подключён.
2012-06-05 01:13:33 Файл /home/webservers/alpha.vprokate.ru/www/Applications/FrontEnd/Index/Controller.php подключён.
2012-06-05 01:13:33 Файл /home/webservers/alpha.vprokate.ru/www/Applications/FrontEnd/Index/View.php подключён.
2012-06-05 10:57:55 Файл /home/webservers/alpha.vprokate.ru/www/Wings/Logs.php подключён.
2012-06-05 10:57:55 Файл /home/webservers/alpha.vprokate.ru/www/Wings/DB.php подключён.
2012-06-05 10:57:55 Файл /home/webservers/alpha.vprokate.ru/www/Applications/FrontEnd/Workspace.php подключён.
2012-06-05 10:57:55 Файл /home/webservers/alpha.vprokate.ru/www/Applications/FrontEnd/FrontEndModel.php подключён.
2012-06-05 10:57:55 Файл /home/webservers/alpha.vprokate.ru/www/Applications/FrontEnd/Index/Controller.php подключён.
2012-06-05 10:57:55 Файл /home/webservers/alpha.vprokate.ru/www/Applications/FrontEnd/Index/View.php подключён.
2012-06-05 10:57:57 Файл /home/webservers/alpha.vprokate.ru/www/Wings/Logs.php подключён.
2012-06-05 10:57:57 Файл /home/webservers/alpha.vprokate.ru/www/Wings/DB.php подключён.
2012-06-05 10:57:57 Файл /home/webservers/alpha.vprokate.ru/www/Applications/FrontEnd/Workspace.php подключён.
2012-06-05 10:57:57 Файл /home/webservers/alpha.vprokate.ru/www/Applications/FrontEnd/FrontEndModel.php подключён.
2012-06-05 10:57:57 Файл /home/webservers/alpha.vprokate.ru/www/Applications/FrontEnd/Error/Controller.php не найден.
2012-06-05 10:57:57 Файл /home/webservers/alpha.vprokate.ru/www/Wings/Logs.php подключён.
2012-06-05 10:57:57 Файл /home/webservers/alpha.vprokate.ru/www/Wings/DB.php подключён.
2012-06-05 10:57:57 Файл /home/webservers/alpha.vprokate.ru/www/Applications/FrontEnd/Workspace.php подключён.
2012-06-05 10:57:57 Файл /home/webservers/alpha.vprokate.ru/www/Applications/FrontEnd/FrontEndModel.php подключён.
2012-06-05 10:57:57 Файл /home/webservers/alpha.vprokate.ru/www/Applications/FrontEnd/Error/Controller.php не найден.
2012-06-05 10:57:57 Файл /home/webservers/alpha.vprokate.ru/www/Wings/Logs.php подключён.
2012-06-05 10:57:57 Файл /home/webservers/alpha.vprokate.ru/www/Wings/DB.php подключён.
2012-06-05 10:57:57 Файл /home/webservers/alpha.vprokate.ru/www/Applications/FrontEnd/Workspace.php подключён.
2012-06-05 10:57:57 Файл /home/webservers/alpha.vprokate.ru/www/Applications/FrontEnd/FrontEndModel.php подключён.
2012-06-05 10:57:57 Файл /home/webservers/alpha.vprokate.ru/www/Applications/FrontEnd/Error/Controller.php не найден.
2012-06-05 10:58:35 Файл /home/webservers/alpha.vprokate.ru/www/Wings/Logs.php подключён.
2012-06-05 10:58:35 Файл /home/webservers/alpha.vprokate.ru/www/Wings/DB.php подключён.
2012-06-05 10:58:35 Файл /home/webservers/alpha.vprokate.ru/www/Applications/FrontEnd/Workspace.php подключён.
2012-06-05 10:58:35 Файл /home/webservers/alpha.vprokate.ru/www/Applications/FrontEnd/FrontEndModel.php подключён.
2012-06-05 10:58:35 Файл /home/webservers/alpha.vprokate.ru/www/Applications/FrontEnd/Person/Controller.php подключён.
2012-06-05 10:58:35 Файл /home/webservers/alpha.vprokate.ru/www/Applications/FrontEnd/Person/View.php подключён.
2012-06-05 10:59:51 Файл /home/webservers/alpha.vprokate.ru/www/Wings/Logs.php подключён.
2012-06-05 10:59:51 Файл /home/webservers/alpha.vprokate.ru/www/Wings/DB.php подключён.
2012-06-05 10:59:51 Файл /home/webservers/alpha.vprokate.ru/www/Applications/FrontEnd/Workspace.php подключён.
2012-06-05 10:59:51 Файл /home/webservers/alpha.vprokate.ru/www/Applications/FrontEnd/FrontEndModel.php подключён.
2012-06-05 10:59:51 Файл /home/webservers/alpha.vprokate.ru/www/Applications/FrontEnd/Film/Controller.php подключён.
2012-06-05 10:59:51 Файл /home/webservers/alpha.vprokate.ru/www/Applications/FrontEnd/Film/View.php подключён.
2012-06-05 11:01:27 Файл /home/webservers/alpha.vprokate.ru/www/Wings/Logs.php подключён.
2012-06-05 11:01:27 Файл /home/webservers/alpha.vprokate.ru/www/Wings/DB.php подключён.
2012-06-05 11:01:27 Файл /home/webservers/alpha.vprokate.ru/www/Applications/FrontEnd/Workspace.php подключён.
2012-06-05 11:01:27 Файл /home/webservers/alpha.vprokate.ru/www/Applications/FrontEnd/FrontEndModel.php подключён.
2012-06-05 11:01:27 Файл /home/webservers/alpha.vprokate.ru/www/Applications/FrontEnd/Person/Controller.php подключён.
2012-06-05 11:01:27 Файл /home/webservers/alpha.vprokate.ru/www/Applications/FrontEnd/Person/View.php подключён.
2012-06-05 11:03:17 Файл /home/webservers/alpha.vprokate.ru/www/Wings/Logs.php подключён.
2012-06-05 11:03:17 Файл /home/webservers/alpha.vprokate.ru/www/Wings/DB.php подключён.
2012-06-05 11:03:17 Файл /home/webservers/alpha.vprokate.ru/www/Applications/FrontEnd/Workspace.php подключён.
2012-06-05 11:03:17 Файл /home/webservers/alpha.vprokate.ru/www/Applications/FrontEnd/FrontEndModel.php подключён.
2012-06-05 11:03:17 Файл /home/webservers/alpha.vprokate.ru/www/Applications/FrontEnd/Index/Controller.php подключён.
2012-06-05 11:03:17 Файл /home/webservers/alpha.vprokate.ru/www/Applications/FrontEnd/Index/View.php подключён.
2012-06-05 11:03:24 Файл /home/webservers/alpha.vprokate.ru/www/Wings/Logs.php подключён.
2012-06-05 11:03:24 Файл /home/webservers/alpha.vprokate.ru/www/Wings/DB.php подключён.
2012-06-05 11:03:24 Файл /home/webservers/alpha.vprokate.ru/www/Applications/FrontEnd/Workspace.php подключён.
2012-06-05 11:03:24 Файл /home/webservers/alpha.vprokate.ru/www/Applications/FrontEnd/FrontEndModel.php подключён.
2012-06-05 11:03:24 Файл /home/webservers/alpha.vprokate.ru/www/Applications/FrontEnd/Error/Controller.php не найден.
2012-06-05 11:03:24 Файл /home/webservers/alpha.vprokate.ru/www/Wings/Logs.php подключён.
2012-06-05 11:03:24 Файл /home/webservers/alpha.vprokate.ru/www/Wings/DB.php подключён.
2012-06-05 11:03:24 Файл /home/webservers/alpha.vprokate.ru/www/Applications/FrontEnd/Workspace.php подключён.
2012-06-05 11:03:24 Файл /home/webservers/alpha.vprokate.ru/www/Applications/FrontEnd/FrontEndModel.php подключён.
2012-06-05 11:03:24 Файл /home/webservers/alpha.vprokate.ru/www/Applications/FrontEnd/Error/Controller.php не найден.
2012-06-05 11:03:24 Файл /home/webservers/alpha.vprokate.ru/www/Wings/Logs.php подключён.
2012-06-05 11:03:24 Файл /home/webservers/alpha.vprokate.ru/www/Wings/DB.php подключён.
2012-06-05 11:03:24 Файл /home/webservers/alpha.vprokate.ru/www/Applications/FrontEnd/Workspace.php подключён.
2012-06-05 11:03:24 Файл /home/webservers/alpha.vprokate.ru/www/Applications/FrontEnd/FrontEndModel.php подключён.
2012-06-05 11:03:24 Файл /home/webservers/alpha.vprokate.ru/www/Applications/FrontEnd/Error/Controller.php не найден.
2012-06-05 11:03:41 Файл /home/webservers/alpha.vprokate.ru/www/Wings/Logs.php подключён.
2012-06-05 11:03:41 Файл /home/webservers/alpha.vprokate.ru/www/Wings/DB.php подключён.
2012-06-05 11:03:41 Файл /home/webservers/alpha.vprokate.ru/www/Applications/FrontEnd/Workspace.php подключён.
2012-06-05 11:03:41 Файл /home/webservers/alpha.vprokate.ru/www/Applications/FrontEnd/FrontEndModel.php подключён.
2012-06-05 11:03:41 Файл /home/webservers/alpha.vprokate.ru/www/Applications/FrontEnd/Person/Controller.php подключён.
2012-06-05 11:03:41 Файл /home/webservers/alpha.vprokate.ru/www/Applications/FrontEnd/Person/View.php подключён.
2012-06-05 11:07:07 Файл /home/webservers/alpha.vprokate.ru/www/Wings/Logs.php подключён.
2012-06-05 11:07:07 Файл /home/webservers/alpha.vprokate.ru/www/Wings/DB.php подключён.
2012-06-05 11:07:07 Файл /home/webservers/alpha.vprokate.ru/www/Applications/FrontEnd/Workspace.php подключён.
2012-06-05 11:07:07 Файл /home/webservers/alpha.vprokate.ru/www/Applications/FrontEnd/FrontEndModel.php подключён.
2012-06-05 11:07:07 Файл /home/webservers/alpha.vprokate.ru/www/Applications/FrontEnd/Person/Controller.php подключён.
2012-06-05 11:07:07 Файл /home/webservers/alpha.vprokate.ru/www/Applications/FrontEnd/Person/View.php подключён.
2012-06-05 11:07:38 Файл /home/webservers/alpha.vprokate.ru/www/Wings/Logs.php подключён.
2012-06-05 11:07:38 Файл /home/webservers/alpha.vprokate.ru/www/Wings/DB.php подключён.
2012-06-05 11:07:38 Файл /home/webservers/alpha.vprokate.ru/www/Applications/FrontEnd/Workspace.php подключён.
2012-06-05 11:07:38 Файл /home/webservers/alpha.vprokate.ru/www/Applications/FrontEnd/FrontEndModel.php подключён.
2012-06-05 11:07:38 Файл /home/webservers/alpha.vprokate.ru/www/Applications/FrontEnd/Films/Controller.php подключён.
2012-06-05 11:07:38 Файл /home/webservers/alpha.vprokate.ru/www/Applications/FrontEnd/Films/View.php подключён.
2012-06-05 11:08:03 Файл /home/webservers/alpha.vprokate.ru/www/Wings/Logs.php подключён.
2012-06-05 11:08:03 Файл /home/webservers/alpha.vprokate.ru/www/Wings/DB.php подключён.
2012-06-05 11:08:03 Файл /home/webservers/alpha.vprokate.ru/www/Applications/FrontEnd/Workspace.php подключён.
2012-06-05 11:08:03 Файл /home/webservers/alpha.vprokate.ru/www/Applications/FrontEnd/FrontEndModel.php подключён.
2012-06-05 11:08:03 Файл /home/webservers/alpha.vprokate.ru/www/Applications/FrontEnd/Person/Controller.php подключён.
2012-06-05 11:08:03 Файл /home/webservers/alpha.vprokate.ru/www/Applications/FrontEnd/Person/View.php подключён.
2012-06-05 11:08:03 Файл /home/webservers/alpha.vprokate.ru/www/Smarty_Internal_TemplateCompilerBase.php не найден.
2012-06-05 11:08:03 Файл /home/webservers/alpha.vprokate.ru/www/Smarty_Internal_Templatelexer.php не найден.
2012-06-05 11:08:03 Файл /home/webservers/alpha.vprokate.ru/www/Smarty_Internal_Templateparser.php не найден.
2012-06-05 11:08:03 Файл /home/webservers/alpha.vprokate.ru/www/Smarty_Internal_Write_File.php не найден.
2012-06-05 11:09:21 Файл /home/webservers/alpha.vprokate.ru/www/Wings/Logs.php подключён.
2012-06-05 11:09:21 Файл /home/webservers/alpha.vprokate.ru/www/Wings/DB.php подключён.
2012-06-05 11:09:21 Файл /home/webservers/alpha.vprokate.ru/www/Applications/FrontEnd/Workspace.php подключён.
2012-06-05 11:09:21 Файл /home/webservers/alpha.vprokate.ru/www/Applications/FrontEnd/FrontEndModel.php подключён.
2012-06-05 11:09:21 Файл /home/webservers/alpha.vprokate.ru/www/Applications/FrontEnd/Person/Controller.php подключён.
2012-06-05 11:09:21 Файл /home/webservers/alpha.vprokate.ru/www/Applications/FrontEnd/Person/View.php подключён.
2012-06-05 11:09:22 Файл /home/webservers/alpha.vprokate.ru/www/Wings/Logs.php подключён.
2012-06-05 11:09:22 Файл /home/webservers/alpha.vprokate.ru/www/Wings/DB.php подключён.
2012-06-05 11:09:22 Файл /home/webservers/alpha.vprokate.ru/www/Applications/FrontEnd/Workspace.php подключён.
2012-06-05 11:09:22 Файл /home/webservers/alpha.vprokate.ru/www/Applications/FrontEnd/FrontEndModel.php подключён.
2012-06-05 11:09:22 Файл /home/webservers/alpha.vprokate.ru/www/Applications/FrontEnd/Person/Controller.php подключён.
2012-06-05 11:09:22 Файл /home/webservers/alpha.vprokate.ru/www/Applications/FrontEnd/Person/View.php подключён.
2012-06-05 11:10:43 Файл /home/webservers/alpha.vprokate.ru/www/Wings/Logs.php подключён.
2012-06-05 11:10:43 Файл /home/webservers/alpha.vprokate.ru/www/Wings/DB.php подключён.
2012-06-05 11:10:43 Файл /home/webservers/alpha.vprokate.ru/www/Applications/FrontEnd/Workspace.php подключён.
2012-06-05 11:10:43 Файл /home/webservers/alpha.vprokate.ru/www/Applications/FrontEnd/FrontEndModel.php подключён.
2012-06-05 11:10:43 Файл /home/webservers/alpha.vprokate.ru/www/Applications/FrontEnd/Person/Controller.php подключён.
2012-06-05 11:10:43 Файл /home/webservers/alpha.vprokate.ru/www/Applications/FrontEnd/Person/View.php подключён.
2012-06-05 11:11:11 Файл /home/webservers/alpha.vprokate.ru/www/Wings/Logs.php подключён.
2012-06-05 11:11:11 Файл /home/webservers/alpha.vprokate.ru/www/Wings/DB.php подключён.
2012-06-05 11:11:11 Файл /home/webservers/alpha.vprokate.ru/www/Applications/FrontEnd/Workspace.php подключён.
2012-06-05 11:11:11 Файл /home/webservers/alpha.vprokate.ru/www/Applications/FrontEnd/FrontEndModel.php подключён.
2012-06-05 11:11:11 Файл /home/webservers/alpha.vprokate.ru/www/Applications/FrontEnd/Person/Controller.php подключён.
2012-06-05 11:11:11 Файл /home/webservers/alpha.vprokate.ru/www/Applications/FrontEnd/Person/View.php подключён.
2012-06-05 11:11:40 Файл /home/webservers/alpha.vprokate.ru/www/Wings/Logs.php подключён.
2012-06-05 11:11:40 Файл /home/webservers/alpha.vprokate.ru/www/Wings/DB.php подключён.
2012-06-05 11:11:40 Файл /home/webservers/alpha.vprokate.ru/www/Applications/FrontEnd/Workspace.php подключён.
2012-06-05 11:11:40 Файл /home/webservers/alpha.vprokate.ru/www/Applications/FrontEnd/FrontEndModel.php подключён.
2012-06-05 11:11:40 Файл /home/webservers/alpha.vprokate.ru/www/Applications/FrontEnd/Person/Controller.php подключён.
2012-06-05 11:11:40 Файл /home/webservers/alpha.vprokate.ru/www/Applications/FrontEnd/Person/View.php подключён.
2012-06-05 11:11:49 Файл /home/webservers/alpha.vprokate.ru/www/Wings/Logs.php подключён.
2012-06-05 11:11:49 Файл /home/webservers/alpha.vprokate.ru/www/Wings/DB.php подключён.
2012-06-05 11:11:49 Файл /home/webservers/alpha.vprokate.ru/www/Applications/FrontEnd/Workspace.php подключён.
2012-06-05 11:11:49 Файл /home/webservers/alpha.vprokate.ru/www/Applications/FrontEnd/FrontEndModel.php подключён.
2012-06-05 11:11:49 Файл /home/webservers/alpha.vprokate.ru/www/Applications/FrontEnd/Person/Controller.php подключён.
2012-06-05 11:11:49 Файл /home/webservers/alpha.vprokate.ru/www/Applications/FrontEnd/Person/View.php подключён.
2012-06-05 11:12:07 Файл /home/webservers/alpha.vprokate.ru/www/Wings/Logs.php подключён.
2012-06-05 11:12:07 Файл /home/webservers/alpha.vprokate.ru/www/Wings/DB.php подключён.
2012-06-05 11:12:07 Файл /home/webservers/alpha.vprokate.ru/www/Applications/FrontEnd/Workspace.php подключён.
2012-06-05 11:12:07 Файл /home/webservers/alpha.vprokate.ru/www/Applications/FrontEnd/FrontEndModel.php подключён.
2012-06-05 11:12:07 Файл /home/webservers/alpha.vprokate.ru/www/Applications/FrontEnd/Person/Controller.php подключён.
2012-06-05 11:12:07 Файл /home/webservers/alpha.vprokate.ru/www/Applications/FrontEnd/Person/View.php подключён.
2012-06-05 11:12:38 Файл /home/webservers/alpha.vprokate.ru/www/Wings/Logs.php подключён.
2012-06-05 11:12:38 Файл /home/webservers/alpha.vprokate.ru/www/Wings/DB.php подключён.
2012-06-05 11:12:38 Файл /home/webservers/alpha.vprokate.ru/www/Applications/FrontEnd/Workspace.php подключён.
2012-06-05 11:12:38 Файл /home/webservers/alpha.vprokate.ru/www/Applications/FrontEnd/FrontEndModel.php подключён.
2012-06-05 11:12:38 Файл /home/webservers/alpha.vprokate.ru/www/Applications/FrontEnd/Films/Controller.php подключён.
2012-06-05 11:12:38 Файл /home/webservers/alpha.vprokate.ru/www/Applications/FrontEnd/Films/View.php подключён.
2012-06-05 11:15:50 Файл /home/webservers/alpha.vprokate.ru/www/Wings/Logs.php подключён.
2012-06-05 11:15:50 Файл /home/webservers/alpha.vprokate.ru/www/Wings/DB.php подключён.
2012-06-05 11:15:50 Файл /home/webservers/alpha.vprokate.ru/www/Applications/FrontEnd/Workspace.php подключён.
2012-06-05 11:15:50 Файл /home/webservers/alpha.vprokate.ru/www/Applications/FrontEnd/FrontEndModel.php подключён.
2012-06-05 11:15:50 Файл /home/webservers/alpha.vprokate.ru/www/Applications/FrontEnd/Films/Controller.php подключён.
2012-06-05 11:15:50 Файл /home/webservers/alpha.vprokate.ru/www/Applications/FrontEnd/Films/View.php подключён.
2012-06-05 12:31:32 Файл /home/webservers/alpha.vprokate.ru/www/Wings/Logs.php подключён.
2012-06-05 12:31:32 Файл /home/webservers/alpha.vprokate.ru/www/Wings/DB.php подключён.
2012-06-05 12:31:32 Файл /home/webservers/alpha.vprokate.ru/www/Applications/FrontEnd/Workspace.php подключён.
2012-06-05 12:31:32 Файл /home/webservers/alpha.vprokate.ru/www/Applications/FrontEnd/FrontEndModel.php подключён.
2012-06-05 12:31:32 Файл /home/webservers/alpha.vprokate.ru/www/Applications/FrontEnd/Index/Controller.php подключён.
2012-06-05 12:31:32 Файл /home/webservers/alpha.vprokate.ru/www/Applications/FrontEnd/Index/View.php подключён.
2012-06-05 14:45:58 Файл /home/webservers/alpha.vprokate.ru/www/Wings/Logs.php подключён.
2012-06-05 14:45:58 Файл /home/webservers/alpha.vprokate.ru/www/Wings/DB.php подключён.
2012-06-05 14:45:58 Файл /home/webservers/alpha.vprokate.ru/www/Applications/FrontEnd/Workspace.php подключён.
2012-06-05 14:45:58 Файл /home/webservers/alpha.vprokate.ru/www/Applications/FrontEnd/FrontEndModel.php подключён.
2012-06-05 14:45:58 Файл /home/webservers/alpha.vprokate.ru/www/Applications/FrontEnd/Index/Controller.php подключён.
2012-06-05 14:45:58 Файл /home/webservers/alpha.vprokate.ru/www/Applications/FrontEnd/Index/View.php подключён.
2012-06-05 14:46:35 Файл /home/webservers/alpha.vprokate.ru/www/Wings/Logs.php подключён.
2012-06-05 14:46:35 Файл /home/webservers/alpha.vprokate.ru/www/Wings/DB.php подключён.
2012-06-05 14:46:35 Файл /home/webservers/alpha.vprokate.ru/www/Applications/FrontEnd/Workspace.php подключён.
2012-06-05 14:46:35 Файл /home/webservers/alpha.vprokate.ru/www/Applications/FrontEnd/FrontEndModel.php подключён.
2012-06-05 14:46:35 Файл /home/webservers/alpha.vprokate.ru/www/Applications/FrontEnd/Films/Controller.php подключён.
2012-06-05 14:46:35 Файл /home/webservers/alpha.vprokate.ru/www/Applications/FrontEnd/Films/View.php подключён.
2012-06-05 14:46:41 Файл /home/webservers/alpha.vprokate.ru/www/Wings/Logs.php подключён.
2012-06-05 14:46:41 Файл /home/webservers/alpha.vprokate.ru/www/Wings/DB.php подключён.
2012-06-05 14:46:41 Файл /home/webservers/alpha.vprokate.ru/www/Applications/FrontEnd/Workspace.php подключён.
2012-06-05 14:46:41 Файл /home/webservers/alpha.vprokate.ru/www/Applications/FrontEnd/FrontEndModel.php подключён.
2012-06-05 14:46:41 Файл /home/webservers/alpha.vprokate.ru/www/Applications/FrontEnd/Index/Controller.php подключён.
2012-06-05 14:46:41 Файл /home/webservers/alpha.vprokate.ru/www/Applications/FrontEnd/Index/View.php подключён.
2012-06-05 18:17:27 Файл /home/webservers/alpha.vprokate.ru/www/Wings/Logs.php подключён.
2012-06-05 18:17:27 Файл /home/webservers/alpha.vprokate.ru/www/Wings/DB.php подключён.
2012-06-05 18:17:27 Файл /home/webservers/alpha.vprokate.ru/www/Applications/FrontEnd/Workspace.php подключён.
2012-06-05 18:17:27 Файл /home/webservers/alpha.vprokate.ru/www/Applications/FrontEnd/FrontEndModel.php подключён.
2012-06-05 18:17:27 Файл /home/webservers/alpha.vprokate.ru/www/Applications/FrontEnd/Index/Controller.php подключён.
2012-06-05 18:17:27 Файл /home/webservers/alpha.vprokate.ru/www/Applications/FrontEnd/Index/View.php подключён.
2012-06-05 18:17:32 Файл /home/webservers/alpha.vprokate.ru/www/Wings/Logs.php подключён.
2012-06-05 18:17:32 Файл /home/webservers/alpha.vprokate.ru/www/Wings/DB.php подключён.
2012-06-05 18:17:32 Файл /home/webservers/alpha.vprokate.ru/www/Applications/FrontEnd/Workspace.php подключён.
2012-06-05 18:17:32 Файл /home/webservers/alpha.vprokate.ru/www/Applications/FrontEnd/FrontEndModel.php подключён.
2012-06-05 18:17:32 Файл /home/webservers/alpha.vprokate.ru/www/Applications/FrontEnd/Error/Controller.php не найден.
2012-06-05 18:22:41 Файл /home/webservers/alpha.vprokate.ru/www/Wings/Logs.php подключён.
2012-06-05 18:22:41 Файл /home/webservers/alpha.vprokate.ru/www/Wings/DB.php подключён.
2012-06-05 18:22:41 Файл /home/webservers/alpha.vprokate.ru/www/Applications/FrontEnd/Workspace.php подключён.
2012-06-05 18:22:41 Файл /home/webservers/alpha.vprokate.ru/www/Applications/FrontEnd/FrontEndModel.php подключён.
2012-06-05 18:22:41 Файл /home/webservers/alpha.vprokate.ru/www/Applications/FrontEnd/Index/Controller.php подключён.
2012-06-05 18:22:41 Файл /home/webservers/alpha.vprokate.ru/www/Applications/FrontEnd/Index/View.php подключён.
2012-06-05 18:29:07 Файл /home/webservers/alpha.vprokate.ru/www/Wings/Logs.php подключён.
2012-06-05 18:29:07 Файл /home/webservers/alpha.vprokate.ru/www/Wings/DB.php подключён.
2012-06-05 18:29:07 Файл /home/webservers/alpha.vprokate.ru/www/Applications/FrontEnd/Workspace.php подключён.
2012-06-05 18:29:07 Файл /home/webservers/alpha.vprokate.ru/www/Applications/FrontEnd/FrontEndModel.php подключён.
2012-06-05 18:29:07 Файл /home/webservers/alpha.vprokate.ru/www/Applications/FrontEnd/Error/Controller.php не найден.
2012-06-05 18:29:09 Файл /home/webservers/alpha.vprokate.ru/www/Wings/Logs.php подключён.
2012-06-05 18:29:09 Файл /home/webservers/alpha.vprokate.ru/www/Wings/DB.php подключён.
2012-06-05 18:29:09 Файл /home/webservers/alpha.vprokate.ru/www/Applications/FrontEnd/Workspace.php подключён.
2012-06-05 18:29:09 Файл /home/webservers/alpha.vprokate.ru/www/Applications/FrontEnd/FrontEndModel.php подключён.
2012-06-05 18:29:09 Файл /home/webservers/alpha.vprokate.ru/www/Applications/FrontEnd/Error/Controller.php не найден.
2012-06-05 18:29:09 Файл /home/webservers/alpha.vprokate.ru/www/Wings/Logs.php подключён.
2012-06-05 18:29:09 Файл /home/webservers/alpha.vprokate.ru/www/Wings/DB.php подключён.
2012-06-05 18:29:09 Файл /home/webservers/alpha.vprokate.ru/www/Applications/FrontEnd/Workspace.php подключён.
2012-06-05 18:29:09 Файл /home/webservers/alpha.vprokate.ru/www/Applications/FrontEnd/FrontEndModel.php подключён.
2012-06-05 18:29:09 Файл /home/webservers/alpha.vprokate.ru/www/Applications/FrontEnd/Error/Controller.php не найден.
2012-06-05 18:30:00 Файл /home/webservers/alpha.vprokate.ru/www/Wings/Logs.php подключён.
2012-06-05 18:30:00 Файл /home/webservers/alpha.vprokate.ru/www/Wings/DB.php подключён.
2012-06-05 18:30:00 Файл /home/webservers/alpha.vprokate.ru/www/Applications/FrontEnd/Workspace.php подключён.
2012-06-05 18:30:00 Файл /home/webservers/alpha.vprokate.ru/www/Applications/FrontEnd/FrontEndModel.php подключён.
2012-06-05 18:30:00 Файл /home/webservers/alpha.vprokate.ru/www/Applications/FrontEnd/Error/Controller.php не найден.
2012-06-05 18:38:57 Файл /home/webservers/alpha.vprokate.ru/www/Wings/Logs.php подключён.
2012-06-05 18:38:57 Файл /home/webservers/alpha.vprokate.ru/www/Wings/DB.php подключён.
2012-06-05 18:38:57 Файл /home/webservers/alpha.vprokate.ru/www/Applications/FrontEnd/Workspace.php подключён.
2012-06-05 18:38:57 Файл /home/webservers/alpha.vprokate.ru/www/Applications/FrontEnd/FrontEndModel.php подключён.
2012-06-05 18:38:57 Файл /home/webservers/alpha.vprokate.ru/www/Applications/FrontEnd/Error/Controller.php не найден.
2012-06-05 18:38:57 Файл /home/webservers/alpha.vprokate.ru/www/Wings/Logs.php подключён.
2012-06-05 18:38:57 Файл /home/webservers/alpha.vprokate.ru/www/Wings/DB.php подключён.
2012-06-05 18:38:57 Файл /home/webservers/alpha.vprokate.ru/www/Applications/FrontEnd/Workspace.php подключён.
2012-06-05 18:38:57 Файл /home/webservers/alpha.vprokate.ru/www/Applications/FrontEnd/FrontEndModel.php подключён.
2012-06-05 18:38:57 Файл /home/webservers/alpha.vprokate.ru/www/Applications/FrontEnd/Error/Controller.php не найден.
2012-06-05 18:39:13 Файл /home/webservers/alpha.vprokate.ru/www/Wings/Logs.php подключён.
2012-06-05 18:39:13 Файл /home/webservers/alpha.vprokate.ru/www/Wings/DB.php подключён.
2012-06-05 18:39:13 Файл /home/webservers/alpha.vprokate.ru/www/Applications/FrontEnd/Workspace.php подключён.
2012-06-05 18:39:13 Файл /home/webservers/alpha.vprokate.ru/www/Applications/FrontEnd/FrontEndModel.php подключён.
2012-06-05 18:39:13 Файл /home/webservers/alpha.vprokate.ru/www/Applications/FrontEnd/Films/Controller.php подключён.
2012-06-05 18:39:13 Файл /home/webservers/alpha.vprokate.ru/www/Applications/FrontEnd/Films/View.php подключён.
2012-06-05 18:39:17 Файл /home/webservers/alpha.vprokate.ru/www/Wings/Logs.php подключён.
2012-06-05 18:39:17 Файл /home/webservers/alpha.vprokate.ru/www/Wings/DB.php подключён.
2012-06-05 18:39:17 Файл /home/webservers/alpha.vprokate.ru/www/Applications/FrontEnd/Workspace.php подключён.
2012-06-05 18:39:17 Файл /home/webservers/alpha.vprokate.ru/www/Applications/FrontEnd/FrontEndModel.php подключён.
2012-06-05 18:39:17 Файл /home/webservers/alpha.vprokate.ru/www/Applications/FrontEnd/Error/Controller.php не найден.
2012-06-05 18:44:34 Файл /home/webservers/alpha.vprokate.ru/www/Wings/Logs.php подключён.
2012-06-05 18:44:34 Файл /home/webservers/alpha.vprokate.ru/www/Wings/DB.php подключён.
2012-06-05 18:44:34 Файл /home/webservers/alpha.vprokate.ru/www/Applications/FrontEnd/Workspace.php подключён.
2012-06-05 18:44:34 Файл /home/webservers/alpha.vprokate.ru/www/Applications/FrontEnd/FrontEndModel.php подключён.
2012-06-05 18:44:34 Файл /home/webservers/alpha.vprokate.ru/www/Applications/FrontEnd/Index/Controller.php подключён.
2012-06-05 18:44:34 Файл /home/webservers/alpha.vprokate.ru/www/Applications/FrontEnd/Index/View.php подключён.
2012-06-05 18:44:40 Файл /home/webservers/alpha.vprokate.ru/www/Wings/Logs.php подключён.
2012-06-05 18:44:40 Файл /home/webservers/alpha.vprokate.ru/www/Wings/DB.php подключён.
2012-06-05 18:44:40 Файл /home/webservers/alpha.vprokate.ru/www/Applications/FrontEnd/Workspace.php подключён.
2012-06-05 18:44:40 Файл /home/webservers/alpha.vprokate.ru/www/Applications/FrontEnd/FrontEndModel.php подключён.
2012-06-05 18:44:40 Файл /home/webservers/alpha.vprokate.ru/www/Applications/FrontEnd/Error/Controller.php не найден.
2012-06-05 18:57:10 Файл /home/webservers/alpha.vprokate.ru/www/Wings/Logs.php подключён.
2012-06-05 18:57:10 Файл /home/webservers/alpha.vprokate.ru/www/Wings/DB.php подключён.
2012-06-05 18:57:10 Файл /home/webservers/alpha.vprokate.ru/www/Applications/FrontEnd/Workspace.php подключён.
2012-06-05 18:57:10 Файл /home/webservers/alpha.vprokate.ru/www/Applications/FrontEnd/FrontEndModel.php подключён.
2012-06-05 18:57:10 Файл /home/webservers/alpha.vprokate.ru/www/Applications/FrontEnd/Error/Controller.php не найден.
2012-06-05 18:57:18 Файл /home/webservers/alpha.vprokate.ru/www/Wings/Logs.php подключён.
2012-06-05 18:57:18 Файл /home/webservers/alpha.vprokate.ru/www/Wings/DB.php подключён.
2012-06-05 18:57:18 Файл /home/webservers/alpha.vprokate.ru/www/Applications/FrontEnd/Workspace.php подключён.
2012-06-05 18:57:18 Файл /home/webservers/alpha.vprokate.ru/www/Applications/FrontEnd/FrontEndModel.php подключён.
2012-06-05 18:57:18 Файл /home/webservers/alpha.vprokate.ru/www/Applications/FrontEnd/Index/Controller.php подключён.
2012-06-05 18:57:18 Файл /home/webservers/alpha.vprokate.ru/www/Applications/FrontEnd/Index/View.php подключён.
2012-06-05 18:57:21 Файл /home/webservers/alpha.vprokate.ru/www/Wings/Logs.php подключён.
2012-06-05 18:57:21 Файл /home/webservers/alpha.vprokate.ru/www/Wings/DB.php подключён.
2012-06-05 18:57:22 Файл /home/webservers/alpha.vprokate.ru/www/Applications/FrontEnd/Workspace.php подключён.
2012-06-05 18:57:22 Файл /home/webservers/alpha.vprokate.ru/www/Applications/FrontEnd/FrontEndModel.php подключён.
2012-06-05 18:57:22 Файл /home/webservers/alpha.vprokate.ru/www/Applications/FrontEnd/Error/Controller.php не найден.
2012-06-05 18:58:03 Файл /home/webservers/alpha.vprokate.ru/www/Wings/Logs.php подключён.
2012-06-05 18:58:03 Файл /home/webservers/alpha.vprokate.ru/www/Wings/DB.php подключён.
2012-06-05 18:58:03 Файл /home/webservers/alpha.vprokate.ru/www/Applications/FrontEnd/Workspace.php подключён.
2012-06-05 18:58:03 Файл /home/webservers/alpha.vprokate.ru/www/Applications/FrontEnd/FrontEndModel.php подключён.
2012-06-05 18:58:03 Файл /home/webservers/alpha.vprokate.ru/www/Applications/FrontEnd/Error/Controller.php не найден.
2012-06-05 18:58:05 Файл /home/webservers/alpha.vprokate.ru/www/Wings/Logs.php подключён.
2012-06-05 18:58:05 Файл /home/webservers/alpha.vprokate.ru/www/Wings/DB.php подключён.
2012-06-05 18:58:05 Файл /home/webservers/alpha.vprokate.ru/www/Applications/FrontEnd/Workspace.php подключён.
2012-06-05 18:58:05 Файл /home/webservers/alpha.vprokate.ru/www/Applications/FrontEnd/FrontEndModel.php подключён.
2012-06-05 18:58:05 Файл /home/webservers/alpha.vprokate.ru/www/Applications/FrontEnd/Error/Controller.php не найден.
2012-06-05 18:58:09 Файл /home/webservers/alpha.vprokate.ru/www/Wings/Logs.php подключён.
2012-06-05 18:58:09 Файл /home/webservers/alpha.vprokate.ru/www/Wings/DB.php подключён.
2012-06-05 18:58:09 Файл /home/webservers/alpha.vprokate.ru/www/Applications/FrontEnd/Workspace.php подключён.
2012-06-05 18:58:09 Файл /home/webservers/alpha.vprokate.ru/www/Applications/FrontEnd/FrontEndModel.php подключён.
2012-06-05 18:58:09 Файл /home/webservers/alpha.vprokate.ru/www/Applications/FrontEnd/Error/Controller.php не найден.
2012-06-05 19:21:34 Файл /home/webservers/alpha.vprokate.ru/www/Wings/Logs.php подключён.
2012-06-05 19:21:34 Файл /home/webservers/alpha.vprokate.ru/www/Wings/DB.php подключён.
2012-06-05 19:21:34 Файл /home/webservers/alpha.vprokate.ru/www/Applications/FrontEnd/Workspace.php подключён.
2012-06-05 19:21:34 Файл /home/webservers/alpha.vprokate.ru/www/Applications/FrontEnd/FrontEndModel.php подключён.
2012-06-05 19:21:34 Файл /home/webservers/alpha.vprokate.ru/www/Applications/FrontEnd/Index/Controller.php подключён.
2012-06-05 19:21:34 Файл /home/webservers/alpha.vprokate.ru/www/Applications/FrontEnd/Index/View.php подключён.
2012-06-05 19:21:36 Файл /home/webservers/alpha.vprokate.ru/www/Wings/Logs.php подключён.
2012-06-05 19:21:36 Файл /home/webservers/alpha.vprokate.ru/www/Wings/DB.php подключён.
2012-06-05 19:21:36 Файл /home/webservers/alpha.vprokate.ru/www/Applications/FrontEnd/Workspace.php подключён.
2012-06-05 19:21:36 Файл /home/webservers/alpha.vprokate.ru/www/Applications/FrontEnd/FrontEndModel.php подключён.
2012-06-05 19:21:36 Файл /home/webservers/alpha.vprokate.ru/www/Applications/FrontEnd/Error/Controller.php не найден.
2012-06-05 19:21:36 Файл /home/webservers/alpha.vprokate.ru/www/Wings/Logs.php подключён.
2012-06-05 19:21:36 Файл /home/webservers/alpha.vprokate.ru/www/Wings/DB.php подключён.
2012-06-05 19:21:36 Файл /home/webservers/alpha.vprokate.ru/www/Applications/FrontEnd/Workspace.php подключён.
2012-06-05 19:21:36 Файл /home/webservers/alpha.vprokate.ru/www/Applications/FrontEnd/FrontEndModel.php подключён.
2012-06-05 19:21:36 Файл /home/webservers/alpha.vprokate.ru/www/Applications/FrontEnd/Error/Controller.php не найден.
2012-06-05 19:21:36 Файл /home/webservers/alpha.vprokate.ru/www/Wings/Logs.php подключён.
2012-06-05 19:21:36 Файл /home/webservers/alpha.vprokate.ru/www/Wings/DB.php подключён.
2012-06-05 19:21:36 Файл /home/webservers/alpha.vprokate.ru/www/Applications/FrontEnd/Workspace.php подключён.
2012-06-05 19:21:36 Файл /home/webservers/alpha.vprokate.ru/www/Applications/FrontEnd/FrontEndModel.php подключён.
2012-06-05 19:21:36 Файл /home/webservers/alpha.vprokate.ru/www/Applications/FrontEnd/Error/Controller.php не найден.
2012-06-05 19:26:11 Файл /home/webservers/alpha.vprokate.ru/www/Wings/Logs.php подключён.
2012-06-05 19:26:11 Файл /home/webservers/alpha.vprokate.ru/www/Wings/DB.php подключён.
2012-06-05 19:26:11 Файл /home/webservers/alpha.vprokate.ru/www/Applications/FrontEnd/Workspace.php подключён.
2012-06-05 19:26:11 Файл /home/webservers/alpha.vprokate.ru/www/Applications/FrontEnd/FrontEndModel.php подключён.
2012-06-05 19:26:11 Файл /home/webservers/alpha.vprokate.ru/www/Applications/FrontEnd/Index/Controller.php подключён.
2012-06-05 19:26:11 Файл /home/webservers/alpha.vprokate.ru/www/Applications/FrontEnd/Index/View.php подключён.
2012-06-05 19:27:24 Файл /home/webservers/alpha.vprokate.ru/www/Wings/Logs.php подключён.
2012-06-05 19:27:24 Файл /home/webservers/alpha.vprokate.ru/www/Wings/DB.php подключён.
2012-06-05 19:27:24 Файл /home/webservers/alpha.vprokate.ru/www/Applications/FrontEnd/Workspace.php подключён.
2012-06-05 19:27:24 Файл /home/webservers/alpha.vprokate.ru/www/Applications/FrontEnd/FrontEndModel.php подключён.
2012-06-05 19:27:24 Файл /home/webservers/alpha.vprokate.ru/www/Applications/FrontEnd/Index/Controller.php подключён.
2012-06-05 19:27:24 Файл /home/webservers/alpha.vprokate.ru/www/Applications/FrontEnd/Index/View.php подключён.
2012-06-05 19:31:51 Файл /home/webservers/alpha.vprokate.ru/www/Wings/Logs.php подключён.
2012-06-05 19:31:51 Файл /home/webservers/alpha.vprokate.ru/www/Wings/DB.php подключён.
2012-06-05 19:31:51 Файл /home/webservers/alpha.vprokate.ru/www/Applications/FrontEnd/Workspace.php подключён.
2012-06-05 19:31:51 Файл /home/webservers/alpha.vprokate.ru/www/Applications/FrontEnd/FrontEndModel.php подключён.
2012-06-05 19:31:51 Файл /home/webservers/alpha.vprokate.ru/www/Applications/FrontEnd/Index/Controller.php подключён.
2012-06-05 19:31:51 Файл /home/webservers/alpha.vprokate.ru/www/Applications/FrontEnd/Index/View.php подключён.
2012-06-05 19:32:14 Файл /home/webservers/alpha.vprokate.ru/www/Wings/Logs.php подключён.
2012-06-05 19:32:14 Файл /home/webservers/alpha.vprokate.ru/www/Wings/DB.php подключён.
2012-06-05 19:32:14 Файл /home/webservers/alpha.vprokate.ru/www/Applications/FrontEnd/Workspace.php подключён.
2012-06-05 19:32:14 Файл /home/webservers/alpha.vprokate.ru/www/Applications/FrontEnd/FrontEndModel.php подключён.
2012-06-05 19:32:14 Файл /home/webservers/alpha.vprokate.ru/www/Applications/FrontEnd/Index/Controller.php подключён.
2012-06-05 19:32:14 Файл /home/webservers/alpha.vprokate.ru/www/Applications/FrontEnd/Index/View.php подключён.
2012-06-05 19:32:22 Файл /home/webservers/alpha.vprokate.ru/www/Wings/Logs.php подключён.
2012-06-05 19:32:22 Файл /home/webservers/alpha.vprokate.ru/www/Wings/DB.php подключён.
2012-06-05 19:32:22 Файл /home/webservers/alpha.vprokate.ru/www/Applications/FrontEnd/Workspace.php подключён.
2012-06-05 19:32:22 Файл /home/webservers/alpha.vprokate.ru/www/Applications/FrontEnd/FrontEndModel.php подключён.
2012-06-05 19:32:22 Файл /home/webservers/alpha.vprokate.ru/www/Applications/FrontEnd/Error/Controller.php не найден.
2012-06-05 19:34:05 Файл /home/webservers/alpha.vprokate.ru/www/Wings/Logs.php подключён.
2012-06-05 19:34:05 Файл /home/webservers/alpha.vprokate.ru/www/Wings/DB.php подключён.
2012-06-05 19:34:05 Файл /home/webservers/alpha.vprokate.ru/www/Applications/FrontEnd/Workspace.php подключён.
2012-06-05 19:34:05 Файл /home/webservers/alpha.vprokate.ru/www/Applications/FrontEnd/FrontEndModel.php подключён.
2012-06-05 19:34:05 Файл /home/webservers/alpha.vprokate.ru/www/Applications/FrontEnd/Films/Controller.php подключён.
2012-06-05 19:34:05 Файл /home/webservers/alpha.vprokate.ru/www/Applications/FrontEnd/Films/View.php подключён.
2012-06-05 19:34:08 Файл /home/webservers/alpha.vprokate.ru/www/Wings/Logs.php подключён.
2012-06-05 19:34:08 Файл /home/webservers/alpha.vprokate.ru/www/Wings/DB.php подключён.
2012-06-05 19:34:08 Файл /home/webservers/alpha.vprokate.ru/www/Applications/FrontEnd/Workspace.php подключён.
2012-06-05 19:34:08 Файл /home/webservers/alpha.vprokate.ru/www/Applications/FrontEnd/FrontEndModel.php подключён.
2012-06-05 19:34:08 Файл /home/webservers/alpha.vprokate.ru/www/Applications/FrontEnd/Error/Controller.php не найден.
2012-06-05 19:34:19 Файл /home/webservers/alpha.vprokate.ru/www/Wings/Logs.php подключён.
2012-06-05 19:34:19 Файл /home/webservers/alpha.vprokate.ru/www/Wings/DB.php подключён.
2012-06-05 19:34:19 Файл /home/webservers/alpha.vprokate.ru/www/Applications/FrontEnd/Workspace.php подключён.
2012-06-05 19:34:19 Файл /home/webservers/alpha.vprokate.ru/www/Applications/FrontEnd/FrontEndModel.php подключён.
2012-06-05 19:34:19 Файл /home/webservers/alpha.vprokate.ru/www/Applications/FrontEnd/Error/Controller.php не найден.
2012-06-05 19:34:47 Файл /home/webservers/alpha.vprokate.ru/www/Wings/Logs.php подключён.
2012-06-05 19:34:47 Файл /home/webservers/alpha.vprokate.ru/www/Wings/DB.php подключён.
2012-06-05 19:34:47 Файл /home/webservers/alpha.vprokate.ru/www/Applications/FrontEnd/Workspace.php подключён.
2012-06-05 19:34:47 Файл /home/webservers/alpha.vprokate.ru/www/Applications/FrontEnd/FrontEndModel.php подключён.
2012-06-05 19:34:47 Файл /home/webservers/alpha.vprokate.ru/www/Applications/FrontEnd/Error/Controller.php не найден.
2012-06-05 19:34:49 Файл /home/webservers/alpha.vprokate.ru/www/Wings/Logs.php подключён.
2012-06-05 19:34:49 Файл /home/webservers/alpha.vprokate.ru/www/Wings/DB.php подключён.
2012-06-05 19:34:49 Файл /home/webservers/alpha.vprokate.ru/www/Applications/FrontEnd/Workspace.php подключён.
2012-06-05 19:34:49 Файл /home/webservers/alpha.vprokate.ru/www/Applications/FrontEnd/FrontEndModel.php подключён.
2012-06-05 19:34:49 Файл /home/webservers/alpha.vprokate.ru/www/Applications/FrontEnd/Error/Controller.php не найден.
2012-06-05 19:34:55 Файл /home/webservers/alpha.vprokate.ru/www/Wings/Logs.php подключён.
2012-06-05 19:34:55 Файл /home/webservers/alpha.vprokate.ru/www/Wings/DB.php подключён.
2012-06-05 19:34:55 Файл /home/webservers/alpha.vprokate.ru/www/Applications/FrontEnd/Workspace.php подключён.
2012-06-05 19:34:55 Файл /home/webservers/alpha.vprokate.ru/www/Applications/FrontEnd/FrontEndModel.php подключён.
2012-06-05 19:34:55 Файл /home/webservers/alpha.vprokate.ru/www/Applications/FrontEnd/Error/Controller.php не найден.
2012-06-05 19:35:03 Файл /home/webservers/alpha.vprokate.ru/www/Wings/Logs.php подключён.
2012-06-05 19:35:03 Файл /home/webservers/alpha.vprokate.ru/www/Wings/DB.php подключён.
2012-06-05 19:35:03 Файл /home/webservers/alpha.vprokate.ru/www/Applications/FrontEnd/Workspace.php подключён.
2012-06-05 19:35:03 Файл /home/webservers/alpha.vprokate.ru/www/Applications/FrontEnd/FrontEndModel.php подключён.
2012-06-05 19:35:03 Файл /home/webservers/alpha.vprokate.ru/www/Applications/FrontEnd/Films/Controller.php подключён.
2012-06-05 19:35:03 Файл /home/webservers/alpha.vprokate.ru/www/Applications/FrontEnd/Films/View.php подключён.
2012-06-05 19:35:05 Файл /home/webservers/alpha.vprokate.ru/www/Wings/Logs.php подключён.
2012-06-05 19:35:05 Файл /home/webservers/alpha.vprokate.ru/www/Wings/DB.php подключён.
2012-06-05 19:35:05 Файл /home/webservers/alpha.vprokate.ru/www/Applications/FrontEnd/Workspace.php подключён.
2012-06-05 19:35:05 Файл /home/webservers/alpha.vprokate.ru/www/Applications/FrontEnd/FrontEndModel.php подключён.
2012-06-05 19:35:05 Файл /home/webservers/alpha.vprokate.ru/www/Applications/FrontEnd/Error/Controller.php не найден.
2012-06-05 19:37:15 Файл /home/webservers/alpha.vprokate.ru/www/Wings/Logs.php подключён.
2012-06-05 19:37:15 Файл /home/webservers/alpha.vprokate.ru/www/Wings/DB.php подключён.
2012-06-05 19:37:15 Файл /home/webservers/alpha.vprokate.ru/www/Applications/FrontEnd/Workspace.php подключён.
2012-06-05 19:37:15 Файл /home/webservers/alpha.vprokate.ru/www/Applications/FrontEnd/FrontEndModel.php подключён.
2012-06-05 19:37:15 Файл /home/webservers/alpha.vprokate.ru/www/Applications/FrontEnd/Error/Controller.php не найден.
2012-06-05 19:39:07 Файл /home/webservers/alpha.vprokate.ru/www/Wings/Logs.php подключён.
2012-06-05 19:39:07 Файл /home/webservers/alpha.vprokate.ru/www/Wings/DB.php подключён.
2012-06-05 19:39:07 Файл /home/webservers/alpha.vprokate.ru/www/Applications/FrontEnd/Workspace.php подключён.
2012-06-05 19:39:07 Файл /home/webservers/alpha.vprokate.ru/www/Applications/FrontEnd/FrontEndModel.php подключён.
2012-06-05 19:39:07 Файл /home/webservers/alpha.vprokate.ru/www/Applications/FrontEnd/Error/Controller.php не найден.
2012-06-05 19:39:10 Файл /home/webservers/alpha.vprokate.ru/www/Wings/Logs.php подключён.
2012-06-05 19:39:10 Файл /home/webservers/alpha.vprokate.ru/www/Wings/DB.php подключён.
2012-06-05 19:39:10 Файл /home/webservers/alpha.vprokate.ru/www/Applications/FrontEnd/Workspace.php подключён.
2012-06-05 19:39:10 Файл /home/webservers/alpha.vprokate.ru/www/Applications/FrontEnd/FrontEndModel.php подключён.
2012-06-05 19:39:10 Файл /home/webservers/alpha.vprokate.ru/www/Applications/FrontEnd/Index/Controller.php подключён.
2012-06-05 19:39:10 Файл /home/webservers/alpha.vprokate.ru/www/Applications/FrontEnd/Index/View.php подключён.
2012-06-05 19:40:20 Файл /home/webservers/alpha.vprokate.ru/www/Wings/Logs.php подключён.
2012-06-05 19:40:20 Файл /home/webservers/alpha.vprokate.ru/www/Wings/DB.php подключён.
2012-06-05 19:40:20 Файл /home/webservers/alpha.vprokate.ru/www/Applications/FrontEnd/Workspace.php подключён.
2012-06-05 19:40:20 Файл /home/webservers/alpha.vprokate.ru/www/Applications/FrontEnd/FrontEndModel.php подключён.
2012-06-05 19:40:20 Файл /home/webservers/alpha.vprokate.ru/www/Applications/FrontEnd/Films/Controller.php подключён.
2012-06-05 19:40:20 Файл /home/webservers/alpha.vprokate.ru/www/Applications/FrontEnd/Films/View.php подключён.
2012-06-05 19:40:22 Файл /home/webservers/alpha.vprokate.ru/www/Wings/Logs.php подключён.
2012-06-05 19:40:22 Файл /home/webservers/alpha.vprokate.ru/www/Wings/DB.php подключён.
2012-06-05 19:40:22 Файл /home/webservers/alpha.vprokate.ru/www/Applications/FrontEnd/Workspace.php подключён.
2012-06-05 19:40:22 Файл /home/webservers/alpha.vprokate.ru/www/Applications/FrontEnd/FrontEndModel.php подключён.
2012-06-05 19:40:22 Файл /home/webservers/alpha.vprokate.ru/www/Applications/FrontEnd/Error/Controller.php не найден.
2012-06-05 19:40:25 Файл /home/webservers/alpha.vprokate.ru/www/Wings/Logs.php подключён.
2012-06-05 19:40:25 Файл /home/webservers/alpha.vprokate.ru/www/Wings/DB.php подключён.
2012-06-05 19:40:25 Файл /home/webservers/alpha.vprokate.ru/www/Applications/FrontEnd/Workspace.php подключён.
2012-06-05 19:40:25 Файл /home/webservers/alpha.vprokate.ru/www/Applications/FrontEnd/FrontEndModel.php подключён.
2012-06-05 19:40:25 Файл /home/webservers/alpha.vprokate.ru/www/Applications/FrontEnd/Error/Controller.php не найден.
2012-06-05 19:40:28 Файл /home/webservers/alpha.vprokate.ru/www/Wings/Logs.php подключён.
2012-06-05 19:40:28 Файл /home/webservers/alpha.vprokate.ru/www/Wings/DB.php подключён.
2012-06-05 19:40:28 Файл /home/webservers/alpha.vprokate.ru/www/Applications/FrontEnd/Workspace.php подключён.
2012-06-05 19:40:28 Файл /home/webservers/alpha.vprokate.ru/www/Applications/FrontEnd/FrontEndModel.php подключён.
2012-06-05 19:40:28 Файл /home/webservers/alpha.vprokate.ru/www/Applications/FrontEnd/Error/Controller.php не найден.
2012-06-05 19:40:28 Файл /home/webservers/alpha.vprokate.ru/www/Wings/Logs.php подключён.
2012-06-05 19:40:28 Файл /home/webservers/alpha.vprokate.ru/www/Wings/DB.php подключён.
2012-06-05 19:40:28 Файл /home/webservers/alpha.vprokate.ru/www/Applications/FrontEnd/Workspace.php подключён.
2012-06-05 19:40:28 Файл /home/webservers/alpha.vprokate.ru/www/Applications/FrontEnd/FrontEndModel.php подключён.
2012-06-05 19:40:28 Файл /home/webservers/alpha.vprokate.ru/www/Applications/FrontEnd/Error/Controller.php не найден.
2012-06-05 19:40:30 Файл /home/webservers/alpha.vprokate.ru/www/Wings/Logs.php подключён.
2012-06-05 19:40:30 Файл /home/webservers/alpha.vprokate.ru/www/Wings/DB.php подключён.
2012-06-05 19:40:30 Файл /home/webservers/alpha.vprokate.ru/www/Applications/FrontEnd/Workspace.php подключён.
2012-06-05 19:40:30 Файл /home/webservers/alpha.vprokate.ru/www/Applications/FrontEnd/FrontEndModel.php подключён.
2012-06-05 19:40:30 Файл /home/webservers/alpha.vprokate.ru/www/Applications/FrontEnd/Films/Controller.php подключён.
2012-06-05 19:40:30 Файл /home/webservers/alpha.vprokate.ru/www/Applications/FrontEnd/Films/View.php подключён.
2012-06-05 19:41:01 Файл /home/webservers/alpha.vprokate.ru/www/Wings/Logs.php подключён.
2012-06-05 19:41:01 Файл /home/webservers/alpha.vprokate.ru/www/Wings/DB.php подключён.
2012-06-05 19:41:01 Файл /home/webservers/alpha.vprokate.ru/www/Applications/FrontEnd/Workspace.php подключён.
2012-06-05 19:41:01 Файл /home/webservers/alpha.vprokate.ru/www/Applications/FrontEnd/FrontEndModel.php подключён.
2012-06-05 19:41:01 Файл /home/webservers/alpha.vprokate.ru/www/Applications/FrontEnd/Film/Controller.php подключён.
2012-06-05 19:41:01 Файл /home/webservers/alpha.vprokate.ru/www/Applications/FrontEnd/Film/View.php подключён.
2012-06-05 19:41:04 Файл /home/webservers/alpha.vprokate.ru/www/Wings/Logs.php подключён.
2012-06-05 19:41:04 Файл /home/webservers/alpha.vprokate.ru/www/Wings/DB.php подключён.
2012-06-05 19:41:04 Файл /home/webservers/alpha.vprokate.ru/www/Applications/FrontEnd/Workspace.php подключён.
2012-06-05 19:41:04 Файл /home/webservers/alpha.vprokate.ru/www/Applications/FrontEnd/FrontEndModel.php подключён.
2012-06-05 19:41:04 Файл /home/webservers/alpha.vprokate.ru/www/Applications/FrontEnd/Error/Controller.php не найден.
2012-06-05 19:41:05 Файл /home/webservers/alpha.vprokate.ru/www/Wings/Logs.php подключён.
2012-06-05 19:41:05 Файл /home/webservers/alpha.vprokate.ru/www/Wings/DB.php подключён.
2012-06-05 19:41:05 Файл /home/webservers/alpha.vprokate.ru/www/Applications/FrontEnd/Workspace.php подключён.
2012-06-05 19:41:05 Файл /home/webservers/alpha.vprokate.ru/www/Applications/FrontEnd/FrontEndModel.php подключён.
2012-06-05 19:41:05 Файл /home/webservers/alpha.vprokate.ru/www/Applications/FrontEnd/Error/Controller.php не найден.
2012-06-05 19:41:06 Файл /home/webservers/alpha.vprokate.ru/www/Wings/Logs.php подключён.
2012-06-05 19:41:06 Файл /home/webservers/alpha.vprokate.ru/www/Wings/DB.php подключён.
2012-06-05 19:41:06 Файл /home/webservers/alpha.vprokate.ru/www/Applications/FrontEnd/Workspace.php подключён.
2012-06-05 19:41:06 Файл /home/webservers/alpha.vprokate.ru/www/Applications/FrontEnd/FrontEndModel.php подключён.
2012-06-05 19:41:06 Файл /home/webservers/alpha.vprokate.ru/www/Applications/FrontEnd/Error/Controller.php не найден.
2012-06-05 19:41:07 Файл /home/webservers/alpha.vprokate.ru/www/Wings/Logs.php подключён.
2012-06-05 19:41:07 Файл /home/webservers/alpha.vprokate.ru/www/Wings/DB.php подключён.
2012-06-05 19:41:07 Файл /home/webservers/alpha.vprokate.ru/www/Applications/FrontEnd/Workspace.php подключён.
2012-06-05 19:41:07 Файл /home/webservers/alpha.vprokate.ru/www/Applications/FrontEnd/FrontEndModel.php подключён.
2012-06-05 19:41:07 Файл /home/webservers/alpha.vprokate.ru/www/Applications/FrontEnd/Error/Controller.php не найден.
2012-06-05 19:41:08 Файл /home/webservers/alpha.vprokate.ru/www/Wings/Logs.php подключён.
2012-06-05 19:41:08 Файл /home/webservers/alpha.vprokate.ru/www/Wings/DB.php подключён.
2012-06-05 19:41:08 Файл /home/webservers/alpha.vprokate.ru/www/Applications/FrontEnd/Workspace.php подключён.
2012-06-05 19:41:08 Файл /home/webservers/alpha.vprokate.ru/www/Applications/FrontEnd/FrontEndModel.php подключён.
2012-06-05 19:41:08 Файл /home/webservers/alpha.vprokate.ru/www/Applications/FrontEnd/Error/Controller.php не найден.
2012-06-05 19:41:08 Файл /home/webservers/alpha.vprokate.ru/www/Wings/Logs.php подключён.
2012-06-05 19:41:08 Файл /home/webservers/alpha.vprokate.ru/www/Wings/DB.php подключён.
2012-06-05 19:41:08 Файл /home/webservers/alpha.vprokate.ru/www/Applications/FrontEnd/Workspace.php подключён.
2012-06-05 19:41:08 Файл /home/webservers/alpha.vprokate.ru/www/Applications/FrontEnd/FrontEndModel.php подключён.
2012-06-05 19:41:08 Файл /home/webservers/alpha.vprokate.ru/www/Applications/FrontEnd/Error/Controller.php не найден.
2012-06-05 19:41:09 Файл /home/webservers/alpha.vprokate.ru/www/Wings/Logs.php подключён.
2012-06-05 19:41:09 Файл /home/webservers/alpha.vprokate.ru/www/Wings/DB.php подключён.
2012-06-05 19:41:09 Файл /home/webservers/alpha.vprokate.ru/www/Applications/FrontEnd/Workspace.php подключён.
2012-06-05 19:41:09 Файл /home/webservers/alpha.vprokate.ru/www/Applications/FrontEnd/FrontEndModel.php подключён.
2012-06-05 19:41:09 Файл /home/webservers/alpha.vprokate.ru/www/Applications/FrontEnd/Error/Controller.php не найден.
2012-06-05 19:41:09 Файл /home/webservers/alpha.vprokate.ru/www/Wings/Logs.php подключён.
2012-06-05 19:41:09 Файл /home/webservers/alpha.vprokate.ru/www/Wings/DB.php подключён.
2012-06-05 19:41:09 Файл /home/webservers/alpha.vprokate.ru/www/Applications/FrontEnd/Workspace.php подключён.
2012-06-05 19:41:09 Файл /home/webservers/alpha.vprokate.ru/www/Applications/FrontEnd/FrontEndModel.php подключён.
2012-06-05 19:41:09 Файл /home/webservers/alpha.vprokate.ru/www/Applications/FrontEnd/Error/Controller.php не найден.
2012-06-05 19:41:10 Файл /home/webservers/alpha.vprokate.ru/www/Wings/Logs.php подключён.
2012-06-05 19:41:10 Файл /home/webservers/alpha.vprokate.ru/www/Wings/DB.php подключён.
2012-06-05 19:41:10 Файл /home/webservers/alpha.vprokate.ru/www/Applications/FrontEnd/Workspace.php подключён.
2012-06-05 19:41:10 Файл /home/webservers/alpha.vprokate.ru/www/Applications/FrontEnd/FrontEndModel.php подключён.
2012-06-05 19:41:10 Файл /home/webservers/alpha.vprokate.ru/www/Applications/FrontEnd/Error/Controller.php не найден.
2012-06-05 19:42:13 Файл /home/webservers/alpha.vprokate.ru/www/Wings/Logs.php подключён.
2012-06-05 19:42:13 Файл /home/webservers/alpha.vprokate.ru/www/Wings/DB.php подключён.
2012-06-05 19:42:13 Файл /home/webservers/alpha.vprokate.ru/www/Applications/FrontEnd/Workspace.php подключён.
2012-06-05 19:42:13 Файл /home/webservers/alpha.vprokate.ru/www/Applications/FrontEnd/FrontEndModel.php подключён.
2012-06-05 19:42:13 Файл /home/webservers/alpha.vprokate.ru/www/Applications/FrontEnd/Error/Controller.php не найден.
2012-06-05 19:42:14 Файл /home/webservers/alpha.vprokate.ru/www/Wings/Logs.php подключён.
2012-06-05 19:42:14 Файл /home/webservers/alpha.vprokate.ru/www/Wings/DB.php подключён.
2012-06-05 19:42:14 Файл /home/webservers/alpha.vprokate.ru/www/Applications/FrontEnd/Workspace.php подключён.
2012-06-05 19:42:14 Файл /home/webservers/alpha.vprokate.ru/www/Applications/FrontEnd/FrontEndModel.php подключён.
2012-06-05 19:42:14 Файл /home/webservers/alpha.vprokate.ru/www/Applications/FrontEnd/Error/Controller.php не найден.
2012-06-05 19:42:14 Файл /home/webservers/alpha.vprokate.ru/www/Wings/Logs.php подключён.
2012-06-05 19:42:14 Файл /home/webservers/alpha.vprokate.ru/www/Wings/DB.php подключён.
2012-06-05 19:42:14 Файл /home/webservers/alpha.vprokate.ru/www/Applications/FrontEnd/Workspace.php подключён.
2012-06-05 19:42:14 Файл /home/webservers/alpha.vprokate.ru/www/Applications/FrontEnd/FrontEndModel.php подключён.
2012-06-05 19:42:14 Файл /home/webservers/alpha.vprokate.ru/www/Applications/FrontEnd/Error/Controller.php не найден.
2012-06-05 19:42:18 Файл /home/webservers/alpha.vprokate.ru/www/Wings/Logs.php подключён.
2012-06-05 19:42:18 Файл /home/webservers/alpha.vprokate.ru/www/Wings/DB.php подключён.
2012-06-05 19:42:18 Файл /home/webservers/alpha.vprokate.ru/www/Applications/FrontEnd/Workspace.php подключён.
2012-06-05 19:42:18 Файл /home/webservers/alpha.vprokate.ru/www/Applications/FrontEnd/FrontEndModel.php подключён.
2012-06-05 19:42:18 Файл /home/webservers/alpha.vprokate.ru/www/Applications/FrontEnd/Film/Controller.php подключён.
2012-06-05 19:42:18 Файл /home/webservers/alpha.vprokate.ru/www/Applications/FrontEnd/Film/View.php подключён.
2012-06-05 19:42:20 Файл /home/webservers/alpha.vprokate.ru/www/Wings/Logs.php подключён.
2012-06-05 19:42:20 Файл /home/webservers/alpha.vprokate.ru/www/Wings/DB.php подключён.
2012-06-05 19:42:20 Файл /home/webservers/alpha.vprokate.ru/www/Applications/FrontEnd/Workspace.php подключён.
2012-06-05 19:42:20 Файл /home/webservers/alpha.vprokate.ru/www/Applications/FrontEnd/FrontEndModel.php подключён.
2012-06-05 19:42:20 Файл /home/webservers/alpha.vprokate.ru/www/Applications/FrontEnd/Error/Controller.php не найден.
2012-06-05 19:42:23 Файл /home/webservers/alpha.vprokate.ru/www/Wings/Logs.php подключён.
2012-06-05 19:42:23 Файл /home/webservers/alpha.vprokate.ru/www/Wings/DB.php подключён.
2012-06-05 19:42:23 Файл /home/webservers/alpha.vprokate.ru/www/Applications/FrontEnd/Workspace.php подключён.
2012-06-05 19:42:23 Файл /home/webservers/alpha.vprokate.ru/www/Applications/FrontEnd/FrontEndModel.php подключён.
2012-06-05 19:42:23 Файл /home/webservers/alpha.vprokate.ru/www/Applications/FrontEnd/Error/Controller.php не найден.
2012-06-05 19:43:26 Файл /home/webservers/alpha.vprokate.ru/www/Wings/Logs.php подключён.
2012-06-05 19:43:26 Файл /home/webservers/alpha.vprokate.ru/www/Wings/DB.php подключён.
2012-06-05 19:43:26 Файл /home/webservers/alpha.vprokate.ru/www/Applications/FrontEnd/Workspace.php подключён.
2012-06-05 19:43:26 Файл /home/webservers/alpha.vprokate.ru/www/Applications/FrontEnd/FrontEndModel.php подключён.
2012-06-05 19:43:26 Файл /home/webservers/alpha.vprokate.ru/www/Applications/FrontEnd/Error/Controller.php не найден.
2012-06-05 19:43:53 Файл /home/webservers/alpha.vprokate.ru/www/Wings/Logs.php подключён.
2012-06-05 19:43:53 Файл /home/webservers/alpha.vprokate.ru/www/Wings/DB.php подключён.
2012-06-05 19:43:53 Файл /home/webservers/alpha.vprokate.ru/www/Applications/FrontEnd/Workspace.php подключён.
2012-06-05 19:43:53 Файл /home/webservers/alpha.vprokate.ru/www/Applications/FrontEnd/FrontEndModel.php подключён.
2012-06-05 19:43:53 Файл /home/webservers/alpha.vprokate.ru/www/Applications/FrontEnd/Film/Controller.php подключён.
2012-06-05 19:43:53 Файл /home/webservers/alpha.vprokate.ru/www/Applications/FrontEnd/Film/View.php подключён.
2012-06-05 19:44:15 Файл /home/webservers/alpha.vprokate.ru/www/Wings/Logs.php подключён.
2012-06-05 19:44:15 Файл /home/webservers/alpha.vprokate.ru/www/Wings/DB.php подключён.
2012-06-05 19:44:15 Файл /home/webservers/alpha.vprokate.ru/www/Applications/FrontEnd/Workspace.php подключён.
2012-06-05 19:44:15 Файл /home/webservers/alpha.vprokate.ru/www/Applications/FrontEnd/FrontEndModel.php подключён.
2012-06-05 19:44:15 Файл /home/webservers/alpha.vprokate.ru/www/Applications/FrontEnd/Film/Controller.php подключён.
2012-06-05 19:44:15 Файл /home/webservers/alpha.vprokate.ru/www/Applications/FrontEnd/Film/View.php подключён.
2012-06-05 21:24:46 Файл /home/webservers/alpha.vprokate.ru/www/Wings/Logs.php подключён.
2012-06-05 21:24:46 Файл /home/webservers/alpha.vprokate.ru/www/Wings/DB.php подключён.
2012-06-05 21:24:46 Файл /home/webservers/alpha.vprokate.ru/www/Applications/FrontEnd/Workspace.php подключён.
2012-06-05 21:24:46 Файл /home/webservers/alpha.vprokate.ru/www/Applications/FrontEnd/FrontEndModel.php подключён.
2012-06-05 21:24:46 Файл /home/webservers/alpha.vprokate.ru/www/Applications/FrontEnd/Index/Controller.php подключён.
2012-06-05 21:24:46 Файл /home/webservers/alpha.vprokate.ru/www/Applications/FrontEnd/Index/View.php подключён.
2012-06-05 22:57:07 Файл /home/webservers/alpha.vprokate.ru/www/Wings/Logs.php подключён.
2012-06-05 22:57:07 Файл /home/webservers/alpha.vprokate.ru/www/Wings/DB.php подключён.
2012-06-05 22:57:07 Файл /home/webservers/alpha.vprokate.ru/www/Applications/FrontEnd/Workspace.php подключён.
2012-06-05 22:57:07 Файл /home/webservers/alpha.vprokate.ru/www/Applications/FrontEnd/FrontEndModel.php подключён.
2012-06-05 22:57:07 Файл /home/webservers/alpha.vprokate.ru/www/Applications/FrontEnd/Index/Controller.php подключён.
2012-06-05 22:57:07 Файл /home/webservers/alpha.vprokate.ru/www/Applications/FrontEnd/Index/View.php подключён.
2012-06-05 22:58:03 Файл /home/webservers/alpha.vprokate.ru/www/Wings/Logs.php подключён.
2012-06-05 22:58:03 Файл /home/webservers/alpha.vprokate.ru/www/Wings/DB.php подключён.
2012-06-05 22:58:03 Файл /home/webservers/alpha.vprokate.ru/www/Applications/FrontEnd/Workspace.php подключён.
2012-06-05 22:58:03 Файл /home/webservers/alpha.vprokate.ru/www/Applications/FrontEnd/FrontEndModel.php подключён.
2012-06-05 22:58:03 Файл /home/webservers/alpha.vprokate.ru/www/Applications/FrontEnd/Films/Controller.php подключён.
2012-06-05 22:58:03 Файл /home/webservers/alpha.vprokate.ru/www/Applications/FrontEnd/Films/View.php подключён.
2012-06-05 22:58:07 Файл /home/webservers/alpha.vprokate.ru/www/Wings/Logs.php подключён.
2012-06-05 22:58:07 Файл /home/webservers/alpha.vprokate.ru/www/Wings/DB.php подключён.
2012-06-05 22:58:07 Файл /home/webservers/alpha.vprokate.ru/www/Applications/FrontEnd/Workspace.php подключён.
2012-06-05 22:58:07 Файл /home/webservers/alpha.vprokate.ru/www/Applications/FrontEnd/FrontEndModel.php подключён.
2012-06-05 22:58:07 Файл /home/webservers/alpha.vprokate.ru/www/Applications/FrontEnd/Films/Controller.php подключён.
2012-06-05 22:58:07 Файл /home/webservers/alpha.vprokate.ru/www/Applications/FrontEnd/Films/View.php подключён.
2012-06-05 22:58:14 Файл /home/webservers/alpha.vprokate.ru/www/Wings/Logs.php подключён.
2012-06-05 22:58:14 Файл /home/webservers/alpha.vprokate.ru/www/Wings/DB.php подключён.
2012-06-05 22:58:14 Файл /home/webservers/alpha.vprokate.ru/www/Applications/FrontEnd/Workspace.php подключён.
2012-06-05 22:58:14 Файл /home/webservers/alpha.vprokate.ru/www/Applications/FrontEnd/FrontEndModel.php подключён.
2012-06-05 22:58:14 Файл /home/webservers/alpha.vprokate.ru/www/Applications/FrontEnd/Person/Controller.php подключён.
2012-06-05 22:58:14 Файл /home/webservers/alpha.vprokate.ru/www/Applications/FrontEnd/Person/View.php подключён.
