2012-03-19 11:59:06 Файл Z:/home/arhangel31337/www/Wings/Logs.php подключён.
2012-03-19 11:59:06 Файл Z:/home/arhangel31337/www/Wings/Singleton.php подключён.
2012-03-19 11:59:06 Файл Z:/home/arhangel31337/www/Wings/DB.php подключён.
2012-03-19 12:02:35 Файл Z:/home/arhangel31337/www/Wings/Logs.php подключён.
2012-03-19 12:02:35 Файл Z:/home/arhangel31337/www/Wings/Singleton.php подключён.
2012-03-19 12:02:35 Файл Z:/home/arhangel31337/www/Wings/DB.php подключён.
2012-03-19 12:02:37 Файл Z:/home/arhangel31337/www/Wings/Logs.php подключён.
2012-03-19 12:02:37 Файл Z:/home/arhangel31337/www/Wings/Singleton.php подключён.
2012-03-19 12:02:37 Файл Z:/home/arhangel31337/www/Wings/DB.php подключён.
2012-03-19 12:02:39 Файл Z:/home/arhangel31337/www/Wings/Logs.php подключён.
2012-03-19 12:02:39 Файл Z:/home/arhangel31337/www/Wings/Singleton.php подключён.
2012-03-19 12:02:39 Файл Z:/home/arhangel31337/www/Wings/DB.php подключён.
2012-03-19 12:03:04 Файл Z:/home/arhangel31337/www/Wings/Logs.php подключён.
2012-03-19 12:03:04 Файл Z:/home/arhangel31337/www/Wings/Singleton.php подключён.
2012-03-19 12:03:04 Файл Z:/home/arhangel31337/www/Wings/DB.php подключён.
2012-03-19 12:03:05 Файл Z:/home/arhangel31337/www/Wings/Logs.php подключён.
2012-03-19 12:03:05 Файл Z:/home/arhangel31337/www/Wings/Singleton.php подключён.
2012-03-19 12:03:05 Файл Z:/home/arhangel31337/www/Wings/DB.php подключён.
2012-03-19 12:03:05 Файл Z:/home/arhangel31337/www/Wings/Logs.php подключён.
2012-03-19 12:03:05 Файл Z:/home/arhangel31337/www/Wings/Singleton.php подключён.
2012-03-19 12:03:05 Файл Z:/home/arhangel31337/www/Wings/DB.php подключён.
2012-03-19 12:03:06 Файл Z:/home/arhangel31337/www/Wings/Logs.php подключён.
2012-03-19 12:03:06 Файл Z:/home/arhangel31337/www/Wings/Singleton.php подключён.
2012-03-19 12:03:06 Файл Z:/home/arhangel31337/www/Wings/DB.php подключён.
2012-03-19 12:05:23 Файл Z:/home/arhangel31337/www/Wings/Logs.php подключён.
2012-03-19 12:05:23 Файл Z:/home/arhangel31337/www/Wings/Singleton.php подключён.
2012-03-19 12:05:23 Файл Z:/home/arhangel31337/www/Wings/DB.php подключён.
2012-03-19 12:05:25 Файл Z:/home/arhangel31337/www/Wings/Logs.php подключён.
2012-03-19 12:05:25 Файл Z:/home/arhangel31337/www/Wings/Singleton.php подключён.
2012-03-19 12:05:25 Файл Z:/home/arhangel31337/www/Wings/DB.php подключён.
2012-03-19 12:06:35 Файл Z:/home/arhangel31337/www/Wings/Logs.php подключён.
2012-03-19 12:06:35 Файл Z:/home/arhangel31337/www/Wings/Singleton.php подключён.
2012-03-19 12:06:35 Файл Z:/home/arhangel31337/www/Wings/DB.php подключён.
2012-03-19 12:08:07 Файл Z:/home/arhangel31337/www/Wings/Logs.php подключён.
2012-03-19 12:08:07 Файл Z:/home/arhangel31337/www/Wings/Singleton.php подключён.
2012-03-19 12:08:07 Файл Z:/home/arhangel31337/www/Wings/DB.php подключён.
2012-03-19 12:08:28 Файл Z:/home/arhangel31337/www/Wings/Logs.php подключён.
2012-03-19 12:08:28 Файл Z:/home/arhangel31337/www/Wings/Singleton.php подключён.
2012-03-19 12:08:28 Файл Z:/home/arhangel31337/www/Wings/DB.php подключён.
2012-03-19 12:10:58 Файл Z:/home/arhangel31337/www/Wings/Logs.php подключён.
2012-03-19 12:10:58 Файл Z:/home/arhangel31337/www/Wings/Singleton.php подключён.
2012-03-19 12:10:58 Файл Z:/home/arhangel31337/www/Wings/DB.php подключён.
2012-03-19 12:11:34 Файл Z:/home/arhangel31337/www/Wings/Logs.php подключён.
2012-03-19 12:11:34 Файл Z:/home/arhangel31337/www/Wings/Singleton.php подключён.
2012-03-19 12:11:34 Файл Z:/home/arhangel31337/www/Wings/DB.php подключён.
2012-03-19 12:11:55 Файл Z:/home/arhangel31337/www/Wings/Logs.php подключён.
2012-03-19 12:11:55 Файл Z:/home/arhangel31337/www/Wings/Singleton.php подключён.
2012-03-19 12:11:55 Файл Z:/home/arhangel31337/www/Wings/DB.php подключён.
2012-03-19 12:12:08 Файл Z:/home/arhangel31337/www/Wings/Logs.php подключён.
2012-03-19 12:12:08 Файл Z:/home/arhangel31337/www/Wings/Singleton.php подключён.
2012-03-19 12:12:08 Файл Z:/home/arhangel31337/www/Wings/DB.php подключён.
2012-03-19 12:12:34 Файл Z:/home/arhangel31337/www/Wings/Logs.php подключён.
2012-03-19 12:12:34 Файл Z:/home/arhangel31337/www/Wings/Singleton.php подключён.
2012-03-19 12:12:34 Файл Z:/home/arhangel31337/www/Wings/DB.php подключён.
2012-03-19 12:23:58 Файл Z:/home/arhangel31337/www/Wings/Logs.php подключён.
2012-03-19 12:23:58 Файл Z:/home/arhangel31337/www/Wings/Singleton.php подключён.
2012-03-19 12:23:58 Файл Z:/home/arhangel31337/www/Wings/DB.php подключён.
2012-03-19 12:51:17 Файл Z:/home/arhangel31337/www/Wings/Logs.php подключён.
2012-03-19 12:51:17 Файл Z:/home/arhangel31337/www/Wings/Singleton.php подключён.
2012-03-19 12:51:17 Файл Z:/home/arhangel31337/www/Wings/DB.php подключён.
2012-03-19 13:05:03 Файл Z:/home/arhangel31337/www/Wings/Logs.php подключён.
2012-03-19 13:05:03 Файл Z:/home/arhangel31337/www/Wings/Singleton.php подключён.
2012-03-19 13:05:03 Файл Z:/home/arhangel31337/www/Wings/DB.php подключён.
2012-03-19 13:08:18 Файл Z:/home/arhangel31337/www/Wings/Logs.php подключён.
2012-03-19 13:08:18 Файл Z:/home/arhangel31337/www/Wings/Singleton.php подключён.
2012-03-19 13:08:18 Файл Z:/home/arhangel31337/www/Wings/DB.php подключён.
2012-03-19 13:08:22 Файл Z:/home/arhangel31337/www/Wings/Logs.php подключён.
2012-03-19 13:08:22 Файл Z:/home/arhangel31337/www/Wings/Singleton.php подключён.
2012-03-19 13:08:22 Файл Z:/home/arhangel31337/www/Wings/DB.php подключён.
2012-03-19 13:08:25 Файл Z:/home/arhangel31337/www/Wings/Logs.php подключён.
2012-03-19 13:08:25 Файл Z:/home/arhangel31337/www/Wings/Singleton.php подключён.
2012-03-19 13:08:25 Файл Z:/home/arhangel31337/www/Wings/DB.php подключён.
2012-03-19 13:09:12 Файл Z:/home/arhangel31337/www/Wings/Logs.php подключён.
2012-03-19 13:09:12 Файл Z:/home/arhangel31337/www/Wings/Singleton.php подключён.
2012-03-19 13:09:12 Файл Z:/home/arhangel31337/www/Wings/DB.php подключён.
2012-03-19 13:09:17 Файл Z:/home/arhangel31337/www/Wings/Logs.php подключён.
2012-03-19 13:09:17 Файл Z:/home/arhangel31337/www/Wings/Singleton.php подключён.
2012-03-19 13:09:17 Файл Z:/home/arhangel31337/www/Wings/DB.php подключён.
2012-03-19 13:09:43 Файл Z:/home/arhangel31337/www/Wings/Logs.php подключён.
2012-03-19 13:09:43 Файл Z:/home/arhangel31337/www/Wings/Singleton.php подключён.
2012-03-19 13:09:43 Файл Z:/home/arhangel31337/www/Wings/DB.php подключён.
2012-03-19 13:09:44 Файл Z:/home/arhangel31337/www/Wings/Logs.php подключён.
2012-03-19 13:09:44 Файл Z:/home/arhangel31337/www/Wings/Singleton.php подключён.
2012-03-19 13:09:44 Файл Z:/home/arhangel31337/www/Wings/DB.php подключён.
2012-03-19 13:09:48 Файл Z:/home/arhangel31337/www/Wings/Logs.php подключён.
2012-03-19 13:09:48 Файл Z:/home/arhangel31337/www/Wings/Singleton.php подключён.
2012-03-19 13:09:48 Файл Z:/home/arhangel31337/www/Wings/DB.php подключён.
2012-03-19 13:09:49 Файл Z:/home/arhangel31337/www/Wings/Logs.php подключён.
2012-03-19 13:09:49 Файл Z:/home/arhangel31337/www/Wings/Singleton.php подключён.
2012-03-19 13:09:49 Файл Z:/home/arhangel31337/www/Wings/DB.php подключён.
2012-03-19 13:09:51 Файл Z:/home/arhangel31337/www/Wings/Logs.php подключён.
2012-03-19 13:09:51 Файл Z:/home/arhangel31337/www/Wings/Singleton.php подключён.
2012-03-19 13:09:51 Файл Z:/home/arhangel31337/www/Wings/DB.php подключён.
2012-03-19 13:28:42 Файл Z:/home/arhangel31337/www/Wings/Logs.php подключён.
2012-03-19 13:28:42 Файл Z:/home/arhangel31337/www/Wings/Singleton.php подключён.
2012-03-19 13:28:42 Файл Z:/home/arhangel31337/www/Wings/DB.php подключён.
2012-03-19 13:29:19 Файл Z:/home/arhangel31337/www/Wings/Logs.php подключён.
2012-03-19 13:29:19 Файл Z:/home/arhangel31337/www/Wings/Singleton.php подключён.
2012-03-19 13:29:19 Файл Z:/home/arhangel31337/www/Wings/DB.php подключён.
2012-03-19 13:29:23 Файл Z:/home/arhangel31337/www/Wings/Logs.php подключён.
2012-03-19 13:29:23 Файл Z:/home/arhangel31337/www/Wings/Singleton.php подключён.
2012-03-19 13:29:23 Файл Z:/home/arhangel31337/www/Wings/DB.php подключён.
2012-03-19 13:29:26 Файл Z:/home/arhangel31337/www/Wings/Logs.php подключён.
2012-03-19 13:29:26 Файл Z:/home/arhangel31337/www/Wings/Singleton.php подключён.
2012-03-19 13:29:26 Файл Z:/home/arhangel31337/www/Wings/DB.php подключён.
2012-03-19 13:29:29 Файл Z:/home/arhangel31337/www/Wings/Logs.php подключён.
2012-03-19 13:29:29 Файл Z:/home/arhangel31337/www/Wings/Singleton.php подключён.
2012-03-19 13:29:29 Файл Z:/home/arhangel31337/www/Wings/DB.php подключён.
2012-03-19 13:29:31 Файл Z:/home/arhangel31337/www/Wings/Logs.php подключён.
2012-03-19 13:29:31 Файл Z:/home/arhangel31337/www/Wings/Singleton.php подключён.
2012-03-19 13:29:31 Файл Z:/home/arhangel31337/www/Wings/DB.php подключён.
2012-03-19 13:29:32 Файл Z:/home/arhangel31337/www/Wings/Logs.php подключён.
2012-03-19 13:29:32 Файл Z:/home/arhangel31337/www/Wings/Singleton.php подключён.
2012-03-19 13:29:32 Файл Z:/home/arhangel31337/www/Wings/DB.php подключён.
2012-03-19 13:36:46 Файл Z:/home/arhangel31337/www/Wings/Logs.php подключён.
2012-03-19 13:36:46 Файл Z:/home/arhangel31337/www/Wings/Singleton.php подключён.
2012-03-19 13:36:46 Файл Z:/home/arhangel31337/www/Wings/DB.php подключён.
2012-03-19 13:36:48 Файл Z:/home/arhangel31337/www/Wings/Logs.php подключён.
2012-03-19 13:36:48 Файл Z:/home/arhangel31337/www/Wings/Singleton.php подключён.
2012-03-19 13:36:48 Файл Z:/home/arhangel31337/www/Wings/DB.php подключён.
2012-03-19 13:36:51 Файл Z:/home/arhangel31337/www/Wings/Logs.php подключён.
2012-03-19 13:36:51 Файл Z:/home/arhangel31337/www/Wings/Singleton.php подключён.
2012-03-19 13:36:51 Файл Z:/home/arhangel31337/www/Wings/DB.php подключён.
2012-03-19 13:37:50 Файл Z:/home/arhangel31337/www/Wings/Logs.php подключён.
2012-03-19 13:37:50 Файл Z:/home/arhangel31337/www/Wings/Singleton.php подключён.
2012-03-19 13:37:50 Файл Z:/home/arhangel31337/www/Wings/DB.php подключён.
2012-03-19 13:37:51 Файл Z:/home/arhangel31337/www/Wings/Logs.php подключён.
2012-03-19 13:37:51 Файл Z:/home/arhangel31337/www/Wings/Singleton.php подключён.
2012-03-19 13:37:51 Файл Z:/home/arhangel31337/www/Wings/DB.php подключён.
2012-03-19 13:40:50 Файл Z:/home/arhangel31337/www/Wings/Logs.php подключён.
2012-03-19 13:40:50 Файл Z:/home/arhangel31337/www/Wings/Singleton.php подключён.
2012-03-19 13:40:50 Файл Z:/home/arhangel31337/www/Wings/DB.php подключён.
2012-03-19 13:41:02 Файл Z:/home/arhangel31337/www/Wings/Logs.php подключён.
2012-03-19 13:41:02 Файл Z:/home/arhangel31337/www/Wings/Singleton.php подключён.
2012-03-19 13:41:02 Файл Z:/home/arhangel31337/www/Wings/DB.php подключён.
2012-03-19 13:57:38 Файл Z:/home/arhangel31337/www/Wings/Logs.php подключён.
2012-03-19 13:57:38 Файл Z:/home/arhangel31337/www/Wings/Singleton.php подключён.
2012-03-19 13:57:38 Файл Z:/home/arhangel31337/www/Wings/DB.php подключён.
2012-03-19 13:57:43 Файл Z:/home/arhangel31337/www/Wings/Logs.php подключён.
2012-03-19 13:57:43 Файл Z:/home/arhangel31337/www/Wings/Singleton.php подключён.
2012-03-19 13:57:43 Файл Z:/home/arhangel31337/www/Wings/DB.php подключён.
2012-03-19 14:01:31 Файл Z:/home/arhangel31337/www/Wings/Logs.php подключён.
2012-03-19 14:01:31 Файл Z:/home/arhangel31337/www/Wings/Singleton.php подключён.
2012-03-19 14:01:31 Файл Z:/home/arhangel31337/www/Wings/DB.php подключён.
2012-03-19 14:52:20 Файл Z:/home/arhangel31337/www/Wings/Logs.php подключён.
2012-03-19 14:52:20 Файл Z:/home/arhangel31337/www/Wings/Singleton.php подключён.
2012-03-19 14:52:20 Файл Z:/home/arhangel31337/www/Wings/DB.php подключён.
2012-03-19 14:52:22 Файл Z:/home/arhangel31337/www/Wings/Logs.php подключён.
2012-03-19 14:52:22 Файл Z:/home/arhangel31337/www/Wings/Singleton.php подключён.
2012-03-19 14:52:22 Файл Z:/home/arhangel31337/www/Wings/DB.php подключён.
2012-03-19 14:53:20 Файл Z:/home/arhangel31337/www/Wings/Logs.php подключён.
2012-03-19 14:53:20 Файл Z:/home/arhangel31337/www/Wings/Singleton.php подключён.
2012-03-19 14:53:20 Файл Z:/home/arhangel31337/www/Wings/DB.php подключён.
2012-03-19 14:55:05 пїЅпїЅпїЅпїЅ Z:/home/arhangel31337/www/Wings/Logs.php пїЅпїЅпїЅпїЅпїЅпїЅпїЅпїЅпїЅ.
2012-03-19 14:55:05 пїЅпїЅпїЅпїЅ Z:/home/arhangel31337/www/Wings/Singleton.php пїЅпїЅпїЅпїЅпїЅпїЅпїЅпїЅпїЅ.
2012-03-19 14:55:05 пїЅпїЅпїЅпїЅ Z:/home/arhangel31337/www/Wings/DB.php пїЅпїЅпїЅпїЅпїЅпїЅпїЅпїЅпїЅ.
2012-03-19 14:55:14 пїЅпїЅпїЅпїЅ Z:/home/arhangel31337/www/Wings/Logs.php пїЅпїЅпїЅпїЅпїЅпїЅпїЅпїЅпїЅ.
2012-03-19 14:55:14 пїЅпїЅпїЅпїЅ Z:/home/arhangel31337/www/Wings/Singleton.php пїЅпїЅпїЅпїЅпїЅпїЅпїЅпїЅпїЅ.
2012-03-19 14:55:14 пїЅпїЅпїЅпїЅ Z:/home/arhangel31337/www/Wings/DB.php пїЅпїЅпїЅпїЅпїЅпїЅпїЅпїЅпїЅ.
2012-03-19 14:55:18 пїЅпїЅпїЅпїЅ Z:/home/arhangel31337/www/Wings/Logs.php пїЅпїЅпїЅпїЅпїЅпїЅпїЅпїЅпїЅ.
2012-03-19 14:55:18 пїЅпїЅпїЅпїЅ Z:/home/arhangel31337/www/Wings/Singleton.php пїЅпїЅпїЅпїЅпїЅпїЅпїЅпїЅпїЅ.
2012-03-19 14:55:18 пїЅпїЅпїЅпїЅ Z:/home/arhangel31337/www/Wings/DB.php пїЅпїЅпїЅпїЅпїЅпїЅпїЅпїЅпїЅ.
