2012-05-16 04:54:23 Файл /home/webservers/vprokate.ru/www/Wings/Logs.php подключён.
2012-05-16 04:54:23 Файл /home/webservers/vprokate.ru/www/Wings/DB.php подключён.
2012-05-16 04:54:23 Файл /home/webservers/vprokate.ru/www/Applications/FrontEnd/Workspace.php подключён.
2012-05-16 04:54:23 Файл /home/webservers/vprokate.ru/www/Applications/FrontEnd/FrontEndModel.php подключён.
2012-05-16 04:54:23 Файл /home/webservers/vprokate.ru/www/Applications/FrontEnd/Index/Controller.php подключён.
2012-05-16 04:54:23 Файл /home/webservers/vprokate.ru/www/Applications/FrontEnd/Index/View.php подключён.
2012-05-16 13:49:02 Файл /home/webservers/vprokate.ru/www/Wings/Logs.php подключён.
2012-05-16 13:49:02 Файл /home/webservers/vprokate.ru/www/Wings/DB.php подключён.
2012-05-16 13:49:02 Файл /home/webservers/vprokate.ru/www/Applications/FrontEnd/Workspace.php подключён.
2012-05-16 13:49:02 Файл /home/webservers/vprokate.ru/www/Applications/FrontEnd/FrontEndModel.php подключён.
2012-05-16 13:49:02 Файл /home/webservers/vprokate.ru/www/Applications/FrontEnd/Index/Controller.php подключён.
2012-05-16 13:49:02 Файл /home/webservers/vprokate.ru/www/Applications/FrontEnd/Index/View.php подключён.
2012-05-16 13:49:58 Файл /home/webservers/vprokate.ru/www/Wings/Logs.php подключён.
2012-05-16 13:49:58 Файл /home/webservers/vprokate.ru/www/Wings/DB.php подключён.
2012-05-16 13:49:58 Файл /home/webservers/vprokate.ru/www/Applications/FrontEnd/Workspace.php подключён.
2012-05-16 13:49:58 Файл /home/webservers/vprokate.ru/www/Applications/FrontEnd/FrontEndModel.php подключён.
2012-05-16 13:49:58 Файл /home/webservers/vprokate.ru/www/Applications/FrontEnd/Error/Controller.php не найден.
2012-05-16 13:50:11 Файл /home/webservers/vprokate.ru/www/Wings/Logs.php подключён.
2012-05-16 13:50:11 Файл /home/webservers/vprokate.ru/www/Wings/DB.php подключён.
2012-05-16 13:50:11 Файл /home/webservers/vprokate.ru/www/Applications/FrontEnd/Workspace.php подключён.
2012-05-16 13:50:11 Файл /home/webservers/vprokate.ru/www/Applications/FrontEnd/FrontEndModel.php подключён.
2012-05-16 13:50:11 Файл /home/webservers/vprokate.ru/www/Applications/FrontEnd/Error/Controller.php не найден.
