2012-06-06 10:13:03 Файл /home/webservers/alpha.vprokate.ru/www/Wings/Logs.php подключён.
2012-06-06 10:13:03 Файл /home/webservers/alpha.vprokate.ru/www/Wings/DB.php подключён.
2012-06-06 10:13:03 Файл /home/webservers/alpha.vprokate.ru/www/Applications/FrontEnd/Workspace.php подключён.
2012-06-06 10:13:03 Файл /home/webservers/alpha.vprokate.ru/www/Applications/FrontEnd/FrontEndModel.php подключён.
2012-06-06 10:13:03 Файл /home/webservers/alpha.vprokate.ru/www/Applications/FrontEnd/Error/Controller.php не найден.
2012-06-06 12:11:24 Файл /home/webservers/alpha.vprokate.ru/www/Wings/Logs.php подключён.
2012-06-06 12:11:24 Файл /home/webservers/alpha.vprokate.ru/www/Wings/DB.php подключён.
2012-06-06 12:11:24 Файл /home/webservers/alpha.vprokate.ru/www/Applications/FrontEnd/Workspace.php подключён.
2012-06-06 12:11:24 Файл /home/webservers/alpha.vprokate.ru/www/Applications/FrontEnd/FrontEndModel.php подключён.
2012-06-06 12:11:24 Файл /home/webservers/alpha.vprokate.ru/www/Applications/FrontEnd/Index/Controller.php подключён.
2012-06-06 12:11:24 Файл /home/webservers/alpha.vprokate.ru/www/Applications/FrontEnd/Index/View.php подключён.
2012-06-06 12:11:26 Файл /home/webservers/alpha.vprokate.ru/www/Wings/Logs.php подключён.
2012-06-06 12:11:26 Файл /home/webservers/alpha.vprokate.ru/www/Wings/DB.php подключён.
2012-06-06 12:11:26 Файл /home/webservers/alpha.vprokate.ru/www/Applications/FrontEnd/Workspace.php подключён.
2012-06-06 12:11:26 Файл /home/webservers/alpha.vprokate.ru/www/Applications/FrontEnd/FrontEndModel.php подключён.
2012-06-06 12:11:26 Файл /home/webservers/alpha.vprokate.ru/www/Applications/FrontEnd/Error/Controller.php не найден.
2012-06-06 12:11:56 Файл /home/webservers/alpha.vprokate.ru/www/Wings/Logs.php подключён.
2012-06-06 12:11:56 Файл /home/webservers/alpha.vprokate.ru/www/Wings/DB.php подключён.
2012-06-06 12:11:56 Файл /home/webservers/alpha.vprokate.ru/www/Applications/FrontEnd/Workspace.php подключён.
2012-06-06 12:11:56 Файл /home/webservers/alpha.vprokate.ru/www/Applications/FrontEnd/FrontEndModel.php подключён.
2012-06-06 12:11:56 Файл /home/webservers/alpha.vprokate.ru/www/Applications/FrontEnd/Error/Controller.php не найден.
2012-06-06 12:18:51 Файл /home/webservers/alpha.vprokate.ru/www/Wings/Logs.php подключён.
2012-06-06 12:18:51 Файл /home/webservers/alpha.vprokate.ru/www/Wings/DB.php подключён.
2012-06-06 12:18:51 Файл /home/webservers/alpha.vprokate.ru/www/Applications/FrontEnd/Workspace.php подключён.
2012-06-06 12:18:51 Файл /home/webservers/alpha.vprokate.ru/www/Applications/FrontEnd/FrontEndModel.php подключён.
2012-06-06 12:18:51 Файл /home/webservers/alpha.vprokate.ru/www/Applications/FrontEnd/Index/Controller.php подключён.
2012-06-06 12:18:51 Файл /home/webservers/alpha.vprokate.ru/www/Applications/FrontEnd/Index/View.php подключён.
2012-06-06 12:18:53 Файл /home/webservers/alpha.vprokate.ru/www/Wings/Logs.php подключён.
2012-06-06 12:18:53 Файл /home/webservers/alpha.vprokate.ru/www/Wings/DB.php подключён.
2012-06-06 12:18:53 Файл /home/webservers/alpha.vprokate.ru/www/Applications/FrontEnd/Workspace.php подключён.
2012-06-06 12:18:53 Файл /home/webservers/alpha.vprokate.ru/www/Applications/FrontEnd/FrontEndModel.php подключён.
2012-06-06 12:18:53 Файл /home/webservers/alpha.vprokate.ru/www/Applications/FrontEnd/Error/Controller.php не найден.
2012-06-06 12:18:53 Файл /home/webservers/alpha.vprokate.ru/www/Wings/Logs.php подключён.
2012-06-06 12:18:53 Файл /home/webservers/alpha.vprokate.ru/www/Wings/DB.php подключён.
2012-06-06 12:18:53 Файл /home/webservers/alpha.vprokate.ru/www/Applications/FrontEnd/Workspace.php подключён.
2012-06-06 12:18:53 Файл /home/webservers/alpha.vprokate.ru/www/Applications/FrontEnd/FrontEndModel.php подключён.
2012-06-06 12:18:53 Файл /home/webservers/alpha.vprokate.ru/www/Applications/FrontEnd/Index/Controller.php подключён.
2012-06-06 12:18:53 Файл /home/webservers/alpha.vprokate.ru/www/Applications/FrontEnd/Index/View.php подключён.
2012-06-06 12:18:54 Файл /home/webservers/alpha.vprokate.ru/www/Wings/Logs.php подключён.
2012-06-06 12:18:54 Файл /home/webservers/alpha.vprokate.ru/www/Wings/DB.php подключён.
2012-06-06 12:18:54 Файл /home/webservers/alpha.vprokate.ru/www/Applications/FrontEnd/Workspace.php подключён.
2012-06-06 12:18:54 Файл /home/webservers/alpha.vprokate.ru/www/Applications/FrontEnd/FrontEndModel.php подключён.
2012-06-06 12:18:54 Файл /home/webservers/alpha.vprokate.ru/www/Applications/FrontEnd/Error/Controller.php не найден.
2012-06-06 12:18:55 Файл /home/webservers/alpha.vprokate.ru/www/Wings/Logs.php подключён.
2012-06-06 12:18:55 Файл /home/webservers/alpha.vprokate.ru/www/Wings/DB.php подключён.
2012-06-06 12:18:55 Файл /home/webservers/alpha.vprokate.ru/www/Applications/FrontEnd/Workspace.php подключён.
2012-06-06 12:18:55 Файл /home/webservers/alpha.vprokate.ru/www/Applications/FrontEnd/FrontEndModel.php подключён.
2012-06-06 12:18:55 Файл /home/webservers/alpha.vprokate.ru/www/Applications/FrontEnd/Index/Controller.php подключён.
2012-06-06 12:18:55 Файл /home/webservers/alpha.vprokate.ru/www/Applications/FrontEnd/Index/View.php подключён.
2012-06-06 12:18:56 Файл /home/webservers/alpha.vprokate.ru/www/Wings/Logs.php подключён.
2012-06-06 12:18:56 Файл /home/webservers/alpha.vprokate.ru/www/Wings/DB.php подключён.
2012-06-06 12:18:56 Файл /home/webservers/alpha.vprokate.ru/www/Applications/FrontEnd/Workspace.php подключён.
2012-06-06 12:18:56 Файл /home/webservers/alpha.vprokate.ru/www/Applications/FrontEnd/FrontEndModel.php подключён.
2012-06-06 12:18:56 Файл /home/webservers/alpha.vprokate.ru/www/Applications/FrontEnd/Error/Controller.php не найден.
2012-06-06 12:18:58 Файл /home/webservers/alpha.vprokate.ru/www/Wings/Logs.php подключён.
2012-06-06 12:18:58 Файл /home/webservers/alpha.vprokate.ru/www/Wings/DB.php подключён.
2012-06-06 12:18:58 Файл /home/webservers/alpha.vprokate.ru/www/Applications/FrontEnd/Workspace.php подключён.
2012-06-06 12:18:58 Файл /home/webservers/alpha.vprokate.ru/www/Applications/FrontEnd/FrontEndModel.php подключён.
2012-06-06 12:18:58 Файл /home/webservers/alpha.vprokate.ru/www/Applications/FrontEnd/Index/Controller.php подключён.
2012-06-06 12:18:58 Файл /home/webservers/alpha.vprokate.ru/www/Applications/FrontEnd/Index/View.php подключён.
2012-06-06 12:18:59 Файл /home/webservers/alpha.vprokate.ru/www/Wings/Logs.php подключён.
2012-06-06 12:18:59 Файл /home/webservers/alpha.vprokate.ru/www/Wings/DB.php подключён.
2012-06-06 12:18:59 Файл /home/webservers/alpha.vprokate.ru/www/Applications/FrontEnd/Workspace.php подключён.
2012-06-06 12:18:59 Файл /home/webservers/alpha.vprokate.ru/www/Applications/FrontEnd/FrontEndModel.php подключён.
2012-06-06 12:18:59 Файл /home/webservers/alpha.vprokate.ru/www/Applications/FrontEnd/Error/Controller.php не найден.
2012-06-06 12:19:00 Файл /home/webservers/alpha.vprokate.ru/www/Wings/Logs.php подключён.
2012-06-06 12:19:00 Файл /home/webservers/alpha.vprokate.ru/www/Wings/DB.php подключён.
2012-06-06 12:19:00 Файл /home/webservers/alpha.vprokate.ru/www/Applications/FrontEnd/Workspace.php подключён.
2012-06-06 12:19:00 Файл /home/webservers/alpha.vprokate.ru/www/Applications/FrontEnd/FrontEndModel.php подключён.
2012-06-06 12:19:00 Файл /home/webservers/alpha.vprokate.ru/www/Applications/FrontEnd/Films/Controller.php подключён.
2012-06-06 12:19:00 Файл /home/webservers/alpha.vprokate.ru/www/Applications/FrontEnd/Films/View.php подключён.
2012-06-06 12:19:01 Файл /home/webservers/alpha.vprokate.ru/www/Wings/Logs.php подключён.
2012-06-06 12:19:01 Файл /home/webservers/alpha.vprokate.ru/www/Wings/DB.php подключён.
2012-06-06 12:19:01 Файл /home/webservers/alpha.vprokate.ru/www/Applications/FrontEnd/Workspace.php подключён.
2012-06-06 12:19:01 Файл /home/webservers/alpha.vprokate.ru/www/Applications/FrontEnd/FrontEndModel.php подключён.
2012-06-06 12:19:01 Файл /home/webservers/alpha.vprokate.ru/www/Applications/FrontEnd/Error/Controller.php не найден.
2012-06-06 12:19:04 Файл /home/webservers/alpha.vprokate.ru/www/Wings/Logs.php подключён.
2012-06-06 12:19:04 Файл /home/webservers/alpha.vprokate.ru/www/Wings/DB.php подключён.
2012-06-06 12:19:04 Файл /home/webservers/alpha.vprokate.ru/www/Applications/FrontEnd/Workspace.php подключён.
2012-06-06 12:19:04 Файл /home/webservers/alpha.vprokate.ru/www/Applications/FrontEnd/FrontEndModel.php подключён.
2012-06-06 12:19:04 Файл /home/webservers/alpha.vprokate.ru/www/Applications/FrontEnd/Index/Controller.php подключён.
2012-06-06 12:19:04 Файл /home/webservers/alpha.vprokate.ru/www/Applications/FrontEnd/Index/View.php подключён.
2012-06-06 12:19:05 Файл /home/webservers/alpha.vprokate.ru/www/Wings/Logs.php подключён.
2012-06-06 12:19:05 Файл /home/webservers/alpha.vprokate.ru/www/Wings/DB.php подключён.
2012-06-06 12:19:05 Файл /home/webservers/alpha.vprokate.ru/www/Applications/FrontEnd/Workspace.php подключён.
2012-06-06 12:19:05 Файл /home/webservers/alpha.vprokate.ru/www/Applications/FrontEnd/FrontEndModel.php подключён.
2012-06-06 12:19:05 Файл /home/webservers/alpha.vprokate.ru/www/Applications/FrontEnd/Error/Controller.php не найден.
2012-06-06 12:19:07 Файл /home/webservers/alpha.vprokate.ru/www/Wings/Logs.php подключён.
2012-06-06 12:19:07 Файл /home/webservers/alpha.vprokate.ru/www/Wings/DB.php подключён.
2012-06-06 12:19:07 Файл /home/webservers/alpha.vprokate.ru/www/Applications/FrontEnd/Workspace.php подключён.
2012-06-06 12:19:07 Файл /home/webservers/alpha.vprokate.ru/www/Applications/FrontEnd/FrontEndModel.php подключён.
2012-06-06 12:19:07 Файл /home/webservers/alpha.vprokate.ru/www/Applications/FrontEnd/Films/Controller.php подключён.
2012-06-06 12:19:07 Файл /home/webservers/alpha.vprokate.ru/www/Applications/FrontEnd/Films/View.php подключён.
2012-06-06 12:19:08 Файл /home/webservers/alpha.vprokate.ru/www/Wings/Logs.php подключён.
2012-06-06 12:19:08 Файл /home/webservers/alpha.vprokate.ru/www/Wings/DB.php подключён.
2012-06-06 12:19:08 Файл /home/webservers/alpha.vprokate.ru/www/Applications/FrontEnd/Workspace.php подключён.
2012-06-06 12:19:08 Файл /home/webservers/alpha.vprokate.ru/www/Applications/FrontEnd/FrontEndModel.php подключён.
2012-06-06 12:19:08 Файл /home/webservers/alpha.vprokate.ru/www/Applications/FrontEnd/Error/Controller.php не найден.
2012-06-06 12:19:09 Файл /home/webservers/alpha.vprokate.ru/www/Wings/Logs.php подключён.
2012-06-06 12:19:09 Файл /home/webservers/alpha.vprokate.ru/www/Wings/DB.php подключён.
2012-06-06 12:19:09 Файл /home/webservers/alpha.vprokate.ru/www/Applications/FrontEnd/Workspace.php подключён.
2012-06-06 12:19:09 Файл /home/webservers/alpha.vprokate.ru/www/Applications/FrontEnd/FrontEndModel.php подключён.
2012-06-06 12:19:09 Файл /home/webservers/alpha.vprokate.ru/www/Applications/FrontEnd/Films/Controller.php подключён.
2012-06-06 12:19:09 Файл /home/webservers/alpha.vprokate.ru/www/Applications/FrontEnd/Films/View.php подключён.
2012-06-06 12:19:10 Файл /home/webservers/alpha.vprokate.ru/www/Wings/Logs.php подключён.
2012-06-06 12:19:10 Файл /home/webservers/alpha.vprokate.ru/www/Wings/DB.php подключён.
2012-06-06 12:19:10 Файл /home/webservers/alpha.vprokate.ru/www/Applications/FrontEnd/Workspace.php подключён.
2012-06-06 12:19:10 Файл /home/webservers/alpha.vprokate.ru/www/Applications/FrontEnd/FrontEndModel.php подключён.
2012-06-06 12:19:10 Файл /home/webservers/alpha.vprokate.ru/www/Applications/FrontEnd/Error/Controller.php не найден.
2012-06-06 12:19:16 Файл /home/webservers/alpha.vprokate.ru/www/Wings/Logs.php подключён.
2012-06-06 12:19:16 Файл /home/webservers/alpha.vprokate.ru/www/Wings/DB.php подключён.
2012-06-06 12:19:16 Файл /home/webservers/alpha.vprokate.ru/www/Applications/FrontEnd/Workspace.php подключён.
2012-06-06 12:19:16 Файл /home/webservers/alpha.vprokate.ru/www/Applications/FrontEnd/FrontEndModel.php подключён.
2012-06-06 12:19:16 Файл /home/webservers/alpha.vprokate.ru/www/Applications/FrontEnd/Index/Controller.php подключён.
2012-06-06 12:19:16 Файл /home/webservers/alpha.vprokate.ru/www/Applications/FrontEnd/Index/View.php подключён.
2012-06-06 12:19:16 Файл /home/webservers/alpha.vprokate.ru/www/Wings/Logs.php подключён.
2012-06-06 12:19:16 Файл /home/webservers/alpha.vprokate.ru/www/Wings/DB.php подключён.
2012-06-06 12:19:16 Файл /home/webservers/alpha.vprokate.ru/www/Applications/FrontEnd/Workspace.php подключён.
2012-06-06 12:19:16 Файл /home/webservers/alpha.vprokate.ru/www/Applications/FrontEnd/FrontEndModel.php подключён.
2012-06-06 12:19:16 Файл /home/webservers/alpha.vprokate.ru/www/Applications/FrontEnd/Error/Controller.php не найден.
2012-06-06 12:19:21 Файл /home/webservers/alpha.vprokate.ru/www/Wings/Logs.php подключён.
2012-06-06 12:19:21 Файл /home/webservers/alpha.vprokate.ru/www/Wings/DB.php подключён.
2012-06-06 12:19:21 Файл /home/webservers/alpha.vprokate.ru/www/Applications/FrontEnd/Workspace.php подключён.
2012-06-06 12:19:21 Файл /home/webservers/alpha.vprokate.ru/www/Applications/FrontEnd/FrontEndModel.php подключён.
2012-06-06 12:19:21 Файл /home/webservers/alpha.vprokate.ru/www/Applications/FrontEnd/Error/Controller.php не найден.
2012-06-06 12:19:24 Файл /home/webservers/alpha.vprokate.ru/www/Wings/Logs.php подключён.
2012-06-06 12:19:24 Файл /home/webservers/alpha.vprokate.ru/www/Wings/DB.php подключён.
2012-06-06 12:19:24 Файл /home/webservers/alpha.vprokate.ru/www/Applications/FrontEnd/Workspace.php подключён.
2012-06-06 12:19:24 Файл /home/webservers/alpha.vprokate.ru/www/Applications/FrontEnd/FrontEndModel.php подключён.
2012-06-06 12:19:24 Файл /home/webservers/alpha.vprokate.ru/www/Applications/FrontEnd/Error/Controller.php не найден.
2012-06-06 12:19:26 Файл /home/webservers/alpha.vprokate.ru/www/Wings/Logs.php подключён.
2012-06-06 12:19:26 Файл /home/webservers/alpha.vprokate.ru/www/Wings/DB.php подключён.
2012-06-06 12:19:26 Файл /home/webservers/alpha.vprokate.ru/www/Applications/FrontEnd/Workspace.php подключён.
2012-06-06 12:19:26 Файл /home/webservers/alpha.vprokate.ru/www/Applications/FrontEnd/FrontEndModel.php подключён.
2012-06-06 12:19:26 Файл /home/webservers/alpha.vprokate.ru/www/Applications/FrontEnd/Films/Controller.php подключён.
2012-06-06 12:19:26 Файл /home/webservers/alpha.vprokate.ru/www/Applications/FrontEnd/Films/View.php подключён.
2012-06-06 12:19:27 Файл /home/webservers/alpha.vprokate.ru/www/Wings/Logs.php подключён.
2012-06-06 12:19:27 Файл /home/webservers/alpha.vprokate.ru/www/Wings/DB.php подключён.
2012-06-06 12:19:27 Файл /home/webservers/alpha.vprokate.ru/www/Applications/FrontEnd/Workspace.php подключён.
2012-06-06 12:19:27 Файл /home/webservers/alpha.vprokate.ru/www/Applications/FrontEnd/FrontEndModel.php подключён.
2012-06-06 12:19:27 Файл /home/webservers/alpha.vprokate.ru/www/Applications/FrontEnd/Error/Controller.php не найден.
2012-06-06 12:19:29 Файл /home/webservers/alpha.vprokate.ru/www/Wings/Logs.php подключён.
2012-06-06 12:19:29 Файл /home/webservers/alpha.vprokate.ru/www/Wings/DB.php подключён.
2012-06-06 12:19:29 Файл /home/webservers/alpha.vprokate.ru/www/Applications/FrontEnd/Workspace.php подключён.
2012-06-06 12:19:29 Файл /home/webservers/alpha.vprokate.ru/www/Applications/FrontEnd/FrontEndModel.php подключён.
2012-06-06 12:19:29 Файл /home/webservers/alpha.vprokate.ru/www/Applications/FrontEnd/Index/Controller.php подключён.
2012-06-06 12:19:29 Файл /home/webservers/alpha.vprokate.ru/www/Applications/FrontEnd/Index/View.php подключён.
2012-06-06 12:19:31 Файл /home/webservers/alpha.vprokate.ru/www/Wings/Logs.php подключён.
2012-06-06 12:19:31 Файл /home/webservers/alpha.vprokate.ru/www/Wings/DB.php подключён.
2012-06-06 12:19:31 Файл /home/webservers/alpha.vprokate.ru/www/Applications/FrontEnd/Workspace.php подключён.
2012-06-06 12:19:31 Файл /home/webservers/alpha.vprokate.ru/www/Applications/FrontEnd/FrontEndModel.php подключён.
2012-06-06 12:19:31 Файл /home/webservers/alpha.vprokate.ru/www/Applications/FrontEnd/Error/Controller.php не найден.
2012-06-06 12:19:40 Файл /home/webservers/alpha.vprokate.ru/www/Wings/Logs.php подключён.
2012-06-06 12:19:40 Файл /home/webservers/alpha.vprokate.ru/www/Wings/DB.php подключён.
2012-06-06 12:19:40 Файл /home/webservers/alpha.vprokate.ru/www/Applications/FrontEnd/Workspace.php подключён.
2012-06-06 12:19:40 Файл /home/webservers/alpha.vprokate.ru/www/Applications/FrontEnd/FrontEndModel.php подключён.
2012-06-06 12:19:40 Файл /home/webservers/alpha.vprokate.ru/www/Applications/FrontEnd/Error/Controller.php не найден.
2012-06-06 12:19:48 Файл /home/webservers/alpha.vprokate.ru/www/Wings/Logs.php подключён.
2012-06-06 12:19:48 Файл /home/webservers/alpha.vprokate.ru/www/Wings/DB.php подключён.
2012-06-06 12:19:48 Файл /home/webservers/alpha.vprokate.ru/www/Applications/FrontEnd/Workspace.php подключён.
2012-06-06 12:19:48 Файл /home/webservers/alpha.vprokate.ru/www/Applications/FrontEnd/FrontEndModel.php подключён.
2012-06-06 12:19:48 Файл /home/webservers/alpha.vprokate.ru/www/Applications/FrontEnd/Error/Controller.php не найден.
2012-06-06 12:19:59 Файл /home/webservers/alpha.vprokate.ru/www/Wings/Logs.php подключён.
2012-06-06 12:19:59 Файл /home/webservers/alpha.vprokate.ru/www/Wings/DB.php подключён.
2012-06-06 12:19:59 Файл /home/webservers/alpha.vprokate.ru/www/Applications/FrontEnd/Workspace.php подключён.
2012-06-06 12:19:59 Файл /home/webservers/alpha.vprokate.ru/www/Applications/FrontEnd/FrontEndModel.php подключён.
2012-06-06 12:19:59 Файл /home/webservers/alpha.vprokate.ru/www/Applications/FrontEnd/Error/Controller.php не найден.
2012-06-06 12:20:03 Файл /home/webservers/alpha.vprokate.ru/www/Wings/Logs.php подключён.
2012-06-06 12:20:03 Файл /home/webservers/alpha.vprokate.ru/www/Wings/DB.php подключён.
2012-06-06 12:20:03 Файл /home/webservers/alpha.vprokate.ru/www/Applications/FrontEnd/Workspace.php подключён.
2012-06-06 12:20:03 Файл /home/webservers/alpha.vprokate.ru/www/Applications/FrontEnd/FrontEndModel.php подключён.
2012-06-06 12:20:03 Файл /home/webservers/alpha.vprokate.ru/www/Applications/FrontEnd/Index/Controller.php подключён.
2012-06-06 12:20:03 Файл /home/webservers/alpha.vprokate.ru/www/Applications/FrontEnd/Index/View.php подключён.
2012-06-06 12:20:04 Файл /home/webservers/alpha.vprokate.ru/www/Wings/Logs.php подключён.
2012-06-06 12:20:04 Файл /home/webservers/alpha.vprokate.ru/www/Wings/DB.php подключён.
2012-06-06 12:20:04 Файл /home/webservers/alpha.vprokate.ru/www/Applications/FrontEnd/Workspace.php подключён.
2012-06-06 12:20:04 Файл /home/webservers/alpha.vprokate.ru/www/Applications/FrontEnd/FrontEndModel.php подключён.
2012-06-06 12:20:04 Файл /home/webservers/alpha.vprokate.ru/www/Applications/FrontEnd/Error/Controller.php не найден.
2012-06-06 12:20:14 Файл /home/webservers/alpha.vprokate.ru/www/Wings/Logs.php подключён.
2012-06-06 12:20:14 Файл /home/webservers/alpha.vprokate.ru/www/Wings/DB.php подключён.
2012-06-06 12:20:14 Файл /home/webservers/alpha.vprokate.ru/www/Applications/FrontEnd/Workspace.php подключён.
2012-06-06 12:20:14 Файл /home/webservers/alpha.vprokate.ru/www/Applications/FrontEnd/FrontEndModel.php подключён.
2012-06-06 12:20:14 Файл /home/webservers/alpha.vprokate.ru/www/Applications/FrontEnd/Index/Controller.php подключён.
2012-06-06 12:20:14 Файл /home/webservers/alpha.vprokate.ru/www/Applications/FrontEnd/Index/View.php подключён.
2012-06-06 12:20:15 Файл /home/webservers/alpha.vprokate.ru/www/Wings/Logs.php подключён.
2012-06-06 12:20:15 Файл /home/webservers/alpha.vprokate.ru/www/Wings/DB.php подключён.
2012-06-06 12:20:15 Файл /home/webservers/alpha.vprokate.ru/www/Applications/FrontEnd/Workspace.php подключён.
2012-06-06 12:20:15 Файл /home/webservers/alpha.vprokate.ru/www/Applications/FrontEnd/FrontEndModel.php подключён.
2012-06-06 12:20:15 Файл /home/webservers/alpha.vprokate.ru/www/Applications/FrontEnd/Error/Controller.php не найден.
2012-06-06 22:59:45 Файл /home/webservers/alpha.vprokate.ru/www/Wings/Logs.php подключён.
2012-06-06 22:59:45 Файл /home/webservers/alpha.vprokate.ru/www/Wings/DB.php подключён.
2012-06-06 22:59:45 Файл /home/webservers/alpha.vprokate.ru/www/Applications/FrontEnd/Workspace.php подключён.
2012-06-06 22:59:45 Файл /home/webservers/alpha.vprokate.ru/www/Applications/FrontEnd/FrontEndModel.php подключён.
2012-06-06 22:59:45 Файл /home/webservers/alpha.vprokate.ru/www/Applications/FrontEnd/Error/Controller.php не найден.
2012-06-06 23:03:25 Файл /home/webservers/alpha.vprokate.ru/www/Wings/Logs.php подключён.
2012-06-06 23:03:25 Файл /home/webservers/alpha.vprokate.ru/www/Wings/DB.php подключён.
2012-06-06 23:03:25 Файл /home/webservers/alpha.vprokate.ru/www/Applications/FrontEnd/Workspace.php подключён.
2012-06-06 23:03:25 Файл /home/webservers/alpha.vprokate.ru/www/Applications/FrontEnd/FrontEndModel.php подключён.
2012-06-06 23:03:25 Файл /home/webservers/alpha.vprokate.ru/www/Applications/FrontEnd/Index/Controller.php подключён.
2012-06-06 23:03:25 Файл /home/webservers/alpha.vprokate.ru/www/Applications/FrontEnd/Index/View.php подключён.
2012-06-06 23:14:11 Файл /home/webservers/alpha.vprokate.ru/www/Wings/Logs.php подключён.
2012-06-06 23:14:11 Файл /home/webservers/alpha.vprokate.ru/www/Wings/DB.php подключён.
2012-06-06 23:14:11 Файл /home/webservers/alpha.vprokate.ru/www/Applications/FrontEnd/Workspace.php подключён.
2012-06-06 23:14:11 Файл /home/webservers/alpha.vprokate.ru/www/Applications/FrontEnd/FrontEndModel.php подключён.
2012-06-06 23:14:11 Файл /home/webservers/alpha.vprokate.ru/www/Applications/FrontEnd/Index/Controller.php подключён.
2012-06-06 23:14:11 Файл /home/webservers/alpha.vprokate.ru/www/Applications/FrontEnd/Index/View.php подключён.
2012-06-06 23:14:13 Файл /home/webservers/alpha.vprokate.ru/www/Wings/Logs.php подключён.
2012-06-06 23:14:13 Файл /home/webservers/alpha.vprokate.ru/www/Wings/DB.php подключён.
2012-06-06 23:14:13 Файл /home/webservers/alpha.vprokate.ru/www/Applications/FrontEnd/Workspace.php подключён.
2012-06-06 23:14:13 Файл /home/webservers/alpha.vprokate.ru/www/Applications/FrontEnd/FrontEndModel.php подключён.
2012-06-06 23:14:13 Файл /home/webservers/alpha.vprokate.ru/www/Applications/FrontEnd/Error/Controller.php не найден.
2012-06-06 23:14:14 Файл /home/webservers/alpha.vprokate.ru/www/Wings/Logs.php подключён.
2012-06-06 23:14:14 Файл /home/webservers/alpha.vprokate.ru/www/Wings/DB.php подключён.
2012-06-06 23:14:14 Файл /home/webservers/alpha.vprokate.ru/www/Applications/FrontEnd/Workspace.php подключён.
2012-06-06 23:14:14 Файл /home/webservers/alpha.vprokate.ru/www/Applications/FrontEnd/FrontEndModel.php подключён.
2012-06-06 23:14:14 Файл /home/webservers/alpha.vprokate.ru/www/Applications/FrontEnd/Index/Controller.php подключён.
2012-06-06 23:14:14 Файл /home/webservers/alpha.vprokate.ru/www/Applications/FrontEnd/Index/View.php подключён.
2012-06-06 23:14:15 Файл /home/webservers/alpha.vprokate.ru/www/Wings/Logs.php подключён.
2012-06-06 23:14:15 Файл /home/webservers/alpha.vprokate.ru/www/Wings/DB.php подключён.
2012-06-06 23:14:15 Файл /home/webservers/alpha.vprokate.ru/www/Applications/FrontEnd/Workspace.php подключён.
2012-06-06 23:14:15 Файл /home/webservers/alpha.vprokate.ru/www/Applications/FrontEnd/FrontEndModel.php подключён.
2012-06-06 23:14:15 Файл /home/webservers/alpha.vprokate.ru/www/Applications/FrontEnd/Error/Controller.php не найден.
2012-06-06 23:14:16 Файл /home/webservers/alpha.vprokate.ru/www/Wings/Logs.php подключён.
2012-06-06 23:14:16 Файл /home/webservers/alpha.vprokate.ru/www/Wings/DB.php подключён.
2012-06-06 23:14:16 Файл /home/webservers/alpha.vprokate.ru/www/Applications/FrontEnd/Workspace.php подключён.
2012-06-06 23:14:16 Файл /home/webservers/alpha.vprokate.ru/www/Applications/FrontEnd/FrontEndModel.php подключён.
2012-06-06 23:14:16 Файл /home/webservers/alpha.vprokate.ru/www/Applications/FrontEnd/Index/Controller.php подключён.
2012-06-06 23:14:16 Файл /home/webservers/alpha.vprokate.ru/www/Applications/FrontEnd/Index/View.php подключён.
2012-06-06 23:14:17 Файл /home/webservers/alpha.vprokate.ru/www/Wings/Logs.php подключён.
2012-06-06 23:14:17 Файл /home/webservers/alpha.vprokate.ru/www/Wings/DB.php подключён.
2012-06-06 23:14:17 Файл /home/webservers/alpha.vprokate.ru/www/Applications/FrontEnd/Workspace.php подключён.
2012-06-06 23:14:17 Файл /home/webservers/alpha.vprokate.ru/www/Applications/FrontEnd/FrontEndModel.php подключён.
2012-06-06 23:14:17 Файл /home/webservers/alpha.vprokate.ru/www/Applications/FrontEnd/Error/Controller.php не найден.
2012-06-06 23:14:19 Файл /home/webservers/alpha.vprokate.ru/www/Wings/Logs.php подключён.
2012-06-06 23:14:19 Файл /home/webservers/alpha.vprokate.ru/www/Wings/DB.php подключён.
2012-06-06 23:14:19 Файл /home/webservers/alpha.vprokate.ru/www/Applications/FrontEnd/Workspace.php подключён.
2012-06-06 23:14:19 Файл /home/webservers/alpha.vprokate.ru/www/Applications/FrontEnd/FrontEndModel.php подключён.
2012-06-06 23:14:19 Файл /home/webservers/alpha.vprokate.ru/www/Applications/FrontEnd/Films/Controller.php подключён.
2012-06-06 23:14:19 Файл /home/webservers/alpha.vprokate.ru/www/Applications/FrontEnd/Films/View.php подключён.
2012-06-06 23:14:21 Файл /home/webservers/alpha.vprokate.ru/www/Wings/Logs.php подключён.
2012-06-06 23:14:21 Файл /home/webservers/alpha.vprokate.ru/www/Wings/DB.php подключён.
2012-06-06 23:14:21 Файл /home/webservers/alpha.vprokate.ru/www/Applications/FrontEnd/Workspace.php подключён.
2012-06-06 23:14:21 Файл /home/webservers/alpha.vprokate.ru/www/Applications/FrontEnd/FrontEndModel.php подключён.
2012-06-06 23:14:21 Файл /home/webservers/alpha.vprokate.ru/www/Applications/FrontEnd/Error/Controller.php не найден.
2012-06-06 23:14:23 Файл /home/webservers/alpha.vprokate.ru/www/Wings/Logs.php подключён.
2012-06-06 23:14:23 Файл /home/webservers/alpha.vprokate.ru/www/Wings/DB.php подключён.
2012-06-06 23:14:23 Файл /home/webservers/alpha.vprokate.ru/www/Applications/FrontEnd/Workspace.php подключён.
2012-06-06 23:14:23 Файл /home/webservers/alpha.vprokate.ru/www/Applications/FrontEnd/FrontEndModel.php подключён.
2012-06-06 23:14:23 Файл /home/webservers/alpha.vprokate.ru/www/Applications/FrontEnd/Error/Controller.php не найден.
2012-06-06 23:14:43 Файл /home/webservers/alpha.vprokate.ru/www/Wings/Logs.php подключён.
2012-06-06 23:14:43 Файл /home/webservers/alpha.vprokate.ru/www/Wings/DB.php подключён.
2012-06-06 23:14:43 Файл /home/webservers/alpha.vprokate.ru/www/Applications/FrontEnd/Workspace.php подключён.
2012-06-06 23:14:43 Файл /home/webservers/alpha.vprokate.ru/www/Applications/FrontEnd/FrontEndModel.php подключён.
2012-06-06 23:14:43 Файл /home/webservers/alpha.vprokate.ru/www/Applications/FrontEnd/Error/Controller.php не найден.
2012-06-06 23:14:45 Файл /home/webservers/alpha.vprokate.ru/www/Wings/Logs.php подключён.
2012-06-06 23:14:45 Файл /home/webservers/alpha.vprokate.ru/www/Wings/DB.php подключён.
2012-06-06 23:14:45 Файл /home/webservers/alpha.vprokate.ru/www/Applications/FrontEnd/Workspace.php подключён.
2012-06-06 23:14:45 Файл /home/webservers/alpha.vprokate.ru/www/Applications/FrontEnd/FrontEndModel.php подключён.
2012-06-06 23:14:45 Файл /home/webservers/alpha.vprokate.ru/www/Applications/FrontEnd/Index/Controller.php подключён.
2012-06-06 23:14:45 Файл /home/webservers/alpha.vprokate.ru/www/Applications/FrontEnd/Index/View.php подключён.
2012-06-06 23:14:46 Файл /home/webservers/alpha.vprokate.ru/www/Wings/Logs.php подключён.
2012-06-06 23:14:46 Файл /home/webservers/alpha.vprokate.ru/www/Wings/DB.php подключён.
2012-06-06 23:14:46 Файл /home/webservers/alpha.vprokate.ru/www/Applications/FrontEnd/Workspace.php подключён.
2012-06-06 23:14:46 Файл /home/webservers/alpha.vprokate.ru/www/Applications/FrontEnd/FrontEndModel.php подключён.
2012-06-06 23:14:46 Файл /home/webservers/alpha.vprokate.ru/www/Applications/FrontEnd/Error/Controller.php не найден.
2012-06-06 23:15:07 Файл /home/webservers/alpha.vprokate.ru/www/Wings/Logs.php подключён.
2012-06-06 23:15:07 Файл /home/webservers/alpha.vprokate.ru/www/Wings/DB.php подключён.
2012-06-06 23:15:07 Файл /home/webservers/alpha.vprokate.ru/www/Applications/FrontEnd/Workspace.php подключён.
2012-06-06 23:15:07 Файл /home/webservers/alpha.vprokate.ru/www/Applications/FrontEnd/FrontEndModel.php подключён.
2012-06-06 23:15:07 Файл /home/webservers/alpha.vprokate.ru/www/Applications/FrontEnd/Error/Controller.php не найден.
2012-06-06 23:15:09 Файл /home/webservers/alpha.vprokate.ru/www/Wings/Logs.php подключён.
2012-06-06 23:15:09 Файл /home/webservers/alpha.vprokate.ru/www/Wings/DB.php подключён.
2012-06-06 23:15:09 Файл /home/webservers/alpha.vprokate.ru/www/Applications/FrontEnd/Workspace.php подключён.
2012-06-06 23:15:09 Файл /home/webservers/alpha.vprokate.ru/www/Applications/FrontEnd/FrontEndModel.php подключён.
2012-06-06 23:15:09 Файл /home/webservers/alpha.vprokate.ru/www/Applications/FrontEnd/Error/Controller.php не найден.
2012-06-06 23:15:12 Файл /home/webservers/alpha.vprokate.ru/www/Wings/Logs.php подключён.
2012-06-06 23:15:12 Файл /home/webservers/alpha.vprokate.ru/www/Wings/DB.php подключён.
2012-06-06 23:15:12 Файл /home/webservers/alpha.vprokate.ru/www/Applications/FrontEnd/Workspace.php подключён.
2012-06-06 23:15:12 Файл /home/webservers/alpha.vprokate.ru/www/Applications/FrontEnd/FrontEndModel.php подключён.
2012-06-06 23:15:12 Файл /home/webservers/alpha.vprokate.ru/www/Applications/FrontEnd/Film/Controller.php подключён.
2012-06-06 23:15:12 Файл /home/webservers/alpha.vprokate.ru/www/Applications/FrontEnd/Film/View.php подключён.
2012-06-06 23:15:13 Файл /home/webservers/alpha.vprokate.ru/www/Wings/Logs.php подключён.
2012-06-06 23:15:13 Файл /home/webservers/alpha.vprokate.ru/www/Wings/DB.php подключён.
2012-06-06 23:15:13 Файл /home/webservers/alpha.vprokate.ru/www/Applications/FrontEnd/Workspace.php подключён.
2012-06-06 23:15:13 Файл /home/webservers/alpha.vprokate.ru/www/Applications/FrontEnd/FrontEndModel.php подключён.
2012-06-06 23:15:13 Файл /home/webservers/alpha.vprokate.ru/www/Applications/FrontEnd/Error/Controller.php не найден.
2012-06-06 23:15:16 Файл /home/webservers/alpha.vprokate.ru/www/Wings/Logs.php подключён.
2012-06-06 23:15:16 Файл /home/webservers/alpha.vprokate.ru/www/Wings/DB.php подключён.
2012-06-06 23:15:16 Файл /home/webservers/alpha.vprokate.ru/www/Applications/FrontEnd/Workspace.php подключён.
2012-06-06 23:15:16 Файл /home/webservers/alpha.vprokate.ru/www/Applications/FrontEnd/FrontEndModel.php подключён.
2012-06-06 23:15:16 Файл /home/webservers/alpha.vprokate.ru/www/Applications/FrontEnd/Index/Controller.php подключён.
2012-06-06 23:15:16 Файл /home/webservers/alpha.vprokate.ru/www/Applications/FrontEnd/Index/View.php подключён.
2012-06-06 23:15:17 Файл /home/webservers/alpha.vprokate.ru/www/Wings/Logs.php подключён.
2012-06-06 23:15:17 Файл /home/webservers/alpha.vprokate.ru/www/Wings/DB.php подключён.
2012-06-06 23:15:17 Файл /home/webservers/alpha.vprokate.ru/www/Applications/FrontEnd/Workspace.php подключён.
2012-06-06 23:15:17 Файл /home/webservers/alpha.vprokate.ru/www/Applications/FrontEnd/FrontEndModel.php подключён.
2012-06-06 23:15:17 Файл /home/webservers/alpha.vprokate.ru/www/Applications/FrontEnd/Error/Controller.php не найден.
2012-06-06 23:15:28 Файл /home/webservers/alpha.vprokate.ru/www/Wings/Logs.php подключён.
2012-06-06 23:15:28 Файл /home/webservers/alpha.vprokate.ru/www/Wings/DB.php подключён.
2012-06-06 23:15:28 Файл /home/webservers/alpha.vprokate.ru/www/Applications/FrontEnd/Workspace.php подключён.
2012-06-06 23:15:28 Файл /home/webservers/alpha.vprokate.ru/www/Applications/FrontEnd/FrontEndModel.php подключён.
2012-06-06 23:15:28 Файл /home/webservers/alpha.vprokate.ru/www/Applications/FrontEnd/Error/Controller.php не найден.
2012-06-06 23:15:37 Файл /home/webservers/alpha.vprokate.ru/www/Wings/Logs.php подключён.
2012-06-06 23:15:37 Файл /home/webservers/alpha.vprokate.ru/www/Wings/DB.php подключён.
2012-06-06 23:15:37 Файл /home/webservers/alpha.vprokate.ru/www/Applications/FrontEnd/Workspace.php подключён.
2012-06-06 23:15:37 Файл /home/webservers/alpha.vprokate.ru/www/Applications/FrontEnd/FrontEndModel.php подключён.
2012-06-06 23:15:37 Файл /home/webservers/alpha.vprokate.ru/www/Applications/FrontEnd/Index/Controller.php подключён.
2012-06-06 23:15:37 Файл /home/webservers/alpha.vprokate.ru/www/Applications/FrontEnd/Index/View.php подключён.
2012-06-06 23:15:38 Файл /home/webservers/alpha.vprokate.ru/www/Wings/Logs.php подключён.
2012-06-06 23:15:38 Файл /home/webservers/alpha.vprokate.ru/www/Wings/DB.php подключён.
2012-06-06 23:15:38 Файл /home/webservers/alpha.vprokate.ru/www/Applications/FrontEnd/Workspace.php подключён.
2012-06-06 23:15:38 Файл /home/webservers/alpha.vprokate.ru/www/Applications/FrontEnd/FrontEndModel.php подключён.
2012-06-06 23:15:38 Файл /home/webservers/alpha.vprokate.ru/www/Applications/FrontEnd/Index/Controller.php подключён.
2012-06-06 23:15:38 Файл /home/webservers/alpha.vprokate.ru/www/Applications/FrontEnd/Index/View.php подключён.
2012-06-06 23:15:39 Файл /home/webservers/alpha.vprokate.ru/www/Wings/Logs.php подключён.
2012-06-06 23:15:39 Файл /home/webservers/alpha.vprokate.ru/www/Wings/DB.php подключён.
2012-06-06 23:15:39 Файл /home/webservers/alpha.vprokate.ru/www/Wings/Logs.php подключён.
2012-06-06 23:15:39 Файл /home/webservers/alpha.vprokate.ru/www/Wings/DB.php подключён.
2012-06-06 23:15:39 Файл /home/webservers/alpha.vprokate.ru/www/Applications/FrontEnd/Workspace.php подключён.
2012-06-06 23:15:39 Файл /home/webservers/alpha.vprokate.ru/www/Applications/FrontEnd/FrontEndModel.php подключён.
2012-06-06 23:15:39 Файл /home/webservers/alpha.vprokate.ru/www/Applications/FrontEnd/Index/Controller.php подключён.
2012-06-06 23:15:39 Файл /home/webservers/alpha.vprokate.ru/www/Applications/FrontEnd/Index/View.php подключён.
2012-06-06 23:15:39 Файл /home/webservers/alpha.vprokate.ru/www/Applications/FrontEnd/Workspace.php подключён.
2012-06-06 23:15:39 Файл /home/webservers/alpha.vprokate.ru/www/Applications/FrontEnd/FrontEndModel.php подключён.
2012-06-06 23:15:39 Файл /home/webservers/alpha.vprokate.ru/www/Applications/FrontEnd/Index/Controller.php подключён.
2012-06-06 23:15:39 Файл /home/webservers/alpha.vprokate.ru/www/Applications/FrontEnd/Index/View.php подключён.
2012-06-06 23:15:39 Файл /home/webservers/alpha.vprokate.ru/www/Wings/Logs.php подключён.
2012-06-06 23:15:39 Файл /home/webservers/alpha.vprokate.ru/www/Wings/DB.php подключён.
2012-06-06 23:15:39 Файл /home/webservers/alpha.vprokate.ru/www/Wings/Logs.php подключён.
2012-06-06 23:15:39 Файл /home/webservers/alpha.vprokate.ru/www/Wings/DB.php подключён.
2012-06-06 23:15:39 Файл /home/webservers/alpha.vprokate.ru/www/Applications/FrontEnd/Workspace.php подключён.
2012-06-06 23:15:39 Файл /home/webservers/alpha.vprokate.ru/www/Applications/FrontEnd/FrontEndModel.php подключён.
2012-06-06 23:15:39 Файл /home/webservers/alpha.vprokate.ru/www/Applications/FrontEnd/Error/Controller.php не найден.
2012-06-06 23:15:39 Файл /home/webservers/alpha.vprokate.ru/www/Applications/FrontEnd/Workspace.php подключён.
2012-06-06 23:15:39 Файл /home/webservers/alpha.vprokate.ru/www/Applications/FrontEnd/FrontEndModel.php подключён.
2012-06-06 23:15:39 Файл /home/webservers/alpha.vprokate.ru/www/Applications/FrontEnd/Index/Controller.php подключён.
2012-06-06 23:15:39 Файл /home/webservers/alpha.vprokate.ru/www/Applications/FrontEnd/Index/View.php подключён.
2012-06-06 23:15:47 Файл /home/webservers/alpha.vprokate.ru/www/Wings/Logs.php подключён.
2012-06-06 23:15:47 Файл /home/webservers/alpha.vprokate.ru/www/Wings/DB.php подключён.
2012-06-06 23:15:47 Файл /home/webservers/alpha.vprokate.ru/www/Applications/FrontEnd/Workspace.php подключён.
2012-06-06 23:15:47 Файл /home/webservers/alpha.vprokate.ru/www/Applications/FrontEnd/FrontEndModel.php подключён.
2012-06-06 23:15:47 Файл /home/webservers/alpha.vprokate.ru/www/Applications/FrontEnd/Error/Controller.php не найден.
2012-06-06 23:15:56 Файл /home/webservers/alpha.vprokate.ru/www/Wings/Logs.php подключён.
2012-06-06 23:15:56 Файл /home/webservers/alpha.vprokate.ru/www/Wings/DB.php подключён.
2012-06-06 23:15:56 Файл /home/webservers/alpha.vprokate.ru/www/Applications/FrontEnd/Workspace.php подключён.
2012-06-06 23:15:56 Файл /home/webservers/alpha.vprokate.ru/www/Applications/FrontEnd/FrontEndModel.php подключён.
2012-06-06 23:15:56 Файл /home/webservers/alpha.vprokate.ru/www/Applications/FrontEnd/Index/Controller.php подключён.
2012-06-06 23:15:56 Файл /home/webservers/alpha.vprokate.ru/www/Applications/FrontEnd/Index/View.php подключён.
2012-06-06 23:15:58 Файл /home/webservers/alpha.vprokate.ru/www/Wings/Logs.php подключён.
2012-06-06 23:15:58 Файл /home/webservers/alpha.vprokate.ru/www/Wings/DB.php подключён.
2012-06-06 23:15:58 Файл /home/webservers/alpha.vprokate.ru/www/Applications/FrontEnd/Workspace.php подключён.
2012-06-06 23:15:58 Файл /home/webservers/alpha.vprokate.ru/www/Applications/FrontEnd/FrontEndModel.php подключён.
2012-06-06 23:15:58 Файл /home/webservers/alpha.vprokate.ru/www/Applications/FrontEnd/Error/Controller.php не найден.
2012-06-06 23:15:59 Файл /home/webservers/alpha.vprokate.ru/www/Wings/Logs.php подключён.
2012-06-06 23:15:59 Файл /home/webservers/alpha.vprokate.ru/www/Wings/DB.php подключён.
2012-06-06 23:15:59 Файл /home/webservers/alpha.vprokate.ru/www/Applications/FrontEnd/Workspace.php подключён.
2012-06-06 23:15:59 Файл /home/webservers/alpha.vprokate.ru/www/Applications/FrontEnd/FrontEndModel.php подключён.
2012-06-06 23:15:59 Файл /home/webservers/alpha.vprokate.ru/www/Applications/FrontEnd/Films/Controller.php подключён.
2012-06-06 23:15:59 Файл /home/webservers/alpha.vprokate.ru/www/Applications/FrontEnd/Films/View.php подключён.
2012-06-06 23:16:01 Файл /home/webservers/alpha.vprokate.ru/www/Wings/Logs.php подключён.
2012-06-06 23:16:01 Файл /home/webservers/alpha.vprokate.ru/www/Wings/DB.php подключён.
2012-06-06 23:16:01 Файл /home/webservers/alpha.vprokate.ru/www/Applications/FrontEnd/Workspace.php подключён.
2012-06-06 23:16:01 Файл /home/webservers/alpha.vprokate.ru/www/Applications/FrontEnd/FrontEndModel.php подключён.
2012-06-06 23:16:01 Файл /home/webservers/alpha.vprokate.ru/www/Applications/FrontEnd/Error/Controller.php не найден.
2012-06-06 23:16:04 Файл /home/webservers/alpha.vprokate.ru/www/Wings/Logs.php подключён.
2012-06-06 23:16:04 Файл /home/webservers/alpha.vprokate.ru/www/Wings/DB.php подключён.
2012-06-06 23:16:04 Файл /home/webservers/alpha.vprokate.ru/www/Applications/FrontEnd/Workspace.php подключён.
2012-06-06 23:16:04 Файл /home/webservers/alpha.vprokate.ru/www/Applications/FrontEnd/FrontEndModel.php подключён.
2012-06-06 23:16:04 Файл /home/webservers/alpha.vprokate.ru/www/Applications/FrontEnd/Index/Controller.php подключён.
2012-06-06 23:16:04 Файл /home/webservers/alpha.vprokate.ru/www/Applications/FrontEnd/Index/View.php подключён.
2012-06-06 23:16:06 Файл /home/webservers/alpha.vprokate.ru/www/Wings/Logs.php подключён.
2012-06-06 23:16:06 Файл /home/webservers/alpha.vprokate.ru/www/Wings/DB.php подключён.
2012-06-06 23:16:06 Файл /home/webservers/alpha.vprokate.ru/www/Applications/FrontEnd/Workspace.php подключён.
2012-06-06 23:16:06 Файл /home/webservers/alpha.vprokate.ru/www/Applications/FrontEnd/FrontEndModel.php подключён.
2012-06-06 23:16:06 Файл /home/webservers/alpha.vprokate.ru/www/Applications/FrontEnd/Error/Controller.php не найден.
2012-06-06 23:16:10 Файл /home/webservers/alpha.vprokate.ru/www/Wings/Logs.php подключён.
2012-06-06 23:16:10 Файл /home/webservers/alpha.vprokate.ru/www/Wings/DB.php подключён.
2012-06-06 23:16:10 Файл /home/webservers/alpha.vprokate.ru/www/Applications/FrontEnd/Workspace.php подключён.
2012-06-06 23:16:10 Файл /home/webservers/alpha.vprokate.ru/www/Applications/FrontEnd/FrontEndModel.php подключён.
2012-06-06 23:16:10 Файл /home/webservers/alpha.vprokate.ru/www/Applications/FrontEnd/Error/Controller.php не найден.
2012-06-06 23:16:14 Файл /home/webservers/alpha.vprokate.ru/www/Wings/Logs.php подключён.
2012-06-06 23:16:14 Файл /home/webservers/alpha.vprokate.ru/www/Wings/DB.php подключён.
2012-06-06 23:16:14 Файл /home/webservers/alpha.vprokate.ru/www/Applications/FrontEnd/Workspace.php подключён.
2012-06-06 23:16:14 Файл /home/webservers/alpha.vprokate.ru/www/Applications/FrontEnd/FrontEndModel.php подключён.
2012-06-06 23:16:14 Файл /home/webservers/alpha.vprokate.ru/www/Applications/FrontEnd/Films/Controller.php подключён.
2012-06-06 23:16:14 Файл /home/webservers/alpha.vprokate.ru/www/Applications/FrontEnd/Films/View.php подключён.
2012-06-06 23:16:15 Файл /home/webservers/alpha.vprokate.ru/www/Wings/Logs.php подключён.
2012-06-06 23:16:15 Файл /home/webservers/alpha.vprokate.ru/www/Wings/DB.php подключён.
2012-06-06 23:16:15 Файл /home/webservers/alpha.vprokate.ru/www/Applications/FrontEnd/Workspace.php подключён.
2012-06-06 23:16:15 Файл /home/webservers/alpha.vprokate.ru/www/Applications/FrontEnd/FrontEndModel.php подключён.
2012-06-06 23:16:15 Файл /home/webservers/alpha.vprokate.ru/www/Applications/FrontEnd/Error/Controller.php не найден.
2012-06-06 23:16:19 Файл /home/webservers/alpha.vprokate.ru/www/Wings/Logs.php подключён.
2012-06-06 23:16:19 Файл /home/webservers/alpha.vprokate.ru/www/Wings/DB.php подключён.
2012-06-06 23:16:19 Файл /home/webservers/alpha.vprokate.ru/www/Applications/FrontEnd/Workspace.php подключён.
2012-06-06 23:16:19 Файл /home/webservers/alpha.vprokate.ru/www/Applications/FrontEnd/FrontEndModel.php подключён.
2012-06-06 23:16:19 Файл /home/webservers/alpha.vprokate.ru/www/Applications/FrontEnd/Index/Controller.php подключён.
2012-06-06 23:16:19 Файл /home/webservers/alpha.vprokate.ru/www/Applications/FrontEnd/Index/View.php подключён.
2012-06-06 23:16:20 Файл /home/webservers/alpha.vprokate.ru/www/Wings/Logs.php подключён.
2012-06-06 23:16:20 Файл /home/webservers/alpha.vprokate.ru/www/Wings/DB.php подключён.
2012-06-06 23:16:20 Файл /home/webservers/alpha.vprokate.ru/www/Applications/FrontEnd/Workspace.php подключён.
2012-06-06 23:16:20 Файл /home/webservers/alpha.vprokate.ru/www/Applications/FrontEnd/FrontEndModel.php подключён.
2012-06-06 23:16:20 Файл /home/webservers/alpha.vprokate.ru/www/Applications/FrontEnd/Error/Controller.php не найден.
2012-06-06 23:16:25 Файл /home/webservers/alpha.vprokate.ru/www/Wings/Logs.php подключён.
2012-06-06 23:16:25 Файл /home/webservers/alpha.vprokate.ru/www/Wings/DB.php подключён.
2012-06-06 23:16:25 Файл /home/webservers/alpha.vprokate.ru/www/Applications/FrontEnd/Workspace.php подключён.
2012-06-06 23:16:25 Файл /home/webservers/alpha.vprokate.ru/www/Applications/FrontEnd/FrontEndModel.php подключён.
2012-06-06 23:16:25 Файл /home/webservers/alpha.vprokate.ru/www/Applications/FrontEnd/Error/Controller.php не найден.
2012-06-06 23:16:58 Файл /home/webservers/alpha.vprokate.ru/www/Wings/Logs.php подключён.
2012-06-06 23:16:58 Файл /home/webservers/alpha.vprokate.ru/www/Wings/DB.php подключён.
2012-06-06 23:16:58 Файл /home/webservers/alpha.vprokate.ru/www/Applications/FrontEnd/Workspace.php подключён.
2012-06-06 23:16:58 Файл /home/webservers/alpha.vprokate.ru/www/Applications/FrontEnd/FrontEndModel.php подключён.
2012-06-06 23:16:58 Файл /home/webservers/alpha.vprokate.ru/www/Applications/FrontEnd/Films/Controller.php подключён.
2012-06-06 23:16:58 Файл /home/webservers/alpha.vprokate.ru/www/Applications/FrontEnd/Films/View.php подключён.
2012-06-06 23:17:03 Файл /home/webservers/alpha.vprokate.ru/www/Wings/Logs.php подключён.
2012-06-06 23:17:03 Файл /home/webservers/alpha.vprokate.ru/www/Wings/DB.php подключён.
2012-06-06 23:17:03 Файл /home/webservers/alpha.vprokate.ru/www/Applications/FrontEnd/Workspace.php подключён.
2012-06-06 23:17:03 Файл /home/webservers/alpha.vprokate.ru/www/Applications/FrontEnd/FrontEndModel.php подключён.
2012-06-06 23:17:03 Файл /home/webservers/alpha.vprokate.ru/www/Applications/FrontEnd/Index/Controller.php подключён.
2012-06-06 23:17:03 Файл /home/webservers/alpha.vprokate.ru/www/Applications/FrontEnd/Index/View.php подключён.
2012-06-06 23:17:08 Файл /home/webservers/alpha.vprokate.ru/www/Wings/Logs.php подключён.
2012-06-06 23:17:08 Файл /home/webservers/alpha.vprokate.ru/www/Wings/DB.php подключён.
2012-06-06 23:17:08 Файл /home/webservers/alpha.vprokate.ru/www/Applications/FrontEnd/Workspace.php подключён.
2012-06-06 23:17:08 Файл /home/webservers/alpha.vprokate.ru/www/Applications/FrontEnd/FrontEndModel.php подключён.
2012-06-06 23:17:08 Файл /home/webservers/alpha.vprokate.ru/www/Applications/FrontEnd/Films/Controller.php подключён.
2012-06-06 23:17:08 Файл /home/webservers/alpha.vprokate.ru/www/Applications/FrontEnd/Films/View.php подключён.
2012-06-06 23:17:20 Файл /home/webservers/alpha.vprokate.ru/www/Wings/Logs.php подключён.
2012-06-06 23:17:20 Файл /home/webservers/alpha.vprokate.ru/www/Wings/DB.php подключён.
2012-06-06 23:17:20 Файл /home/webservers/alpha.vprokate.ru/www/Applications/FrontEnd/Workspace.php подключён.
2012-06-06 23:17:20 Файл /home/webservers/alpha.vprokate.ru/www/Applications/FrontEnd/FrontEndModel.php подключён.
2012-06-06 23:17:20 Файл /home/webservers/alpha.vprokate.ru/www/Applications/FrontEnd/Index/Controller.php подключён.
2012-06-06 23:17:20 Файл /home/webservers/alpha.vprokate.ru/www/Applications/FrontEnd/Index/View.php подключён.
2012-06-06 23:17:27 Файл /home/webservers/alpha.vprokate.ru/www/Wings/Logs.php подключён.
2012-06-06 23:17:27 Файл /home/webservers/alpha.vprokate.ru/www/Wings/DB.php подключён.
2012-06-06 23:17:27 Файл /home/webservers/alpha.vprokate.ru/www/Applications/FrontEnd/Workspace.php подключён.
2012-06-06 23:17:27 Файл /home/webservers/alpha.vprokate.ru/www/Applications/FrontEnd/FrontEndModel.php подключён.
2012-06-06 23:17:27 Файл /home/webservers/alpha.vprokate.ru/www/Applications/FrontEnd/Index/Controller.php подключён.
2012-06-06 23:17:27 Файл /home/webservers/alpha.vprokate.ru/www/Applications/FrontEnd/Index/View.php подключён.
2012-06-06 23:17:35 Файл /home/webservers/alpha.vprokate.ru/www/Wings/Logs.php подключён.
2012-06-06 23:17:35 Файл /home/webservers/alpha.vprokate.ru/www/Wings/DB.php подключён.
2012-06-06 23:17:35 Файл /home/webservers/alpha.vprokate.ru/www/Applications/FrontEnd/Workspace.php подключён.
2012-06-06 23:17:35 Файл /home/webservers/alpha.vprokate.ru/www/Applications/FrontEnd/FrontEndModel.php подключён.
2012-06-06 23:17:35 Файл /home/webservers/alpha.vprokate.ru/www/Applications/FrontEnd/Error/Controller.php не найден.
2012-06-06 23:17:35 Файл /home/webservers/alpha.vprokate.ru/www/Wings/Logs.php подключён.
2012-06-06 23:17:35 Файл /home/webservers/alpha.vprokate.ru/www/Wings/DB.php подключён.
2012-06-06 23:17:35 Файл /home/webservers/alpha.vprokate.ru/www/Applications/FrontEnd/Workspace.php подключён.
2012-06-06 23:17:35 Файл /home/webservers/alpha.vprokate.ru/www/Applications/FrontEnd/FrontEndModel.php подключён.
2012-06-06 23:17:35 Файл /home/webservers/alpha.vprokate.ru/www/Applications/FrontEnd/Error/Controller.php не найден.
2012-06-06 23:17:36 Файл /home/webservers/alpha.vprokate.ru/www/Wings/Logs.php подключён.
2012-06-06 23:17:36 Файл /home/webservers/alpha.vprokate.ru/www/Wings/DB.php подключён.
2012-06-06 23:17:36 Файл /home/webservers/alpha.vprokate.ru/www/Applications/FrontEnd/Workspace.php подключён.
2012-06-06 23:17:36 Файл /home/webservers/alpha.vprokate.ru/www/Applications/FrontEnd/FrontEndModel.php подключён.
2012-06-06 23:17:36 Файл /home/webservers/alpha.vprokate.ru/www/Applications/FrontEnd/Error/Controller.php не найден.
2012-06-06 23:17:42 Файл /home/webservers/alpha.vprokate.ru/www/Wings/Logs.php подключён.
2012-06-06 23:17:42 Файл /home/webservers/alpha.vprokate.ru/www/Wings/DB.php подключён.
2012-06-06 23:17:42 Файл /home/webservers/alpha.vprokate.ru/www/Applications/FrontEnd/Workspace.php подключён.
2012-06-06 23:17:42 Файл /home/webservers/alpha.vprokate.ru/www/Applications/FrontEnd/FrontEndModel.php подключён.
2012-06-06 23:17:42 Файл /home/webservers/alpha.vprokate.ru/www/Applications/FrontEnd/Films/Controller.php подключён.
2012-06-06 23:17:42 Файл /home/webservers/alpha.vprokate.ru/www/Applications/FrontEnd/Films/View.php подключён.
2012-06-06 23:18:03 Файл /home/webservers/alpha.vprokate.ru/www/Wings/Logs.php подключён.
2012-06-06 23:18:03 Файл /home/webservers/alpha.vprokate.ru/www/Wings/DB.php подключён.
2012-06-06 23:18:03 Файл /home/webservers/alpha.vprokate.ru/www/Applications/FrontEnd/Workspace.php подключён.
2012-06-06 23:18:03 Файл /home/webservers/alpha.vprokate.ru/www/Applications/FrontEnd/FrontEndModel.php подключён.
2012-06-06 23:18:03 Файл /home/webservers/alpha.vprokate.ru/www/Applications/FrontEnd/Index/Controller.php подключён.
2012-06-06 23:18:03 Файл /home/webservers/alpha.vprokate.ru/www/Applications/FrontEnd/Index/View.php подключён.
2012-06-06 23:18:10 Файл /home/webservers/alpha.vprokate.ru/www/Wings/Logs.php подключён.
2012-06-06 23:18:10 Файл /home/webservers/alpha.vprokate.ru/www/Wings/DB.php подключён.
2012-06-06 23:18:10 Файл /home/webservers/alpha.vprokate.ru/www/Applications/FrontEnd/Workspace.php подключён.
2012-06-06 23:18:10 Файл /home/webservers/alpha.vprokate.ru/www/Applications/FrontEnd/FrontEndModel.php подключён.
2012-06-06 23:18:10 Файл /home/webservers/alpha.vprokate.ru/www/Applications/FrontEnd/Film/Controller.php подключён.
2012-06-06 23:18:10 Файл /home/webservers/alpha.vprokate.ru/www/Applications/FrontEnd/Film/View.php подключён.
2012-06-06 23:18:12 Файл /home/webservers/alpha.vprokate.ru/www/Wings/Logs.php подключён.
2012-06-06 23:18:12 Файл /home/webservers/alpha.vprokate.ru/www/Wings/DB.php подключён.
2012-06-06 23:18:12 Файл /home/webservers/alpha.vprokate.ru/www/Applications/FrontEnd/Workspace.php подключён.
2012-06-06 23:18:12 Файл /home/webservers/alpha.vprokate.ru/www/Applications/FrontEnd/FrontEndModel.php подключён.
2012-06-06 23:18:12 Файл /home/webservers/alpha.vprokate.ru/www/Applications/FrontEnd/Films/Controller.php подключён.
2012-06-06 23:18:12 Файл /home/webservers/alpha.vprokate.ru/www/Applications/FrontEnd/Films/View.php подключён.
2012-06-06 23:18:14 Файл /home/webservers/alpha.vprokate.ru/www/Wings/Logs.php подключён.
2012-06-06 23:18:14 Файл /home/webservers/alpha.vprokate.ru/www/Wings/DB.php подключён.
2012-06-06 23:18:14 Файл /home/webservers/alpha.vprokate.ru/www/Applications/FrontEnd/Workspace.php подключён.
2012-06-06 23:18:14 Файл /home/webservers/alpha.vprokate.ru/www/Applications/FrontEnd/FrontEndModel.php подключён.
2012-06-06 23:18:14 Файл /home/webservers/alpha.vprokate.ru/www/Applications/FrontEnd/Index/Controller.php подключён.
2012-06-06 23:18:14 Файл /home/webservers/alpha.vprokate.ru/www/Applications/FrontEnd/Index/View.php подключён.
2012-06-06 23:18:50 Файл /home/webservers/alpha.vprokate.ru/www/Wings/Logs.php подключён.
2012-06-06 23:18:50 Файл /home/webservers/alpha.vprokate.ru/www/Wings/DB.php подключён.
2012-06-06 23:18:50 Файл /home/webservers/alpha.vprokate.ru/www/Applications/FrontEnd/Workspace.php подключён.
2012-06-06 23:18:50 Файл /home/webservers/alpha.vprokate.ru/www/Applications/FrontEnd/FrontEndModel.php подключён.
2012-06-06 23:18:50 Файл /home/webservers/alpha.vprokate.ru/www/Applications/FrontEnd/Films/Controller.php подключён.
2012-06-06 23:18:50 Файл /home/webservers/alpha.vprokate.ru/www/Applications/FrontEnd/Films/View.php подключён.
2012-06-06 23:18:53 Файл /home/webservers/alpha.vprokate.ru/www/Wings/Logs.php подключён.
2012-06-06 23:18:53 Файл /home/webservers/alpha.vprokate.ru/www/Wings/DB.php подключён.
2012-06-06 23:18:53 Файл /home/webservers/alpha.vprokate.ru/www/Applications/FrontEnd/Workspace.php подключён.
2012-06-06 23:18:53 Файл /home/webservers/alpha.vprokate.ru/www/Applications/FrontEnd/FrontEndModel.php подключён.
2012-06-06 23:18:53 Файл /home/webservers/alpha.vprokate.ru/www/Applications/FrontEnd/Films/Controller.php подключён.
2012-06-06 23:18:53 Файл /home/webservers/alpha.vprokate.ru/www/Applications/FrontEnd/Films/View.php подключён.
2012-06-06 23:18:54 Файл /home/webservers/alpha.vprokate.ru/www/Wings/Logs.php подключён.
2012-06-06 23:18:54 Файл /home/webservers/alpha.vprokate.ru/www/Wings/DB.php подключён.
2012-06-06 23:18:54 Файл /home/webservers/alpha.vprokate.ru/www/Applications/FrontEnd/Workspace.php подключён.
2012-06-06 23:18:54 Файл /home/webservers/alpha.vprokate.ru/www/Applications/FrontEnd/FrontEndModel.php подключён.
2012-06-06 23:18:54 Файл /home/webservers/alpha.vprokate.ru/www/Applications/FrontEnd/Films/Controller.php подключён.
2012-06-06 23:18:54 Файл /home/webservers/alpha.vprokate.ru/www/Applications/FrontEnd/Films/View.php подключён.
2012-06-06 23:18:56 Файл /home/webservers/alpha.vprokate.ru/www/Wings/Logs.php подключён.
2012-06-06 23:18:56 Файл /home/webservers/alpha.vprokate.ru/www/Wings/DB.php подключён.
2012-06-06 23:18:56 Файл /home/webservers/alpha.vprokate.ru/www/Applications/FrontEnd/Workspace.php подключён.
2012-06-06 23:18:56 Файл /home/webservers/alpha.vprokate.ru/www/Applications/FrontEnd/FrontEndModel.php подключён.
2012-06-06 23:18:56 Файл /home/webservers/alpha.vprokate.ru/www/Applications/FrontEnd/Person/Controller.php подключён.
2012-06-06 23:18:56 Файл /home/webservers/alpha.vprokate.ru/www/Applications/FrontEnd/Person/View.php подключён.
2012-06-06 23:20:57 Файл /home/webservers/alpha.vprokate.ru/www/Wings/Logs.php подключён.
2012-06-06 23:20:57 Файл /home/webservers/alpha.vprokate.ru/www/Wings/DB.php подключён.
2012-06-06 23:20:57 Файл /home/webservers/alpha.vprokate.ru/www/Applications/FrontEnd/Workspace.php подключён.
2012-06-06 23:20:57 Файл /home/webservers/alpha.vprokate.ru/www/Applications/FrontEnd/FrontEndModel.php подключён.
2012-06-06 23:20:57 Файл /home/webservers/alpha.vprokate.ru/www/Applications/FrontEnd/Index/Controller.php подключён.
2012-06-06 23:20:57 Файл /home/webservers/alpha.vprokate.ru/www/Applications/FrontEnd/Index/View.php подключён.
2012-06-06 23:21:17 Файл /home/webservers/alpha.vprokate.ru/www/Wings/Logs.php подключён.
2012-06-06 23:21:17 Файл /home/webservers/alpha.vprokate.ru/www/Wings/DB.php подключён.
2012-06-06 23:21:17 Файл /home/webservers/alpha.vprokate.ru/www/Applications/FrontEnd/Workspace.php подключён.
2012-06-06 23:21:17 Файл /home/webservers/alpha.vprokate.ru/www/Applications/FrontEnd/FrontEndModel.php подключён.
2012-06-06 23:21:17 Файл /home/webservers/alpha.vprokate.ru/www/Applications/FrontEnd/Film/Controller.php подключён.
2012-06-06 23:21:17 Файл /home/webservers/alpha.vprokate.ru/www/Applications/FrontEnd/Film/View.php подключён.
2012-06-06 23:21:20 Файл /home/webservers/alpha.vprokate.ru/www/Wings/Logs.php подключён.
2012-06-06 23:21:20 Файл /home/webservers/alpha.vprokate.ru/www/Wings/DB.php подключён.
2012-06-06 23:21:20 Файл /home/webservers/alpha.vprokate.ru/www/Applications/FrontEnd/Workspace.php подключён.
2012-06-06 23:21:20 Файл /home/webservers/alpha.vprokate.ru/www/Applications/FrontEnd/FrontEndModel.php подключён.
2012-06-06 23:21:20 Файл /home/webservers/alpha.vprokate.ru/www/Applications/FrontEnd/Person/Controller.php подключён.
2012-06-06 23:21:20 Файл /home/webservers/alpha.vprokate.ru/www/Applications/FrontEnd/Person/View.php подключён.
2012-06-06 23:21:22 Файл /home/webservers/alpha.vprokate.ru/www/Wings/Logs.php подключён.
2012-06-06 23:21:22 Файл /home/webservers/alpha.vprokate.ru/www/Wings/DB.php подключён.
2012-06-06 23:21:22 Файл /home/webservers/alpha.vprokate.ru/www/Applications/FrontEnd/Workspace.php подключён.
2012-06-06 23:21:22 Файл /home/webservers/alpha.vprokate.ru/www/Applications/FrontEnd/FrontEndModel.php подключён.
2012-06-06 23:21:22 Файл /home/webservers/alpha.vprokate.ru/www/Applications/FrontEnd/Films/Controller.php подключён.
2012-06-06 23:21:22 Файл /home/webservers/alpha.vprokate.ru/www/Applications/FrontEnd/Films/View.php подключён.
2012-06-06 23:21:24 Файл /home/webservers/alpha.vprokate.ru/www/Wings/Logs.php подключён.
2012-06-06 23:21:24 Файл /home/webservers/alpha.vprokate.ru/www/Wings/DB.php подключён.
2012-06-06 23:21:24 Файл /home/webservers/alpha.vprokate.ru/www/Applications/FrontEnd/Workspace.php подключён.
2012-06-06 23:21:24 Файл /home/webservers/alpha.vprokate.ru/www/Applications/FrontEnd/FrontEndModel.php подключён.
2012-06-06 23:21:24 Файл /home/webservers/alpha.vprokate.ru/www/Applications/FrontEnd/Films/Controller.php подключён.
2012-06-06 23:21:24 Файл /home/webservers/alpha.vprokate.ru/www/Applications/FrontEnd/Films/View.php подключён.
2012-06-06 23:21:27 Файл /home/webservers/alpha.vprokate.ru/www/Wings/Logs.php подключён.
2012-06-06 23:21:27 Файл /home/webservers/alpha.vprokate.ru/www/Wings/DB.php подключён.
2012-06-06 23:21:27 Файл /home/webservers/alpha.vprokate.ru/www/Applications/FrontEnd/Workspace.php подключён.
2012-06-06 23:21:27 Файл /home/webservers/alpha.vprokate.ru/www/Applications/FrontEnd/FrontEndModel.php подключён.
2012-06-06 23:21:27 Файл /home/webservers/alpha.vprokate.ru/www/Applications/FrontEnd/Index/Controller.php подключён.
2012-06-06 23:21:27 Файл /home/webservers/alpha.vprokate.ru/www/Applications/FrontEnd/Index/View.php подключён.
2012-06-06 23:26:06 Файл /home/webservers/alpha.vprokate.ru/www/Wings/Logs.php подключён.
2012-06-06 23:26:06 Файл /home/webservers/alpha.vprokate.ru/www/Wings/DB.php подключён.
2012-06-06 23:26:06 Файл /home/webservers/alpha.vprokate.ru/www/Applications/FrontEnd/Workspace.php подключён.
2012-06-06 23:26:06 Файл /home/webservers/alpha.vprokate.ru/www/Applications/FrontEnd/FrontEndModel.php подключён.
2012-06-06 23:26:06 Файл /home/webservers/alpha.vprokate.ru/www/Applications/FrontEnd/Index/Controller.php подключён.
2012-06-06 23:26:06 Файл /home/webservers/alpha.vprokate.ru/www/Applications/FrontEnd/Index/View.php подключён.
2012-06-06 23:26:09 Файл /home/webservers/alpha.vprokate.ru/www/Wings/Logs.php подключён.
2012-06-06 23:26:09 Файл /home/webservers/alpha.vprokate.ru/www/Wings/DB.php подключён.
2012-06-06 23:26:09 Файл /home/webservers/alpha.vprokate.ru/www/Applications/FrontEnd/Workspace.php подключён.
2012-06-06 23:26:09 Файл /home/webservers/alpha.vprokate.ru/www/Applications/FrontEnd/FrontEndModel.php подключён.
2012-06-06 23:26:09 Файл /home/webservers/alpha.vprokate.ru/www/Applications/FrontEnd/Error/Controller.php не найден.
2012-06-06 23:26:22 Файл /home/webservers/alpha.vprokate.ru/www/Wings/Logs.php подключён.
2012-06-06 23:26:22 Файл /home/webservers/alpha.vprokate.ru/www/Wings/DB.php подключён.
2012-06-06 23:26:22 Файл /home/webservers/alpha.vprokate.ru/www/Applications/FrontEnd/Workspace.php подключён.
2012-06-06 23:26:22 Файл /home/webservers/alpha.vprokate.ru/www/Applications/FrontEnd/FrontEndModel.php подключён.
2012-06-06 23:26:22 Файл /home/webservers/alpha.vprokate.ru/www/Applications/FrontEnd/Error/Controller.php не найден.
2012-06-06 23:31:10 Файл /home/webservers/alpha.vprokate.ru/www/Wings/Logs.php подключён.
2012-06-06 23:31:10 Файл /home/webservers/alpha.vprokate.ru/www/Wings/DB.php подключён.
2012-06-06 23:31:10 Файл /home/webservers/alpha.vprokate.ru/www/Applications/FrontEnd/Workspace.php подключён.
2012-06-06 23:31:10 Файл /home/webservers/alpha.vprokate.ru/www/Applications/FrontEnd/FrontEndModel.php подключён.
2012-06-06 23:31:10 Файл /home/webservers/alpha.vprokate.ru/www/Applications/FrontEnd/Error/Controller.php не найден.
