2012-04-27 14:29:01 Файл Z:/home/arhangel31337/www/Wings/Logs.php подключён.
2012-04-27 14:29:01 Файл Z:/home/arhangel31337/www/Wings/DB.php подключён.
2012-04-27 14:29:01 Файл Z:/home/arhangel31337/www/Applications/FrontEnd/Workspace.php подключён.
2012-04-27 14:29:01 Файл Z:/home/arhangel31337/www/Applications/FrontEnd/FrontEndModel.php подключён.
2012-04-27 14:30:01 Файл Z:/home/arhangel31337/www/Wings/Logs.php подключён.
2012-04-27 14:30:01 Файл Z:/home/arhangel31337/www/Wings/DB.php подключён.
2012-04-27 14:30:01 Файл Z:/home/arhangel31337/www/Applications/FrontEnd/Workspace.php подключён.
2012-04-27 14:30:01 Файл Z:/home/arhangel31337/www/Applications/FrontEnd/FrontEndModel.php подключён.
2012-04-27 14:30:59 Файл Z:/home/arhangel31337/www/Wings/Logs.php подключён.
2012-04-27 14:30:59 Файл Z:/home/arhangel31337/www/Wings/DB.php подключён.
2012-04-27 14:30:59 Файл Z:/home/arhangel31337/www/Applications/FrontEnd/Workspace.php подключён.
2012-04-27 14:30:59 Файл Z:/home/arhangel31337/www/Applications/FrontEnd/FrontEndModel.php подключён.
2012-04-27 14:37:33 Файл Z:/home/arhangel31337/www/Wings/Logs.php подключён.
2012-04-27 14:37:33 Файл Z:/home/arhangel31337/www/Wings/DB.php подключён.
2012-04-27 14:37:33 Файл Z:/home/arhangel31337/www/Applications/FrontEnd/Workspace.php подключён.
2012-04-27 14:37:33 Файл Z:/home/arhangel31337/www/Applications/FrontEnd/FrontEndModel.php подключён.
2012-04-27 14:37:36 Файл Z:/home/arhangel31337/www/Wings/Logs.php подключён.
2012-04-27 14:37:36 Файл Z:/home/arhangel31337/www/Wings/DB.php подключён.
2012-04-27 14:37:36 Файл Z:/home/arhangel31337/www/Applications/FrontEnd/Workspace.php подключён.
2012-04-27 14:37:36 Файл Z:/home/arhangel31337/www/Applications/FrontEnd/FrontEndModel.php подключён.
2012-04-27 14:37:37 Файл Z:/home/arhangel31337/www/Wings/Logs.php подключён.
2012-04-27 14:37:37 Файл Z:/home/arhangel31337/www/Wings/DB.php подключён.
2012-04-27 14:37:37 Файл Z:/home/arhangel31337/www/Applications/FrontEnd/Workspace.php подключён.
2012-04-27 14:37:37 Файл Z:/home/arhangel31337/www/Applications/FrontEnd/FrontEndModel.php подключён.
2012-04-27 14:38:02 Файл Z:/home/arhangel31337/www/Wings/Logs.php подключён.
2012-04-27 14:38:02 Файл Z:/home/arhangel31337/www/Wings/DB.php подключён.
2012-04-27 14:38:02 Файл Z:/home/arhangel31337/www/Applications/FrontEnd/Workspace.php подключён.
2012-04-27 14:38:02 Файл Z:/home/arhangel31337/www/Applications/FrontEnd/FrontEndModel.php подключён.
2012-04-27 14:38:13 Файл Z:/home/arhangel31337/www/Wings/Logs.php подключён.
2012-04-27 14:38:13 Файл Z:/home/arhangel31337/www/Wings/DB.php подключён.
2012-04-27 14:38:13 Файл Z:/home/arhangel31337/www/Applications/FrontEnd/Workspace.php подключён.
2012-04-27 14:38:13 Файл Z:/home/arhangel31337/www/Applications/FrontEnd/FrontEndModel.php подключён.
2012-04-27 14:39:07 Файл Z:/home/arhangel31337/www/Wings/Logs.php подключён.
2012-04-27 14:39:07 Файл Z:/home/arhangel31337/www/Wings/DB.php подключён.
2012-04-27 14:39:07 Файл Z:/home/arhangel31337/www/Applications/FrontEnd/Workspace.php подключён.
2012-04-27 14:39:07 Файл Z:/home/arhangel31337/www/Applications/FrontEnd/FrontEndModel.php подключён.
2012-04-27 14:39:08 Файл Z:/home/arhangel31337/www/Wings/Logs.php подключён.
2012-04-27 14:39:08 Файл Z:/home/arhangel31337/www/Wings/DB.php подключён.
2012-04-27 14:39:08 Файл Z:/home/arhangel31337/www/Applications/FrontEnd/Workspace.php подключён.
2012-04-27 14:39:08 Файл Z:/home/arhangel31337/www/Applications/FrontEnd/FrontEndModel.php подключён.
2012-04-27 14:39:09 Файл Z:/home/arhangel31337/www/Wings/Logs.php подключён.
2012-04-27 14:39:09 Файл Z:/home/arhangel31337/www/Wings/DB.php подключён.
2012-04-27 14:39:09 Файл Z:/home/arhangel31337/www/Applications/FrontEnd/Workspace.php подключён.
2012-04-27 14:39:09 Файл Z:/home/arhangel31337/www/Applications/FrontEnd/FrontEndModel.php подключён.
2012-04-27 14:40:26 Файл Z:/home/arhangel31337/www/Wings/Logs.php подключён.
2012-04-27 14:40:26 Файл Z:/home/arhangel31337/www/Wings/DB.php подключён.
2012-04-27 14:40:26 Файл Z:/home/arhangel31337/www/Applications/FrontEnd/Workspace.php подключён.
2012-04-27 14:40:26 Файл Z:/home/arhangel31337/www/Applications/FrontEnd/FrontEndModel.php подключён.
2012-04-27 14:41:08 Файл Z:/home/arhangel31337/www/Wings/Logs.php подключён.
2012-04-27 14:41:08 Файл Z:/home/arhangel31337/www/Wings/DB.php подключён.
2012-04-27 14:41:08 Файл Z:/home/arhangel31337/www/Applications/FrontEnd/Workspace.php подключён.
2012-04-27 14:42:51 Файл Z:/home/arhangel31337/www/Wings/Logs.php подключён.
2012-04-27 14:42:51 Файл Z:/home/arhangel31337/www/Wings/DB.php подключён.
2012-04-27 14:42:51 Файл Z:/home/arhangel31337/www/Applications/FrontEnd/Workspace.php подключён.
2012-04-27 14:42:51 Файл Z:/home/arhangel31337/www/Applications/FrontEnd/FrontEndModel.php подключён.
2012-04-27 14:43:11 Файл Z:/home/arhangel31337/www/Wings/Logs.php подключён.
2012-04-27 14:43:11 Файл Z:/home/arhangel31337/www/Wings/DB.php подключён.
2012-04-27 14:43:11 Файл Z:/home/arhangel31337/www/Applications/FrontEnd/Workspace.php подключён.
2012-04-27 14:43:11 Файл Z:/home/arhangel31337/www/Applications/FrontEnd/FrontEndModel.php подключён.
2012-04-27 14:43:14 Файл Z:/home/arhangel31337/www/Wings/Logs.php подключён.
2012-04-27 14:43:14 Файл Z:/home/arhangel31337/www/Wings/DB.php подключён.
2012-04-27 14:43:14 Файл Z:/home/arhangel31337/www/Applications/FrontEnd/Workspace.php подключён.
2012-04-27 14:43:14 Файл Z:/home/arhangel31337/www/Applications/FrontEnd/FrontEndModel.php подключён.
2012-04-27 14:48:03 Файл Z:/home/arhangel31337/www/Wings/Logs.php подключён.
2012-04-27 14:48:03 Файл Z:/home/arhangel31337/www/Wings/DB.php подключён.
2012-04-27 14:48:03 Файл Z:/home/arhangel31337/www/Applications/FrontEnd/Workspace.php подключён.
2012-04-27 14:48:03 Файл Z:/home/arhangel31337/www/Applications/FrontEnd/FrontEndModel.php подключён.
2012-04-27 14:48:30 Файл Z:/home/arhangel31337/www/Wings/Logs.php подключён.
2012-04-27 14:48:30 Файл Z:/home/arhangel31337/www/Wings/DB.php подключён.
2012-04-27 14:48:30 Файл Z:/home/arhangel31337/www/Applications/FrontEnd/Workspace.php подключён.
2012-04-27 14:48:30 Файл Z:/home/arhangel31337/www/Applications/FrontEnd/FrontEndModel.php подключён.
2012-04-27 14:50:26 Файл Z:/home/arhangel31337/www/Wings/Logs.php подключён.
2012-04-27 14:50:26 Файл Z:/home/arhangel31337/www/Wings/DB.php подключён.
2012-04-27 14:50:26 Файл Z:/home/arhangel31337/www/Applications/FrontEnd/Workspace.php подключён.
2012-04-27 14:50:26 Файл Z:/home/arhangel31337/www/Applications/FrontEnd/FrontEndModel.php подключён.
2012-04-27 14:50:42 Файл Z:/home/arhangel31337/www/Wings/Logs.php подключён.
2012-04-27 14:50:42 Файл Z:/home/arhangel31337/www/Wings/DB.php подключён.
2012-04-27 14:50:42 Файл Z:/home/arhangel31337/www/Applications/FrontEnd/Workspace.php подключён.
2012-04-27 14:50:42 Файл Z:/home/arhangel31337/www/Applications/FrontEnd/FrontEndModel.php подключён.
2012-04-27 14:50:46 Файл Z:/home/arhangel31337/www/Wings/Logs.php подключён.
2012-04-27 14:50:46 Файл Z:/home/arhangel31337/www/Wings/DB.php подключён.
2012-04-27 14:50:46 Файл Z:/home/arhangel31337/www/Applications/FrontEnd/Workspace.php подключён.
2012-04-27 14:50:46 Файл Z:/home/arhangel31337/www/Applications/FrontEnd/FrontEndModel.php подключён.
2012-04-27 14:51:18 Файл Z:/home/arhangel31337/www/Wings/Logs.php подключён.
2012-04-27 14:51:18 Файл Z:/home/arhangel31337/www/Wings/DB.php подключён.
2012-04-27 14:51:18 Файл Z:/home/arhangel31337/www/Applications/FrontEnd/Workspace.php подключён.
2012-04-27 14:51:18 Файл Z:/home/arhangel31337/www/Applications/FrontEnd/FrontEndModel.php подключён.
2012-04-27 14:53:04 Файл Z:/home/arhangel31337/www/Wings/Logs.php подключён.
2012-04-27 14:53:04 Файл Z:/home/arhangel31337/www/Wings/DB.php подключён.
2012-04-27 14:53:04 Файл Z:/home/arhangel31337/www/Applications/FrontEnd/Workspace.php подключён.
2012-04-27 14:53:04 Файл Z:/home/arhangel31337/www/Applications/FrontEnd/FrontEndModel.php подключён.
2012-04-27 14:53:25 Файл Z:/home/arhangel31337/www/Wings/Logs.php подключён.
2012-04-27 14:53:25 Файл Z:/home/arhangel31337/www/Wings/DB.php подключён.
2012-04-27 14:53:25 Файл Z:/home/arhangel31337/www/Applications/FrontEnd/Workspace.php подключён.
2012-04-27 14:53:25 Файл Z:/home/arhangel31337/www/Applications/FrontEnd/FrontEndModel.php подключён.
2012-04-27 14:53:34 Файл Z:/home/arhangel31337/www/Wings/Logs.php подключён.
2012-04-27 14:53:34 Файл Z:/home/arhangel31337/www/Wings/DB.php подключён.
2012-04-27 14:53:34 Файл Z:/home/arhangel31337/www/Applications/FrontEnd/Workspace.php подключён.
2012-04-27 14:53:34 Файл Z:/home/arhangel31337/www/Applications/FrontEnd/FrontEndModel.php подключён.
2012-04-27 14:53:38 Файл Z:/home/arhangel31337/www/Wings/Logs.php подключён.
2012-04-27 14:53:38 Файл Z:/home/arhangel31337/www/Wings/DB.php подключён.
2012-04-27 14:53:38 Файл Z:/home/arhangel31337/www/Applications/FrontEnd/Workspace.php подключён.
2012-04-27 14:53:38 Файл Z:/home/arhangel31337/www/Applications/FrontEnd/FrontEndModel.php подключён.
2012-04-27 14:53:53 Файл Z:/home/arhangel31337/www/Wings/Logs.php подключён.
2012-04-27 14:53:53 Файл Z:/home/arhangel31337/www/Wings/DB.php подключён.
2012-04-27 14:53:53 Файл Z:/home/arhangel31337/www/Applications/FrontEnd/Workspace.php подключён.
2012-04-27 14:53:53 Файл Z:/home/arhangel31337/www/Applications/FrontEnd/FrontEndModel.php подключён.
2012-04-27 14:54:04 Файл Z:/home/arhangel31337/www/Wings/Logs.php подключён.
2012-04-27 14:54:04 Файл Z:/home/arhangel31337/www/Wings/DB.php подключён.
2012-04-27 14:54:04 Файл Z:/home/arhangel31337/www/Applications/FrontEnd/Workspace.php подключён.
2012-04-27 14:54:04 Файл Z:/home/arhangel31337/www/Applications/FrontEnd/FrontEndModel.php подключён.
2012-04-27 14:54:32 Файл Z:/home/arhangel31337/www/Wings/Logs.php подключён.
2012-04-27 14:54:32 Файл Z:/home/arhangel31337/www/Wings/DB.php подключён.
2012-04-27 14:54:32 Файл Z:/home/arhangel31337/www/Applications/FrontEnd/Workspace.php подключён.
2012-04-27 14:54:32 Файл Z:/home/arhangel31337/www/Applications/FrontEnd/FrontEndModel.php подключён.
2012-04-27 14:54:54 Файл Z:/home/arhangel31337/www/Wings/Logs.php подключён.
2012-04-27 14:54:54 Файл Z:/home/arhangel31337/www/Wings/DB.php подключён.
2012-04-27 14:54:54 Файл Z:/home/arhangel31337/www/Applications/FrontEnd/Workspace.php подключён.
2012-04-27 14:54:54 Файл Z:/home/arhangel31337/www/Applications/FrontEnd/FrontEndModel.php подключён.
2012-04-27 14:55:49 Файл Z:/home/arhangel31337/www/Wings/Logs.php подключён.
2012-04-27 14:55:49 Файл Z:/home/arhangel31337/www/Wings/DB.php подключён.
2012-04-27 14:55:49 Файл Z:/home/arhangel31337/www/Applications/FrontEnd/Workspace.php подключён.
2012-04-27 14:55:49 Файл Z:/home/arhangel31337/www/Applications/FrontEnd/FrontEndModel.php подключён.
2012-04-27 14:56:42 Файл Z:/home/arhangel31337/www/Wings/Logs.php подключён.
2012-04-27 14:56:42 Файл Z:/home/arhangel31337/www/Wings/DB.php подключён.
2012-04-27 14:56:42 Файл Z:/home/arhangel31337/www/Applications/FrontEnd/Workspace.php подключён.
2012-04-27 14:56:42 Файл Z:/home/arhangel31337/www/Applications/FrontEnd/FrontEndModel.php подключён.
2012-04-27 14:57:08 Файл Z:/home/arhangel31337/www/Wings/Logs.php подключён.
2012-04-27 14:57:08 Файл Z:/home/arhangel31337/www/Wings/DB.php подключён.
2012-04-27 14:57:08 Файл Z:/home/arhangel31337/www/Applications/FrontEnd/Workspace.php подключён.
2012-04-27 14:57:08 Файл Z:/home/arhangel31337/www/Applications/FrontEnd/FrontEndModel.php подключён.
2012-04-27 14:57:08 Файл Z:/home/arhangel31337/www/Index/Controller.php не найден.
2012-04-27 14:57:35 Файл Z:/home/arhangel31337/www/Wings/Logs.php подключён.
2012-04-27 14:57:35 Файл Z:/home/arhangel31337/www/Wings/DB.php подключён.
2012-04-27 14:57:35 Файл Z:/home/arhangel31337/www/Applications/FrontEnd/Workspace.php подключён.
2012-04-27 14:57:35 Файл Z:/home/arhangel31337/www/Applications/FrontEnd/FrontEndModel.php подключён.
2012-04-27 14:57:35 Файл Z:/home/arhangel31337/www/Applications/FrontEnd/Index/Controller.php подключён.
2012-04-27 14:59:12 Файл Z:/home/arhangel31337/www/Wings/Logs.php подключён.
2012-04-27 14:59:12 Файл Z:/home/arhangel31337/www/Wings/DB.php подключён.
2012-04-27 14:59:12 Файл Z:/home/arhangel31337/www/Applications/FrontEnd/Workspace.php подключён.
2012-04-27 14:59:12 Файл Z:/home/arhangel31337/www/Applications/FrontEnd/FrontEndModel.php подключён.
2012-04-27 14:59:12 Файл Z:/home/arhangel31337/www/Index/Controller.php не найден.
2012-04-27 14:59:30 Файл Z:/home/arhangel31337/www/Wings/Logs.php подключён.
2012-04-27 14:59:30 Файл Z:/home/arhangel31337/www/Wings/DB.php подключён.
2012-04-27 14:59:30 Файл Z:/home/arhangel31337/www/Applications/FrontEnd/Workspace.php подключён.
2012-04-27 14:59:30 Файл Z:/home/arhangel31337/www/Applications/FrontEnd/FrontEndModel.php подключён.
2012-04-27 14:59:30 Файл Z:/home/arhangel31337/www/Applications/FrontEndIndex/Controller.php не найден.
2012-04-27 14:59:39 Файл Z:/home/arhangel31337/www/Wings/Logs.php подключён.
2012-04-27 14:59:39 Файл Z:/home/arhangel31337/www/Wings/DB.php подключён.
2012-04-27 14:59:54 Файл Z:/home/arhangel31337/www/Wings/Logs.php подключён.
2012-04-27 14:59:54 Файл Z:/home/arhangel31337/www/Wings/DB.php подключён.
2012-04-27 14:59:54 Файл Z:/home/arhangel31337/www/Applications/FrontEnd/Workspace.php подключён.
2012-04-27 14:59:54 Файл Z:/home/arhangel31337/www/Applications/FrontEnd/FrontEndModel.php подключён.
2012-04-27 14:59:54 Файл Z:/home/arhangel31337/www/Applications/FrontEnd/Index/Controller.php подключён.
2012-04-27 15:00:11 Файл Z:/home/arhangel31337/www/Wings/Logs.php подключён.
2012-04-27 15:00:11 Файл Z:/home/arhangel31337/www/Wings/DB.php подключён.
2012-04-27 15:00:11 Файл Z:/home/arhangel31337/www/Applications/FrontEnd/Workspace.php подключён.
2012-04-27 15:00:11 Файл Z:/home/arhangel31337/www/Applications/FrontEnd/FrontEndModel.php подключён.
2012-04-27 15:00:11 Файл Z:/home/arhangel31337/www/Applications/FrontEnd/Index/Controller.php подключён.
2012-04-27 15:01:10 Файл Z:/home/arhangel31337/www/Wings/Logs.php подключён.
2012-04-27 15:01:10 Файл Z:/home/arhangel31337/www/Wings/DB.php подключён.
2012-04-27 15:01:10 Файл Z:/home/arhangel31337/www/Applications/FrontEnd/Workspace.php подключён.
2012-04-27 15:01:10 Файл Z:/home/arhangel31337/www/Applications/FrontEnd/FrontEndModel.php подключён.
2012-04-27 15:01:10 Файл Z:/home/arhangel31337/www/Applications/FrontEnd/Index/Controller.php подключён.
2012-04-27 15:01:30 Файл Z:/home/arhangel31337/www/Wings/Logs.php подключён.
2012-04-27 15:01:30 Файл Z:/home/arhangel31337/www/Wings/DB.php подключён.
2012-04-27 15:01:30 Файл Z:/home/arhangel31337/www/Applications/FrontEnd/Workspace.php подключён.
2012-04-27 15:01:30 Файл Z:/home/arhangel31337/www/Applications/FrontEnd/FrontEndModel.php подключён.
2012-04-27 15:01:30 Файл Z:/home/arhangel31337/www/Applications/FrontEnd/Index/Controller.php подключён.
2012-04-27 15:01:31 Файл Z:/home/arhangel31337/www/Wings/Logs.php подключён.
2012-04-27 15:01:31 Файл Z:/home/arhangel31337/www/Wings/DB.php подключён.
2012-04-27 15:01:32 Файл Z:/home/arhangel31337/www/Applications/FrontEnd/Workspace.php подключён.
2012-04-27 15:01:32 Файл Z:/home/arhangel31337/www/Applications/FrontEnd/FrontEndModel.php подключён.
2012-04-27 15:01:32 Файл Z:/home/arhangel31337/www/Applications/FrontEnd/Index/Controller.php подключён.
2012-04-27 15:01:33 Файл Z:/home/arhangel31337/www/Wings/Logs.php подключён.
2012-04-27 15:01:33 Файл Z:/home/arhangel31337/www/Wings/DB.php подключён.
2012-04-27 15:01:33 Файл Z:/home/arhangel31337/www/Applications/FrontEnd/Workspace.php подключён.
2012-04-27 15:01:33 Файл Z:/home/arhangel31337/www/Applications/FrontEnd/FrontEndModel.php подключён.
2012-04-27 15:01:33 Файл Z:/home/arhangel31337/www/Applications/FrontEnd/Index/Controller.php подключён.
2012-04-27 15:01:43 Файл Z:/home/arhangel31337/www/Wings/Logs.php подключён.
2012-04-27 15:01:43 Файл Z:/home/arhangel31337/www/Wings/DB.php подключён.
2012-04-27 15:01:43 Файл Z:/home/arhangel31337/www/Applications/FrontEnd/Workspace.php подключён.
2012-04-27 15:01:43 Файл Z:/home/arhangel31337/www/Applications/FrontEnd/FrontEndModel.php подключён.
2012-04-27 15:01:43 Файл Z:/home/arhangel31337/www/Applications/FrontEnd/Index/Controller.php подключён.
2012-04-27 15:05:42 Файл Z:/home/arhangel31337/www/Wings/Logs.php подключён.
2012-04-27 15:05:42 Файл Z:/home/arhangel31337/www/Wings/DB.php подключён.
2012-04-27 15:05:42 Файл Z:/home/arhangel31337/www/Applications/FrontEnd/Workspace.php подключён.
2012-04-27 15:05:42 Файл Z:/home/arhangel31337/www/Applications/FrontEnd/FrontEndModel.php подключён.
2012-04-27 15:05:42 Файл Z:/home/arhangel31337/www/Applications/FrontEnd/Index/Controller.php подключён.
2012-04-27 15:11:23 Файл Z:/home/arhangel31337/www/Wings/Logs.php подключён.
2012-04-27 15:11:23 Файл Z:/home/arhangel31337/www/Wings/DB.php подключён.
2012-04-27 15:11:23 Файл Z:/home/arhangel31337/www/Applications/FrontEnd/Workspace.php подключён.
2012-04-27 15:11:23 Файл Z:/home/arhangel31337/www/Applications/FrontEnd/FrontEndModel.php подключён.
2012-04-27 15:11:36 Файл Z:/home/arhangel31337/www/Wings/Logs.php подключён.
2012-04-27 15:11:36 Файл Z:/home/arhangel31337/www/Wings/DB.php подключён.
2012-04-27 15:11:36 Файл Z:/home/arhangel31337/www/Applications/FrontEnd/Workspace.php подключён.
2012-04-27 15:11:36 Файл Z:/home/arhangel31337/www/Applications/FrontEnd/FrontEndModel.php подключён.
2012-04-27 15:11:36 Файл Z:/home/arhangel31337/www/Applications/FrontEnd/Index/Controller.php подключён.
2012-04-27 15:15:43 Файл Z:/home/arhangel31337/www/Wings/Logs.php подключён.
2012-04-27 15:15:43 Файл Z:/home/arhangel31337/www/Wings/DB.php подключён.
2012-04-27 15:15:43 Файл Z:/home/arhangel31337/www/Applications/FrontEnd/Workspace.php подключён.
2012-04-27 15:15:43 Файл Z:/home/arhangel31337/www/Applications/FrontEnd/FrontEndModel.php подключён.
2012-04-27 15:15:43 Файл Z:/home/arhangel31337/www/Applications/FrontEnd/Index/Controller.php подключён.
2012-04-27 15:16:09 Файл Z:/home/arhangel31337/www/Wings/Logs.php подключён.
2012-04-27 15:16:09 Файл Z:/home/arhangel31337/www/Wings/DB.php подключён.
2012-04-27 15:16:09 Файл Z:/home/arhangel31337/www/Applications/FrontEnd/Workspace.php подключён.
2012-04-27 15:16:09 Файл Z:/home/arhangel31337/www/Applications/FrontEnd/FrontEndModel.php подключён.
2012-04-27 15:16:09 Файл Z:/home/arhangel31337/www/Applications/FrontEnd/Index/Controller.php подключён.
2012-04-27 15:16:14 Файл Z:/home/arhangel31337/www/Wings/Logs.php подключён.
2012-04-27 15:16:14 Файл Z:/home/arhangel31337/www/Wings/DB.php подключён.
2012-04-27 15:16:14 Файл Z:/home/arhangel31337/www/Applications/FrontEnd/Workspace.php подключён.
2012-04-27 15:16:14 Файл Z:/home/arhangel31337/www/Applications/FrontEnd/FrontEndModel.php подключён.
2012-04-27 15:16:14 Файл Z:/home/arhangel31337/www/Applications/FrontEnd/Index/Controller.php подключён.
2012-04-27 15:18:51 Файл Z:/home/arhangel31337/www/Wings/Logs.php подключён.
2012-04-27 15:18:51 Файл Z:/home/arhangel31337/www/Wings/DB.php подключён.
2012-04-27 15:18:51 Файл Z:/home/arhangel31337/www/Applications/FrontEnd/Workspace.php подключён.
2012-04-27 15:18:51 Файл Z:/home/arhangel31337/www/Applications/FrontEnd/FrontEndModel.php подключён.
2012-04-27 15:18:51 Файл Z:/home/arhangel31337/www/Applications/FrontEnd/Index/Controller.php подключён.
2012-04-27 15:19:51 Файл Z:/home/arhangel31337/www/Wings/Logs.php подключён.
2012-04-27 15:19:51 Файл Z:/home/arhangel31337/www/Wings/DB.php подключён.
2012-04-27 15:19:57 Файл Z:/home/arhangel31337/www/Wings/Logs.php подключён.
2012-04-27 15:19:57 Файл Z:/home/arhangel31337/www/Wings/DB.php подключён.
2012-04-27 15:19:57 Файл Z:/home/arhangel31337/www/Applications/FrontEnd/Workspace.php подключён.
2012-04-27 15:19:57 Файл Z:/home/arhangel31337/www/Applications/FrontEnd/FrontEndModel.php подключён.
2012-04-27 15:19:57 Файл Z:/home/arhangel31337/www/Applications/FrontEnd/Index/Controller.php подключён.
2012-04-27 15:20:29 Файл Z:/home/arhangel31337/www/Wings/Logs.php подключён.
2012-04-27 15:20:29 Файл Z:/home/arhangel31337/www/Wings/DB.php подключён.
2012-04-27 15:20:29 Файл Z:/home/arhangel31337/www/Applications/FrontEnd/Workspace.php подключён.
2012-04-27 15:20:29 Файл Z:/home/arhangel31337/www/Applications/FrontEnd/FrontEndModel.php подключён.
2012-04-27 15:20:29 Файл Z:/home/arhangel31337/www/Applications/FrontEnd/Index/Controller.php подключён.
2012-04-27 15:20:29 Файл Z:/home/arhangel31337/www/Wings/Logs.php подключён.
2012-04-27 15:20:29 Файл Z:/home/arhangel31337/www/Wings/DB.php подключён.
2012-04-27 15:20:29 Файл Z:/home/arhangel31337/www/Applications/FrontEnd/Workspace.php подключён.
2012-04-27 15:20:29 Файл Z:/home/arhangel31337/www/Applications/FrontEnd/FrontEndModel.php подключён.
2012-04-27 15:20:29 Файл Z:/home/arhangel31337/www/Applications/FrontEnd/Index/Controller.php подключён.
2012-04-27 15:29:49 Файл Z:/home/arhangel31337/www/Wings/Logs.php подключён.
2012-04-27 15:29:49 Файл Z:/home/arhangel31337/www/Wings/DB.php подключён.
2012-04-27 15:29:49 Файл Z:/home/arhangel31337/www/Applications/FrontEnd/Workspace.php подключён.
2012-04-27 15:29:49 Файл Z:/home/arhangel31337/www/Applications/FrontEnd/FrontEndModel.php подключён.
2012-04-27 15:29:49 Файл Z:/home/arhangel31337/www/Applications/FrontEnd/Index/Controller.php подключён.
2012-04-27 15:30:30 Файл Z:/home/arhangel31337/www/Wings/Logs.php подключён.
2012-04-27 15:30:30 Файл Z:/home/arhangel31337/www/Wings/DB.php подключён.
2012-04-27 15:30:30 Файл Z:/home/arhangel31337/www/Applications/FrontEnd/Workspace.php подключён.
2012-04-27 15:30:30 Файл Z:/home/arhangel31337/www/Applications/FrontEnd/FrontEndModel.php подключён.
2012-04-27 15:30:30 Файл Z:/home/arhangel31337/www/Applications/FrontEnd/Index/Controller.php подключён.
2012-04-27 15:31:05 Файл Z:/home/arhangel31337/www/Wings/Logs.php подключён.
2012-04-27 15:31:05 Файл Z:/home/arhangel31337/www/Wings/DB.php подключён.
2012-04-27 15:31:05 Файл Z:/home/arhangel31337/www/Applications/FrontEnd/Workspace.php подключён.
2012-04-27 15:31:05 Файл Z:/home/arhangel31337/www/Applications/FrontEnd/FrontEndModel.php подключён.
2012-04-27 15:31:05 Файл Z:/home/arhangel31337/www/Applications/FrontEnd/Index/Controller.php подключён.
2012-04-27 15:32:06 Файл Z:/home/arhangel31337/www/Wings/Logs.php подключён.
2012-04-27 15:32:06 Файл Z:/home/arhangel31337/www/Wings/DB.php подключён.
2012-04-27 15:32:06 Файл Z:/home/arhangel31337/www/Applications/FrontEnd/Workspace.php подключён.
2012-04-27 15:32:06 Файл Z:/home/arhangel31337/www/Applications/FrontEnd/FrontEndModel.php подключён.
2012-04-27 15:32:06 Файл Z:/home/arhangel31337/www/Applications/FrontEnd/Index/Controller.php подключён.
2012-04-27 15:34:02 Файл Z:/home/arhangel31337/www/Wings/Logs.php подключён.
2012-04-27 15:34:02 Файл Z:/home/arhangel31337/www/Wings/DB.php подключён.
2012-04-27 15:34:02 Файл Z:/home/arhangel31337/www/Applications/FrontEnd/Workspace.php подключён.
2012-04-27 15:34:02 Файл Z:/home/arhangel31337/www/Applications/FrontEnd/FrontEndModel.php подключён.
2012-04-27 15:34:02 Файл Z:/home/arhangel31337/www/Applications/FrontEnd/Index/Controller.php подключён.
2012-04-27 15:34:02 Файл Z:/home/arhangel31337/www/Applications/FrontEnd/Index/Model.php не найден.
2012-04-27 15:34:13 Файл Z:/home/arhangel31337/www/Wings/Logs.php подключён.
2012-04-27 15:34:13 Файл Z:/home/arhangel31337/www/Wings/DB.php подключён.
2012-04-27 15:34:13 Файл Z:/home/arhangel31337/www/Applications/FrontEnd/Workspace.php подключён.
2012-04-27 15:34:13 Файл Z:/home/arhangel31337/www/Applications/FrontEnd/FrontEndModel.php подключён.
2012-04-27 15:34:13 Файл Z:/home/arhangel31337/www/Applications/FrontEnd/Index/Controller.php подключён.
2012-04-27 15:34:13 Файл Z:/home/arhangel31337/www/Applications/FrontEnd/Index/View.php подключён.
2012-04-27 15:34:45 Файл Z:/home/arhangel31337/www/Wings/Logs.php подключён.
2012-04-27 15:34:45 Файл Z:/home/arhangel31337/www/Wings/DB.php подключён.
2012-04-27 15:34:45 Файл Z:/home/arhangel31337/www/Applications/FrontEnd/Workspace.php подключён.
2012-04-27 15:34:45 Файл Z:/home/arhangel31337/www/Applications/FrontEnd/FrontEndModel.php подключён.
2012-04-27 15:34:45 Файл Z:/home/arhangel31337/www/Applications/FrontEnd/Index/Controller.php подключён.
2012-04-27 15:34:45 Файл Z:/home/arhangel31337/www/Applications/FrontEnd/Index/View.php подключён.
2012-04-27 15:34:47 Файл Z:/home/arhangel31337/www/Wings/Logs.php подключён.
2012-04-27 15:34:47 Файл Z:/home/arhangel31337/www/Wings/DB.php подключён.
2012-04-27 15:34:47 Файл Z:/home/arhangel31337/www/Applications/FrontEnd/Workspace.php подключён.
2012-04-27 15:34:47 Файл Z:/home/arhangel31337/www/Applications/FrontEnd/FrontEndModel.php подключён.
2012-04-27 15:34:47 Файл Z:/home/arhangel31337/www/Applications/FrontEnd/Index/Controller.php подключён.
2012-04-27 15:34:47 Файл Z:/home/arhangel31337/www/Applications/FrontEnd/Index/View.php подключён.
2012-04-27 15:35:20 Файл Z:/home/arhangel31337/www/Wings/Logs.php подключён.
2012-04-27 15:35:20 Файл Z:/home/arhangel31337/www/Wings/DB.php подключён.
2012-04-27 15:35:20 Файл Z:/home/arhangel31337/www/Applications/FrontEnd/Workspace.php подключён.
2012-04-27 15:35:20 Файл Z:/home/arhangel31337/www/Applications/FrontEnd/FrontEndModel.php подключён.
2012-04-27 15:35:20 Файл Z:/home/arhangel31337/www/Applications/FrontEnd/Index/Controller.php подключён.
2012-04-27 15:35:20 Файл Z:/home/arhangel31337/www/Applications/FrontEnd/Index/View.php подключён.
2012-04-27 15:41:54 Файл Z:/home/arhangel31337/www/Wings/Logs.php подключён.
2012-04-27 15:41:54 Файл Z:/home/arhangel31337/www/Wings/DB.php подключён.
2012-04-27 15:41:54 Файл Z:/home/arhangel31337/www/Applications/FrontEnd/Workspace.php подключён.
2012-04-27 15:41:54 Файл Z:/home/arhangel31337/www/Applications/FrontEnd/FrontEndModel.php подключён.
2012-04-27 15:41:54 Файл Z:/home/arhangel31337/www/Applications/FrontEnd/Index/Controller.php подключён.
2012-04-27 15:41:54 Файл Z:/home/arhangel31337/www/Applications/FrontEnd/Index/View.php подключён.
2012-04-27 15:42:08 Файл Z:/home/arhangel31337/www/Wings/Logs.php подключён.
2012-04-27 15:42:08 Файл Z:/home/arhangel31337/www/Wings/DB.php подключён.
2012-04-27 15:42:08 Файл Z:/home/arhangel31337/www/Applications/FrontEnd/Workspace.php подключён.
2012-04-27 15:42:08 Файл Z:/home/arhangel31337/www/Applications/FrontEnd/FrontEndModel.php подключён.
2012-04-27 15:42:08 Файл Z:/home/arhangel31337/www/Applications/FrontEnd/Index/Controller.php подключён.
2012-04-27 15:42:08 Файл Z:/home/arhangel31337/www/Applications/FrontEnd/Index/View.php подключён.
2012-04-27 15:42:56 Файл Z:/home/arhangel31337/www/Wings/Logs.php подключён.
2012-04-27 15:42:56 Файл Z:/home/arhangel31337/www/Wings/DB.php подключён.
2012-04-27 15:42:56 Файл Z:/home/arhangel31337/www/Applications/FrontEnd/Workspace.php подключён.
2012-04-27 15:42:56 Файл Z:/home/arhangel31337/www/Applications/FrontEnd/FrontEndModel.php подключён.
2012-04-27 15:42:56 Файл Z:/home/arhangel31337/www/Applications/FrontEnd/Index/Controller.php подключён.
2012-04-27 15:42:56 Файл Z:/home/arhangel31337/www/Applications/FrontEnd/Index/View.php подключён.
2012-04-27 15:42:57 Файл Z:/home/arhangel31337/www/Wings/Logs.php подключён.
2012-04-27 15:42:57 Файл Z:/home/arhangel31337/www/Wings/DB.php подключён.
2012-04-27 15:42:57 Файл Z:/home/arhangel31337/www/Applications/FrontEnd/Workspace.php подключён.
2012-04-27 15:42:57 Файл Z:/home/arhangel31337/www/Applications/FrontEnd/FrontEndModel.php подключён.
2012-04-27 15:42:57 Файл Z:/home/arhangel31337/www/Applications/FrontEnd/Index/Controller.php подключён.
2012-04-27 15:42:57 Файл Z:/home/arhangel31337/www/Applications/FrontEnd/Index/View.php подключён.
2012-04-27 15:43:08 Файл Z:/home/arhangel31337/www/Wings/Logs.php подключён.
2012-04-27 15:43:08 Файл Z:/home/arhangel31337/www/Wings/DB.php подключён.
2012-04-27 15:43:08 Файл Z:/home/arhangel31337/www/Applications/FrontEnd/Workspace.php подключён.
2012-04-27 15:43:08 Файл Z:/home/arhangel31337/www/Applications/FrontEnd/FrontEndModel.php подключён.
2012-04-27 15:43:08 Файл Z:/home/arhangel31337/www/Applications/FrontEnd/Index/Controller.php подключён.
2012-04-27 15:43:08 Файл Z:/home/arhangel31337/www/Applications/FrontEnd/Index/View.php подключён.
2012-04-27 15:43:23 Файл Z:/home/arhangel31337/www/Wings/Logs.php подключён.
2012-04-27 15:43:23 Файл Z:/home/arhangel31337/www/Wings/DB.php подключён.
2012-04-27 15:43:23 Файл Z:/home/arhangel31337/www/Applications/FrontEnd/Workspace.php подключён.
2012-04-27 15:43:23 Файл Z:/home/arhangel31337/www/Applications/FrontEnd/FrontEndModel.php подключён.
2012-04-27 15:43:23 Файл Z:/home/arhangel31337/www/Applications/FrontEnd/Index/Controller.php подключён.
2012-04-27 15:43:23 Файл Z:/home/arhangel31337/www/Applications/FrontEnd/Index/View.php подключён.
2012-04-27 15:45:09 Файл Z:/home/arhangel31337/www/Wings/Logs.php подключён.
2012-04-27 15:45:09 Файл Z:/home/arhangel31337/www/Wings/DB.php подключён.
2012-04-27 15:45:09 Файл Z:/home/arhangel31337/www/Applications/FrontEnd/Workspace.php подключён.
2012-04-27 15:45:09 Файл Z:/home/arhangel31337/www/Applications/FrontEnd/FrontEndModel.php подключён.
2012-04-27 15:45:09 Файл Z:/home/arhangel31337/www/Applications/FrontEnd/Index/Controller.php подключён.
2012-04-27 15:45:09 Файл Z:/home/arhangel31337/www/Applications/FrontEnd/Index/View.php подключён.
2012-04-27 15:46:26 Файл Z:/home/arhangel31337/www/Wings/Logs.php подключён.
2012-04-27 15:46:26 Файл Z:/home/arhangel31337/www/Wings/DB.php подключён.
2012-04-27 15:46:26 Файл Z:/home/arhangel31337/www/Applications/FrontEnd/Workspace.php подключён.
2012-04-27 15:46:26 Файл Z:/home/arhangel31337/www/Applications/FrontEnd/FrontEndModel.php подключён.
2012-04-27 15:46:26 Файл Z:/home/arhangel31337/www/Applications/FrontEnd/Index/Controller.php подключён.
2012-04-27 15:46:26 Файл Z:/home/arhangel31337/www/Applications/FrontEnd/Index/View.php подключён.
2012-04-27 15:47:06 Файл Z:/home/arhangel31337/www/Wings/Logs.php подключён.
2012-04-27 15:47:06 Файл Z:/home/arhangel31337/www/Wings/DB.php подключён.
2012-04-27 15:47:06 Файл Z:/home/arhangel31337/www/Applications/FrontEnd/Workspace.php подключён.
2012-04-27 15:47:06 Файл Z:/home/arhangel31337/www/Applications/FrontEnd/FrontEndModel.php подключён.
2012-04-27 15:47:06 Файл Z:/home/arhangel31337/www/Applications/FrontEnd/Index/Controller.php подключён.
2012-04-27 15:47:06 Файл Z:/home/arhangel31337/www/Applications/FrontEnd/Index/View.php подключён.
2012-04-27 15:47:26 Файл Z:/home/arhangel31337/www/Wings/Logs.php подключён.
2012-04-27 15:47:26 Файл Z:/home/arhangel31337/www/Wings/DB.php подключён.
2012-04-27 15:47:26 Файл Z:/home/arhangel31337/www/Applications/FrontEnd/Workspace.php подключён.
2012-04-27 15:47:26 Файл Z:/home/arhangel31337/www/Applications/FrontEnd/FrontEndModel.php подключён.
2012-04-27 15:47:26 Файл Z:/home/arhangel31337/www/Applications/FrontEnd/Index/Controller.php подключён.
2012-04-27 15:47:27 Файл Z:/home/arhangel31337/www/Applications/FrontEnd/Index/View.php подключён.
2012-04-27 15:48:06 Файл Z:/home/arhangel31337/www/Wings/Logs.php подключён.
2012-04-27 15:48:06 Файл Z:/home/arhangel31337/www/Wings/DB.php подключён.
2012-04-27 15:48:06 Файл Z:/home/arhangel31337/www/Applications/FrontEnd/Workspace.php подключён.
2012-04-27 15:48:06 Файл Z:/home/arhangel31337/www/Applications/FrontEnd/FrontEndModel.php подключён.
2012-04-27 15:48:06 Файл Z:/home/arhangel31337/www/Applications/FrontEnd/Index/Controller.php подключён.
2012-04-27 15:48:06 Файл Z:/home/arhangel31337/www/Applications/FrontEnd/Index/View.php подключён.
2012-04-27 15:48:43 Файл Z:/home/arhangel31337/www/Wings/Logs.php подключён.
2012-04-27 15:48:43 Файл Z:/home/arhangel31337/www/Wings/DB.php подключён.
2012-04-27 15:48:43 Файл Z:/home/arhangel31337/www/Applications/FrontEnd/Workspace.php подключён.
2012-04-27 15:48:43 Файл Z:/home/arhangel31337/www/Applications/FrontEnd/FrontEndModel.php подключён.
2012-04-27 15:48:43 Файл Z:/home/arhangel31337/www/Applications/FrontEnd/Index/Controller.php подключён.
2012-04-27 15:48:43 Файл Z:/home/arhangel31337/www/Applications/FrontEnd/Index/View.php подключён.
2012-04-27 15:49:30 Файл Z:/home/arhangel31337/www/Wings/Logs.php подключён.
2012-04-27 15:49:30 Файл Z:/home/arhangel31337/www/Wings/DB.php подключён.
2012-04-27 15:49:30 Файл Z:/home/arhangel31337/www/Applications/FrontEnd/Workspace.php подключён.
2012-04-27 15:49:30 Файл Z:/home/arhangel31337/www/Applications/FrontEnd/FrontEndModel.php подключён.
2012-04-27 15:49:30 Файл Z:/home/arhangel31337/www/Applications/FrontEnd/Index/Controller.php подключён.
2012-04-27 15:49:30 Файл Z:/home/arhangel31337/www/Applications/FrontEnd/Index/View.php подключён.
2012-04-27 15:52:22 Файл Z:/home/arhangel31337/www/Wings/Logs.php подключён.
2012-04-27 15:52:22 Файл Z:/home/arhangel31337/www/Wings/DB.php подключён.
2012-04-27 15:52:22 Файл Z:/home/arhangel31337/www/Applications/FrontEnd/Workspace.php подключён.
2012-04-27 15:52:22 Файл Z:/home/arhangel31337/www/Applications/FrontEnd/FrontEndModel.php подключён.
2012-04-27 15:52:22 Файл Z:/home/arhangel31337/www/Applications/FrontEnd/Index/Controller.php подключён.
2012-04-27 15:52:22 Файл Z:/home/arhangel31337/www/Applications/FrontEnd/Index/View.php подключён.
2012-04-27 15:59:39 Файл Z:/home/arhangel31337/www/Wings/Logs.php подключён.
2012-04-27 15:59:39 Файл Z:/home/arhangel31337/www/Wings/DB.php подключён.
2012-04-27 15:59:39 Файл Z:/home/arhangel31337/www/Applications/FrontEnd/Workspace.php подключён.
2012-04-27 15:59:39 Файл Z:/home/arhangel31337/www/Applications/FrontEnd/FrontEndModel.php подключён.
2012-04-27 15:59:39 Файл Z:/home/arhangel31337/www/Applications/FrontEnd/Index/Controller.php подключён.
2012-04-27 15:59:39 Файл Z:/home/arhangel31337/www/Applications/FrontEnd/Index/View.php подключён.
2012-04-27 15:59:40 Файл Z:/home/arhangel31337/www/Wings/Logs.php подключён.
2012-04-27 15:59:40 Файл Z:/home/arhangel31337/www/Wings/DB.php подключён.
2012-04-27 15:59:40 Файл Z:/home/arhangel31337/www/Applications/FrontEnd/Workspace.php подключён.
2012-04-27 15:59:40 Файл Z:/home/arhangel31337/www/Applications/FrontEnd/FrontEndModel.php подключён.
2012-04-27 15:59:40 Файл Z:/home/arhangel31337/www/Applications/FrontEnd/Index/Controller.php подключён.
2012-04-27 15:59:40 Файл Z:/home/arhangel31337/www/Applications/FrontEnd/Index/View.php подключён.
2012-04-27 16:00:18 Файл Z:/home/arhangel31337/www/Wings/Logs.php подключён.
2012-04-27 16:00:18 Файл Z:/home/arhangel31337/www/Wings/DB.php подключён.
2012-04-27 16:00:18 Файл Z:/home/arhangel31337/www/Applications/FrontEnd/Workspace.php подключён.
2012-04-27 16:00:18 Файл Z:/home/arhangel31337/www/Applications/FrontEnd/FrontEndModel.php подключён.
2012-04-27 16:00:18 Файл Z:/home/arhangel31337/www/Applications/FrontEnd/Index/Controller.php подключён.
2012-04-27 16:00:18 Файл Z:/home/arhangel31337/www/Applications/FrontEnd/Index/View.php подключён.
2012-04-27 16:00:18 Файл Z:/home/arhangel31337/www/Smarty_Internal_Debug.php не найден.
2012-04-27 16:00:18 Файл Z:/home/arhangel31337/www/Smarty_Internal_TemplateCompilerBase.php не найден.
2012-04-27 16:00:18 Файл Z:/home/arhangel31337/www/Smarty_Internal_Templatelexer.php не найден.
2012-04-27 16:00:18 Файл Z:/home/arhangel31337/www/Smarty_Internal_Templateparser.php не найден.
2012-04-27 16:00:18 Файл Z:/home/arhangel31337/www/Smarty_Internal_Write_File.php не найден.
2012-04-27 16:00:30 Файл Z:/home/arhangel31337/www/Wings/Logs.php подключён.
2012-04-27 16:00:30 Файл Z:/home/arhangel31337/www/Wings/DB.php подключён.
2012-04-27 16:00:30 Файл Z:/home/arhangel31337/www/Applications/FrontEnd/Workspace.php подключён.
2012-04-27 16:00:30 Файл Z:/home/arhangel31337/www/Applications/FrontEnd/FrontEndModel.php подключён.
2012-04-27 16:00:30 Файл Z:/home/arhangel31337/www/Applications/FrontEnd/Index/Controller.php подключён.
2012-04-27 16:00:30 Файл Z:/home/arhangel31337/www/Applications/FrontEnd/Index/View.php подключён.
2012-04-27 16:01:07 Файл Z:/home/arhangel31337/www/Wings/Logs.php подключён.
2012-04-27 16:01:07 Файл Z:/home/arhangel31337/www/Wings/DB.php подключён.
2012-04-27 16:01:07 Файл Z:/home/arhangel31337/www/Applications/FrontEnd/Workspace.php подключён.
2012-04-27 16:01:07 Файл Z:/home/arhangel31337/www/Applications/FrontEnd/FrontEndModel.php подключён.
2012-04-27 16:01:07 Файл Z:/home/arhangel31337/www/Applications/FrontEnd/Index/Controller.php подключён.
2012-04-27 16:01:07 Файл Z:/home/arhangel31337/www/Applications/FrontEnd/Index/View.php подключён.
2012-04-27 16:01:15 Файл Z:/home/arhangel31337/www/Wings/Logs.php подключён.
2012-04-27 16:01:15 Файл Z:/home/arhangel31337/www/Wings/DB.php подключён.
2012-04-27 16:01:15 Файл Z:/home/arhangel31337/www/Applications/FrontEnd/Workspace.php подключён.
2012-04-27 16:01:15 Файл Z:/home/arhangel31337/www/Applications/FrontEnd/FrontEndModel.php подключён.
2012-04-27 16:01:15 Файл Z:/home/arhangel31337/www/Applications/FrontEnd/Index/Controller.php подключён.
2012-04-27 16:01:15 Файл Z:/home/arhangel31337/www/Applications/FrontEnd/Index/View.php подключён.
2012-04-27 16:01:37 Файл Z:/home/arhangel31337/www/Wings/Logs.php подключён.
2012-04-27 16:01:37 Файл Z:/home/arhangel31337/www/Wings/DB.php подключён.
2012-04-27 16:01:37 Файл Z:/home/arhangel31337/www/Applications/FrontEnd/Workspace.php подключён.
2012-04-27 16:01:37 Файл Z:/home/arhangel31337/www/Applications/FrontEnd/FrontEndModel.php подключён.
2012-04-27 16:01:37 Файл Z:/home/arhangel31337/www/Applications/FrontEnd/Index/Controller.php подключён.
2012-04-27 16:01:37 Файл Z:/home/arhangel31337/www/Applications/FrontEnd/Index/View.php подключён.
2012-04-27 16:02:18 Файл Z:/home/arhangel31337/www/Wings/Logs.php подключён.
2012-04-27 16:02:18 Файл Z:/home/arhangel31337/www/Wings/DB.php подключён.
2012-04-27 16:02:18 Файл Z:/home/arhangel31337/www/Applications/FrontEnd/Workspace.php подключён.
2012-04-27 16:02:18 Файл Z:/home/arhangel31337/www/Applications/FrontEnd/FrontEndModel.php подключён.
2012-04-27 16:02:18 Файл Z:/home/arhangel31337/www/Applications/FrontEnd/Index/Controller.php подключён.
2012-04-27 16:02:18 Файл Z:/home/arhangel31337/www/Applications/FrontEnd/Index/View.php подключён.
2012-04-27 16:02:18 Файл Z:/home/arhangel31337/www/Smarty_Internal_Debug.php не найден.
2012-04-27 16:02:18 Файл Z:/home/arhangel31337/www/Smarty_Internal_TemplateCompilerBase.php не найден.
2012-04-27 16:02:18 Файл Z:/home/arhangel31337/www/Smarty_Internal_Templatelexer.php не найден.
2012-04-27 16:02:18 Файл Z:/home/arhangel31337/www/Smarty_Internal_Templateparser.php не найден.
2012-04-27 16:02:18 Файл Z:/home/arhangel31337/www/Smarty_Internal_Write_File.php не найден.
2012-04-27 16:02:54 Файл Z:/home/arhangel31337/www/Wings/Logs.php подключён.
2012-04-27 16:02:54 Файл Z:/home/arhangel31337/www/Wings/DB.php подключён.
2012-04-27 16:02:54 Файл Z:/home/arhangel31337/www/Applications/FrontEnd/Workspace.php подключён.
2012-04-27 16:02:54 Файл Z:/home/arhangel31337/www/Applications/FrontEnd/FrontEndModel.php подключён.
2012-04-27 16:02:54 Файл Z:/home/arhangel31337/www/Applications/FrontEnd/Index/Controller.php подключён.
2012-04-27 16:02:54 Файл Z:/home/arhangel31337/www/Applications/FrontEnd/Index/View.php подключён.
2012-04-27 16:02:54 Файл Z:/home/arhangel31337/www/Smarty_Internal_Debug.php не найден.
2012-04-27 16:02:54 Файл Z:/home/arhangel31337/www/Smarty_Internal_TemplateCompilerBase.php не найден.
2012-04-27 16:02:54 Файл Z:/home/arhangel31337/www/Smarty_Internal_Templatelexer.php не найден.
2012-04-27 16:02:54 Файл Z:/home/arhangel31337/www/Smarty_Internal_Templateparser.php не найден.
2012-04-27 16:02:54 Файл Z:/home/arhangel31337/www/Smarty_Internal_Write_File.php не найден.
2012-04-27 20:36:26 Файл Z:/home/vprokate/www/Wings/Logs.php подключён.
2012-04-27 20:36:26 Файл Z:/home/vprokate/www/Wings/DB.php подключён.
2012-04-27 20:36:26 Файл Z:/home/vprokate/www/Applications/FrontEnd/Workspace.php подключён.
2012-04-27 20:36:26 Файл Z:/home/vprokate/www/Applications/FrontEnd/FrontEndModel.php подключён.
2012-04-27 20:36:26 Файл Z:/home/vprokate/www/Applications/FrontEnd/Index/Controller.php подключён.
2012-04-27 20:36:26 Файл Z:/home/vprokate/www/Applications/FrontEnd/Index/View.php подключён.
