2012-05-18 10:40:46 Файл /home/webservers/vprokate.ru/www/Wings/Logs.php подключён.
2012-05-18 10:40:46 Файл /home/webservers/vprokate.ru/www/Wings/DB.php подключён.
2012-05-18 10:40:46 Файл /home/webservers/vprokate.ru/www/Applications/FrontEnd/Workspace.php подключён.
2012-05-18 10:40:46 Файл /home/webservers/vprokate.ru/www/Applications/FrontEnd/FrontEndModel.php подключён.
2012-05-18 10:40:46 Файл /home/webservers/vprokate.ru/www/Applications/FrontEnd/Index/Controller.php подключён.
2012-05-18 10:40:46 Файл /home/webservers/vprokate.ru/www/Applications/FrontEnd/Index/View.php подключён.
2012-05-18 10:40:49 Файл /home/webservers/vprokate.ru/www/Wings/Logs.php подключён.
2012-05-18 10:40:49 Файл /home/webservers/vprokate.ru/www/Wings/DB.php подключён.
2012-05-18 10:40:49 Файл /home/webservers/vprokate.ru/www/Applications/FrontEnd/Workspace.php подключён.
2012-05-18 10:40:49 Файл /home/webservers/vprokate.ru/www/Applications/FrontEnd/FrontEndModel.php подключён.
2012-05-18 10:40:49 Файл /home/webservers/vprokate.ru/www/Applications/FrontEnd/Index/Controller.php подключён.
2012-05-18 10:40:49 Файл /home/webservers/vprokate.ru/www/Applications/FrontEnd/Index/View.php подключён.
2012-05-18 10:40:50 Файл /home/webservers/vprokate.ru/www/Wings/Logs.php подключён.
2012-05-18 10:40:50 Файл /home/webservers/vprokate.ru/www/Wings/DB.php подключён.
2012-05-18 10:40:50 Файл /home/webservers/vprokate.ru/www/Applications/FrontEnd/Workspace.php подключён.
2012-05-18 10:40:50 Файл /home/webservers/vprokate.ru/www/Applications/FrontEnd/FrontEndModel.php подключён.
2012-05-18 10:40:50 Файл /home/webservers/vprokate.ru/www/Applications/FrontEnd/Index/Controller.php подключён.
2012-05-18 10:40:50 Файл /home/webservers/vprokate.ru/www/Applications/FrontEnd/Index/View.php подключён.
2012-05-18 10:41:17 Файл /home/webservers/vprokate.ru/www/Wings/Logs.php подключён.
2012-05-18 10:41:17 Файл /home/webservers/vprokate.ru/www/Wings/DB.php подключён.
2012-05-18 10:41:17 Файл /home/webservers/vprokate.ru/www/Applications/FrontEnd/Workspace.php подключён.
2012-05-18 10:41:17 Файл /home/webservers/vprokate.ru/www/Applications/FrontEnd/FrontEndModel.php подключён.
2012-05-18 10:41:17 Файл /home/webservers/vprokate.ru/www/Applications/FrontEnd/Index/Controller.php подключён.
2012-05-18 10:41:17 Файл /home/webservers/vprokate.ru/www/Applications/FrontEnd/Index/View.php подключён.
2012-05-18 10:41:37 Файл /home/webservers/vprokate.ru/www/Wings/Logs.php подключён.
2012-05-18 10:41:37 Файл /home/webservers/vprokate.ru/www/Wings/DB.php подключён.
2012-05-18 10:41:37 Файл /home/webservers/vprokate.ru/www/Applications/FrontEnd/Workspace.php подключён.
2012-05-18 10:41:37 Файл /home/webservers/vprokate.ru/www/Applications/FrontEnd/FrontEndModel.php подключён.
2012-05-18 10:41:37 Файл /home/webservers/vprokate.ru/www/Applications/FrontEnd/Index/Controller.php подключён.
2012-05-18 10:41:37 Файл /home/webservers/vprokate.ru/www/Applications/FrontEnd/Index/View.php подключён.
2012-05-18 10:47:02 Файл /home/webservers/vprokate.ru/www/Wings/Logs.php подключён.
2012-05-18 10:47:02 Файл /home/webservers/vprokate.ru/www/Wings/DB.php подключён.
2012-05-18 10:47:02 Файл /home/webservers/vprokate.ru/www/Applications/FrontEnd/Workspace.php подключён.
2012-05-18 10:47:02 Файл /home/webservers/vprokate.ru/www/Applications/FrontEnd/FrontEndModel.php подключён.
2012-05-18 10:47:02 Файл /home/webservers/vprokate.ru/www/Applications/FrontEnd/Index/Controller.php подключён.
2012-05-18 10:47:02 Файл /home/webservers/vprokate.ru/www/Applications/FrontEnd/Index/View.php подключён.
2012-05-18 10:47:08 Файл /home/webservers/vprokate.ru/www/Wings/Logs.php подключён.
2012-05-18 10:47:08 Файл /home/webservers/vprokate.ru/www/Wings/DB.php подключён.
2012-05-18 10:47:08 Файл /home/webservers/vprokate.ru/www/Applications/FrontEnd/Workspace.php подключён.
2012-05-18 10:47:08 Файл /home/webservers/vprokate.ru/www/Applications/FrontEnd/FrontEndModel.php подключён.
2012-05-18 10:47:08 Файл /home/webservers/vprokate.ru/www/Applications/FrontEnd/Index/Controller.php подключён.
2012-05-18 10:47:08 Файл /home/webservers/vprokate.ru/www/Applications/FrontEnd/Index/View.php подключён.
2012-05-18 10:47:09 Файл /home/webservers/vprokate.ru/www/Wings/Logs.php подключён.
2012-05-18 10:47:09 Файл /home/webservers/vprokate.ru/www/Wings/DB.php подключён.
2012-05-18 10:47:10 Файл /home/webservers/vprokate.ru/www/Applications/FrontEnd/Workspace.php подключён.
2012-05-18 10:47:10 Файл /home/webservers/vprokate.ru/www/Applications/FrontEnd/FrontEndModel.php подключён.
2012-05-18 10:47:10 Файл /home/webservers/vprokate.ru/www/Applications/FrontEnd/Index/Controller.php подключён.
2012-05-18 10:47:10 Файл /home/webservers/vprokate.ru/www/Applications/FrontEnd/Index/View.php подключён.
2012-05-18 10:47:11 Файл /home/webservers/vprokate.ru/www/Wings/Logs.php подключён.
2012-05-18 10:47:11 Файл /home/webservers/vprokate.ru/www/Wings/DB.php подключён.
2012-05-18 10:47:11 Файл /home/webservers/vprokate.ru/www/Applications/FrontEnd/Workspace.php подключён.
2012-05-18 10:47:11 Файл /home/webservers/vprokate.ru/www/Applications/FrontEnd/FrontEndModel.php подключён.
2012-05-18 10:47:11 Файл /home/webservers/vprokate.ru/www/Applications/FrontEnd/Index/Controller.php подключён.
2012-05-18 10:47:11 Файл /home/webservers/vprokate.ru/www/Applications/FrontEnd/Index/View.php подключён.
2012-05-18 10:47:12 Файл /home/webservers/vprokate.ru/www/Wings/Logs.php подключён.
2012-05-18 10:47:12 Файл /home/webservers/vprokate.ru/www/Wings/DB.php подключён.
2012-05-18 10:47:12 Файл /home/webservers/vprokate.ru/www/Applications/FrontEnd/Workspace.php подключён.
2012-05-18 10:47:12 Файл /home/webservers/vprokate.ru/www/Applications/FrontEnd/FrontEndModel.php подключён.
2012-05-18 10:47:12 Файл /home/webservers/vprokate.ru/www/Applications/FrontEnd/Index/Controller.php подключён.
2012-05-18 10:47:12 Файл /home/webservers/vprokate.ru/www/Applications/FrontEnd/Index/View.php подключён.
2012-05-18 10:47:13 Файл /home/webservers/vprokate.ru/www/Wings/Logs.php подключён.
2012-05-18 10:47:13 Файл /home/webservers/vprokate.ru/www/Wings/DB.php подключён.
2012-05-18 10:47:13 Файл /home/webservers/vprokate.ru/www/Applications/FrontEnd/Workspace.php подключён.
2012-05-18 10:47:13 Файл /home/webservers/vprokate.ru/www/Applications/FrontEnd/FrontEndModel.php подключён.
2012-05-18 10:47:13 Файл /home/webservers/vprokate.ru/www/Applications/FrontEnd/Index/Controller.php подключён.
2012-05-18 10:47:13 Файл /home/webservers/vprokate.ru/www/Applications/FrontEnd/Index/View.php подключён.
2012-05-18 10:47:13 Файл /home/webservers/vprokate.ru/www/Wings/Logs.php подключён.
2012-05-18 10:47:13 Файл /home/webservers/vprokate.ru/www/Wings/DB.php подключён.
2012-05-18 10:47:13 Файл /home/webservers/vprokate.ru/www/Applications/FrontEnd/Workspace.php подключён.
2012-05-18 10:47:13 Файл /home/webservers/vprokate.ru/www/Applications/FrontEnd/FrontEndModel.php подключён.
2012-05-18 10:47:13 Файл /home/webservers/vprokate.ru/www/Applications/FrontEnd/Index/Controller.php подключён.
2012-05-18 10:47:13 Файл /home/webservers/vprokate.ru/www/Applications/FrontEnd/Index/View.php подключён.
2012-05-18 10:47:14 Файл /home/webservers/vprokate.ru/www/Wings/Logs.php подключён.
2012-05-18 10:47:14 Файл /home/webservers/vprokate.ru/www/Wings/DB.php подключён.
2012-05-18 10:47:14 Файл /home/webservers/vprokate.ru/www/Applications/FrontEnd/Workspace.php подключён.
2012-05-18 10:47:14 Файл /home/webservers/vprokate.ru/www/Applications/FrontEnd/FrontEndModel.php подключён.
2012-05-18 10:47:14 Файл /home/webservers/vprokate.ru/www/Applications/FrontEnd/Index/Controller.php подключён.
2012-05-18 10:47:14 Файл /home/webservers/vprokate.ru/www/Applications/FrontEnd/Index/View.php подключён.
2012-05-18 10:47:15 Файл /home/webservers/vprokate.ru/www/Wings/Logs.php подключён.
2012-05-18 10:47:15 Файл /home/webservers/vprokate.ru/www/Wings/DB.php подключён.
2012-05-18 10:47:15 Файл /home/webservers/vprokate.ru/www/Applications/FrontEnd/Workspace.php подключён.
2012-05-18 10:47:15 Файл /home/webservers/vprokate.ru/www/Applications/FrontEnd/FrontEndModel.php подключён.
2012-05-18 10:47:15 Файл /home/webservers/vprokate.ru/www/Applications/FrontEnd/Index/Controller.php подключён.
2012-05-18 10:47:15 Файл /home/webservers/vprokate.ru/www/Applications/FrontEnd/Index/View.php подключён.
2012-05-18 10:47:15 Файл /home/webservers/vprokate.ru/www/Wings/Logs.php подключён.
2012-05-18 10:47:15 Файл /home/webservers/vprokate.ru/www/Wings/DB.php подключён.
2012-05-18 10:47:15 Файл /home/webservers/vprokate.ru/www/Applications/FrontEnd/Workspace.php подключён.
2012-05-18 10:47:15 Файл /home/webservers/vprokate.ru/www/Applications/FrontEnd/FrontEndModel.php подключён.
2012-05-18 10:47:15 Файл /home/webservers/vprokate.ru/www/Applications/FrontEnd/Index/Controller.php подключён.
2012-05-18 10:47:15 Файл /home/webservers/vprokate.ru/www/Applications/FrontEnd/Index/View.php подключён.
2012-05-18 10:47:16 Файл /home/webservers/vprokate.ru/www/Wings/Logs.php подключён.
2012-05-18 10:47:16 Файл /home/webservers/vprokate.ru/www/Wings/DB.php подключён.
2012-05-18 10:47:16 Файл /home/webservers/vprokate.ru/www/Applications/FrontEnd/Workspace.php подключён.
2012-05-18 10:47:16 Файл /home/webservers/vprokate.ru/www/Applications/FrontEnd/FrontEndModel.php подключён.
2012-05-18 10:47:16 Файл /home/webservers/vprokate.ru/www/Applications/FrontEnd/Index/Controller.php подключён.
2012-05-18 10:47:16 Файл /home/webservers/vprokate.ru/www/Applications/FrontEnd/Index/View.php подключён.
2012-05-18 10:47:17 Файл /home/webservers/vprokate.ru/www/Wings/Logs.php подключён.
2012-05-18 10:47:17 Файл /home/webservers/vprokate.ru/www/Wings/DB.php подключён.
2012-05-18 10:47:17 Файл /home/webservers/vprokate.ru/www/Applications/FrontEnd/Workspace.php подключён.
2012-05-18 10:47:17 Файл /home/webservers/vprokate.ru/www/Applications/FrontEnd/FrontEndModel.php подключён.
2012-05-18 10:47:17 Файл /home/webservers/vprokate.ru/www/Applications/FrontEnd/Index/Controller.php подключён.
2012-05-18 10:47:17 Файл /home/webservers/vprokate.ru/www/Applications/FrontEnd/Index/View.php подключён.
2012-05-18 10:47:20 Файл /home/webservers/vprokate.ru/www/Wings/Logs.php подключён.
2012-05-18 10:47:20 Файл /home/webservers/vprokate.ru/www/Wings/DB.php подключён.
2012-05-18 10:47:20 Файл /home/webservers/vprokate.ru/www/Applications/FrontEnd/Workspace.php подключён.
2012-05-18 10:47:20 Файл /home/webservers/vprokate.ru/www/Applications/FrontEnd/FrontEndModel.php подключён.
2012-05-18 10:47:20 Файл /home/webservers/vprokate.ru/www/Applications/FrontEnd/Index/Controller.php подключён.
2012-05-18 10:47:20 Файл /home/webservers/vprokate.ru/www/Applications/FrontEnd/Index/View.php подключён.
2012-05-18 10:47:21 Файл /home/webservers/vprokate.ru/www/Wings/Logs.php подключён.
2012-05-18 10:47:21 Файл /home/webservers/vprokate.ru/www/Wings/DB.php подключён.
2012-05-18 10:47:21 Файл /home/webservers/vprokate.ru/www/Applications/FrontEnd/Workspace.php подключён.
2012-05-18 10:47:21 Файл /home/webservers/vprokate.ru/www/Applications/FrontEnd/FrontEndModel.php подключён.
2012-05-18 10:47:21 Файл /home/webservers/vprokate.ru/www/Applications/FrontEnd/Index/Controller.php подключён.
2012-05-18 10:47:21 Файл /home/webservers/vprokate.ru/www/Applications/FrontEnd/Index/View.php подключён.
2012-05-18 10:47:21 Файл /home/webservers/vprokate.ru/www/Wings/Logs.php подключён.
2012-05-18 10:47:21 Файл /home/webservers/vprokate.ru/www/Wings/DB.php подключён.
2012-05-18 10:47:21 Файл /home/webservers/vprokate.ru/www/Applications/FrontEnd/Workspace.php подключён.
2012-05-18 10:47:21 Файл /home/webservers/vprokate.ru/www/Applications/FrontEnd/FrontEndModel.php подключён.
2012-05-18 10:47:21 Файл /home/webservers/vprokate.ru/www/Applications/FrontEnd/Index/Controller.php подключён.
2012-05-18 10:47:21 Файл /home/webservers/vprokate.ru/www/Applications/FrontEnd/Index/View.php подключён.
2012-05-18 10:47:22 Файл /home/webservers/vprokate.ru/www/Wings/Logs.php подключён.
2012-05-18 10:47:22 Файл /home/webservers/vprokate.ru/www/Wings/DB.php подключён.
2012-05-18 10:47:22 Файл /home/webservers/vprokate.ru/www/Applications/FrontEnd/Workspace.php подключён.
2012-05-18 10:47:22 Файл /home/webservers/vprokate.ru/www/Applications/FrontEnd/FrontEndModel.php подключён.
2012-05-18 10:47:22 Файл /home/webservers/vprokate.ru/www/Applications/FrontEnd/Index/Controller.php подключён.
2012-05-18 10:47:22 Файл /home/webservers/vprokate.ru/www/Applications/FrontEnd/Index/View.php подключён.
2012-05-18 10:47:23 Файл /home/webservers/vprokate.ru/www/Wings/Logs.php подключён.
2012-05-18 10:47:23 Файл /home/webservers/vprokate.ru/www/Wings/DB.php подключён.
2012-05-18 10:47:23 Файл /home/webservers/vprokate.ru/www/Applications/FrontEnd/Workspace.php подключён.
2012-05-18 10:47:23 Файл /home/webservers/vprokate.ru/www/Applications/FrontEnd/FrontEndModel.php подключён.
2012-05-18 10:47:23 Файл /home/webservers/vprokate.ru/www/Applications/FrontEnd/Index/Controller.php подключён.
2012-05-18 10:47:23 Файл /home/webservers/vprokate.ru/www/Applications/FrontEnd/Index/View.php подключён.
2012-05-18 10:47:40 Файл /home/webservers/vprokate.ru/www/Wings/Logs.php подключён.
2012-05-18 10:47:40 Файл /home/webservers/vprokate.ru/www/Wings/DB.php подключён.
2012-05-18 10:47:40 Файл /home/webservers/vprokate.ru/www/Applications/FrontEnd/Workspace.php подключён.
2012-05-18 10:47:40 Файл /home/webservers/vprokate.ru/www/Applications/FrontEnd/FrontEndModel.php подключён.
2012-05-18 10:47:40 Файл /home/webservers/vprokate.ru/www/Applications/FrontEnd/Index/Controller.php подключён.
2012-05-18 10:47:40 Файл /home/webservers/vprokate.ru/www/Applications/FrontEnd/Index/View.php подключён.
2012-05-18 10:47:40 Файл /home/webservers/vprokate.ru/www/Wings/Logs.php подключён.
2012-05-18 10:47:40 Файл /home/webservers/vprokate.ru/www/Wings/DB.php подключён.
2012-05-18 10:47:40 Файл /home/webservers/vprokate.ru/www/Applications/FrontEnd/Workspace.php подключён.
2012-05-18 10:47:40 Файл /home/webservers/vprokate.ru/www/Applications/FrontEnd/FrontEndModel.php подключён.
2012-05-18 10:47:40 Файл /home/webservers/vprokate.ru/www/Applications/FrontEnd/Index/Controller.php подключён.
2012-05-18 10:47:40 Файл /home/webservers/vprokate.ru/www/Applications/FrontEnd/Index/View.php подключён.
2012-05-18 10:47:41 Файл /home/webservers/vprokate.ru/www/Wings/Logs.php подключён.
2012-05-18 10:47:41 Файл /home/webservers/vprokate.ru/www/Wings/DB.php подключён.
2012-05-18 10:47:41 Файл /home/webservers/vprokate.ru/www/Applications/FrontEnd/Workspace.php подключён.
2012-05-18 10:47:41 Файл /home/webservers/vprokate.ru/www/Applications/FrontEnd/FrontEndModel.php подключён.
2012-05-18 10:47:41 Файл /home/webservers/vprokate.ru/www/Applications/FrontEnd/Index/Controller.php подключён.
2012-05-18 10:47:41 Файл /home/webservers/vprokate.ru/www/Applications/FrontEnd/Index/View.php подключён.
2012-05-18 10:47:42 Файл /home/webservers/vprokate.ru/www/Wings/Logs.php подключён.
2012-05-18 10:47:42 Файл /home/webservers/vprokate.ru/www/Wings/DB.php подключён.
2012-05-18 10:47:42 Файл /home/webservers/vprokate.ru/www/Applications/FrontEnd/Workspace.php подключён.
2012-05-18 10:47:42 Файл /home/webservers/vprokate.ru/www/Applications/FrontEnd/FrontEndModel.php подключён.
2012-05-18 10:47:42 Файл /home/webservers/vprokate.ru/www/Applications/FrontEnd/Index/Controller.php подключён.
2012-05-18 10:47:42 Файл /home/webservers/vprokate.ru/www/Applications/FrontEnd/Index/View.php подключён.
2012-05-18 10:47:43 Файл /home/webservers/vprokate.ru/www/Wings/Logs.php подключён.
2012-05-18 10:47:43 Файл /home/webservers/vprokate.ru/www/Wings/DB.php подключён.
2012-05-18 10:47:43 Файл /home/webservers/vprokate.ru/www/Applications/FrontEnd/Workspace.php подключён.
2012-05-18 10:47:43 Файл /home/webservers/vprokate.ru/www/Applications/FrontEnd/FrontEndModel.php подключён.
2012-05-18 10:47:43 Файл /home/webservers/vprokate.ru/www/Applications/FrontEnd/Index/Controller.php подключён.
2012-05-18 10:47:43 Файл /home/webservers/vprokate.ru/www/Applications/FrontEnd/Index/View.php подключён.
2012-05-18 10:47:44 Файл /home/webservers/vprokate.ru/www/Wings/Logs.php подключён.
2012-05-18 10:47:44 Файл /home/webservers/vprokate.ru/www/Wings/DB.php подключён.
2012-05-18 10:47:44 Файл /home/webservers/vprokate.ru/www/Applications/FrontEnd/Workspace.php подключён.
2012-05-18 10:47:44 Файл /home/webservers/vprokate.ru/www/Applications/FrontEnd/FrontEndModel.php подключён.
2012-05-18 10:47:44 Файл /home/webservers/vprokate.ru/www/Applications/FrontEnd/Index/Controller.php подключён.
2012-05-18 10:47:44 Файл /home/webservers/vprokate.ru/www/Applications/FrontEnd/Index/View.php подключён.
2012-05-18 10:47:44 Файл /home/webservers/vprokate.ru/www/Wings/Logs.php подключён.
2012-05-18 10:47:44 Файл /home/webservers/vprokate.ru/www/Wings/DB.php подключён.
2012-05-18 10:47:44 Файл /home/webservers/vprokate.ru/www/Applications/FrontEnd/Workspace.php подключён.
2012-05-18 10:47:44 Файл /home/webservers/vprokate.ru/www/Applications/FrontEnd/FrontEndModel.php подключён.
2012-05-18 10:47:44 Файл /home/webservers/vprokate.ru/www/Applications/FrontEnd/Index/Controller.php подключён.
2012-05-18 10:47:44 Файл /home/webservers/vprokate.ru/www/Applications/FrontEnd/Index/View.php подключён.
2012-05-18 10:47:45 Файл /home/webservers/vprokate.ru/www/Wings/Logs.php подключён.
2012-05-18 10:47:45 Файл /home/webservers/vprokate.ru/www/Wings/DB.php подключён.
2012-05-18 10:47:45 Файл /home/webservers/vprokate.ru/www/Applications/FrontEnd/Workspace.php подключён.
2012-05-18 10:47:45 Файл /home/webservers/vprokate.ru/www/Applications/FrontEnd/FrontEndModel.php подключён.
2012-05-18 10:47:45 Файл /home/webservers/vprokate.ru/www/Applications/FrontEnd/Index/Controller.php подключён.
2012-05-18 10:47:45 Файл /home/webservers/vprokate.ru/www/Applications/FrontEnd/Index/View.php подключён.
2012-05-18 10:47:46 Файл /home/webservers/vprokate.ru/www/Wings/Logs.php подключён.
2012-05-18 10:47:46 Файл /home/webservers/vprokate.ru/www/Wings/DB.php подключён.
2012-05-18 10:47:46 Файл /home/webservers/vprokate.ru/www/Applications/FrontEnd/Workspace.php подключён.
2012-05-18 10:47:46 Файл /home/webservers/vprokate.ru/www/Applications/FrontEnd/FrontEndModel.php подключён.
2012-05-18 10:47:46 Файл /home/webservers/vprokate.ru/www/Applications/FrontEnd/Index/Controller.php подключён.
2012-05-18 10:47:46 Файл /home/webservers/vprokate.ru/www/Applications/FrontEnd/Index/View.php подключён.
2012-05-18 10:47:46 Файл /home/webservers/vprokate.ru/www/Wings/Logs.php подключён.
2012-05-18 10:47:46 Файл /home/webservers/vprokate.ru/www/Wings/DB.php подключён.
2012-05-18 10:47:47 Файл /home/webservers/vprokate.ru/www/Applications/FrontEnd/Workspace.php подключён.
2012-05-18 10:47:47 Файл /home/webservers/vprokate.ru/www/Applications/FrontEnd/FrontEndModel.php подключён.
2012-05-18 10:47:47 Файл /home/webservers/vprokate.ru/www/Applications/FrontEnd/Index/Controller.php подключён.
2012-05-18 10:47:47 Файл /home/webservers/vprokate.ru/www/Applications/FrontEnd/Index/View.php подключён.
2012-05-18 10:47:47 Файл /home/webservers/vprokate.ru/www/Wings/Logs.php подключён.
2012-05-18 10:47:47 Файл /home/webservers/vprokate.ru/www/Wings/DB.php подключён.
2012-05-18 10:47:47 Файл /home/webservers/vprokate.ru/www/Applications/FrontEnd/Workspace.php подключён.
2012-05-18 10:47:47 Файл /home/webservers/vprokate.ru/www/Applications/FrontEnd/FrontEndModel.php подключён.
2012-05-18 10:47:47 Файл /home/webservers/vprokate.ru/www/Applications/FrontEnd/Index/Controller.php подключён.
2012-05-18 10:47:47 Файл /home/webservers/vprokate.ru/www/Applications/FrontEnd/Index/View.php подключён.
2012-05-18 10:47:48 Файл /home/webservers/vprokate.ru/www/Wings/Logs.php подключён.
2012-05-18 10:47:48 Файл /home/webservers/vprokate.ru/www/Wings/DB.php подключён.
2012-05-18 10:47:48 Файл /home/webservers/vprokate.ru/www/Applications/FrontEnd/Workspace.php подключён.
2012-05-18 10:47:48 Файл /home/webservers/vprokate.ru/www/Applications/FrontEnd/FrontEndModel.php подключён.
2012-05-18 10:47:48 Файл /home/webservers/vprokate.ru/www/Applications/FrontEnd/Index/Controller.php подключён.
2012-05-18 10:47:48 Файл /home/webservers/vprokate.ru/www/Applications/FrontEnd/Index/View.php подключён.
2012-05-18 10:47:49 Файл /home/webservers/vprokate.ru/www/Wings/Logs.php подключён.
2012-05-18 10:47:49 Файл /home/webservers/vprokate.ru/www/Wings/DB.php подключён.
2012-05-18 10:47:49 Файл /home/webservers/vprokate.ru/www/Applications/FrontEnd/Workspace.php подключён.
2012-05-18 10:47:49 Файл /home/webservers/vprokate.ru/www/Applications/FrontEnd/FrontEndModel.php подключён.
2012-05-18 10:47:49 Файл /home/webservers/vprokate.ru/www/Applications/FrontEnd/Index/Controller.php подключён.
2012-05-18 10:47:49 Файл /home/webservers/vprokate.ru/www/Applications/FrontEnd/Index/View.php подключён.
2012-05-18 10:47:50 Файл /home/webservers/vprokate.ru/www/Wings/Logs.php подключён.
2012-05-18 10:47:50 Файл /home/webservers/vprokate.ru/www/Wings/DB.php подключён.
2012-05-18 10:47:50 Файл /home/webservers/vprokate.ru/www/Applications/FrontEnd/Workspace.php подключён.
2012-05-18 10:47:50 Файл /home/webservers/vprokate.ru/www/Applications/FrontEnd/FrontEndModel.php подключён.
2012-05-18 10:47:50 Файл /home/webservers/vprokate.ru/www/Applications/FrontEnd/Index/Controller.php подключён.
2012-05-18 10:47:50 Файл /home/webservers/vprokate.ru/www/Applications/FrontEnd/Index/View.php подключён.
2012-05-18 10:48:38 Файл /home/webservers/vprokate.ru/www/Wings/Logs.php подключён.
2012-05-18 10:48:38 Файл /home/webservers/vprokate.ru/www/Wings/DB.php подключён.
2012-05-18 10:48:38 Файл /home/webservers/vprokate.ru/www/Applications/FrontEnd/Workspace.php подключён.
2012-05-18 10:48:38 Файл /home/webservers/vprokate.ru/www/Applications/FrontEnd/FrontEndModel.php подключён.
2012-05-18 10:48:38 Файл /home/webservers/vprokate.ru/www/Applications/FrontEnd/Index/Controller.php подключён.
2012-05-18 10:48:38 Файл /home/webservers/vprokate.ru/www/Applications/FrontEnd/Index/View.php подключён.
2012-05-18 10:48:39 Файл /home/webservers/vprokate.ru/www/Wings/Logs.php подключён.
2012-05-18 10:48:39 Файл /home/webservers/vprokate.ru/www/Wings/DB.php подключён.
2012-05-18 10:48:39 Файл /home/webservers/vprokate.ru/www/Applications/FrontEnd/Workspace.php подключён.
2012-05-18 10:48:39 Файл /home/webservers/vprokate.ru/www/Applications/FrontEnd/FrontEndModel.php подключён.
2012-05-18 10:48:39 Файл /home/webservers/vprokate.ru/www/Applications/FrontEnd/Index/Controller.php подключён.
2012-05-18 10:48:39 Файл /home/webservers/vprokate.ru/www/Applications/FrontEnd/Index/View.php подключён.
2012-05-18 13:07:03 Файл /home/webservers/vprokate.ru/www/Wings/Logs.php подключён.
2012-05-18 13:07:03 Файл /home/webservers/vprokate.ru/www/Wings/DB.php подключён.
2012-05-18 13:07:03 Файл /home/webservers/vprokate.ru/www/Applications/FrontEnd/Workspace.php подключён.
2012-05-18 13:07:03 Файл /home/webservers/vprokate.ru/www/Applications/FrontEnd/FrontEndModel.php подключён.
2012-05-18 13:07:03 Файл /home/webservers/vprokate.ru/www/Applications/FrontEnd/Index/Controller.php подключён.
2012-05-18 13:07:03 Файл /home/webservers/vprokate.ru/www/Applications/FrontEnd/Index/View.php подключён.
2012-05-18 13:07:08 Файл /home/webservers/vprokate.ru/www/Wings/Logs.php подключён.
2012-05-18 13:07:08 Файл /home/webservers/vprokate.ru/www/Wings/Logs.php подключён.
2012-05-18 13:07:08 Файл /home/webservers/vprokate.ru/www/Wings/DB.php подключён.
2012-05-18 13:07:08 Файл /home/webservers/vprokate.ru/www/Wings/DB.php подключён.
2012-05-18 13:07:08 Файл /home/webservers/vprokate.ru/www/Applications/FrontEnd/Workspace.php подключён.
2012-05-18 13:07:08 Файл /home/webservers/vprokate.ru/www/Applications/FrontEnd/Workspace.php подключён.
2012-05-18 13:07:08 Файл /home/webservers/vprokate.ru/www/Applications/FrontEnd/FrontEndModel.php подключён.
2012-05-18 13:07:08 Файл /home/webservers/vprokate.ru/www/Applications/FrontEnd/FrontEndModel.php подключён.
2012-05-18 13:07:08 Файл /home/webservers/vprokate.ru/www/Applications/FrontEnd/Error/Controller.php не найден.
2012-05-18 13:07:08 Файл /home/webservers/vprokate.ru/www/Applications/FrontEnd/Index/Controller.php подключён.
2012-05-18 13:07:08 Файл /home/webservers/vprokate.ru/www/Applications/FrontEnd/Index/View.php подключён.
2012-05-18 13:07:15 Файл /home/webservers/vprokate.ru/www/Wings/Logs.php подключён.
2012-05-18 13:07:15 Файл /home/webservers/vprokate.ru/www/Wings/DB.php подключён.
2012-05-18 13:07:15 Файл /home/webservers/vprokate.ru/www/Applications/FrontEnd/Workspace.php подключён.
2012-05-18 13:07:15 Файл /home/webservers/vprokate.ru/www/Applications/FrontEnd/FrontEndModel.php подключён.
2012-05-18 13:07:15 Файл /home/webservers/vprokate.ru/www/Applications/FrontEnd/Error/Controller.php не найден.
2012-05-18 13:08:37 Файл /home/webservers/vprokate.ru/www/Wings/Logs.php подключён.
2012-05-18 13:08:37 Файл /home/webservers/vprokate.ru/www/Wings/DB.php подключён.
2012-05-18 13:08:37 Файл /home/webservers/vprokate.ru/www/Applications/FrontEnd/Workspace.php подключён.
2012-05-18 13:08:37 Файл /home/webservers/vprokate.ru/www/Applications/FrontEnd/FrontEndModel.php подключён.
2012-05-18 13:08:37 Файл /home/webservers/vprokate.ru/www/Applications/FrontEnd/Index/Controller.php подключён.
2012-05-18 13:08:37 Файл /home/webservers/vprokate.ru/www/Applications/FrontEnd/Index/View.php подключён.
2012-05-18 13:08:48 Файл /home/webservers/vprokate.ru/www/Wings/Logs.php подключён.
2012-05-18 13:08:48 Файл /home/webservers/vprokate.ru/www/Wings/DB.php подключён.
2012-05-18 13:08:48 Файл /home/webservers/vprokate.ru/www/Applications/FrontEnd/Workspace.php подключён.
2012-05-18 13:08:48 Файл /home/webservers/vprokate.ru/www/Applications/FrontEnd/FrontEndModel.php подключён.
2012-05-18 13:08:48 Файл /home/webservers/vprokate.ru/www/Applications/FrontEnd/Error/Controller.php не найден.
2012-05-18 13:08:48 Файл /home/webservers/vprokate.ru/www/Wings/Logs.php подключён.
2012-05-18 13:08:48 Файл /home/webservers/vprokate.ru/www/Wings/DB.php подключён.
2012-05-18 13:08:48 Файл /home/webservers/vprokate.ru/www/Applications/FrontEnd/Workspace.php подключён.
2012-05-18 13:08:48 Файл /home/webservers/vprokate.ru/www/Applications/FrontEnd/FrontEndModel.php подключён.
2012-05-18 13:08:48 Файл /home/webservers/vprokate.ru/www/Applications/FrontEnd/Index/Controller.php подключён.
2012-05-18 13:08:48 Файл /home/webservers/vprokate.ru/www/Applications/FrontEnd/Index/View.php подключён.
2012-05-18 13:09:32 Файл /home/webservers/vprokate.ru/www/Wings/Logs.php подключён.
2012-05-18 13:09:32 Файл /home/webservers/vprokate.ru/www/Wings/DB.php подключён.
2012-05-18 13:09:32 Файл /home/webservers/vprokate.ru/www/Applications/FrontEnd/Workspace.php подключён.
2012-05-18 13:09:32 Файл /home/webservers/vprokate.ru/www/Applications/FrontEnd/FrontEndModel.php подключён.
2012-05-18 13:09:32 Файл /home/webservers/vprokate.ru/www/Applications/FrontEnd/Index/Controller.php подключён.
2012-05-18 13:09:32 Файл /home/webservers/vprokate.ru/www/Applications/FrontEnd/Index/View.php подключён.
2012-05-18 13:09:37 Файл /home/webservers/vprokate.ru/www/Wings/Logs.php подключён.
2012-05-18 13:09:37 Файл /home/webservers/vprokate.ru/www/Wings/DB.php подключён.
2012-05-18 13:09:37 Файл /home/webservers/vprokate.ru/www/Applications/FrontEnd/Workspace.php подключён.
2012-05-18 13:09:37 Файл /home/webservers/vprokate.ru/www/Applications/FrontEnd/FrontEndModel.php подключён.
2012-05-18 13:09:37 Файл /home/webservers/vprokate.ru/www/Applications/FrontEnd/Index/Controller.php подключён.
2012-05-18 13:09:37 Файл /home/webservers/vprokate.ru/www/Applications/FrontEnd/Index/View.php подключён.
2012-05-18 13:09:43 Файл /home/webservers/vprokate.ru/www/Wings/Logs.php подключён.
2012-05-18 13:09:43 Файл /home/webservers/vprokate.ru/www/Wings/DB.php подключён.
2012-05-18 13:09:43 Файл /home/webservers/vprokate.ru/www/Applications/FrontEnd/Workspace.php подключён.
2012-05-18 13:09:43 Файл /home/webservers/vprokate.ru/www/Applications/FrontEnd/FrontEndModel.php подключён.
2012-05-18 13:09:43 Файл /home/webservers/vprokate.ru/www/Applications/FrontEnd/Error/Controller.php не найден.
2012-05-18 13:09:43 Файл /home/webservers/vprokate.ru/www/Wings/Logs.php подключён.
2012-05-18 13:09:43 Файл /home/webservers/vprokate.ru/www/Wings/DB.php подключён.
2012-05-18 13:09:43 Файл /home/webservers/vprokate.ru/www/Applications/FrontEnd/Workspace.php подключён.
2012-05-18 13:09:43 Файл /home/webservers/vprokate.ru/www/Applications/FrontEnd/FrontEndModel.php подключён.
2012-05-18 13:09:43 Файл /home/webservers/vprokate.ru/www/Applications/FrontEnd/Index/Controller.php подключён.
2012-05-18 13:09:43 Файл /home/webservers/vprokate.ru/www/Applications/FrontEnd/Index/View.php подключён.
2012-05-18 17:37:03 Файл /home/webservers/vprokate.ru/www/Wings/Logs.php подключён.
2012-05-18 17:37:03 Файл /home/webservers/vprokate.ru/www/Wings/DB.php подключён.
2012-05-18 17:37:03 Файл /home/webservers/vprokate.ru/www/Applications/FrontEnd/Workspace.php подключён.
2012-05-18 17:37:03 Файл /home/webservers/vprokate.ru/www/Applications/FrontEnd/FrontEndModel.php подключён.
2012-05-18 17:37:03 Файл /home/webservers/vprokate.ru/www/Applications/FrontEnd/Error/Controller.php не найден.
2012-05-18 17:37:06 Файл /home/webservers/vprokate.ru/www/Wings/Logs.php подключён.
2012-05-18 17:37:06 Файл /home/webservers/vprokate.ru/www/Wings/DB.php подключён.
2012-05-18 17:37:06 Файл /home/webservers/vprokate.ru/www/Applications/FrontEnd/Workspace.php подключён.
2012-05-18 17:37:06 Файл /home/webservers/vprokate.ru/www/Applications/FrontEnd/FrontEndModel.php подключён.
2012-05-18 17:37:06 Файл /home/webservers/vprokate.ru/www/Applications/FrontEnd/Error/Controller.php не найден.
2012-05-18 17:37:08 Файл /home/webservers/vprokate.ru/www/Wings/Logs.php подключён.
2012-05-18 17:37:08 Файл /home/webservers/vprokate.ru/www/Wings/DB.php подключён.
2012-05-18 17:37:08 Файл /home/webservers/vprokate.ru/www/Applications/FrontEnd/Workspace.php подключён.
2012-05-18 17:37:08 Файл /home/webservers/vprokate.ru/www/Applications/FrontEnd/FrontEndModel.php подключён.
2012-05-18 17:37:08 Файл /home/webservers/vprokate.ru/www/Applications/FrontEnd/Error/Controller.php не найден.
2012-05-18 17:37:10 Файл /home/webservers/vprokate.ru/www/Wings/Logs.php подключён.
2012-05-18 17:37:10 Файл /home/webservers/vprokate.ru/www/Wings/DB.php подключён.
2012-05-18 17:37:10 Файл /home/webservers/vprokate.ru/www/Applications/FrontEnd/Workspace.php подключён.
2012-05-18 17:37:10 Файл /home/webservers/vprokate.ru/www/Applications/FrontEnd/FrontEndModel.php подключён.
2012-05-18 17:37:10 Файл /home/webservers/vprokate.ru/www/Applications/FrontEnd/Error/Controller.php не найден.
2012-05-18 17:37:13 Файл /home/webservers/vprokate.ru/www/Wings/Logs.php подключён.
2012-05-18 17:37:13 Файл /home/webservers/vprokate.ru/www/Wings/DB.php подключён.
2012-05-18 17:37:13 Файл /home/webservers/vprokate.ru/www/Applications/FrontEnd/Workspace.php подключён.
2012-05-18 17:37:13 Файл /home/webservers/vprokate.ru/www/Applications/FrontEnd/FrontEndModel.php подключён.
2012-05-18 17:37:13 Файл /home/webservers/vprokate.ru/www/Applications/FrontEnd/Error/Controller.php не найден.
2012-05-18 17:37:15 Файл /home/webservers/vprokate.ru/www/Wings/Logs.php подключён.
2012-05-18 17:37:15 Файл /home/webservers/vprokate.ru/www/Wings/DB.php подключён.
2012-05-18 17:37:15 Файл /home/webservers/vprokate.ru/www/Applications/FrontEnd/Workspace.php подключён.
2012-05-18 17:37:15 Файл /home/webservers/vprokate.ru/www/Applications/FrontEnd/FrontEndModel.php подключён.
2012-05-18 17:37:15 Файл /home/webservers/vprokate.ru/www/Applications/FrontEnd/Error/Controller.php не найден.
2012-05-18 17:37:17 Файл /home/webservers/vprokate.ru/www/Wings/Logs.php подключён.
2012-05-18 17:37:17 Файл /home/webservers/vprokate.ru/www/Wings/DB.php подключён.
2012-05-18 17:37:17 Файл /home/webservers/vprokate.ru/www/Applications/FrontEnd/Workspace.php подключён.
2012-05-18 17:37:17 Файл /home/webservers/vprokate.ru/www/Applications/FrontEnd/FrontEndModel.php подключён.
2012-05-18 17:37:17 Файл /home/webservers/vprokate.ru/www/Applications/FrontEnd/Error/Controller.php не найден.
2012-05-18 17:37:19 Файл /home/webservers/vprokate.ru/www/Wings/Logs.php подключён.
2012-05-18 17:37:19 Файл /home/webservers/vprokate.ru/www/Wings/DB.php подключён.
2012-05-18 17:37:19 Файл /home/webservers/vprokate.ru/www/Applications/FrontEnd/Workspace.php подключён.
2012-05-18 17:37:19 Файл /home/webservers/vprokate.ru/www/Applications/FrontEnd/FrontEndModel.php подключён.
2012-05-18 17:37:19 Файл /home/webservers/vprokate.ru/www/Applications/FrontEnd/Error/Controller.php не найден.
2012-05-18 17:37:22 Файл /home/webservers/vprokate.ru/www/Wings/Logs.php подключён.
2012-05-18 17:37:22 Файл /home/webservers/vprokate.ru/www/Wings/DB.php подключён.
2012-05-18 17:37:22 Файл /home/webservers/vprokate.ru/www/Applications/FrontEnd/Workspace.php подключён.
2012-05-18 17:37:22 Файл /home/webservers/vprokate.ru/www/Applications/FrontEnd/FrontEndModel.php подключён.
2012-05-18 17:37:22 Файл /home/webservers/vprokate.ru/www/Applications/FrontEnd/Error/Controller.php не найден.
2012-05-18 17:37:24 Файл /home/webservers/vprokate.ru/www/Wings/Logs.php подключён.
2012-05-18 17:37:24 Файл /home/webservers/vprokate.ru/www/Wings/DB.php подключён.
2012-05-18 17:37:24 Файл /home/webservers/vprokate.ru/www/Applications/FrontEnd/Workspace.php подключён.
2012-05-18 17:37:24 Файл /home/webservers/vprokate.ru/www/Applications/FrontEnd/FrontEndModel.php подключён.
2012-05-18 17:37:24 Файл /home/webservers/vprokate.ru/www/Applications/FrontEnd/Error/Controller.php не найден.
2012-05-18 17:37:26 Файл /home/webservers/vprokate.ru/www/Wings/Logs.php подключён.
2012-05-18 17:37:26 Файл /home/webservers/vprokate.ru/www/Wings/DB.php подключён.
2012-05-18 17:37:26 Файл /home/webservers/vprokate.ru/www/Applications/FrontEnd/Workspace.php подключён.
2012-05-18 17:37:26 Файл /home/webservers/vprokate.ru/www/Applications/FrontEnd/FrontEndModel.php подключён.
2012-05-18 17:37:26 Файл /home/webservers/vprokate.ru/www/Applications/FrontEnd/Error/Controller.php не найден.
2012-05-18 17:37:29 Файл /home/webservers/vprokate.ru/www/Wings/Logs.php подключён.
2012-05-18 17:37:29 Файл /home/webservers/vprokate.ru/www/Wings/DB.php подключён.
2012-05-18 17:37:29 Файл /home/webservers/vprokate.ru/www/Applications/FrontEnd/Workspace.php подключён.
2012-05-18 17:37:29 Файл /home/webservers/vprokate.ru/www/Applications/FrontEnd/FrontEndModel.php подключён.
2012-05-18 17:37:29 Файл /home/webservers/vprokate.ru/www/Applications/FrontEnd/Error/Controller.php не найден.
2012-05-18 17:37:31 Файл /home/webservers/vprokate.ru/www/Wings/Logs.php подключён.
2012-05-18 17:37:31 Файл /home/webservers/vprokate.ru/www/Wings/DB.php подключён.
2012-05-18 17:37:31 Файл /home/webservers/vprokate.ru/www/Applications/FrontEnd/Workspace.php подключён.
2012-05-18 17:37:31 Файл /home/webservers/vprokate.ru/www/Applications/FrontEnd/FrontEndModel.php подключён.
2012-05-18 17:37:31 Файл /home/webservers/vprokate.ru/www/Applications/FrontEnd/Error/Controller.php не найден.
2012-05-18 17:37:33 Файл /home/webservers/vprokate.ru/www/Wings/Logs.php подключён.
2012-05-18 17:37:33 Файл /home/webservers/vprokate.ru/www/Wings/DB.php подключён.
2012-05-18 17:37:33 Файл /home/webservers/vprokate.ru/www/Applications/FrontEnd/Workspace.php подключён.
2012-05-18 17:37:33 Файл /home/webservers/vprokate.ru/www/Applications/FrontEnd/FrontEndModel.php подключён.
2012-05-18 17:37:33 Файл /home/webservers/vprokate.ru/www/Applications/FrontEnd/Error/Controller.php не найден.
2012-05-18 17:37:36 Файл /home/webservers/vprokate.ru/www/Wings/Logs.php подключён.
2012-05-18 17:37:36 Файл /home/webservers/vprokate.ru/www/Wings/DB.php подключён.
2012-05-18 17:37:36 Файл /home/webservers/vprokate.ru/www/Applications/FrontEnd/Workspace.php подключён.
2012-05-18 17:37:36 Файл /home/webservers/vprokate.ru/www/Applications/FrontEnd/FrontEndModel.php подключён.
2012-05-18 17:37:36 Файл /home/webservers/vprokate.ru/www/Applications/FrontEnd/Error/Controller.php не найден.
2012-05-18 17:37:38 Файл /home/webservers/vprokate.ru/www/Wings/Logs.php подключён.
2012-05-18 17:37:38 Файл /home/webservers/vprokate.ru/www/Wings/DB.php подключён.
2012-05-18 17:37:38 Файл /home/webservers/vprokate.ru/www/Applications/FrontEnd/Workspace.php подключён.
2012-05-18 17:37:38 Файл /home/webservers/vprokate.ru/www/Applications/FrontEnd/FrontEndModel.php подключён.
2012-05-18 17:37:38 Файл /home/webservers/vprokate.ru/www/Applications/FrontEnd/Error/Controller.php не найден.
