2012-06-17 17:32:37 Файл /home/webservers/alpha.vprokate.ru/www/Wings/Logs.php подключён.
2012-06-17 17:32:37 Файл /home/webservers/alpha.vprokate.ru/www/Wings/DB.php подключён.
2012-06-17 17:32:37 Файл /home/webservers/alpha.vprokate.ru/www/Applications/FrontEnd/Workspace.php подключён.
2012-06-17 17:32:37 Файл /home/webservers/alpha.vprokate.ru/www/Applications/FrontEnd/Model.php подключён.
2012-06-17 17:32:37 Файл /home/webservers/alpha.vprokate.ru/www/Applications/FrontEnd/Index/Controller.php подключён.
2012-06-17 17:32:37 Файл /home/webservers/alpha.vprokate.ru/www/Applications/FrontEnd/Index/View.php подключён.
2012-06-17 17:32:44 Файл /home/webservers/alpha.vprokate.ru/www/Wings/Logs.php подключён.
2012-06-17 17:32:44 Файл /home/webservers/alpha.vprokate.ru/www/Wings/DB.php подключён.
2012-06-17 17:32:44 Файл /home/webservers/alpha.vprokate.ru/www/Applications/FrontEnd/Workspace.php подключён.
2012-06-17 17:32:44 Файл /home/webservers/alpha.vprokate.ru/www/Applications/FrontEnd/Model.php подключён.
2012-06-17 17:32:44 Файл /home/webservers/alpha.vprokate.ru/www/Applications/FrontEnd/Error/Controller.php не найден.
2012-06-17 17:32:45 Файл /home/webservers/alpha.vprokate.ru/www/Wings/Logs.php подключён.
2012-06-17 17:32:45 Файл /home/webservers/alpha.vprokate.ru/www/Wings/DB.php подключён.
2012-06-17 17:32:45 Файл /home/webservers/alpha.vprokate.ru/www/Applications/FrontEnd/Workspace.php подключён.
2012-06-17 17:32:45 Файл /home/webservers/alpha.vprokate.ru/www/Applications/FrontEnd/Model.php подключён.
2012-06-17 17:32:45 Файл /home/webservers/alpha.vprokate.ru/www/Applications/FrontEnd/Error/Controller.php не найден.
2012-06-17 17:32:47 Файл /home/webservers/alpha.vprokate.ru/www/Wings/Logs.php подключён.
2012-06-17 17:32:47 Файл /home/webservers/alpha.vprokate.ru/www/Wings/DB.php подключён.
2012-06-17 17:32:47 Файл /home/webservers/alpha.vprokate.ru/www/Applications/FrontEnd/Workspace.php подключён.
2012-06-17 17:32:47 Файл /home/webservers/alpha.vprokate.ru/www/Applications/FrontEnd/Model.php подключён.
2012-06-17 17:32:47 Файл /home/webservers/alpha.vprokate.ru/www/Applications/FrontEnd/Error/Controller.php не найден.
2012-06-17 17:56:23 Файл /home/webservers/alpha.vprokate.ru/www/Wings/Logs.php подключён.
2012-06-17 17:56:23 Файл /home/webservers/alpha.vprokate.ru/www/Wings/DB.php подключён.
2012-06-17 17:56:23 Файл /home/webservers/alpha.vprokate.ru/www/Applications/FrontEnd/Workspace.php подключён.
2012-06-17 17:56:23 Файл /home/webservers/alpha.vprokate.ru/www/Applications/FrontEnd/Model.php подключён.
2012-06-17 17:56:23 Файл /home/webservers/alpha.vprokate.ru/www/Applications/FrontEnd/Index/Controller.php подключён.
2012-06-17 17:56:23 Файл /home/webservers/alpha.vprokate.ru/www/Applications/FrontEnd/Index/View.php подключён.
2012-06-17 17:56:26 Файл /home/webservers/alpha.vprokate.ru/www/Wings/Logs.php подключён.
2012-06-17 17:56:26 Файл /home/webservers/alpha.vprokate.ru/www/Wings/DB.php подключён.
2012-06-17 17:56:26 Файл /home/webservers/alpha.vprokate.ru/www/Applications/FrontEnd/Workspace.php подключён.
2012-06-17 17:56:26 Файл /home/webservers/alpha.vprokate.ru/www/Applications/FrontEnd/Model.php подключён.
2012-06-17 17:56:26 Файл /home/webservers/alpha.vprokate.ru/www/Applications/FrontEnd/Error/Controller.php не найден.
