2012-06-18 11:49:11 Файл /home/webservers/alpha.vprokate.ru/www/Wings/Logs.php подключён.
2012-06-18 11:49:11 Файл /home/webservers/alpha.vprokate.ru/www/Wings/DB.php подключён.
2012-06-18 11:49:11 Файл /home/webservers/alpha.vprokate.ru/www/Applications/FrontEnd/Workspace.php подключён.
2012-06-18 11:49:11 Файл /home/webservers/alpha.vprokate.ru/www/Applications/FrontEnd/Model.php подключён.
2012-06-18 11:49:11 Файл /home/webservers/alpha.vprokate.ru/www/Applications/FrontEnd/Index/Controller.php подключён.
2012-06-18 11:49:11 Файл /home/webservers/alpha.vprokate.ru/www/Applications/FrontEnd/Index/View.php подключён.
2012-06-18 11:49:13 Файл /home/webservers/alpha.vprokate.ru/www/Wings/Logs.php подключён.
2012-06-18 11:49:13 Файл /home/webservers/alpha.vprokate.ru/www/Wings/DB.php подключён.
2012-06-18 11:49:14 Файл /home/webservers/alpha.vprokate.ru/www/Applications/FrontEnd/Workspace.php подключён.
2012-06-18 11:49:14 Файл /home/webservers/alpha.vprokate.ru/www/Applications/FrontEnd/Model.php подключён.
2012-06-18 11:49:14 Файл /home/webservers/alpha.vprokate.ru/www/Applications/FrontEnd/Error/Controller.php не найден.
2012-06-18 11:49:26 Файл /home/webservers/alpha.vprokate.ru/www/Wings/Logs.php подключён.
2012-06-18 11:49:26 Файл /home/webservers/alpha.vprokate.ru/www/Wings/DB.php подключён.
2012-06-18 11:49:26 Файл /home/webservers/alpha.vprokate.ru/www/Applications/FrontEnd/Workspace.php подключён.
2012-06-18 11:49:26 Файл /home/webservers/alpha.vprokate.ru/www/Applications/FrontEnd/Model.php подключён.
2012-06-18 11:49:26 Файл /home/webservers/alpha.vprokate.ru/www/Applications/FrontEnd/Films/Controller.php подключён.
2012-06-18 11:49:26 Файл /home/webservers/alpha.vprokate.ru/www/Applications/FrontEnd/Films/View.php подключён.
2012-06-18 11:49:27 Файл /home/webservers/alpha.vprokate.ru/www/Wings/Logs.php подключён.
2012-06-18 11:49:27 Файл /home/webservers/alpha.vprokate.ru/www/Wings/DB.php подключён.
2012-06-18 11:49:27 Файл /home/webservers/alpha.vprokate.ru/www/Applications/FrontEnd/Workspace.php подключён.
2012-06-18 11:49:27 Файл /home/webservers/alpha.vprokate.ru/www/Applications/FrontEnd/Model.php подключён.
2012-06-18 11:49:27 Файл /home/webservers/alpha.vprokate.ru/www/Applications/FrontEnd/Error/Controller.php не найден.
2012-06-18 11:49:29 Файл /home/webservers/alpha.vprokate.ru/www/Wings/Logs.php подключён.
2012-06-18 11:49:29 Файл /home/webservers/alpha.vprokate.ru/www/Wings/DB.php подключён.
2012-06-18 11:49:29 Файл /home/webservers/alpha.vprokate.ru/www/Applications/FrontEnd/Workspace.php подключён.
2012-06-18 11:49:29 Файл /home/webservers/alpha.vprokate.ru/www/Applications/FrontEnd/Model.php подключён.
2012-06-18 11:49:29 Файл /home/webservers/alpha.vprokate.ru/www/Applications/FrontEnd/Films/Controller.php подключён.
2012-06-18 11:49:29 Файл /home/webservers/alpha.vprokate.ru/www/Applications/FrontEnd/Films/View.php подключён.
2012-06-18 11:49:30 Файл /home/webservers/alpha.vprokate.ru/www/Wings/Logs.php подключён.
2012-06-18 11:49:30 Файл /home/webservers/alpha.vprokate.ru/www/Wings/DB.php подключён.
2012-06-18 11:49:30 Файл /home/webservers/alpha.vprokate.ru/www/Applications/FrontEnd/Workspace.php подключён.
2012-06-18 11:49:30 Файл /home/webservers/alpha.vprokate.ru/www/Applications/FrontEnd/Model.php подключён.
2012-06-18 11:49:30 Файл /home/webservers/alpha.vprokate.ru/www/Applications/FrontEnd/Error/Controller.php не найден.
2012-06-18 11:50:09 Файл /home/webservers/alpha.vprokate.ru/www/Wings/Logs.php подключён.
2012-06-18 11:50:09 Файл /home/webservers/alpha.vprokate.ru/www/Wings/DB.php подключён.
2012-06-18 11:50:09 Файл /home/webservers/alpha.vprokate.ru/www/Applications/FrontEnd/Workspace.php подключён.
2012-06-18 11:50:09 Файл /home/webservers/alpha.vprokate.ru/www/Applications/FrontEnd/Model.php подключён.
2012-06-18 11:50:09 Файл /home/webservers/alpha.vprokate.ru/www/Applications/FrontEnd/Index/Controller.php подключён.
2012-06-18 11:50:09 Файл /home/webservers/alpha.vprokate.ru/www/Applications/FrontEnd/Index/View.php подключён.
2012-06-18 11:50:15 Файл /home/webservers/alpha.vprokate.ru/www/Wings/Logs.php подключён.
2012-06-18 11:50:15 Файл /home/webservers/alpha.vprokate.ru/www/Wings/DB.php подключён.
2012-06-18 11:50:15 Файл /home/webservers/alpha.vprokate.ru/www/Applications/FrontEnd/Workspace.php подключён.
2012-06-18 11:50:15 Файл /home/webservers/alpha.vprokate.ru/www/Applications/FrontEnd/Model.php подключён.
2012-06-18 11:50:15 Файл /home/webservers/alpha.vprokate.ru/www/Applications/FrontEnd/Error/Controller.php не найден.
2012-06-18 11:50:15 Файл /home/webservers/alpha.vprokate.ru/www/Wings/Logs.php подключён.
2012-06-18 11:50:15 Файл /home/webservers/alpha.vprokate.ru/www/Wings/DB.php подключён.
2012-06-18 11:50:15 Файл /home/webservers/alpha.vprokate.ru/www/Applications/FrontEnd/Workspace.php подключён.
2012-06-18 11:50:15 Файл /home/webservers/alpha.vprokate.ru/www/Applications/FrontEnd/Model.php подключён.
2012-06-18 11:50:15 Файл /home/webservers/alpha.vprokate.ru/www/Applications/FrontEnd/Error/Controller.php не найден.
2012-06-18 11:50:15 Файл /home/webservers/alpha.vprokate.ru/www/Wings/Logs.php подключён.
2012-06-18 11:50:15 Файл /home/webservers/alpha.vprokate.ru/www/Wings/DB.php подключён.
2012-06-18 11:50:15 Файл /home/webservers/alpha.vprokate.ru/www/Applications/FrontEnd/Workspace.php подключён.
2012-06-18 11:50:15 Файл /home/webservers/alpha.vprokate.ru/www/Applications/FrontEnd/Model.php подключён.
2012-06-18 11:50:15 Файл /home/webservers/alpha.vprokate.ru/www/Applications/FrontEnd/Error/Controller.php не найден.
2012-06-18 11:50:18 Файл /home/webservers/alpha.vprokate.ru/www/Wings/Logs.php подключён.
2012-06-18 11:50:18 Файл /home/webservers/alpha.vprokate.ru/www/Wings/DB.php подключён.
2012-06-18 11:50:18 Файл /home/webservers/alpha.vprokate.ru/www/Applications/FrontEnd/Workspace.php подключён.
2012-06-18 11:50:18 Файл /home/webservers/alpha.vprokate.ru/www/Applications/FrontEnd/Model.php подключён.
2012-06-18 11:50:18 Файл /home/webservers/alpha.vprokate.ru/www/Applications/FrontEnd/Films/Controller.php подключён.
2012-06-18 11:50:18 Файл /home/webservers/alpha.vprokate.ru/www/Applications/FrontEnd/Films/View.php подключён.
2012-06-18 11:50:24 Файл /home/webservers/alpha.vprokate.ru/www/Wings/Logs.php подключён.
2012-06-18 11:50:24 Файл /home/webservers/alpha.vprokate.ru/www/Wings/DB.php подключён.
2012-06-18 11:50:24 Файл /home/webservers/alpha.vprokate.ru/www/Applications/FrontEnd/Workspace.php подключён.
2012-06-18 11:50:24 Файл /home/webservers/alpha.vprokate.ru/www/Applications/FrontEnd/Model.php подключён.
2012-06-18 11:50:25 Файл /home/webservers/alpha.vprokate.ru/www/Applications/FrontEnd/Person/Controller.php подключён.
2012-06-18 11:50:25 Файл /home/webservers/alpha.vprokate.ru/www/Applications/FrontEnd/Person/View.php подключён.
2012-06-18 11:50:36 Файл /home/webservers/alpha.vprokate.ru/www/Wings/Logs.php подключён.
2012-06-18 11:50:36 Файл /home/webservers/alpha.vprokate.ru/www/Wings/DB.php подключён.
2012-06-18 11:50:36 Файл /home/webservers/alpha.vprokate.ru/www/Applications/FrontEnd/Workspace.php подключён.
2012-06-18 11:50:36 Файл /home/webservers/alpha.vprokate.ru/www/Applications/FrontEnd/Model.php подключён.
2012-06-18 11:50:36 Файл /home/webservers/alpha.vprokate.ru/www/Applications/FrontEnd/Social/Controller.php подключён.
2012-06-18 11:50:36 Файл /home/webservers/alpha.vprokate.ru/www/Applications/FrontEnd/Social/View.php подключён.
2012-06-18 11:50:39 Файл /home/webservers/alpha.vprokate.ru/www/Wings/Logs.php подключён.
2012-06-18 11:50:39 Файл /home/webservers/alpha.vprokate.ru/www/Wings/DB.php подключён.
2012-06-18 11:50:39 Файл /home/webservers/alpha.vprokate.ru/www/Applications/FrontEnd/Workspace.php подключён.
2012-06-18 11:50:39 Файл /home/webservers/alpha.vprokate.ru/www/Applications/FrontEnd/Model.php подключён.
2012-06-18 11:50:39 Файл /home/webservers/alpha.vprokate.ru/www/Applications/FrontEnd/Professional/Controller.php подключён.
2012-06-18 11:50:39 Файл /home/webservers/alpha.vprokate.ru/www/Applications/FrontEnd/Professional/View.php подключён.
2012-06-18 11:50:54 Файл /home/webservers/alpha.vprokate.ru/www/Wings/Logs.php подключён.
2012-06-18 11:50:54 Файл /home/webservers/alpha.vprokate.ru/www/Wings/DB.php подключён.
2012-06-18 11:50:54 Файл /home/webservers/alpha.vprokate.ru/www/Applications/FrontEnd/Workspace.php подключён.
2012-06-18 11:50:54 Файл /home/webservers/alpha.vprokate.ru/www/Applications/FrontEnd/Model.php подключён.
2012-06-18 11:50:54 Файл /home/webservers/alpha.vprokate.ru/www/Applications/FrontEnd/Index/Controller.php подключён.
2012-06-18 11:50:54 Файл /home/webservers/alpha.vprokate.ru/www/Applications/FrontEnd/Index/View.php подключён.
2012-06-18 11:59:48 Файл /home/webservers/alpha.vprokate.ru/www/Wings/Logs.php подключён.
2012-06-18 11:59:48 Файл /home/webservers/alpha.vprokate.ru/www/Wings/DB.php подключён.
2012-06-18 11:59:48 Файл /home/webservers/alpha.vprokate.ru/www/Applications/FrontEnd/Workspace.php подключён.
2012-06-18 11:59:48 Файл /home/webservers/alpha.vprokate.ru/www/Applications/FrontEnd/Model.php подключён.
2012-06-18 11:59:48 Файл /home/webservers/alpha.vprokate.ru/www/Applications/FrontEnd/Person/Controller.php подключён.
2012-06-18 11:59:48 Файл /home/webservers/alpha.vprokate.ru/www/Applications/FrontEnd/Person/View.php подключён.
2012-06-18 12:00:49 Файл /home/webservers/alpha.vprokate.ru/www/Wings/Logs.php подключён.
2012-06-18 12:00:49 Файл /home/webservers/alpha.vprokate.ru/www/Wings/DB.php подключён.
2012-06-18 12:00:49 Файл /home/webservers/alpha.vprokate.ru/www/Applications/FrontEnd/Workspace.php подключён.
2012-06-18 12:00:49 Файл /home/webservers/alpha.vprokate.ru/www/Applications/FrontEnd/Model.php подключён.
2012-06-18 12:00:49 Файл /home/webservers/alpha.vprokate.ru/www/Applications/FrontEnd/Index/Controller.php подключён.
2012-06-18 12:00:49 Файл /home/webservers/alpha.vprokate.ru/www/Applications/FrontEnd/Index/View.php подключён.
2012-06-18 15:41:28 Файл /home/webservers/alpha.vprokate.ru/www/Wings/Logs.php подключён.
2012-06-18 15:41:28 Файл /home/webservers/alpha.vprokate.ru/www/Wings/DB.php подключён.
2012-06-18 15:41:28 Файл /home/webservers/alpha.vprokate.ru/www/Applications/FrontEnd/Workspace.php подключён.
2012-06-18 15:41:28 Файл /home/webservers/alpha.vprokate.ru/www/Applications/FrontEnd/Model.php подключён.
2012-06-18 15:41:28 Файл /home/webservers/alpha.vprokate.ru/www/Applications/FrontEnd/Index/Controller.php подключён.
2012-06-18 15:41:28 Файл /home/webservers/alpha.vprokate.ru/www/Applications/FrontEnd/Index/View.php подключён.
2012-06-18 15:41:59 Файл /home/webservers/alpha.vprokate.ru/www/Wings/Logs.php подключён.
2012-06-18 15:41:59 Файл /home/webservers/alpha.vprokate.ru/www/Wings/DB.php подключён.
2012-06-18 15:41:59 Файл /home/webservers/alpha.vprokate.ru/www/Applications/FrontEnd/Workspace.php подключён.
2012-06-18 15:41:59 Файл /home/webservers/alpha.vprokate.ru/www/Applications/FrontEnd/Model.php подключён.
2012-06-18 15:41:59 Файл /home/webservers/alpha.vprokate.ru/www/Applications/FrontEnd/Error/Controller.php не найден.
2012-06-18 16:27:56 Файл /home/webservers/alpha.vprokate.ru/www/Wings/Logs.php подключён.
2012-06-18 16:27:56 Файл /home/webservers/alpha.vprokate.ru/www/Wings/DB.php подключён.
2012-06-18 16:27:56 Файл /home/webservers/alpha.vprokate.ru/www/Applications/FrontEnd/Workspace.php подключён.
2012-06-18 16:27:56 Файл /home/webservers/alpha.vprokate.ru/www/Applications/FrontEnd/Model.php подключён.
2012-06-18 16:27:56 Файл /home/webservers/alpha.vprokate.ru/www/Applications/FrontEnd/Error/Controller.php не найден.
2012-06-18 16:27:59 Файл /home/webservers/alpha.vprokate.ru/www/Wings/Logs.php подключён.
2012-06-18 16:27:59 Файл /home/webservers/alpha.vprokate.ru/www/Wings/DB.php подключён.
2012-06-18 16:27:59 Файл /home/webservers/alpha.vprokate.ru/www/Applications/FrontEnd/Workspace.php подключён.
2012-06-18 16:27:59 Файл /home/webservers/alpha.vprokate.ru/www/Applications/FrontEnd/Model.php подключён.
2012-06-18 16:27:59 Файл /home/webservers/alpha.vprokate.ru/www/Applications/FrontEnd/Error/Controller.php не найден.
2012-06-18 16:27:59 Файл /home/webservers/alpha.vprokate.ru/www/Wings/Logs.php подключён.
2012-06-18 16:27:59 Файл /home/webservers/alpha.vprokate.ru/www/Wings/DB.php подключён.
2012-06-18 16:27:59 Файл /home/webservers/alpha.vprokate.ru/www/Applications/FrontEnd/Workspace.php подключён.
2012-06-18 16:27:59 Файл /home/webservers/alpha.vprokate.ru/www/Applications/FrontEnd/Model.php подключён.
2012-06-18 16:27:59 Файл /home/webservers/alpha.vprokate.ru/www/Applications/FrontEnd/Error/Controller.php не найден.
2012-06-18 16:28:00 Файл /home/webservers/alpha.vprokate.ru/www/Wings/Logs.php подключён.
2012-06-18 16:28:00 Файл /home/webservers/alpha.vprokate.ru/www/Wings/DB.php подключён.
2012-06-18 16:28:00 Файл /home/webservers/alpha.vprokate.ru/www/Applications/FrontEnd/Workspace.php подключён.
2012-06-18 16:28:00 Файл /home/webservers/alpha.vprokate.ru/www/Applications/FrontEnd/Model.php подключён.
2012-06-18 16:28:00 Файл /home/webservers/alpha.vprokate.ru/www/Applications/FrontEnd/Error/Controller.php не найден.
2012-06-18 16:39:09 Файл /home/webservers/alpha.vprokate.ru/www/Wings/Logs.php подключён.
2012-06-18 16:39:09 Файл /home/webservers/alpha.vprokate.ru/www/Wings/DB.php подключён.
2012-06-18 16:39:09 Файл /home/webservers/alpha.vprokate.ru/www/Applications/FrontEnd/Workspace.php подключён.
2012-06-18 16:39:09 Файл /home/webservers/alpha.vprokate.ru/www/Applications/FrontEnd/Model.php подключён.
2012-06-18 16:39:09 Файл /home/webservers/alpha.vprokate.ru/www/Applications/FrontEnd/Error/Controller.php не найден.
