2012-03-11 14:27:46 Файл Z:/home/arhangel31337/www/Wings\Logs.php подключён.
2012-03-11 14:27:46 Файл Z:/home/arhangel31337/www/Wings\Singleton.php подключён.
2012-03-11 14:27:46 Файл Z:/home/arhangel31337/www/Wings\DB.php подключён.
2012-03-11 14:27:49 Файл Z:/home/arhangel31337/www/Wings\Logs.php подключён.
2012-03-11 14:27:49 Файл Z:/home/arhangel31337/www/Wings\Singleton.php подключён.
2012-03-11 14:27:49 Файл Z:/home/arhangel31337/www/Wings\DB.php подключён.
2012-03-11 14:27:49 Файл Z:/home/arhangel31337/www/Wings\Logs.php подключён.
2012-03-11 14:27:49 Файл Z:/home/arhangel31337/www/Wings\Singleton.php подключён.
2012-03-11 14:27:49 Файл Z:/home/arhangel31337/www/Wings\DB.php подключён.
2012-03-11 14:27:50 Файл Z:/home/arhangel31337/www/Wings\Logs.php подключён.
2012-03-11 14:27:50 Файл Z:/home/arhangel31337/www/Wings\Singleton.php подключён.
2012-03-11 14:27:50 Файл Z:/home/arhangel31337/www/Wings\DB.php подключён.
2012-03-11 14:27:51 Файл Z:/home/arhangel31337/www/Wings\Logs.php подключён.
2012-03-11 14:27:51 Файл Z:/home/arhangel31337/www/Wings\Singleton.php подключён.
2012-03-11 14:27:51 Файл Z:/home/arhangel31337/www/Wings\DB.php подключён.
2012-03-11 14:27:51 Файл Z:/home/arhangel31337/www/Wings\Logs.php подключён.
2012-03-11 14:27:51 Файл Z:/home/arhangel31337/www/Wings\Singleton.php подключён.
2012-03-11 14:27:51 Файл Z:/home/arhangel31337/www/Wings\DB.php подключён.
2012-03-11 14:27:51 Файл Z:/home/arhangel31337/www/Wings\Logs.php подключён.
2012-03-11 14:27:51 Файл Z:/home/arhangel31337/www/Wings\Singleton.php подключён.
2012-03-11 14:27:51 Файл Z:/home/arhangel31337/www/Wings\DB.php подключён.
2012-03-11 14:27:52 Файл Z:/home/arhangel31337/www/Wings\Logs.php подключён.
2012-03-11 14:27:52 Файл Z:/home/arhangel31337/www/Wings\Singleton.php подключён.
2012-03-11 14:27:52 Файл Z:/home/arhangel31337/www/Wings\DB.php подключён.
2012-03-11 14:27:52 Файл Z:/home/arhangel31337/www/Wings\Logs.php подключён.
2012-03-11 14:27:52 Файл Z:/home/arhangel31337/www/Wings\Singleton.php подключён.
2012-03-11 14:27:52 Файл Z:/home/arhangel31337/www/Wings\DB.php подключён.
2012-03-11 14:28:00 Файл Z:/home/arhangel31337/www/Wings\Logs.php подключён.
2012-03-11 14:28:00 Файл Z:/home/arhangel31337/www/Wings\Singleton.php подключён.
2012-03-11 14:28:00 Файл Z:/home/arhangel31337/www/Wings\DB.php подключён.
2012-03-11 14:28:00 Файл Z:/home/arhangel31337/www/Wings\Logs.php подключён.
2012-03-11 14:28:00 Файл Z:/home/arhangel31337/www/Wings\Singleton.php подключён.
2012-03-11 14:28:00 Файл Z:/home/arhangel31337/www/Wings\DB.php подключён.
2012-03-11 14:28:02 Файл Z:/home/arhangel31337/www/Wings\Logs.php подключён.
2012-03-11 14:28:02 Файл Z:/home/arhangel31337/www/Wings\Singleton.php подключён.
2012-03-11 14:28:02 Файл Z:/home/arhangel31337/www/Wings\DB.php подключён.
2012-03-11 14:28:02 Файл Z:/home/arhangel31337/www/Wings\Logs.php подключён.
2012-03-11 14:28:02 Файл Z:/home/arhangel31337/www/Wings\Singleton.php подключён.
2012-03-11 14:28:02 Файл Z:/home/arhangel31337/www/Wings\DB.php подключён.
2012-03-11 14:28:03 Файл Z:/home/arhangel31337/www/Wings\Logs.php подключён.
2012-03-11 14:28:03 Файл Z:/home/arhangel31337/www/Wings\Singleton.php подключён.
2012-03-11 14:28:03 Файл Z:/home/arhangel31337/www/Wings\DB.php подключён.
2012-03-11 14:28:03 Файл Z:/home/arhangel31337/www/Wings\Logs.php подключён.
2012-03-11 14:28:03 Файл Z:/home/arhangel31337/www/Wings\Singleton.php подключён.
2012-03-11 14:28:03 Файл Z:/home/arhangel31337/www/Wings\DB.php подключён.
2012-03-11 14:28:04 Файл Z:/home/arhangel31337/www/Wings\Logs.php подключён.
2012-03-11 14:28:04 Файл Z:/home/arhangel31337/www/Wings\Singleton.php подключён.
2012-03-11 14:28:04 Файл Z:/home/arhangel31337/www/Wings\DB.php подключён.
2012-03-11 14:28:13 Файл Z:/home/arhangel31337/www/Wings\Logs.php подключён.
2012-03-11 14:28:13 Файл Z:/home/arhangel31337/www/Wings\Singleton.php подключён.
2012-03-11 14:28:13 Файл Z:/home/arhangel31337/www/Wings\DB.php подключён.
2012-03-11 14:28:14 Файл Z:/home/arhangel31337/www/Wings\Logs.php подключён.
2012-03-11 14:28:14 Файл Z:/home/arhangel31337/www/Wings\Singleton.php подключён.
2012-03-11 14:28:14 Файл Z:/home/arhangel31337/www/Wings\DB.php подключён.
2012-03-11 14:28:14 Файл Z:/home/arhangel31337/www/Wings\Logs.php подключён.
2012-03-11 14:28:14 Файл Z:/home/arhangel31337/www/Wings\Singleton.php подключён.
2012-03-11 14:28:14 Файл Z:/home/arhangel31337/www/Wings\DB.php подключён.
2012-03-11 14:30:40 Файл Z:/home/arhangel31337/www/Wings\Logs.php подключён.
2012-03-11 14:30:40 Файл Z:/home/arhangel31337/www/Wings\Singleton.php подключён.
2012-03-11 14:30:40 Файл Z:/home/arhangel31337/www/Wings\DB.php подключён.
2012-03-11 14:30:52 Файл Z:/home/arhangel31337/www/Wings\Logs.php подключён.
2012-03-11 14:30:52 Файл Z:/home/arhangel31337/www/Wings\Singleton.php подключён.
2012-03-11 14:30:52 Файл Z:/home/arhangel31337/www/Wings\DB.php подключён.
2012-03-11 14:30:58 Файл Z:/home/arhangel31337/www/Wings\Logs.php подключён.
2012-03-11 14:30:58 Файл Z:/home/arhangel31337/www/Wings\Singleton.php подключён.
2012-03-11 14:30:58 Файл Z:/home/arhangel31337/www/Wings\DB.php подключён.
2012-03-11 14:31:16 Файл Z:/home/arhangel31337/www/Wings\Logs.php подключён.
2012-03-11 14:31:16 Файл Z:/home/arhangel31337/www/Wings\Singleton.php подключён.
2012-03-11 14:31:16 Файл Z:/home/arhangel31337/www/Wings\DB.php подключён.
2012-03-11 14:31:18 Файл Z:/home/arhangel31337/www/Wings\Logs.php подключён.
2012-03-11 14:31:18 Файл Z:/home/arhangel31337/www/Wings\Singleton.php подключён.
2012-03-11 14:31:18 Файл Z:/home/arhangel31337/www/Wings\DB.php подключён.
2012-03-11 14:43:09 Файл Z:/home/arhangel31337/www/Wings\Logs.php подключён.
2012-03-11 14:43:09 Файл Z:/home/arhangel31337/www/Wings\Singleton.php подключён.
2012-03-11 14:43:09 Файл Z:/home/arhangel31337/www/Wings\DB.php подключён.
2012-03-11 15:05:38 Файл Z:/home/arhangel31337/www/Wings\Logs.php подключён.
2012-03-11 15:05:38 Файл Z:/home/arhangel31337/www/Wings\Singleton.php подключён.
2012-03-11 15:05:38 Файл Z:/home/arhangel31337/www/Wings\DB.php подключён.
2012-03-11 15:06:38 Файл Z:/home/arhangel31337/www/Wings\Logs.php подключён.
2012-03-11 15:06:38 Файл Z:/home/arhangel31337/www/Wings\Singleton.php подключён.
2012-03-11 15:06:38 Файл Z:/home/arhangel31337/www/Wings\DB.php подключён.
2012-03-11 15:06:39 Файл Z:/home/arhangel31337/www/Wings\Logs.php подключён.
2012-03-11 15:06:39 Файл Z:/home/arhangel31337/www/Wings\Singleton.php подключён.
2012-03-11 15:06:39 Файл Z:/home/arhangel31337/www/Wings\DB.php подключён.
2012-03-11 15:06:40 Файл Z:/home/arhangel31337/www/Wings\Logs.php подключён.
2012-03-11 15:06:40 Файл Z:/home/arhangel31337/www/Wings\Singleton.php подключён.
2012-03-11 15:06:40 Файл Z:/home/arhangel31337/www/Wings\DB.php подключён.
2012-03-11 15:06:40 Файл Z:/home/arhangel31337/www/Wings\Logs.php подключён.
2012-03-11 15:06:40 Файл Z:/home/arhangel31337/www/Wings\Singleton.php подключён.
2012-03-11 15:06:40 Файл Z:/home/arhangel31337/www/Wings\DB.php подключён.
2012-03-11 15:09:14 Файл Z:/home/arhangel31337/www/Wings\Logs.php подключён.
2012-03-11 15:09:14 Файл Z:/home/arhangel31337/www/Wings\Singleton.php подключён.
2012-03-11 15:09:14 Файл Z:/home/arhangel31337/www/Wings\DB.php подключён.
2012-03-11 15:09:44 Файл Z:/home/arhangel31337/www/Wings\Logs.php подключён.
2012-03-11 15:09:44 Файл Z:/home/arhangel31337/www/Wings\Singleton.php подключён.
2012-03-11 15:09:44 Файл Z:/home/arhangel31337/www/Wings\DB.php подключён.
2012-03-11 15:10:14 Файл Z:/home/arhangel31337/www/Wings\Logs.php подключён.
2012-03-11 15:10:14 Файл Z:/home/arhangel31337/www/Wings\Singleton.php подключён.
2012-03-11 15:10:14 Файл Z:/home/arhangel31337/www/Wings\DB.php подключён.
2012-03-11 15:10:33 Файл Z:/home/arhangel31337/www/Wings\Logs.php подключён.
2012-03-11 15:10:33 Файл Z:/home/arhangel31337/www/Wings\Singleton.php подключён.
2012-03-11 15:10:33 Файл Z:/home/arhangel31337/www/Wings\DB.php подключён.
2012-03-11 15:10:49 Файл Z:/home/arhangel31337/www/Wings\Logs.php подключён.
2012-03-11 15:10:49 Файл Z:/home/arhangel31337/www/Wings\Singleton.php подключён.
2012-03-11 15:10:49 Файл Z:/home/arhangel31337/www/Wings\DB.php подключён.
2012-03-11 15:11:00 Файл Z:/home/arhangel31337/www/Wings\Logs.php подключён.
2012-03-11 15:11:00 Файл Z:/home/arhangel31337/www/Wings\Singleton.php подключён.
2012-03-11 15:11:00 Файл Z:/home/arhangel31337/www/Wings\DB.php подключён.
2012-03-11 15:11:58 Файл Z:/home/arhangel31337/www/Wings\Logs.php подключён.
2012-03-11 15:11:58 Файл Z:/home/arhangel31337/www/Wings\Singleton.php подключён.
2012-03-11 15:11:58 Файл Z:/home/arhangel31337/www/Wings\DB.php подключён.
2012-03-11 15:12:34 Файл Z:/home/arhangel31337/www/Wings\Logs.php подключён.
2012-03-11 15:12:34 Файл Z:/home/arhangel31337/www/Wings\Singleton.php подключён.
2012-03-11 15:12:34 Файл Z:/home/arhangel31337/www/Wings\DB.php подключён.
2012-03-11 15:12:46 Файл Z:/home/arhangel31337/www/Wings\Logs.php подключён.
2012-03-11 15:12:46 Файл Z:/home/arhangel31337/www/Wings\Singleton.php подключён.
2012-03-11 15:12:46 Файл Z:/home/arhangel31337/www/Wings\DB.php подключён.
2012-03-11 15:12:54 Файл Z:/home/arhangel31337/www/Wings\Logs.php подключён.
2012-03-11 15:12:54 Файл Z:/home/arhangel31337/www/Wings\Singleton.php подключён.
2012-03-11 15:12:54 Файл Z:/home/arhangel31337/www/Wings\DB.php подключён.
2012-03-11 15:13:08 Файл Z:/home/arhangel31337/www/Wings\Logs.php подключён.
2012-03-11 15:13:08 Файл Z:/home/arhangel31337/www/Wings\Singleton.php подключён.
2012-03-11 15:13:08 Файл Z:/home/arhangel31337/www/Wings\DB.php подключён.
2012-03-11 15:13:13 Файл Z:/home/arhangel31337/www/Wings\Logs.php подключён.
2012-03-11 15:13:13 Файл Z:/home/arhangel31337/www/Wings\Singleton.php подключён.
2012-03-11 15:13:13 Файл Z:/home/arhangel31337/www/Wings\DB.php подключён.
2012-03-11 15:13:19 Файл Z:/home/arhangel31337/www/Wings\Logs.php подключён.
2012-03-11 15:13:19 Файл Z:/home/arhangel31337/www/Wings\Singleton.php подключён.
2012-03-11 15:13:19 Файл Z:/home/arhangel31337/www/Wings\DB.php подключён.
2012-03-11 15:20:01 Файл Z:/home/arhangel31337/www/Wings\Logs.php подключён.
2012-03-11 15:20:01 Файл Z:/home/arhangel31337/www/Wings\Singleton.php подключён.
2012-03-11 15:20:01 Файл Z:/home/arhangel31337/www/Wings\DB.php подключён.
2012-03-11 15:23:42 Файл Z:/home/arhangel31337/www/Wings\Logs.php подключён.
2012-03-11 15:23:42 Файл Z:/home/arhangel31337/www/Wings\Singleton.php подключён.
2012-03-11 15:23:42 Файл Z:/home/arhangel31337/www/Wings\DB.php подключён.
2012-03-11 15:23:53 Файл Z:/home/arhangel31337/www/Wings\Logs.php подключён.
2012-03-11 15:23:53 Файл Z:/home/arhangel31337/www/Wings\Singleton.php подключён.
2012-03-11 15:23:53 Файл Z:/home/arhangel31337/www/Wings\DB.php подключён.
2012-03-11 15:24:22 Файл Z:/home/arhangel31337/www/Wings\Logs.php подключён.
2012-03-11 15:24:22 Файл Z:/home/arhangel31337/www/Wings\Singleton.php подключён.
2012-03-11 15:24:22 Файл Z:/home/arhangel31337/www/Wings\DB.php подключён.
2012-03-11 15:28:43 Файл Z:/home/arhangel31337/www/Wings\Logs.php подключён.
2012-03-11 15:28:43 Файл Z:/home/arhangel31337/www/Wings\Singleton.php подключён.
2012-03-11 15:28:43 Файл Z:/home/arhangel31337/www/Wings\DB.php подключён.
2012-03-11 15:28:59 Файл Z:/home/arhangel31337/www/Wings\Logs.php подключён.
2012-03-11 15:28:59 Файл Z:/home/arhangel31337/www/Wings\Singleton.php подключён.
2012-03-11 15:28:59 Файл Z:/home/arhangel31337/www/Wings\DB.php подключён.
2012-03-11 15:29:01 Файл Z:/home/arhangel31337/www/Wings\Logs.php подключён.
2012-03-11 15:29:01 Файл Z:/home/arhangel31337/www/Wings\Singleton.php подключён.
2012-03-11 15:29:01 Файл Z:/home/arhangel31337/www/Wings\DB.php подключён.
2012-03-11 15:29:02 Файл Z:/home/arhangel31337/www/Wings\Logs.php подключён.
2012-03-11 15:29:02 Файл Z:/home/arhangel31337/www/Wings\Singleton.php подключён.
2012-03-11 15:29:02 Файл Z:/home/arhangel31337/www/Wings\DB.php подключён.
2012-03-11 15:29:03 Файл Z:/home/arhangel31337/www/Wings\Logs.php подключён.
2012-03-11 15:29:03 Файл Z:/home/arhangel31337/www/Wings\Singleton.php подключён.
2012-03-11 15:29:03 Файл Z:/home/arhangel31337/www/Wings\DB.php подключён.
2012-03-11 15:29:04 Файл Z:/home/arhangel31337/www/Wings\Logs.php подключён.
2012-03-11 15:29:04 Файл Z:/home/arhangel31337/www/Wings\Singleton.php подключён.
2012-03-11 15:29:04 Файл Z:/home/arhangel31337/www/Wings\DB.php подключён.
2012-03-11 15:29:06 Файл Z:/home/arhangel31337/www/Wings\Logs.php подключён.
2012-03-11 15:29:06 Файл Z:/home/arhangel31337/www/Wings\Singleton.php подключён.
2012-03-11 15:29:06 Файл Z:/home/arhangel31337/www/Wings\DB.php подключён.
2012-03-11 15:29:06 Файл Z:/home/arhangel31337/www/Wings\Logs.php подключён.
2012-03-11 15:29:06 Файл Z:/home/arhangel31337/www/Wings\Singleton.php подключён.
2012-03-11 15:29:06 Файл Z:/home/arhangel31337/www/Wings\DB.php подключён.
2012-03-11 15:29:07 Файл Z:/home/arhangel31337/www/Wings\Logs.php подключён.
2012-03-11 15:29:07 Файл Z:/home/arhangel31337/www/Wings\Singleton.php подключён.
2012-03-11 15:29:07 Файл Z:/home/arhangel31337/www/Wings\DB.php подключён.
2012-03-11 15:29:08 Файл Z:/home/arhangel31337/www/Wings\Logs.php подключён.
2012-03-11 15:29:08 Файл Z:/home/arhangel31337/www/Wings\Singleton.php подключён.
2012-03-11 15:29:08 Файл Z:/home/arhangel31337/www/Wings\DB.php подключён.
2012-03-11 15:29:08 Файл Z:/home/arhangel31337/www/Wings\Logs.php подключён.
2012-03-11 15:29:08 Файл Z:/home/arhangel31337/www/Wings\Singleton.php подключён.
2012-03-11 15:29:08 Файл Z:/home/arhangel31337/www/Wings\DB.php подключён.
2012-03-11 15:29:09 Файл Z:/home/arhangel31337/www/Wings\Logs.php подключён.
2012-03-11 15:29:09 Файл Z:/home/arhangel31337/www/Wings\Singleton.php подключён.
2012-03-11 15:29:09 Файл Z:/home/arhangel31337/www/Wings\DB.php подключён.
2012-03-11 15:29:09 Файл Z:/home/arhangel31337/www/Wings\Logs.php подключён.
2012-03-11 15:29:09 Файл Z:/home/arhangel31337/www/Wings\Singleton.php подключён.
2012-03-11 15:29:09 Файл Z:/home/arhangel31337/www/Wings\DB.php подключён.
2012-03-11 15:29:10 Файл Z:/home/arhangel31337/www/Wings\Logs.php подключён.
2012-03-11 15:29:10 Файл Z:/home/arhangel31337/www/Wings\Singleton.php подключён.
2012-03-11 15:29:10 Файл Z:/home/arhangel31337/www/Wings\DB.php подключён.
2012-03-11 15:29:11 Файл Z:/home/arhangel31337/www/Wings\Logs.php подключён.
2012-03-11 15:29:11 Файл Z:/home/arhangel31337/www/Wings\Singleton.php подключён.
2012-03-11 15:29:11 Файл Z:/home/arhangel31337/www/Wings\DB.php подключён.
2012-03-11 15:29:11 Файл Z:/home/arhangel31337/www/Wings\Logs.php подключён.
2012-03-11 15:29:11 Файл Z:/home/arhangel31337/www/Wings\Singleton.php подключён.
2012-03-11 15:29:11 Файл Z:/home/arhangel31337/www/Wings\DB.php подключён.
2012-03-11 15:29:12 Файл Z:/home/arhangel31337/www/Wings\Logs.php подключён.
2012-03-11 15:29:12 Файл Z:/home/arhangel31337/www/Wings\Singleton.php подключён.
2012-03-11 15:29:12 Файл Z:/home/arhangel31337/www/Wings\DB.php подключён.
2012-03-11 15:29:12 Файл Z:/home/arhangel31337/www/Wings\Logs.php подключён.
2012-03-11 15:29:12 Файл Z:/home/arhangel31337/www/Wings\Singleton.php подключён.
2012-03-11 15:29:12 Файл Z:/home/arhangel31337/www/Wings\DB.php подключён.
2012-03-11 15:29:13 Файл Z:/home/arhangel31337/www/Wings\Logs.php подключён.
2012-03-11 15:29:13 Файл Z:/home/arhangel31337/www/Wings\Singleton.php подключён.
2012-03-11 15:29:13 Файл Z:/home/arhangel31337/www/Wings\DB.php подключён.
2012-03-11 15:29:13 Файл Z:/home/arhangel31337/www/Wings\Logs.php подключён.
2012-03-11 15:29:13 Файл Z:/home/arhangel31337/www/Wings\Singleton.php подключён.
2012-03-11 15:29:13 Файл Z:/home/arhangel31337/www/Wings\DB.php подключён.
2012-03-11 15:29:13 Файл Z:/home/arhangel31337/www/Wings\Logs.php подключён.
2012-03-11 15:29:13 Файл Z:/home/arhangel31337/www/Wings\Singleton.php подключён.
2012-03-11 15:29:13 Файл Z:/home/arhangel31337/www/Wings\DB.php подключён.
2012-03-11 15:29:14 Файл Z:/home/arhangel31337/www/Wings\Logs.php подключён.
2012-03-11 15:29:14 Файл Z:/home/arhangel31337/www/Wings\Singleton.php подключён.
2012-03-11 15:29:14 Файл Z:/home/arhangel31337/www/Wings\DB.php подключён.
2012-03-11 15:32:27 Файл Z:/home/arhangel31337/www/Wings/Logs.php подключён.
2012-03-11 15:32:27 Файл Z:/home/arhangel31337/www/Wings/Singleton.php подключён.
2012-03-11 15:32:27 Файл Z:/home/arhangel31337/www/Wings/DB.php подключён.
2012-03-11 15:33:45 Файл Z:/home/arhangel31337/www/Wings/Logs.php подключён.
2012-03-11 15:33:45 Файл Z:/home/arhangel31337/www/Wings/Singleton.php подключён.
2012-03-11 15:33:45 Файл Z:/home/arhangel31337/www/Wings/DB.php подключён.
2012-03-11 15:34:13 Файл Z:/home/arhangel31337/www/Wings/Logs.php подключён.
2012-03-11 15:34:13 Файл Z:/home/arhangel31337/www/Wings/Singleton.php подключён.
2012-03-11 15:34:13 Файл Z:/home/arhangel31337/www/Wings/DB.php подключён.
2012-03-11 15:34:39 Файл Z:/home/arhangel31337/www/Wings/Logs.php подключён.
2012-03-11 15:34:39 Файл Z:/home/arhangel31337/www/Wings/Singleton.php подключён.
2012-03-11 15:34:39 Файл Z:/home/arhangel31337/www/Wings/DB.php подключён.
2012-03-11 15:35:16 Файл Z:/home/arhangel31337/www/Wings/Logs.php подключён.
2012-03-11 15:35:16 Файл Z:/home/arhangel31337/www/Wings/Singleton.php подключён.
2012-03-11 15:35:16 Файл Z:/home/arhangel31337/www/Wings/DB.php подключён.
2012-03-11 15:35:24 Файл Z:/home/arhangel31337/www/Wings/Logs.php подключён.
2012-03-11 15:35:24 Файл Z:/home/arhangel31337/www/Wings/Singleton.php подключён.
2012-03-11 15:35:24 Файл Z:/home/arhangel31337/www/Wings/DB.php подключён.
2012-03-11 15:36:51 Файл Z:/home/arhangel31337/www/Wings/Logs.php подключён.
2012-03-11 15:36:51 Файл Z:/home/arhangel31337/www/Wings/Singleton.php подключён.
2012-03-11 15:36:51 Файл Z:/home/arhangel31337/www/Wings/DB.php подключён.
2012-03-11 15:50:41 Файл Z:/home/arhangel31337/www/Wings/Logs.php подключён.
2012-03-11 15:50:41 Файл Z:/home/arhangel31337/www/Wings/Singleton.php подключён.
2012-03-11 15:50:41 Файл Z:/home/arhangel31337/www/Wings/DB.php подключён.
2012-03-11 15:50:41 Файл Z:/home/arhangel31337/www/Wings/Logs.php подключён.
2012-03-11 15:50:41 Файл Z:/home/arhangel31337/www/Wings/Singleton.php подключён.
2012-03-11 15:50:41 Файл Z:/home/arhangel31337/www/Wings/DB.php подключён.
2012-03-11 15:50:44 Файл Z:/home/arhangel31337/www/Wings/Logs.php подключён.
2012-03-11 15:50:44 Файл Z:/home/arhangel31337/www/Wings/Singleton.php подключён.
2012-03-11 15:50:44 Файл Z:/home/arhangel31337/www/Wings/DB.php подключён.
2012-03-11 15:50:45 Файл Z:/home/arhangel31337/www/Wings/Logs.php подключён.
2012-03-11 15:50:45 Файл Z:/home/arhangel31337/www/Wings/Singleton.php подключён.
2012-03-11 15:50:45 Файл Z:/home/arhangel31337/www/Wings/DB.php подключён.
2012-03-11 15:50:46 Файл Z:/home/arhangel31337/www/Wings/Logs.php подключён.
2012-03-11 15:50:46 Файл Z:/home/arhangel31337/www/Wings/Singleton.php подключён.
2012-03-11 15:50:46 Файл Z:/home/arhangel31337/www/Wings/DB.php подключён.
2012-03-11 15:50:46 Файл Z:/home/arhangel31337/www/Wings/Logs.php подключён.
2012-03-11 15:50:46 Файл Z:/home/arhangel31337/www/Wings/Singleton.php подключён.
2012-03-11 15:50:46 Файл Z:/home/arhangel31337/www/Wings/DB.php подключён.
2012-03-11 15:50:47 Файл Z:/home/arhangel31337/www/Wings/Logs.php подключён.
2012-03-11 15:50:47 Файл Z:/home/arhangel31337/www/Wings/Singleton.php подключён.
2012-03-11 15:50:47 Файл Z:/home/arhangel31337/www/Wings/DB.php подключён.
2012-03-11 15:50:47 Файл Z:/home/arhangel31337/www/Wings/Logs.php подключён.
2012-03-11 15:50:47 Файл Z:/home/arhangel31337/www/Wings/Singleton.php подключён.
2012-03-11 15:50:47 Файл Z:/home/arhangel31337/www/Wings/DB.php подключён.
2012-03-11 15:50:48 Файл Z:/home/arhangel31337/www/Wings/Logs.php подключён.
2012-03-11 15:50:48 Файл Z:/home/arhangel31337/www/Wings/Singleton.php подключён.
2012-03-11 15:50:48 Файл Z:/home/arhangel31337/www/Wings/DB.php подключён.
2012-03-11 15:50:48 Файл Z:/home/arhangel31337/www/Wings/Logs.php подключён.
2012-03-11 15:50:48 Файл Z:/home/arhangel31337/www/Wings/Singleton.php подключён.
2012-03-11 15:50:48 Файл Z:/home/arhangel31337/www/Wings/DB.php подключён.
2012-03-11 16:01:30 Файл Z:/home/arhangel31337/www/Wings/Logs.php подключён.
2012-03-11 16:01:30 Файл Z:/home/arhangel31337/www/Wings/Singleton.php подключён.
2012-03-11 16:01:30 Файл Z:/home/arhangel31337/www/Wings/DB.php подключён.
2012-03-11 16:01:31 Файл Z:/home/arhangel31337/www/Wings/Logs.php подключён.
2012-03-11 16:01:31 Файл Z:/home/arhangel31337/www/Wings/Singleton.php подключён.
2012-03-11 16:01:31 Файл Z:/home/arhangel31337/www/Wings/DB.php подключён.
2012-03-11 16:01:32 Файл Z:/home/arhangel31337/www/Wings/Logs.php подключён.
2012-03-11 16:01:32 Файл Z:/home/arhangel31337/www/Wings/Singleton.php подключён.
2012-03-11 16:01:32 Файл Z:/home/arhangel31337/www/Wings/DB.php подключён.
2012-03-11 16:01:36 Файл Z:/home/arhangel31337/www/Wings/Logs.php подключён.
2012-03-11 16:01:36 Файл Z:/home/arhangel31337/www/Wings/Singleton.php подключён.
2012-03-11 16:01:36 Файл Z:/home/arhangel31337/www/Wings/DB.php подключён.
2012-03-11 16:01:36 Файл Z:/home/arhangel31337/www/Wings/Logs.php подключён.
2012-03-11 16:01:36 Файл Z:/home/arhangel31337/www/Wings/Singleton.php подключён.
2012-03-11 16:01:36 Файл Z:/home/arhangel31337/www/Wings/DB.php подключён.
2012-03-11 16:01:37 Файл Z:/home/arhangel31337/www/Wings/Logs.php подключён.
2012-03-11 16:01:37 Файл Z:/home/arhangel31337/www/Wings/Singleton.php подключён.
2012-03-11 16:01:37 Файл Z:/home/arhangel31337/www/Wings/DB.php подключён.
2012-03-11 16:01:37 Файл Z:/home/arhangel31337/www/Wings/Logs.php подключён.
2012-03-11 16:01:37 Файл Z:/home/arhangel31337/www/Wings/Singleton.php подключён.
2012-03-11 16:01:37 Файл Z:/home/arhangel31337/www/Wings/DB.php подключён.
2012-03-11 19:56:05 Файл Z:/home/arhangel31337/www/Wings/Logs.php подключён.
2012-03-11 19:56:05 Файл Z:/home/arhangel31337/www/Wings/Singleton.php подключён.
2012-03-11 19:56:05 Файл Z:/home/arhangel31337/www/Wings/DB.php подключён.
2012-03-11 19:56:05 Файл Z:/home/arhangel31337/www/Wings/Logs.php подключён.
2012-03-11 19:56:05 Файл Z:/home/arhangel31337/www/Wings/Singleton.php подключён.
2012-03-11 19:56:05 Файл Z:/home/arhangel31337/www/Wings/DB.php подключён.
2012-03-11 19:56:05 Файл Z:/home/arhangel31337/www/Wings/Logs.php подключён.
2012-03-11 19:56:05 Файл Z:/home/arhangel31337/www/Wings/Singleton.php подключён.
2012-03-11 19:56:05 Файл Z:/home/arhangel31337/www/Wings/DB.php подключён.
2012-03-11 19:56:06 Файл Z:/home/arhangel31337/www/Wings/Logs.php подключён.
2012-03-11 19:56:14 Файл Z:/home/arhangel31337/www/Wings/Logs.php подключён.
2012-03-11 19:56:14 Файл Z:/home/arhangel31337/www/Wings/Logs.php подключён.
2012-03-11 19:56:14 Файл Z:/home/arhangel31337/www/Wings/Singleton.php подключён.
2012-03-11 19:56:14 Файл Z:/home/arhangel31337/www/Wings/Singleton.php подключён.
2012-03-11 19:56:14 Файл Z:/home/arhangel31337/www/Wings/DB.php подключён.
2012-03-11 19:56:14 Файл Z:/home/arhangel31337/www/Wings/DB.php подключён.
2012-03-11 19:56:14 Файл Z:/home/arhangel31337/www/Wings/Singleton.php подключён.
2012-03-11 19:56:14 Файл Z:/home/arhangel31337/www/Wings/DB.php подключён.
2012-03-11 19:56:18 Файл Z:/home/arhangel31337/www/Wings/Logs.php подключён.
2012-03-11 19:56:18 Файл Z:/home/arhangel31337/www/Wings/Singleton.php подключён.
2012-03-11 19:56:18 Файл Z:/home/arhangel31337/www/Wings/DB.php подключён.
2012-03-11 19:56:19 Файл Z:/home/arhangel31337/www/Wings/Logs.php подключён.
2012-03-11 19:56:19 Файл Z:/home/arhangel31337/www/Wings/Singleton.php подключён.
2012-03-11 19:56:19 Файл Z:/home/arhangel31337/www/Wings/DB.php подключён.
2012-03-11 19:56:20 Файл Z:/home/arhangel31337/www/Wings/Logs.php подключён.
2012-03-11 19:56:20 Файл Z:/home/arhangel31337/www/Wings/Singleton.php подключён.
2012-03-11 19:56:20 Файл Z:/home/arhangel31337/www/Wings/DB.php подключён.
2012-03-11 19:56:21 Файл Z:/home/arhangel31337/www/Wings/Logs.php подключён.
2012-03-11 19:56:21 Файл Z:/home/arhangel31337/www/Wings/Singleton.php подключён.
2012-03-11 19:56:21 Файл Z:/home/arhangel31337/www/Wings/DB.php подключён.
2012-03-11 19:56:23 Файл Z:/home/arhangel31337/www/Wings/Logs.php подключён.
2012-03-11 19:56:23 Файл Z:/home/arhangel31337/www/Wings/Singleton.php подключён.
2012-03-11 19:56:23 Файл Z:/home/arhangel31337/www/Wings/DB.php подключён.
2012-03-11 19:56:25 Файл Z:/home/arhangel31337/www/Wings/Logs.php подключён.
2012-03-11 19:56:25 Файл Z:/home/arhangel31337/www/Wings/Singleton.php подключён.
2012-03-11 19:56:25 Файл Z:/home/arhangel31337/www/Wings/DB.php подключён.
2012-03-11 19:56:26 Файл Z:/home/arhangel31337/www/Wings/Logs.php подключён.
2012-03-11 19:56:26 Файл Z:/home/arhangel31337/www/Wings/Singleton.php подключён.
2012-03-11 19:56:26 Файл Z:/home/arhangel31337/www/Wings/DB.php подключён.
2012-03-11 19:56:28 Файл Z:/home/arhangel31337/www/Wings/Logs.php подключён.
2012-03-11 19:56:28 Файл Z:/home/arhangel31337/www/Wings/Singleton.php подключён.
2012-03-11 19:56:28 Файл Z:/home/arhangel31337/www/Wings/DB.php подключён.
2012-03-11 19:56:28 Файл Z:/home/arhangel31337/www/Wings/Logs.php подключён.
2012-03-11 19:56:28 Файл Z:/home/arhangel31337/www/Wings/Singleton.php подключён.
2012-03-11 19:56:28 Файл Z:/home/arhangel31337/www/Wings/DB.php подключён.
2012-03-11 19:56:29 Файл Z:/home/arhangel31337/www/Wings/Logs.php подключён.
2012-03-11 19:56:29 Файл Z:/home/arhangel31337/www/Wings/Singleton.php подключён.
2012-03-11 19:56:29 Файл Z:/home/arhangel31337/www/Wings/DB.php подключён.
2012-03-11 19:56:29 Файл Z:/home/arhangel31337/www/Wings/Logs.php подключён.
2012-03-11 19:56:29 Файл Z:/home/arhangel31337/www/Wings/Singleton.php подключён.
2012-03-11 19:56:29 Файл Z:/home/arhangel31337/www/Wings/DB.php подключён.
2012-03-11 19:56:30 Файл Z:/home/arhangel31337/www/Wings/Logs.php подключён.
2012-03-11 19:56:30 Файл Z:/home/arhangel31337/www/Wings/Singleton.php подключён.
2012-03-11 19:56:30 Файл Z:/home/arhangel31337/www/Wings/DB.php подключён.
2012-03-11 19:56:32 Файл Z:/home/arhangel31337/www/Wings/Logs.php подключён.
2012-03-11 19:56:32 Файл Z:/home/arhangel31337/www/Wings/Singleton.php подключён.
2012-03-11 19:56:32 Файл Z:/home/arhangel31337/www/Wings/DB.php подключён.
2012-03-11 19:56:32 Файл Z:/home/arhangel31337/www/Wings/Logs.php подключён.
2012-03-11 19:56:32 Файл Z:/home/arhangel31337/www/Wings/Singleton.php подключён.
2012-03-11 19:56:32 Файл Z:/home/arhangel31337/www/Wings/DB.php подключён.
2012-03-11 19:56:33 Файл Z:/home/arhangel31337/www/Wings/Logs.php подключён.
2012-03-11 19:56:33 Файл Z:/home/arhangel31337/www/Wings/Singleton.php подключён.
2012-03-11 19:56:33 Файл Z:/home/arhangel31337/www/Wings/DB.php подключён.
2012-03-11 19:56:35 Файл Z:/home/arhangel31337/www/Wings/Logs.php подключён.
2012-03-11 19:56:35 Файл Z:/home/arhangel31337/www/Wings/Singleton.php подключён.
2012-03-11 19:56:35 Файл Z:/home/arhangel31337/www/Wings/DB.php подключён.
