2012-05-06 07:37:39 Файл /home/webservers/vprokate.ru/www/Wings/Logs.php подключён.
2012-05-06 07:37:39 Файл /home/webservers/vprokate.ru/www/Wings/DB.php подключён.
2012-05-06 07:37:39 Файл /home/webservers/vprokate.ru/www/Applications/FrontEnd/Workspace.php подключён.
2012-05-06 07:37:39 Файл /home/webservers/vprokate.ru/www/Applications/FrontEnd/FrontEndModel.php подключён.
2012-05-06 07:37:39 Файл /home/webservers/vprokate.ru/www/Applications/FrontEnd/Error/Controller.php не найден.
2012-05-06 09:50:30 Файл /home/webservers/vprokate.ru/www/Wings/Logs.php подключён.
2012-05-06 09:50:30 Файл /home/webservers/vprokate.ru/www/Wings/DB.php подключён.
2012-05-06 09:50:30 Файл /home/webservers/vprokate.ru/www/Applications/FrontEnd/Workspace.php подключён.
2012-05-06 09:50:30 Файл /home/webservers/vprokate.ru/www/Applications/FrontEnd/FrontEndModel.php подключён.
2012-05-06 09:50:30 Файл /home/webservers/vprokate.ru/www/Applications/FrontEnd/Error/Controller.php не найден.
2012-05-06 16:27:58 Файл /home/webservers/vprokate.ru/www/Wings/Logs.php подключён.
2012-05-06 16:27:58 Файл /home/webservers/vprokate.ru/www/Wings/DB.php подключён.
2012-05-06 16:27:58 Файл /home/webservers/vprokate.ru/www/Applications/FrontEnd/Workspace.php подключён.
2012-05-06 16:27:58 Файл /home/webservers/vprokate.ru/www/Applications/FrontEnd/FrontEndModel.php подключён.
2012-05-06 16:27:58 Файл /home/webservers/vprokate.ru/www/Applications/FrontEnd/Error/Controller.php не найден.
2012-05-06 17:57:10 Файл /home/webservers/vprokate.ru/www/Wings/Logs.php подключён.
2012-05-06 17:57:10 Файл /home/webservers/vprokate.ru/www/Wings/DB.php подключён.
2012-05-06 17:57:10 Файл /home/webservers/vprokate.ru/www/Applications/FrontEnd/Workspace.php подключён.
2012-05-06 17:57:10 Файл /home/webservers/vprokate.ru/www/Applications/FrontEnd/FrontEndModel.php подключён.
2012-05-06 17:57:10 Файл /home/webservers/vprokate.ru/www/Applications/FrontEnd/Index/Controller.php подключён.
2012-05-06 17:57:10 Файл /home/webservers/vprokate.ru/www/Applications/FrontEnd/Index/View.php подключён.
