2012-05-11 00:21:30 Файл /home/webservers/vprokate.ru/www/Wings/Logs.php подключён.
2012-05-11 00:21:30 Файл /home/webservers/vprokate.ru/www/Wings/DB.php подключён.
2012-05-11 00:21:30 Файл /home/webservers/vprokate.ru/www/Applications/BackEnd/Workspace.php не найден.
2012-05-11 00:21:31 Файл /home/webservers/vprokate.ru/www/Wings/Logs.php подключён.
2012-05-11 00:21:31 Файл /home/webservers/vprokate.ru/www/Wings/DB.php подключён.
2012-05-11 00:21:31 Файл /home/webservers/vprokate.ru/www/Applications/BackEnd/Workspace.php не найден.
2012-05-11 00:21:32 Файл /home/webservers/vprokate.ru/www/Wings/Logs.php подключён.
2012-05-11 00:21:32 Файл /home/webservers/vprokate.ru/www/Wings/DB.php подключён.
2012-05-11 00:21:32 Файл /home/webservers/vprokate.ru/www/Applications/BackEnd/Workspace.php не найден.
2012-05-11 00:21:36 Файл /home/webservers/vprokate.ru/www/Wings/Logs.php подключён.
2012-05-11 00:21:36 Файл /home/webservers/vprokate.ru/www/Wings/DB.php подключён.
2012-05-11 00:21:36 Файл /home/webservers/vprokate.ru/www/Applications/FrontEnd/Workspace.php подключён.
2012-05-11 00:21:36 Файл /home/webservers/vprokate.ru/www/Applications/FrontEnd/FrontEndModel.php подключён.
2012-05-11 00:21:36 Файл /home/webservers/vprokate.ru/www/Applications/FrontEnd/Error/Controller.php не найден.
2012-05-11 00:21:36 Файл /home/webservers/vprokate.ru/www/Wings/Logs.php подключён.
2012-05-11 00:21:36 Файл /home/webservers/vprokate.ru/www/Wings/DB.php подключён.
2012-05-11 00:21:36 Файл /home/webservers/vprokate.ru/www/Applications/FrontEnd/Workspace.php подключён.
2012-05-11 00:21:36 Файл /home/webservers/vprokate.ru/www/Applications/FrontEnd/FrontEndModel.php подключён.
2012-05-11 00:21:36 Файл /home/webservers/vprokate.ru/www/Applications/FrontEnd/Error/Controller.php не найден.
2012-05-11 00:21:37 Файл /home/webservers/vprokate.ru/www/Wings/Logs.php подключён.
2012-05-11 00:21:37 Файл /home/webservers/vprokate.ru/www/Wings/DB.php подключён.
2012-05-11 00:21:37 Файл /home/webservers/vprokate.ru/www/Applications/FrontEnd/Workspace.php подключён.
2012-05-11 00:21:37 Файл /home/webservers/vprokate.ru/www/Applications/FrontEnd/FrontEndModel.php подключён.
2012-05-11 00:21:37 Файл /home/webservers/vprokate.ru/www/Applications/FrontEnd/Error/Controller.php не найден.
2012-05-11 00:21:38 Файл /home/webservers/vprokate.ru/www/Wings/Logs.php подключён.
2012-05-11 00:21:38 Файл /home/webservers/vprokate.ru/www/Wings/DB.php подключён.
2012-05-11 00:21:38 Файл /home/webservers/vprokate.ru/www/Applications/FrontEnd/Workspace.php подключён.
2012-05-11 00:21:38 Файл /home/webservers/vprokate.ru/www/Applications/FrontEnd/FrontEndModel.php подключён.
2012-05-11 00:21:38 Файл /home/webservers/vprokate.ru/www/Applications/FrontEnd/Error/Controller.php не найден.
2012-05-11 00:21:48 Файл /home/webservers/vprokate.ru/www/Wings/Logs.php подключён.
2012-05-11 00:21:48 Файл /home/webservers/vprokate.ru/www/Wings/DB.php подключён.
2012-05-11 00:21:48 Файл /home/webservers/vprokate.ru/www/Applications/FrontEnd/Workspace.php подключён.
2012-05-11 00:21:48 Файл /home/webservers/vprokate.ru/www/Applications/FrontEnd/FrontEndModel.php подключён.
2012-05-11 00:21:48 Файл /home/webservers/vprokate.ru/www/Applications/FrontEnd/Error/Controller.php не найден.
2012-05-11 00:21:51 Файл /home/webservers/vprokate.ru/www/Wings/Logs.php подключён.
2012-05-11 00:21:51 Файл /home/webservers/vprokate.ru/www/Wings/DB.php подключён.
2012-05-11 00:21:51 Файл /home/webservers/vprokate.ru/www/Applications/FrontEnd/Workspace.php подключён.
2012-05-11 00:21:51 Файл /home/webservers/vprokate.ru/www/Applications/FrontEnd/FrontEndModel.php подключён.
2012-05-11 00:21:51 Файл /home/webservers/vprokate.ru/www/Applications/FrontEnd/Error/Controller.php не найден.
2012-05-11 00:21:52 Файл /home/webservers/vprokate.ru/www/Wings/Logs.php подключён.
2012-05-11 00:21:52 Файл /home/webservers/vprokate.ru/www/Wings/DB.php подключён.
2012-05-11 00:21:52 Файл /home/webservers/vprokate.ru/www/Applications/FrontEnd/Workspace.php подключён.
2012-05-11 00:21:52 Файл /home/webservers/vprokate.ru/www/Applications/FrontEnd/FrontEndModel.php подключён.
2012-05-11 00:21:52 Файл /home/webservers/vprokate.ru/www/Applications/FrontEnd/Error/Controller.php не найден.
2012-05-11 00:21:53 Файл /home/webservers/vprokate.ru/www/Wings/Logs.php подключён.
2012-05-11 00:21:53 Файл /home/webservers/vprokate.ru/www/Wings/DB.php подключён.
2012-05-11 00:21:53 Файл /home/webservers/vprokate.ru/www/Applications/FrontEnd/Workspace.php подключён.
2012-05-11 00:21:53 Файл /home/webservers/vprokate.ru/www/Applications/FrontEnd/FrontEndModel.php подключён.
2012-05-11 00:21:53 Файл /home/webservers/vprokate.ru/www/Applications/FrontEnd/Error/Controller.php не найден.
2012-05-11 00:21:56 Файл /home/webservers/vprokate.ru/www/Wings/Logs.php подключён.
2012-05-11 00:21:56 Файл /home/webservers/vprokate.ru/www/Wings/DB.php подключён.
2012-05-11 00:21:56 Файл /home/webservers/vprokate.ru/www/Applications/FrontEnd/Workspace.php подключён.
2012-05-11 00:21:56 Файл /home/webservers/vprokate.ru/www/Applications/FrontEnd/FrontEndModel.php подключён.
2012-05-11 00:21:56 Файл /home/webservers/vprokate.ru/www/Applications/FrontEnd/Error/Controller.php не найден.
2012-05-11 00:21:57 Файл /home/webservers/vprokate.ru/www/Wings/Logs.php подключён.
2012-05-11 00:21:57 Файл /home/webservers/vprokate.ru/www/Wings/DB.php подключён.
2012-05-11 00:21:57 Файл /home/webservers/vprokate.ru/www/Applications/FrontEnd/Workspace.php подключён.
2012-05-11 00:21:57 Файл /home/webservers/vprokate.ru/www/Applications/FrontEnd/FrontEndModel.php подключён.
2012-05-11 00:21:57 Файл /home/webservers/vprokate.ru/www/Applications/FrontEnd/Error/Controller.php не найден.
2012-05-11 00:22:01 Файл /home/webservers/vprokate.ru/www/Wings/Logs.php подключён.
2012-05-11 00:22:01 Файл /home/webservers/vprokate.ru/www/Wings/DB.php подключён.
2012-05-11 00:22:01 Файл /home/webservers/vprokate.ru/www/Applications/FrontEnd/Workspace.php подключён.
2012-05-11 00:22:01 Файл /home/webservers/vprokate.ru/www/Applications/FrontEnd/FrontEndModel.php подключён.
2012-05-11 00:22:01 Файл /home/webservers/vprokate.ru/www/Applications/FrontEnd/Error/Controller.php не найден.
2012-05-11 00:22:02 Файл /home/webservers/vprokate.ru/www/Wings/Logs.php подключён.
2012-05-11 00:22:02 Файл /home/webservers/vprokate.ru/www/Wings/DB.php подключён.
2012-05-11 00:22:02 Файл /home/webservers/vprokate.ru/www/Applications/FrontEnd/Workspace.php подключён.
2012-05-11 00:22:02 Файл /home/webservers/vprokate.ru/www/Applications/FrontEnd/FrontEndModel.php подключён.
2012-05-11 00:22:02 Файл /home/webservers/vprokate.ru/www/Applications/FrontEnd/Error/Controller.php не найден.
2012-05-11 00:22:02 Файл /home/webservers/vprokate.ru/www/Wings/Logs.php подключён.
2012-05-11 00:22:02 Файл /home/webservers/vprokate.ru/www/Wings/DB.php подключён.
2012-05-11 00:22:02 Файл /home/webservers/vprokate.ru/www/Applications/FrontEnd/Workspace.php подключён.
2012-05-11 00:22:02 Файл /home/webservers/vprokate.ru/www/Applications/FrontEnd/FrontEndModel.php подключён.
2012-05-11 00:22:02 Файл /home/webservers/vprokate.ru/www/Applications/FrontEnd/Error/Controller.php не найден.
2012-05-11 00:22:03 Файл /home/webservers/vprokate.ru/www/Wings/Logs.php подключён.
2012-05-11 00:22:03 Файл /home/webservers/vprokate.ru/www/Wings/DB.php подключён.
2012-05-11 00:22:03 Файл /home/webservers/vprokate.ru/www/Applications/FrontEnd/Workspace.php подключён.
2012-05-11 00:22:03 Файл /home/webservers/vprokate.ru/www/Applications/FrontEnd/FrontEndModel.php подключён.
2012-05-11 00:22:03 Файл /home/webservers/vprokate.ru/www/Applications/FrontEnd/Error/Controller.php не найден.
2012-05-11 00:22:13 Файл /home/webservers/vprokate.ru/www/Wings/Logs.php подключён.
2012-05-11 00:22:13 Файл /home/webservers/vprokate.ru/www/Wings/DB.php подключён.
2012-05-11 00:22:13 Файл /home/webservers/vprokate.ru/www/Applications/FrontEnd/Workspace.php подключён.
2012-05-11 00:22:13 Файл /home/webservers/vprokate.ru/www/Applications/FrontEnd/FrontEndModel.php подключён.
2012-05-11 00:22:13 Файл /home/webservers/vprokate.ru/www/Applications/FrontEnd/Error/Controller.php не найден.
2012-05-11 00:22:14 Файл /home/webservers/vprokate.ru/www/Wings/Logs.php подключён.
2012-05-11 00:22:14 Файл /home/webservers/vprokate.ru/www/Wings/DB.php подключён.
2012-05-11 00:22:14 Файл /home/webservers/vprokate.ru/www/Applications/FrontEnd/Workspace.php подключён.
2012-05-11 00:22:14 Файл /home/webservers/vprokate.ru/www/Applications/FrontEnd/FrontEndModel.php подключён.
2012-05-11 00:22:14 Файл /home/webservers/vprokate.ru/www/Applications/FrontEnd/Error/Controller.php не найден.
2012-05-11 00:22:14 Файл /home/webservers/vprokate.ru/www/Wings/Logs.php подключён.
2012-05-11 00:22:14 Файл /home/webservers/vprokate.ru/www/Wings/DB.php подключён.
2012-05-11 00:22:14 Файл /home/webservers/vprokate.ru/www/Applications/FrontEnd/Workspace.php подключён.
2012-05-11 00:22:14 Файл /home/webservers/vprokate.ru/www/Applications/FrontEnd/FrontEndModel.php подключён.
2012-05-11 00:22:14 Файл /home/webservers/vprokate.ru/www/Applications/FrontEnd/Error/Controller.php не найден.
2012-05-11 00:22:18 Файл /home/webservers/vprokate.ru/www/Wings/Logs.php подключён.
2012-05-11 00:22:18 Файл /home/webservers/vprokate.ru/www/Wings/DB.php подключён.
2012-05-11 00:22:18 Файл /home/webservers/vprokate.ru/www/Applications/FrontEnd/Workspace.php подключён.
2012-05-11 00:22:18 Файл /home/webservers/vprokate.ru/www/Applications/FrontEnd/FrontEndModel.php подключён.
2012-05-11 00:22:18 Файл /home/webservers/vprokate.ru/www/Applications/FrontEnd/Error/Controller.php не найден.
2012-05-11 00:22:23 Файл /home/webservers/vprokate.ru/www/Wings/Logs.php подключён.
2012-05-11 00:22:23 Файл /home/webservers/vprokate.ru/www/Wings/DB.php подключён.
2012-05-11 00:22:23 Файл /home/webservers/vprokate.ru/www/Applications/FrontEnd/Workspace.php подключён.
2012-05-11 00:22:23 Файл /home/webservers/vprokate.ru/www/Applications/FrontEnd/FrontEndModel.php подключён.
2012-05-11 00:22:23 Файл /home/webservers/vprokate.ru/www/Applications/FrontEnd/Error/Controller.php не найден.
2012-05-11 00:22:28 Файл /home/webservers/vprokate.ru/www/Wings/Logs.php подключён.
2012-05-11 00:22:28 Файл /home/webservers/vprokate.ru/www/Wings/DB.php подключён.
2012-05-11 00:22:28 Файл /home/webservers/vprokate.ru/www/Applications/FrontEnd/Workspace.php подключён.
2012-05-11 00:22:28 Файл /home/webservers/vprokate.ru/www/Applications/FrontEnd/FrontEndModel.php подключён.
2012-05-11 00:22:28 Файл /home/webservers/vprokate.ru/www/Applications/FrontEnd/Error/Controller.php не найден.
2012-05-11 00:22:29 Файл /home/webservers/vprokate.ru/www/Wings/Logs.php подключён.
2012-05-11 00:22:29 Файл /home/webservers/vprokate.ru/www/Wings/DB.php подключён.
2012-05-11 00:22:29 Файл /home/webservers/vprokate.ru/www/Applications/FrontEnd/Workspace.php подключён.
2012-05-11 00:22:29 Файл /home/webservers/vprokate.ru/www/Applications/FrontEnd/FrontEndModel.php подключён.
2012-05-11 00:22:29 Файл /home/webservers/vprokate.ru/www/Applications/FrontEnd/Error/Controller.php не найден.
2012-05-11 05:04:23 Файл /home/webservers/vprokate.ru/www/Wings/Logs.php подключён.
2012-05-11 05:04:23 Файл /home/webservers/vprokate.ru/www/Wings/DB.php подключён.
2012-05-11 05:04:23 Файл /home/webservers/vprokate.ru/www/Applications/FrontEnd/Workspace.php подключён.
2012-05-11 05:04:23 Файл /home/webservers/vprokate.ru/www/Applications/FrontEnd/FrontEndModel.php подключён.
2012-05-11 05:04:23 Файл /home/webservers/vprokate.ru/www/Applications/FrontEnd/Index/Controller.php подключён.
2012-05-11 05:04:23 Файл /home/webservers/vprokate.ru/www/Applications/FrontEnd/Index/View.php подключён.
2012-05-11 05:38:12 Файл /home/webservers/vprokate.ru/www/Wings/Logs.php подключён.
2012-05-11 05:38:12 Файл /home/webservers/vprokate.ru/www/Wings/DB.php подключён.
2012-05-11 05:38:12 Файл /home/webservers/vprokate.ru/www/Applications/FrontEnd/Workspace.php подключён.
2012-05-11 05:38:12 Файл /home/webservers/vprokate.ru/www/Applications/FrontEnd/FrontEndModel.php подключён.
2012-05-11 05:38:12 Файл /home/webservers/vprokate.ru/www/Applications/FrontEnd/Index/Controller.php подключён.
2012-05-11 05:38:12 Файл /home/webservers/vprokate.ru/www/Applications/FrontEnd/Index/View.php подключён.
2012-05-11 07:56:16 Файл /home/webservers/vprokate.ru/www/Wings/Logs.php подключён.
2012-05-11 07:56:16 Файл /home/webservers/vprokate.ru/www/Wings/DB.php подключён.
2012-05-11 07:56:16 Файл /home/webservers/vprokate.ru/www/Applications/FrontEnd/Workspace.php подключён.
2012-05-11 07:56:16 Файл /home/webservers/vprokate.ru/www/Applications/FrontEnd/FrontEndModel.php подключён.
2012-05-11 07:56:16 Файл /home/webservers/vprokate.ru/www/Applications/FrontEnd/Index/Controller.php подключён.
2012-05-11 07:56:16 Файл /home/webservers/vprokate.ru/www/Applications/FrontEnd/Index/View.php подключён.
2012-05-11 12:58:08 Файл /home/webservers/vprokate.ru/www/Wings/Logs.php подключён.
2012-05-11 12:58:08 Файл /home/webservers/vprokate.ru/www/Wings/DB.php подключён.
2012-05-11 12:58:08 Файл /home/webservers/vprokate.ru/www/Applications/FrontEnd/Workspace.php подключён.
2012-05-11 12:58:08 Файл /home/webservers/vprokate.ru/www/Applications/FrontEnd/FrontEndModel.php подключён.
2012-05-11 12:58:08 Файл /home/webservers/vprokate.ru/www/Applications/FrontEnd/Index/Controller.php подключён.
2012-05-11 12:58:08 Файл /home/webservers/vprokate.ru/www/Applications/FrontEnd/Index/View.php подключён.
