2012-05-04 02:17:13 Файл /home/webservers/vprokate.ru/www/Wings/Logs.php подключён.
2012-05-04 02:17:13 Файл /home/webservers/vprokate.ru/www/Wings/DB.php подключён.
2012-05-04 02:17:13 Файл /home/webservers/vprokate.ru/www/Applications/FrontEnd/Workspace.php подключён.
2012-05-04 02:17:13 Файл /home/webservers/vprokate.ru/www/Applications/FrontEnd/FrontEndModel.php подключён.
2012-05-04 02:17:13 Файл /home/webservers/vprokate.ru/www/Applications/FrontEnd/Error/Controller.php не найден.
2012-05-04 02:17:14 Файл /home/webservers/vprokate.ru/www/Wings/Logs.php подключён.
2012-05-04 02:17:14 Файл /home/webservers/vprokate.ru/www/Wings/DB.php подключён.
2012-05-04 02:17:14 Файл /home/webservers/vprokate.ru/www/Applications/FrontEnd/Workspace.php подключён.
2012-05-04 02:17:14 Файл /home/webservers/vprokate.ru/www/Applications/FrontEnd/FrontEndModel.php подключён.
2012-05-04 02:17:14 Файл /home/webservers/vprokate.ru/www/Applications/FrontEnd/Error/Controller.php не найден.
2012-05-04 02:17:14 Файл /home/webservers/vprokate.ru/www/Wings/Logs.php подключён.
2012-05-04 02:17:14 Файл /home/webservers/vprokate.ru/www/Wings/DB.php подключён.
2012-05-04 02:17:14 Файл /home/webservers/vprokate.ru/www/Applications/FrontEnd/Workspace.php подключён.
2012-05-04 02:17:14 Файл /home/webservers/vprokate.ru/www/Applications/FrontEnd/FrontEndModel.php подключён.
2012-05-04 02:17:14 Файл /home/webservers/vprokate.ru/www/Applications/FrontEnd/Error/Controller.php не найден.
2012-05-04 02:17:14 Файл /home/webservers/vprokate.ru/www/Wings/Logs.php подключён.
2012-05-04 02:17:14 Файл /home/webservers/vprokate.ru/www/Wings/DB.php подключён.
2012-05-04 02:17:14 Файл /home/webservers/vprokate.ru/www/Applications/FrontEnd/Workspace.php подключён.
2012-05-04 02:17:14 Файл /home/webservers/vprokate.ru/www/Applications/FrontEnd/FrontEndModel.php подключён.
2012-05-04 02:17:14 Файл /home/webservers/vprokate.ru/www/Applications/FrontEnd/Error/Controller.php не найден.
2012-05-04 11:02:28 Файл /home/webservers/vprokate.ru/www/Wings/Logs.php подключён.
2012-05-04 11:02:28 Файл /home/webservers/vprokate.ru/www/Wings/DB.php подключён.
2012-05-04 11:02:28 Файл /home/webservers/vprokate.ru/www/Applications/FrontEnd/Workspace.php подключён.
2012-05-04 11:02:28 Файл /home/webservers/vprokate.ru/www/Applications/FrontEnd/FrontEndModel.php подключён.
2012-05-04 11:02:28 Файл /home/webservers/vprokate.ru/www/Applications/FrontEnd/Error/Controller.php не найден.
2012-05-04 11:36:40 Файл /home/webservers/vprokate.ru/www/Wings/Logs.php подключён.
2012-05-04 11:36:40 Файл /home/webservers/vprokate.ru/www/Wings/DB.php подключён.
2012-05-04 11:36:40 Файл /home/webservers/vprokate.ru/www/Applications/FrontEnd/Workspace.php подключён.
2012-05-04 11:36:40 Файл /home/webservers/vprokate.ru/www/Applications/FrontEnd/FrontEndModel.php подключён.
2012-05-04 11:36:40 Файл /home/webservers/vprokate.ru/www/Applications/FrontEnd/Error/Controller.php не найден.
2012-05-04 11:36:43 Файл /home/webservers/vprokate.ru/www/Wings/Logs.php подключён.
2012-05-04 11:36:43 Файл /home/webservers/vprokate.ru/www/Wings/DB.php подключён.
2012-05-04 11:36:43 Файл /home/webservers/vprokate.ru/www/Applications/FrontEnd/Workspace.php подключён.
2012-05-04 11:36:43 Файл /home/webservers/vprokate.ru/www/Applications/FrontEnd/FrontEndModel.php подключён.
2012-05-04 11:36:43 Файл /home/webservers/vprokate.ru/www/Applications/FrontEnd/Index/Controller.php подключён.
2012-05-04 11:36:43 Файл /home/webservers/vprokate.ru/www/Applications/FrontEnd/Index/View.php подключён.
2012-05-04 11:36:44 Файл /home/webservers/vprokate.ru/www/Wings/Logs.php подключён.
2012-05-04 11:36:44 Файл /home/webservers/vprokate.ru/www/Wings/DB.php подключён.
2012-05-04 11:36:44 Файл /home/webservers/vprokate.ru/www/Applications/FrontEnd/Workspace.php подключён.
2012-05-04 11:36:44 Файл /home/webservers/vprokate.ru/www/Applications/FrontEnd/FrontEndModel.php подключён.
2012-05-04 11:36:44 Файл /home/webservers/vprokate.ru/www/Applications/FrontEnd/Index/Controller.php подключён.
2012-05-04 11:36:44 Файл /home/webservers/vprokate.ru/www/Applications/FrontEnd/Index/View.php подключён.
2012-05-04 11:38:10 Файл /home/webservers/vprokate.ru/www/Wings/Logs.php подключён.
2012-05-04 11:38:10 Файл /home/webservers/vprokate.ru/www/Wings/DB.php подключён.
2012-05-04 11:38:10 Файл /home/webservers/vprokate.ru/www/Applications/FrontEnd/Workspace.php подключён.
2012-05-04 11:38:10 Файл /home/webservers/vprokate.ru/www/Applications/FrontEnd/FrontEndModel.php подключён.
2012-05-04 11:38:10 Файл /home/webservers/vprokate.ru/www/Applications/FrontEnd/Index/Controller.php подключён.
2012-05-04 11:38:10 Файл /home/webservers/vprokate.ru/www/Applications/FrontEnd/Index/View.php подключён.
2012-05-04 11:40:26 Файл /home/webservers/vprokate.ru/www/Wings/Logs.php подключён.
2012-05-04 11:40:26 Файл /home/webservers/vprokate.ru/www/Wings/DB.php подключён.
2012-05-04 11:40:26 Файл /home/webservers/vprokate.ru/www/Applications/FrontEnd/Workspace.php подключён.
2012-05-04 11:40:26 Файл /home/webservers/vprokate.ru/www/Applications/FrontEnd/FrontEndModel.php подключён.
2012-05-04 11:40:26 Файл /home/webservers/vprokate.ru/www/Applications/FrontEnd/Index/Controller.php подключён.
2012-05-04 11:40:26 Файл /home/webservers/vprokate.ru/www/Applications/FrontEnd/Index/View.php подключён.
2012-05-04 11:40:31 Файл /home/webservers/vprokate.ru/www/Wings/Logs.php подключён.
2012-05-04 11:40:31 Файл /home/webservers/vprokate.ru/www/Wings/DB.php подключён.
2012-05-04 11:40:31 Файл /home/webservers/vprokate.ru/www/Applications/FrontEnd/Workspace.php подключён.
2012-05-04 11:40:31 Файл /home/webservers/vprokate.ru/www/Applications/FrontEnd/FrontEndModel.php подключён.
2012-05-04 11:40:31 Файл /home/webservers/vprokate.ru/www/Applications/FrontEnd/Index/Controller.php подключён.
2012-05-04 11:40:31 Файл /home/webservers/vprokate.ru/www/Applications/FrontEnd/Index/View.php подключён.
2012-05-04 11:41:01 Файл /home/webservers/vprokate.ru/www/Wings/Logs.php подключён.
2012-05-04 11:41:01 Файл /home/webservers/vprokate.ru/www/Wings/DB.php подключён.
2012-05-04 11:41:01 Файл /home/webservers/vprokate.ru/www/Applications/FrontEnd/Workspace.php подключён.
2012-05-04 11:41:01 Файл /home/webservers/vprokate.ru/www/Applications/FrontEnd/FrontEndModel.php подключён.
2012-05-04 11:41:01 Файл /home/webservers/vprokate.ru/www/Applications/FrontEnd/Index/Controller.php подключён.
2012-05-04 11:41:01 Файл /home/webservers/vprokate.ru/www/Applications/FrontEnd/Index/View.php подключён.
2012-05-04 11:41:13 Файл /home/webservers/vprokate.ru/www/Wings/Logs.php подключён.
2012-05-04 11:41:13 Файл /home/webservers/vprokate.ru/www/Wings/DB.php подключён.
2012-05-04 11:41:13 Файл /home/webservers/vprokate.ru/www/Applications/FrontEnd/Workspace.php подключён.
2012-05-04 11:41:13 Файл /home/webservers/vprokate.ru/www/Applications/FrontEnd/FrontEndModel.php подключён.
2012-05-04 11:41:13 Файл /home/webservers/vprokate.ru/www/Applications/FrontEnd/Index/Controller.php подключён.
2012-05-04 11:41:13 Файл /home/webservers/vprokate.ru/www/Applications/FrontEnd/Index/View.php подключён.
2012-05-04 11:41:48 Файл /home/webservers/vprokate.ru/www/Wings/Logs.php подключён.
2012-05-04 11:41:48 Файл /home/webservers/vprokate.ru/www/Wings/DB.php подключён.
2012-05-04 11:41:48 Файл /home/webservers/vprokate.ru/www/Applications/FrontEnd/Workspace.php подключён.
2012-05-04 11:41:48 Файл /home/webservers/vprokate.ru/www/Applications/FrontEnd/FrontEndModel.php подключён.
2012-05-04 11:41:48 Файл /home/webservers/vprokate.ru/www/Applications/FrontEnd/Error/Controller.php не найден.
2012-05-04 11:41:58 Файл /home/webservers/vprokate.ru/www/Wings/Logs.php подключён.
2012-05-04 11:41:58 Файл /home/webservers/vprokate.ru/www/Wings/DB.php подключён.
2012-05-04 11:41:58 Файл /home/webservers/vprokate.ru/www/Applications/FrontEnd/Workspace.php подключён.
2012-05-04 11:41:58 Файл /home/webservers/vprokate.ru/www/Applications/FrontEnd/FrontEndModel.php подключён.
2012-05-04 11:41:58 Файл /home/webservers/vprokate.ru/www/Applications/FrontEnd/Index/Controller.php подключён.
2012-05-04 11:41:58 Файл /home/webservers/vprokate.ru/www/Applications/FrontEnd/Index/View.php подключён.
2012-05-04 11:59:03 Файл /home/webservers/vprokate.ru/www/Wings/Logs.php подключён.
2012-05-04 11:59:03 Файл /home/webservers/vprokate.ru/www/Wings/DB.php подключён.
2012-05-04 11:59:03 Файл /home/webservers/vprokate.ru/www/Applications/FrontEnd/Workspace.php подключён.
2012-05-04 11:59:03 Файл /home/webservers/vprokate.ru/www/Applications/FrontEnd/FrontEndModel.php подключён.
2012-05-04 11:59:03 Файл /home/webservers/vprokate.ru/www/Applications/FrontEnd/Index/Controller.php подключён.
2012-05-04 11:59:03 Файл /home/webservers/vprokate.ru/www/Applications/FrontEnd/Index/View.php подключён.
2012-05-04 11:59:06 Файл /home/webservers/vprokate.ru/www/Wings/Logs.php подключён.
2012-05-04 11:59:06 Файл /home/webservers/vprokate.ru/www/Wings/DB.php подключён.
2012-05-04 11:59:06 Файл /home/webservers/vprokate.ru/www/Applications/FrontEnd/Workspace.php подключён.
2012-05-04 11:59:06 Файл /home/webservers/vprokate.ru/www/Applications/FrontEnd/FrontEndModel.php подключён.
2012-05-04 11:59:06 Файл /home/webservers/vprokate.ru/www/Applications/FrontEnd/Index/Controller.php подключён.
2012-05-04 11:59:06 Файл /home/webservers/vprokate.ru/www/Applications/FrontEnd/Index/View.php подключён.
2012-05-04 11:59:45 Файл /home/webservers/vprokate.ru/www/Wings/Logs.php подключён.
2012-05-04 11:59:45 Файл /home/webservers/vprokate.ru/www/Wings/DB.php подключён.
2012-05-04 11:59:45 Файл /home/webservers/vprokate.ru/www/Applications/FrontEnd/Workspace.php подключён.
2012-05-04 11:59:45 Файл /home/webservers/vprokate.ru/www/Applications/FrontEnd/FrontEndModel.php подключён.
2012-05-04 11:59:45 Файл /home/webservers/vprokate.ru/www/Applications/FrontEnd/Index/Controller.php подключён.
2012-05-04 11:59:45 Файл /home/webservers/vprokate.ru/www/Applications/FrontEnd/Index/View.php подключён.
2012-05-04 11:59:56 Файл /home/webservers/vprokate.ru/www/Wings/Logs.php подключён.
2012-05-04 11:59:56 Файл /home/webservers/vprokate.ru/www/Wings/DB.php подключён.
2012-05-04 11:59:56 Файл /home/webservers/vprokate.ru/www/Applications/FrontEnd/Workspace.php подключён.
2012-05-04 11:59:56 Файл /home/webservers/vprokate.ru/www/Applications/FrontEnd/FrontEndModel.php подключён.
2012-05-04 11:59:56 Файл /home/webservers/vprokate.ru/www/Applications/FrontEnd/Index/Controller.php подключён.
2012-05-04 11:59:56 Файл /home/webservers/vprokate.ru/www/Applications/FrontEnd/Index/View.php подключён.
2012-05-04 12:00:47 Файл /home/webservers/vprokate.ru/www/Wings/Logs.php подключён.
2012-05-04 12:00:47 Файл /home/webservers/vprokate.ru/www/Wings/DB.php подключён.
2012-05-04 12:00:47 Файл /home/webservers/vprokate.ru/www/Applications/FrontEnd/Workspace.php подключён.
2012-05-04 12:00:47 Файл /home/webservers/vprokate.ru/www/Applications/FrontEnd/FrontEndModel.php подключён.
2012-05-04 12:00:47 Файл /home/webservers/vprokate.ru/www/Applications/FrontEnd/Index/Controller.php подключён.
2012-05-04 12:00:47 Файл /home/webservers/vprokate.ru/www/Applications/FrontEnd/Index/View.php подключён.
2012-05-04 12:00:47 Файл /home/webservers/vprokate.ru/www/Smarty_Internal_TemplateCompilerBase.php не найден.
2012-05-04 12:00:47 Файл /home/webservers/vprokate.ru/www/Smarty_Internal_Templatelexer.php не найден.
2012-05-04 12:00:47 Файл /home/webservers/vprokate.ru/www/Smarty_Internal_Templateparser.php не найден.
2012-05-04 12:00:47 Файл /home/webservers/vprokate.ru/www/Smarty_Internal_Write_File.php не найден.
2012-05-04 12:00:50 Файл /home/webservers/vprokate.ru/www/Wings/Logs.php подключён.
2012-05-04 12:00:50 Файл /home/webservers/vprokate.ru/www/Wings/DB.php подключён.
2012-05-04 12:00:50 Файл /home/webservers/vprokate.ru/www/Applications/FrontEnd/Workspace.php подключён.
2012-05-04 12:00:50 Файл /home/webservers/vprokate.ru/www/Applications/FrontEnd/FrontEndModel.php подключён.
2012-05-04 12:00:50 Файл /home/webservers/vprokate.ru/www/Applications/FrontEnd/Index/Controller.php подключён.
2012-05-04 12:00:50 Файл /home/webservers/vprokate.ru/www/Applications/FrontEnd/Index/View.php подключён.
2012-05-04 12:01:10 Файл /home/webservers/vprokate.ru/www/Wings/Logs.php подключён.
2012-05-04 12:01:10 Файл /home/webservers/vprokate.ru/www/Wings/DB.php подключён.
2012-05-04 12:01:10 Файл /home/webservers/vprokate.ru/www/Applications/FrontEnd/Workspace.php подключён.
2012-05-04 12:01:10 Файл /home/webservers/vprokate.ru/www/Applications/FrontEnd/FrontEndModel.php подключён.
2012-05-04 12:01:10 Файл /home/webservers/vprokate.ru/www/Applications/FrontEnd/Index/Controller.php подключён.
2012-05-04 12:01:10 Файл /home/webservers/vprokate.ru/www/Applications/FrontEnd/Index/View.php подключён.
2012-05-04 12:01:15 Файл /home/webservers/vprokate.ru/www/Wings/Logs.php подключён.
2012-05-04 12:01:15 Файл /home/webservers/vprokate.ru/www/Wings/DB.php подключён.
2012-05-04 12:01:15 Файл /home/webservers/vprokate.ru/www/Applications/FrontEnd/Workspace.php подключён.
2012-05-04 12:01:15 Файл /home/webservers/vprokate.ru/www/Applications/FrontEnd/FrontEndModel.php подключён.
2012-05-04 12:01:15 Файл /home/webservers/vprokate.ru/www/Applications/FrontEnd/Error/Controller.php не найден.
2012-05-04 12:14:33 Файл /home/webservers/vprokate.ru/www/Wings/Logs.php подключён.
2012-05-04 12:14:33 Файл /home/webservers/vprokate.ru/www/Wings/DB.php подключён.
2012-05-04 12:14:33 Файл /home/webservers/vprokate.ru/www/Applications/FrontEnd/Workspace.php подключён.
2012-05-04 12:14:33 Файл /home/webservers/vprokate.ru/www/Applications/FrontEnd/FrontEndModel.php подключён.
2012-05-04 12:14:33 Файл /home/webservers/vprokate.ru/www/Applications/FrontEnd/Index/Controller.php подключён.
2012-05-04 12:14:33 Файл /home/webservers/vprokate.ru/www/Applications/FrontEnd/Index/View.php подключён.
2012-05-04 13:38:57 Файл /home/webservers/vprokate.ru/www/Wings/Logs.php подключён.
2012-05-04 13:38:57 Файл /home/webservers/vprokate.ru/www/Wings/DB.php подключён.
2012-05-04 13:38:57 Файл /home/webservers/vprokate.ru/www/Applications/FrontEnd/Workspace.php подключён.
2012-05-04 13:38:57 Файл /home/webservers/vprokate.ru/www/Applications/FrontEnd/FrontEndModel.php подключён.
2012-05-04 13:38:57 Файл /home/webservers/vprokate.ru/www/Applications/FrontEnd/Index/Controller.php подключён.
2012-05-04 13:38:57 Файл /home/webservers/vprokate.ru/www/Applications/FrontEnd/Index/View.php подключён.
2012-05-04 13:38:58 Файл /home/webservers/vprokate.ru/www/Wings/Logs.php подключён.
2012-05-04 13:38:58 Файл /home/webservers/vprokate.ru/www/Wings/DB.php подключён.
2012-05-04 13:38:58 Файл /home/webservers/vprokate.ru/www/Applications/FrontEnd/Workspace.php подключён.
2012-05-04 13:38:58 Файл /home/webservers/vprokate.ru/www/Applications/FrontEnd/FrontEndModel.php подключён.
2012-05-04 13:38:58 Файл /home/webservers/vprokate.ru/www/Applications/FrontEnd/Index/Controller.php подключён.
2012-05-04 13:38:58 Файл /home/webservers/vprokate.ru/www/Applications/FrontEnd/Index/View.php подключён.
