2012-04-17 12:57:14 Файл Z:/home/arhangel31337/www/Wings/Logs.php подключён.
2012-04-17 12:57:14 Файл Z:/home/arhangel31337/www/Wings/DB.php подключён.
2012-04-17 12:57:14 Файл Z:/home/arhangel31337/www/Application/FrontEnd/Workspace.php подключён.
2012-04-17 12:57:14 Файл Z:/home/arhangel31337/www/Application/FrontEnd/FrontEndModel.php подключён.
2012-04-17 12:57:17 Файл Z:/home/arhangel31337/www/Wings/Logs.php подключён.
2012-04-17 12:57:17 Файл Z:/home/arhangel31337/www/Wings/DB.php подключён.
2012-04-17 12:57:17 Файл Z:/home/arhangel31337/www/Application/FrontEnd/Workspace.php подключён.
2012-04-17 12:57:17 Файл Z:/home/arhangel31337/www/Application/FrontEnd/FrontEndModel.php подключён.
2012-04-17 12:57:18 Файл Z:/home/arhangel31337/www/Wings/Logs.php подключён.
2012-04-17 12:57:18 Файл Z:/home/arhangel31337/www/Wings/DB.php подключён.
2012-04-17 12:57:18 Файл Z:/home/arhangel31337/www/Application/FrontEnd/Workspace.php подключён.
2012-04-17 12:57:18 Файл Z:/home/arhangel31337/www/Application/FrontEnd/FrontEndModel.php подключён.
2012-04-17 12:57:19 Файл Z:/home/arhangel31337/www/Wings/Logs.php подключён.
2012-04-17 12:57:19 Файл Z:/home/arhangel31337/www/Wings/DB.php подключён.
2012-04-17 12:57:19 Файл Z:/home/arhangel31337/www/Application/FrontEnd/Workspace.php подключён.
2012-04-17 12:57:19 Файл Z:/home/arhangel31337/www/Application/FrontEnd/FrontEndModel.php подключён.
2012-04-17 12:57:20 Файл Z:/home/arhangel31337/www/Wings/Logs.php подключён.
2012-04-17 12:57:20 Файл Z:/home/arhangel31337/www/Wings/DB.php подключён.
2012-04-17 12:57:20 Файл Z:/home/arhangel31337/www/Application/FrontEnd/Workspace.php подключён.
2012-04-17 12:57:20 Файл Z:/home/arhangel31337/www/Application/FrontEnd/FrontEndModel.php подключён.
2012-04-17 12:57:22 Файл Z:/home/arhangel31337/www/Wings/Logs.php подключён.
2012-04-17 12:57:22 Файл Z:/home/arhangel31337/www/Wings/DB.php подключён.
2012-04-17 12:57:22 Файл Z:/home/arhangel31337/www/Application/FrontEnd/Workspace.php подключён.
2012-04-17 12:57:22 Файл Z:/home/arhangel31337/www/Application/FrontEnd/FrontEndModel.php подключён.
2012-04-17 12:57:23 Файл Z:/home/arhangel31337/www/Wings/Logs.php подключён.
2012-04-17 12:57:23 Файл Z:/home/arhangel31337/www/Wings/DB.php подключён.
2012-04-17 12:57:23 Файл Z:/home/arhangel31337/www/Application/FrontEnd/Workspace.php подключён.
2012-04-17 12:57:23 Файл Z:/home/arhangel31337/www/Application/FrontEnd/FrontEndModel.php подключён.
2012-04-17 12:57:25 Файл Z:/home/arhangel31337/www/Wings/Logs.php подключён.
2012-04-17 12:57:25 Файл Z:/home/arhangel31337/www/Wings/DB.php подключён.
2012-04-17 12:57:25 Файл Z:/home/arhangel31337/www/Application/FrontEnd/Workspace.php подключён.
2012-04-17 12:57:25 Файл Z:/home/arhangel31337/www/Application/FrontEnd/FrontEndModel.php подключён.
2012-04-17 13:01:37 Файл Z:/home/arhangel31337/www/Wings/Logs.php подключён.
2012-04-17 13:01:37 Файл Z:/home/arhangel31337/www/Wings/DB.php подключён.
2012-04-17 13:01:37 Файл Z:/home/arhangel31337/www/Application/FrontEnd/Workspace.php не найден.
2012-04-17 13:02:04 Файл Z:/home/arhangel31337/www/Wings/Logs.php подключён.
2012-04-17 13:02:04 Файл Z:/home/arhangel31337/www/Wings/DB.php подключён.
2012-04-17 13:02:04 Файл Z:/home/arhangel31337/www/Applications/FrontEnd/Workspace.php подключён.
2012-04-17 13:02:04 Файл Z:/home/arhangel31337/www/Applications/FrontEnd/FrontEndModel.php подключён.
2012-04-17 13:29:40 Файл Z:/home/arhangel31337/www/Wings/Logs.php подключён.
2012-04-17 13:29:40 Файл Z:/home/arhangel31337/www/Wings/DB.php подключён.
2012-04-17 13:29:40 Файл Z:/home/arhangel31337/www/Applications/FrontEnd/Workspace.php подключён.
2012-04-17 13:29:40 Файл Z:/home/arhangel31337/www/Applications/FrontEnd/FrontEndModel.php подключён.
