2012-05-10 10:02:13 Файл /home/webservers/vprokate.ru/www/Wings/Logs.php подключён.
2012-05-10 10:02:13 Файл /home/webservers/vprokate.ru/www/Wings/DB.php подключён.
2012-05-10 10:02:13 Файл /home/webservers/vprokate.ru/www/Applications/FrontEnd/Workspace.php подключён.
2012-05-10 10:02:13 Файл /home/webservers/vprokate.ru/www/Applications/FrontEnd/FrontEndModel.php подключён.
2012-05-10 10:02:13 Файл /home/webservers/vprokate.ru/www/Applications/FrontEnd/Error/Controller.php не найден.
2012-05-10 10:02:14 Файл /home/webservers/vprokate.ru/www/Wings/Logs.php подключён.
2012-05-10 10:02:14 Файл /home/webservers/vprokate.ru/www/Wings/DB.php подключён.
2012-05-10 10:02:14 Файл /home/webservers/vprokate.ru/www/Applications/FrontEnd/Workspace.php подключён.
2012-05-10 10:02:14 Файл /home/webservers/vprokate.ru/www/Applications/FrontEnd/FrontEndModel.php подключён.
2012-05-10 10:02:14 Файл /home/webservers/vprokate.ru/www/Applications/FrontEnd/Error/Controller.php не найден.
2012-05-10 10:02:19 Файл /home/webservers/vprokate.ru/www/Wings/Logs.php подключён.
2012-05-10 10:02:19 Файл /home/webservers/vprokate.ru/www/Wings/DB.php подключён.
2012-05-10 10:02:19 Файл /home/webservers/vprokate.ru/www/Applications/FrontEnd/Workspace.php подключён.
2012-05-10 10:02:19 Файл /home/webservers/vprokate.ru/www/Applications/FrontEnd/FrontEndModel.php подключён.
2012-05-10 10:02:19 Файл /home/webservers/vprokate.ru/www/Applications/FrontEnd/Error/Controller.php не найден.
2012-05-10 23:58:17 Файл /home/webservers/vprokate.ru/www/Wings/Logs.php подключён.
2012-05-10 23:58:17 Файл /home/webservers/vprokate.ru/www/Wings/DB.php подключён.
2012-05-10 23:58:17 Файл /home/webservers/vprokate.ru/www/Applications/FrontEnd/Workspace.php подключён.
2012-05-10 23:58:17 Файл /home/webservers/vprokate.ru/www/Applications/FrontEnd/FrontEndModel.php подключён.
2012-05-10 23:58:17 Файл /home/webservers/vprokate.ru/www/Applications/FrontEnd/Index/Controller.php подключён.
2012-05-10 23:58:17 Файл /home/webservers/vprokate.ru/www/Applications/FrontEnd/Index/View.php подключён.
