2013-05-06 14:11:19 Файл C:/Program Files/Zend/Apache2/htdocs/wings/Wings/Logs.php подключён.
2013-05-06 14:11:19 Файл C:/Program Files/Zend/Apache2/htdocs/wings/Wings/Header.php подключён.
2013-05-06 14:12:30 Файл C:/Program Files/Zend/Apache2/htdocs/wings/Wings/Logs.php подключён.
2013-05-06 14:12:30 Файл C:/Program Files/Zend/Apache2/htdocs/wings/Wings/Header.php подключён.
2013-05-06 14:12:30 Файл C:/Program Files/Zend/Apache2/htdocs/wings/Wings/DB.php подключён.
2013-05-06 14:12:30 Файл C:/Program Files/Zend/Apache2/htdocs/wings/Wings/Logs.php подключён.
2013-05-06 14:12:30 Файл C:/Program Files/Zend/Apache2/htdocs/wings/Wings/Header.php подключён.
2013-05-06 14:12:30 Файл C:/Program Files/Zend/Apache2/htdocs/wings/Wings/DB.php подключён.
2013-05-06 14:12:53 Файл C:/Program Files/Zend/Apache2/htdocs/wings/Wings/Logs.php подключён.
2013-05-06 14:12:53 Файл C:/Program Files/Zend/Apache2/htdocs/wings/Wings/Header.php подключён.
2013-05-06 14:12:53 Файл C:/Program Files/Zend/Apache2/htdocs/wings/Wings/DB.php подключён.
2013-05-06 14:12:53 Файл C:/Program Files/Zend/Apache2/htdocs/wings/Applications/FrontEnd/Workspace.php подключён.
2013-05-06 14:12:53 Файл C:/Program Files/Zend/Apache2/htdocs/wings/Applications/FrontEnd/FrontEndModel.php подключён.
2013-05-06 14:12:53 Файл C:/Program Files/Zend/Apache2/htdocs/wings/Applications/FrontEnd/Error/Controller.php подключён.
2013-05-06 14:12:53 Файл C:/Program Files/Zend/Apache2/htdocs/wings/Applications/FrontEnd/Error/View.php подключён.
2013-05-06 14:12:53 Файл C:/Program Files/Zend/Apache2/htdocs/wings/Smarty_Internal_TemplateCompilerBase.php не найден.
2013-05-06 14:12:53 Файл C:/Program Files/Zend/Apache2/htdocs/wings/Smarty_Internal_Templatelexer.php не найден.
2013-05-06 14:12:53 Файл C:/Program Files/Zend/Apache2/htdocs/wings/Smarty_Internal_Templateparser.php не найден.
2013-05-06 14:12:53 Файл C:/Program Files/Zend/Apache2/htdocs/wings/Smarty_Internal_CompileBase.php не найден.
2013-05-06 14:12:53 Файл C:/Program Files/Zend/Apache2/htdocs/wings/Smarty_Internal_Write_File.php не найден.
2013-05-06 15:14:10 Файл C:/Program Files/Zend/Apache2/htdocs/wings/Wings/Logs.php подключён.
2013-05-06 15:14:10 Файл C:/Program Files/Zend/Apache2/htdocs/wings/Wings/Header.php подключён.
2013-05-06 15:14:10 Файл C:/Program Files/Zend/Apache2/htdocs/wings/Wings/DB.php подключён.
2013-05-06 15:14:10 Файл C:/Program Files/Zend/Apache2/htdocs/wings/Applications/FrontEnd/Workspace.php подключён.
2013-05-06 15:14:10 Файл C:/Program Files/Zend/Apache2/htdocs/wings/Applications/FrontEnd/FrontEndModel.php подключён.
2013-05-06 15:14:10 Файл C:/Program Files/Zend/Apache2/htdocs/wings/Applications/FrontEnd/Error/Controller.php подключён.
2013-05-06 15:14:10 Файл C:/Program Files/Zend/Apache2/htdocs/wings/Applications/FrontEnd/Error/View.php подключён.
2013-05-06 15:21:46 Файл C:/Program Files/Zend/Apache2/htdocs/wings/Wings/Logs.php подключён.
2013-05-06 15:21:46 Файл C:/Program Files/Zend/Apache2/htdocs/wings/Wings/Header.php подключён.
2013-05-06 15:21:46 Файл C:/Program Files/Zend/Apache2/htdocs/wings/Wings/DB.php подключён.
2013-05-06 15:21:46 Файл C:/Program Files/Zend/Apache2/htdocs/wings/Applications/FrontEnd/Workspace.php подключён.
2013-05-06 15:21:46 Файл C:/Program Files/Zend/Apache2/htdocs/wings/Applications/FrontEnd/FrontEndModel.php подключён.
2013-05-06 15:21:46 Файл C:/Program Files/Zend/Apache2/htdocs/wings/Applications/FrontEnd/Index/Controller.php подключён.
2013-05-06 15:21:46 Файл C:/Program Files/Zend/Apache2/htdocs/wings/Applications/FrontEnd/Index/View.php подключён.
2013-05-06 15:21:49 Файл C:/Program Files/Zend/Apache2/htdocs/wings/Wings/Logs.php подключён.
2013-05-06 15:21:49 Файл C:/Program Files/Zend/Apache2/htdocs/wings/Wings/Header.php подключён.
2013-05-06 15:21:49 Файл C:/Program Files/Zend/Apache2/htdocs/wings/Wings/DB.php подключён.
2013-05-06 15:21:49 Файл C:/Program Files/Zend/Apache2/htdocs/wings/Applications/FrontEnd/Workspace.php подключён.
2013-05-06 15:21:49 Файл C:/Program Files/Zend/Apache2/htdocs/wings/Applications/FrontEnd/FrontEndModel.php подключён.
2013-05-06 15:21:49 Файл C:/Program Files/Zend/Apache2/htdocs/wings/Applications/FrontEnd/Error/Controller.php подключён.
2013-05-06 15:21:49 Файл C:/Program Files/Zend/Apache2/htdocs/wings/Applications/FrontEnd/Error/View.php подключён.
2013-05-06 15:24:32 Файл C:/Program Files/Zend/Apache2/htdocs/wings/Wings/Logs.php подключён.
2013-05-06 15:24:32 Файл C:/Program Files/Zend/Apache2/htdocs/wings/Wings/Header.php подключён.
2013-05-06 15:24:32 Файл C:/Program Files/Zend/Apache2/htdocs/wings/Wings/DB.php подключён.
2013-05-06 15:24:32 Файл C:/Program Files/Zend/Apache2/htdocs/wings/Applications/FrontEnd/Workspace.php подключён.
2013-05-06 15:24:32 Файл C:/Program Files/Zend/Apache2/htdocs/wings/Applications/FrontEnd/FrontEndModel.php подключён.
2013-05-06 15:24:32 Файл C:/Program Files/Zend/Apache2/htdocs/wings/Applications/FrontEnd/Error/Controller.php подключён.
2013-05-06 15:24:32 Файл C:/Program Files/Zend/Apache2/htdocs/wings/Applications/FrontEnd/Error/View.php подключён.
2013-05-06 15:24:53 Файл C:/Program Files/Zend/Apache2/htdocs/wings/Wings/Logs.php подключён.
2013-05-06 15:24:53 Файл C:/Program Files/Zend/Apache2/htdocs/wings/Wings/Header.php подключён.
2013-05-06 15:24:53 Файл C:/Program Files/Zend/Apache2/htdocs/wings/Wings/DB.php подключён.
2013-05-06 15:24:53 Файл C:/Program Files/Zend/Apache2/htdocs/wings/Applications/FrontEnd/Workspace.php подключён.
2013-05-06 15:24:53 Файл C:/Program Files/Zend/Apache2/htdocs/wings/Applications/FrontEnd/FrontEndModel.php подключён.
2013-05-06 15:24:53 Файл C:/Program Files/Zend/Apache2/htdocs/wings/Applications/FrontEnd/Error/Controller.php подключён.
2013-05-06 15:24:53 Файл C:/Program Files/Zend/Apache2/htdocs/wings/Applications/FrontEnd/Error/View.php подключён.
2013-05-06 16:32:17 Файл C:/Program Files/Zend/Apache2/htdocs/wings/Wings/Logs.php подключён.
2013-05-06 16:32:17 Файл C:/Program Files/Zend/Apache2/htdocs/wings/Wings/Header.php подключён.
2013-05-06 16:32:17 Файл C:/Program Files/Zend/Apache2/htdocs/wings/Wings/DB.php подключён.
2013-05-06 16:32:17 Файл C:/Program Files/Zend/Apache2/htdocs/wings/Applications/FrontEnd/Workspace.php подключён.
2013-05-06 16:32:17 Файл C:/Program Files/Zend/Apache2/htdocs/wings/Applications/FrontEnd/FrontEndModel.php подключён.
2013-05-06 16:32:17 Файл C:/Program Files/Zend/Apache2/htdocs/wings/Applications/FrontEnd/Error/Controller.php подключён.
2013-05-06 16:32:17 Файл C:/Program Files/Zend/Apache2/htdocs/wings/Applications/FrontEnd/Error/View.php подключён.
2013-05-06 16:32:17 Файл C:/Program Files/Zend/Apache2/htdocs/wings/Smarty_Internal_TemplateCompilerBase.php не найден.
2013-05-06 16:32:17 Файл C:/Program Files/Zend/Apache2/htdocs/wings/Smarty_Internal_Templatelexer.php не найден.
2013-05-06 16:32:17 Файл C:/Program Files/Zend/Apache2/htdocs/wings/Smarty_Internal_Templateparser.php не найден.
2013-05-06 16:32:17 Файл C:/Program Files/Zend/Apache2/htdocs/wings/Smarty_Internal_CompileBase.php не найден.
2013-05-06 16:32:17 Файл C:/Program Files/Zend/Apache2/htdocs/wings/Smarty_Internal_Write_File.php не найден.
2013-05-06 16:32:21 Файл C:/Program Files/Zend/Apache2/htdocs/wings/Wings/Logs.php подключён.
2013-05-06 16:32:21 Файл C:/Program Files/Zend/Apache2/htdocs/wings/Wings/Header.php подключён.
2013-05-06 16:32:21 Файл C:/Program Files/Zend/Apache2/htdocs/wings/Wings/DB.php подключён.
2013-05-06 16:32:21 Файл C:/Program Files/Zend/Apache2/htdocs/wings/Applications/FrontEnd/Workspace.php подключён.
2013-05-06 16:32:21 Файл C:/Program Files/Zend/Apache2/htdocs/wings/Applications/FrontEnd/FrontEndModel.php подключён.
2013-05-06 16:32:21 Файл C:/Program Files/Zend/Apache2/htdocs/wings/Applications/FrontEnd/Error/Controller.php подключён.
2013-05-06 16:32:21 Файл C:/Program Files/Zend/Apache2/htdocs/wings/Applications/FrontEnd/Error/View.php подключён.
2013-05-06 16:32:48 Файл C:/Program Files/Zend/Apache2/htdocs/wings/Wings/Logs.php подключён.
2013-05-06 16:32:48 Файл C:/Program Files/Zend/Apache2/htdocs/wings/Wings/Header.php подключён.
2013-05-06 16:32:48 Файл C:/Program Files/Zend/Apache2/htdocs/wings/Wings/DB.php подключён.
2013-05-06 16:32:48 Файл C:/Program Files/Zend/Apache2/htdocs/wings/Applications/FrontEnd/Workspace.php подключён.
2013-05-06 16:32:48 Файл C:/Program Files/Zend/Apache2/htdocs/wings/Applications/FrontEnd/FrontEndModel.php подключён.
2013-05-06 16:32:48 Файл C:/Program Files/Zend/Apache2/htdocs/wings/Applications/FrontEnd/Error/Controller.php подключён.
2013-05-06 16:32:48 Файл C:/Program Files/Zend/Apache2/htdocs/wings/Applications/FrontEnd/Error/View.php подключён.
2013-05-06 16:32:50 Файл C:/Program Files/Zend/Apache2/htdocs/wings/Wings/Logs.php подключён.
2013-05-06 16:32:50 Файл C:/Program Files/Zend/Apache2/htdocs/wings/Wings/Header.php подключён.
2013-05-06 16:32:50 Файл C:/Program Files/Zend/Apache2/htdocs/wings/Wings/DB.php подключён.
2013-05-06 16:32:50 Файл C:/Program Files/Zend/Apache2/htdocs/wings/Applications/FrontEnd/Workspace.php подключён.
2013-05-06 16:32:50 Файл C:/Program Files/Zend/Apache2/htdocs/wings/Applications/FrontEnd/FrontEndModel.php подключён.
2013-05-06 16:32:50 Файл C:/Program Files/Zend/Apache2/htdocs/wings/Applications/FrontEnd/Error/Controller.php подключён.
2013-05-06 16:32:50 Файл C:/Program Files/Zend/Apache2/htdocs/wings/Applications/FrontEnd/Error/View.php подключён.
2013-05-06 16:40:18 Файл C:/Program Files/Zend/Apache2/htdocs/wings/Wings/Logs.php подключён.
2013-05-06 16:40:18 Файл C:/Program Files/Zend/Apache2/htdocs/wings/Wings/Header.php подключён.
2013-05-06 16:40:18 Файл C:/Program Files/Zend/Apache2/htdocs/wings/Wings/DB.php подключён.
2013-05-06 16:40:18 Файл C:/Program Files/Zend/Apache2/htdocs/wings/Applications/FrontEnd/Workspace.php подключён.
2013-05-06 16:40:18 Файл C:/Program Files/Zend/Apache2/htdocs/wings/Applications/FrontEnd/FrontEndModel.php подключён.
2013-05-06 16:40:18 Файл C:/Program Files/Zend/Apache2/htdocs/wings/Applications/FrontEnd/Error/Controller.php подключён.
2013-05-06 16:40:18 Файл C:/Program Files/Zend/Apache2/htdocs/wings/Applications/FrontEnd/Error/View.php подключён.
2013-05-06 16:46:06 Файл C:/Program Files/Zend/Apache2/htdocs/wings/Wings/Logs.php подключён.
2013-05-06 16:46:06 Файл C:/Program Files/Zend/Apache2/htdocs/wings/Wings/Header.php подключён.
2013-05-06 16:46:06 Файл C:/Program Files/Zend/Apache2/htdocs/wings/Wings/DB.php подключён.
2013-05-06 16:46:06 Файл C:/Program Files/Zend/Apache2/htdocs/wings/Applications/FrontEnd/Workspace.php подключён.
2013-05-06 16:46:06 Файл C:/Program Files/Zend/Apache2/htdocs/wings/Applications/FrontEnd/FrontEndModel.php подключён.
2013-05-06 16:46:06 Файл C:/Program Files/Zend/Apache2/htdocs/wings/Applications/FrontEnd/Error/Controller.php подключён.
2013-05-06 16:46:06 Файл C:/Program Files/Zend/Apache2/htdocs/wings/Applications/FrontEnd/Error/View.php подключён.
2013-05-06 16:46:06 Файл C:/Program Files/Zend/Apache2/htdocs/wings/Smarty_Internal_TemplateCompilerBase.php не найден.
2013-05-06 16:46:06 Файл C:/Program Files/Zend/Apache2/htdocs/wings/Smarty_Internal_Templatelexer.php не найден.
2013-05-06 16:46:06 Файл C:/Program Files/Zend/Apache2/htdocs/wings/Smarty_Internal_Templateparser.php не найден.
2013-05-06 16:46:06 Файл C:/Program Files/Zend/Apache2/htdocs/wings/Smarty_Internal_CompileBase.php не найден.
2013-05-06 16:46:06 Файл C:/Program Files/Zend/Apache2/htdocs/wings/Smarty_Internal_Write_File.php не найден.
2013-05-06 16:46:21 Файл C:/Program Files/Zend/Apache2/htdocs/wings/Wings/Logs.php подключён.
2013-05-06 16:46:21 Файл C:/Program Files/Zend/Apache2/htdocs/wings/Wings/Header.php подключён.
2013-05-06 16:46:21 Файл C:/Program Files/Zend/Apache2/htdocs/wings/Wings/DB.php подключён.
2013-05-06 16:46:21 Файл C:/Program Files/Zend/Apache2/htdocs/wings/Applications/FrontEnd/Workspace.php подключён.
2013-05-06 16:46:21 Файл C:/Program Files/Zend/Apache2/htdocs/wings/Applications/FrontEnd/FrontEndModel.php подключён.
2013-05-06 16:46:21 Файл C:/Program Files/Zend/Apache2/htdocs/wings/Applications/FrontEnd/Error/Controller.php подключён.
2013-05-06 16:46:21 Файл C:/Program Files/Zend/Apache2/htdocs/wings/Applications/FrontEnd/Error/View.php подключён.
2013-05-06 16:48:48 Файл C:/Program Files/Zend/Apache2/htdocs/wings/Wings/Logs.php подключён.
2013-05-06 16:48:48 Файл C:/Program Files/Zend/Apache2/htdocs/wings/Wings/Header.php подключён.
2013-05-06 16:48:48 Файл C:/Program Files/Zend/Apache2/htdocs/wings/Wings/DB.php подключён.
2013-05-06 16:48:48 Файл C:/Program Files/Zend/Apache2/htdocs/wings/Applications/FrontEnd/Workspace.php подключён.
2013-05-06 16:48:48 Файл C:/Program Files/Zend/Apache2/htdocs/wings/Applications/FrontEnd/FrontEndModel.php подключён.
2013-05-06 16:48:48 Файл C:/Program Files/Zend/Apache2/htdocs/wings/Applications/FrontEnd/Error/Controller.php подключён.
2013-05-06 16:48:48 Файл C:/Program Files/Zend/Apache2/htdocs/wings/Applications/FrontEnd/Error/View.php подключён.
2013-05-06 16:49:18 Файл C:/Program Files/Zend/Apache2/htdocs/wings/Wings/Logs.php подключён.
2013-05-06 16:49:18 Файл C:/Program Files/Zend/Apache2/htdocs/wings/Wings/Header.php подключён.
2013-05-06 16:49:18 Файл C:/Program Files/Zend/Apache2/htdocs/wings/Wings/DB.php подключён.
2013-05-06 16:49:18 Файл C:/Program Files/Zend/Apache2/htdocs/wings/Applications/FrontEnd/Workspace.php подключён.
2013-05-06 16:49:18 Файл C:/Program Files/Zend/Apache2/htdocs/wings/Applications/FrontEnd/FrontEndModel.php подключён.
2013-05-06 16:49:18 Файл C:/Program Files/Zend/Apache2/htdocs/wings/Applications/FrontEnd/Error/Controller.php подключён.
2013-05-06 16:49:18 Файл C:/Program Files/Zend/Apache2/htdocs/wings/Applications/FrontEnd/Error/View.php подключён.
2013-05-06 16:55:15 Файл C:/Program Files/Zend/Apache2/htdocs/wings/Wings/Logs.php подключён.
2013-05-06 16:55:15 Файл C:/Program Files/Zend/Apache2/htdocs/wings/Wings/Header.php подключён.
2013-05-06 16:55:15 Файл C:/Program Files/Zend/Apache2/htdocs/wings/Wings/DB.php подключён.
2013-05-06 16:55:15 Файл C:/Program Files/Zend/Apache2/htdocs/wings/Applications/FrontEnd/Workspace.php подключён.
2013-05-06 16:55:15 Файл C:/Program Files/Zend/Apache2/htdocs/wings/Applications/FrontEnd/FrontEndModel.php подключён.
2013-05-06 16:55:15 Файл C:/Program Files/Zend/Apache2/htdocs/wings/Applications/FrontEnd/Error/Controller.php подключён.
2013-05-06 16:55:15 Файл C:/Program Files/Zend/Apache2/htdocs/wings/Applications/FrontEnd/Error/View.php подключён.
2013-05-06 16:55:24 Файл C:/Program Files/Zend/Apache2/htdocs/wings/Wings/Logs.php подключён.
2013-05-06 16:55:24 Файл C:/Program Files/Zend/Apache2/htdocs/wings/Wings/Header.php подключён.
2013-05-06 16:55:24 Файл C:/Program Files/Zend/Apache2/htdocs/wings/Wings/DB.php подключён.
2013-05-06 16:55:24 Файл C:/Program Files/Zend/Apache2/htdocs/wings/Applications/FrontEnd/Workspace.php подключён.
2013-05-06 16:55:24 Файл C:/Program Files/Zend/Apache2/htdocs/wings/Applications/FrontEnd/FrontEndModel.php подключён.
2013-05-06 16:55:24 Файл C:/Program Files/Zend/Apache2/htdocs/wings/Applications/FrontEnd/Error/Controller.php подключён.
2013-05-06 16:55:24 Файл C:/Program Files/Zend/Apache2/htdocs/wings/Applications/FrontEnd/Error/View.php подключён.
2013-05-06 16:55:24 Файл C:/Program Files/Zend/Apache2/htdocs/wings/Smarty_Internal_TemplateCompilerBase.php не найден.
2013-05-06 16:55:24 Файл C:/Program Files/Zend/Apache2/htdocs/wings/Smarty_Internal_Templatelexer.php не найден.
2013-05-06 16:55:24 Файл C:/Program Files/Zend/Apache2/htdocs/wings/Smarty_Internal_Templateparser.php не найден.
2013-05-06 16:55:24 Файл C:/Program Files/Zend/Apache2/htdocs/wings/Smarty_Internal_CompileBase.php не найден.
2013-05-06 16:55:24 Файл C:/Program Files/Zend/Apache2/htdocs/wings/Smarty_Internal_Write_File.php не найден.
2013-05-06 16:55:26 Файл C:/Program Files/Zend/Apache2/htdocs/wings/Wings/Logs.php подключён.
2013-05-06 16:55:26 Файл C:/Program Files/Zend/Apache2/htdocs/wings/Wings/Header.php подключён.
2013-05-06 16:55:26 Файл C:/Program Files/Zend/Apache2/htdocs/wings/Wings/DB.php подключён.
2013-05-06 16:55:26 Файл C:/Program Files/Zend/Apache2/htdocs/wings/Applications/FrontEnd/Workspace.php подключён.
2013-05-06 16:55:26 Файл C:/Program Files/Zend/Apache2/htdocs/wings/Applications/FrontEnd/FrontEndModel.php подключён.
2013-05-06 16:55:26 Файл C:/Program Files/Zend/Apache2/htdocs/wings/Applications/FrontEnd/Error/Controller.php подключён.
2013-05-06 16:55:26 Файл C:/Program Files/Zend/Apache2/htdocs/wings/Applications/FrontEnd/Error/View.php подключён.
2013-05-06 16:55:26 Файл C:/Program Files/Zend/Apache2/htdocs/wings/Smarty_Internal_TemplateCompilerBase.php не найден.
2013-05-06 16:55:26 Файл C:/Program Files/Zend/Apache2/htdocs/wings/Smarty_Internal_Templatelexer.php не найден.
2013-05-06 16:55:26 Файл C:/Program Files/Zend/Apache2/htdocs/wings/Smarty_Internal_Templateparser.php не найден.
2013-05-06 16:55:26 Файл C:/Program Files/Zend/Apache2/htdocs/wings/Smarty_Internal_CompileBase.php не найден.
2013-05-06 16:55:26 Файл C:/Program Files/Zend/Apache2/htdocs/wings/Smarty_Internal_Write_File.php не найден.
2013-05-06 16:55:28 Файл C:/Program Files/Zend/Apache2/htdocs/wings/Wings/Logs.php подключён.
2013-05-06 16:55:28 Файл C:/Program Files/Zend/Apache2/htdocs/wings/Wings/Header.php подключён.
2013-05-06 16:55:28 Файл C:/Program Files/Zend/Apache2/htdocs/wings/Wings/DB.php подключён.
2013-05-06 16:55:28 Файл C:/Program Files/Zend/Apache2/htdocs/wings/Applications/FrontEnd/Workspace.php подключён.
2013-05-06 16:55:28 Файл C:/Program Files/Zend/Apache2/htdocs/wings/Applications/FrontEnd/FrontEndModel.php подключён.
2013-05-06 16:55:28 Файл C:/Program Files/Zend/Apache2/htdocs/wings/Applications/FrontEnd/Error/Controller.php подключён.
2013-05-06 16:55:28 Файл C:/Program Files/Zend/Apache2/htdocs/wings/Applications/FrontEnd/Error/View.php подключён.
2013-05-06 16:56:02 Файл C:/Program Files/Zend/Apache2/htdocs/wings/Wings/Logs.php подключён.
2013-05-06 16:56:02 Файл C:/Program Files/Zend/Apache2/htdocs/wings/Wings/Header.php подключён.
2013-05-06 16:56:02 Файл C:/Program Files/Zend/Apache2/htdocs/wings/Wings/DB.php подключён.
2013-05-06 16:56:02 Файл C:/Program Files/Zend/Apache2/htdocs/wings/Applications/FrontEnd/Workspace.php подключён.
2013-05-06 16:56:02 Файл C:/Program Files/Zend/Apache2/htdocs/wings/Applications/FrontEnd/FrontEndModel.php подключён.
2013-05-06 16:56:02 Файл C:/Program Files/Zend/Apache2/htdocs/wings/Applications/FrontEnd/Error/Controller.php подключён.
2013-05-06 16:56:02 Файл C:/Program Files/Zend/Apache2/htdocs/wings/Applications/FrontEnd/Error/View.php подключён.
2013-05-06 16:56:02 Файл C:/Program Files/Zend/Apache2/htdocs/wings/Smarty_Internal_TemplateCompilerBase.php не найден.
2013-05-06 16:56:02 Файл C:/Program Files/Zend/Apache2/htdocs/wings/Smarty_Internal_Templatelexer.php не найден.
2013-05-06 16:56:02 Файл C:/Program Files/Zend/Apache2/htdocs/wings/Smarty_Internal_Templateparser.php не найден.
2013-05-06 16:56:02 Файл C:/Program Files/Zend/Apache2/htdocs/wings/Smarty_Internal_CompileBase.php не найден.
2013-05-06 16:56:02 Файл C:/Program Files/Zend/Apache2/htdocs/wings/Smarty_Internal_Write_File.php не найден.
2013-05-06 16:56:05 Файл C:/Program Files/Zend/Apache2/htdocs/wings/Wings/Logs.php подключён.
2013-05-06 16:56:05 Файл C:/Program Files/Zend/Apache2/htdocs/wings/Wings/Header.php подключён.
2013-05-06 16:56:05 Файл C:/Program Files/Zend/Apache2/htdocs/wings/Wings/DB.php подключён.
2013-05-06 16:56:05 Файл C:/Program Files/Zend/Apache2/htdocs/wings/Applications/FrontEnd/Workspace.php подключён.
2013-05-06 16:56:05 Файл C:/Program Files/Zend/Apache2/htdocs/wings/Applications/FrontEnd/FrontEndModel.php подключён.
2013-05-06 16:56:05 Файл C:/Program Files/Zend/Apache2/htdocs/wings/Applications/FrontEnd/Error/Controller.php подключён.
2013-05-06 16:56:05 Файл C:/Program Files/Zend/Apache2/htdocs/wings/Applications/FrontEnd/Error/View.php подключён.
2013-05-06 16:56:12 Файл C:/Program Files/Zend/Apache2/htdocs/wings/Wings/Logs.php подключён.
2013-05-06 16:56:12 Файл C:/Program Files/Zend/Apache2/htdocs/wings/Wings/Header.php подключён.
2013-05-06 16:56:12 Файл C:/Program Files/Zend/Apache2/htdocs/wings/Wings/DB.php подключён.
2013-05-06 16:56:12 Файл C:/Program Files/Zend/Apache2/htdocs/wings/Applications/FrontEnd/Workspace.php подключён.
2013-05-06 16:56:12 Файл C:/Program Files/Zend/Apache2/htdocs/wings/Applications/FrontEnd/FrontEndModel.php подключён.
2013-05-06 16:56:12 Файл C:/Program Files/Zend/Apache2/htdocs/wings/Applications/FrontEnd/Error/Controller.php подключён.
2013-05-06 16:56:12 Файл C:/Program Files/Zend/Apache2/htdocs/wings/Applications/FrontEnd/Error/View.php подключён.
2013-05-06 16:56:12 Файл C:/Program Files/Zend/Apache2/htdocs/wings/Smarty_Internal_TemplateCompilerBase.php не найден.
2013-05-06 16:56:12 Файл C:/Program Files/Zend/Apache2/htdocs/wings/Smarty_Internal_Templatelexer.php не найден.
2013-05-06 16:56:12 Файл C:/Program Files/Zend/Apache2/htdocs/wings/Smarty_Internal_Templateparser.php не найден.
2013-05-06 16:56:12 Файл C:/Program Files/Zend/Apache2/htdocs/wings/Smarty_Internal_CompileBase.php не найден.
2013-05-06 16:56:12 Файл C:/Program Files/Zend/Apache2/htdocs/wings/Smarty_Internal_Write_File.php не найден.
2013-05-06 16:56:15 Файл C:/Program Files/Zend/Apache2/htdocs/wings/Wings/Logs.php подключён.
2013-05-06 16:56:15 Файл C:/Program Files/Zend/Apache2/htdocs/wings/Wings/Header.php подключён.
2013-05-06 16:56:15 Файл C:/Program Files/Zend/Apache2/htdocs/wings/Wings/DB.php подключён.
2013-05-06 16:56:15 Файл C:/Program Files/Zend/Apache2/htdocs/wings/Applications/FrontEnd/Workspace.php подключён.
2013-05-06 16:56:15 Файл C:/Program Files/Zend/Apache2/htdocs/wings/Applications/FrontEnd/FrontEndModel.php подключён.
2013-05-06 16:56:15 Файл C:/Program Files/Zend/Apache2/htdocs/wings/Applications/FrontEnd/Error/Controller.php подключён.
2013-05-06 16:56:15 Файл C:/Program Files/Zend/Apache2/htdocs/wings/Applications/FrontEnd/Error/View.php подключён.
2013-05-06 16:57:54 Файл C:/Program Files/Zend/Apache2/htdocs/wings/Wings/Logs.php подключён.
2013-05-06 16:57:54 Файл C:/Program Files/Zend/Apache2/htdocs/wings/Wings/Header.php подключён.
2013-05-06 16:57:54 Файл C:/Program Files/Zend/Apache2/htdocs/wings/Wings/DB.php подключён.
2013-05-06 16:57:54 Файл C:/Program Files/Zend/Apache2/htdocs/wings/Applications/FrontEnd/Workspace.php подключён.
2013-05-06 16:57:54 Файл C:/Program Files/Zend/Apache2/htdocs/wings/Applications/FrontEnd/FrontEndModel.php подключён.
2013-05-06 16:57:54 Файл C:/Program Files/Zend/Apache2/htdocs/wings/Applications/FrontEnd/Error/Controller.php подключён.
2013-05-06 16:57:54 Файл C:/Program Files/Zend/Apache2/htdocs/wings/Applications/FrontEnd/Error/View.php подключён.
2013-05-06 16:58:02 Файл C:/Program Files/Zend/Apache2/htdocs/wings/Wings/Logs.php подключён.
2013-05-06 16:58:02 Файл C:/Program Files/Zend/Apache2/htdocs/wings/Wings/Header.php подключён.
2013-05-06 16:58:02 Файл C:/Program Files/Zend/Apache2/htdocs/wings/Wings/DB.php подключён.
2013-05-06 16:58:02 Файл C:/Program Files/Zend/Apache2/htdocs/wings/Applications/FrontEnd/Workspace.php подключён.
2013-05-06 16:58:02 Файл C:/Program Files/Zend/Apache2/htdocs/wings/Applications/FrontEnd/FrontEndModel.php подключён.
2013-05-06 16:58:02 Файл C:/Program Files/Zend/Apache2/htdocs/wings/Applications/FrontEnd/Error/Controller.php подключён.
2013-05-06 16:58:02 Файл C:/Program Files/Zend/Apache2/htdocs/wings/Applications/FrontEnd/Error/View.php подключён.
2013-05-06 16:58:07 Файл C:/Program Files/Zend/Apache2/htdocs/wings/Wings/Logs.php подключён.
2013-05-06 16:58:07 Файл C:/Program Files/Zend/Apache2/htdocs/wings/Wings/Header.php подключён.
2013-05-06 16:58:07 Файл C:/Program Files/Zend/Apache2/htdocs/wings/Wings/DB.php подключён.
2013-05-06 16:58:07 Файл C:/Program Files/Zend/Apache2/htdocs/wings/Applications/FrontEnd/Workspace.php подключён.
2013-05-06 16:58:07 Файл C:/Program Files/Zend/Apache2/htdocs/wings/Applications/FrontEnd/FrontEndModel.php подключён.
2013-05-06 16:58:07 Файл C:/Program Files/Zend/Apache2/htdocs/wings/Applications/FrontEnd/Error/Controller.php подключён.
2013-05-06 16:58:07 Файл C:/Program Files/Zend/Apache2/htdocs/wings/Applications/FrontEnd/Error/View.php подключён.
2013-05-06 16:58:07 Файл C:/Program Files/Zend/Apache2/htdocs/wings/Smarty_Internal_TemplateCompilerBase.php не найден.
2013-05-06 16:58:07 Файл C:/Program Files/Zend/Apache2/htdocs/wings/Smarty_Internal_Templatelexer.php не найден.
2013-05-06 16:58:07 Файл C:/Program Files/Zend/Apache2/htdocs/wings/Smarty_Internal_Templateparser.php не найден.
2013-05-06 16:58:07 Файл C:/Program Files/Zend/Apache2/htdocs/wings/Smarty_Internal_CompileBase.php не найден.
2013-05-06 16:58:07 Файл C:/Program Files/Zend/Apache2/htdocs/wings/Smarty_Internal_Write_File.php не найден.
2013-05-06 16:58:15 Файл C:/Program Files/Zend/Apache2/htdocs/wings/Wings/Logs.php подключён.
2013-05-06 16:58:15 Файл C:/Program Files/Zend/Apache2/htdocs/wings/Wings/Header.php подключён.
2013-05-06 16:58:15 Файл C:/Program Files/Zend/Apache2/htdocs/wings/Wings/DB.php подключён.
2013-05-06 16:58:15 Файл C:/Program Files/Zend/Apache2/htdocs/wings/Applications/FrontEnd/Workspace.php подключён.
2013-05-06 16:58:15 Файл C:/Program Files/Zend/Apache2/htdocs/wings/Applications/FrontEnd/FrontEndModel.php подключён.
2013-05-06 16:58:15 Файл C:/Program Files/Zend/Apache2/htdocs/wings/Applications/FrontEnd/Error/Controller.php подключён.
2013-05-06 16:58:15 Файл C:/Program Files/Zend/Apache2/htdocs/wings/Applications/FrontEnd/Error/View.php подключён.
2013-05-06 16:58:23 Файл C:/Program Files/Zend/Apache2/htdocs/wings/Wings/Logs.php подключён.
2013-05-06 16:58:23 Файл C:/Program Files/Zend/Apache2/htdocs/wings/Wings/Header.php подключён.
2013-05-06 16:58:23 Файл C:/Program Files/Zend/Apache2/htdocs/wings/Wings/DB.php подключён.
2013-05-06 16:58:23 Файл C:/Program Files/Zend/Apache2/htdocs/wings/Applications/FrontEnd/Workspace.php подключён.
2013-05-06 16:58:23 Файл C:/Program Files/Zend/Apache2/htdocs/wings/Applications/FrontEnd/FrontEndModel.php подключён.
2013-05-06 16:58:23 Файл C:/Program Files/Zend/Apache2/htdocs/wings/Applications/FrontEnd/Error/Controller.php подключён.
2013-05-06 16:58:23 Файл C:/Program Files/Zend/Apache2/htdocs/wings/Applications/FrontEnd/Error/View.php подключён.
2013-05-06 16:58:23 Файл C:/Program Files/Zend/Apache2/htdocs/wings/Smarty_Internal_TemplateCompilerBase.php не найден.
2013-05-06 16:58:23 Файл C:/Program Files/Zend/Apache2/htdocs/wings/Smarty_Internal_Templatelexer.php не найден.
2013-05-06 16:58:23 Файл C:/Program Files/Zend/Apache2/htdocs/wings/Smarty_Internal_Templateparser.php не найден.
2013-05-06 16:58:24 Файл C:/Program Files/Zend/Apache2/htdocs/wings/Smarty_Internal_CompileBase.php не найден.
2013-05-06 16:58:24 Файл C:/Program Files/Zend/Apache2/htdocs/wings/Smarty_Internal_Write_File.php не найден.
2013-05-06 16:58:26 Файл C:/Program Files/Zend/Apache2/htdocs/wings/Wings/Logs.php подключён.
2013-05-06 16:58:26 Файл C:/Program Files/Zend/Apache2/htdocs/wings/Wings/Header.php подключён.
2013-05-06 16:58:26 Файл C:/Program Files/Zend/Apache2/htdocs/wings/Wings/DB.php подключён.
2013-05-06 16:58:26 Файл C:/Program Files/Zend/Apache2/htdocs/wings/Applications/FrontEnd/Workspace.php подключён.
2013-05-06 16:58:26 Файл C:/Program Files/Zend/Apache2/htdocs/wings/Applications/FrontEnd/FrontEndModel.php подключён.
2013-05-06 16:58:26 Файл C:/Program Files/Zend/Apache2/htdocs/wings/Applications/FrontEnd/Error/Controller.php подключён.
2013-05-06 16:58:26 Файл C:/Program Files/Zend/Apache2/htdocs/wings/Applications/FrontEnd/Error/View.php подключён.
2013-05-06 16:58:34 Файл C:/Program Files/Zend/Apache2/htdocs/wings/Wings/Logs.php подключён.
2013-05-06 16:58:34 Файл C:/Program Files/Zend/Apache2/htdocs/wings/Wings/Header.php подключён.
2013-05-06 16:58:34 Файл C:/Program Files/Zend/Apache2/htdocs/wings/Wings/DB.php подключён.
2013-05-06 16:58:34 Файл C:/Program Files/Zend/Apache2/htdocs/wings/Applications/FrontEnd/Workspace.php подключён.
2013-05-06 16:58:34 Файл C:/Program Files/Zend/Apache2/htdocs/wings/Applications/FrontEnd/FrontEndModel.php подключён.
2013-05-06 16:58:34 Файл C:/Program Files/Zend/Apache2/htdocs/wings/Applications/FrontEnd/Error/Controller.php подключён.
2013-05-06 16:58:34 Файл C:/Program Files/Zend/Apache2/htdocs/wings/Applications/FrontEnd/Error/View.php подключён.
2013-05-06 16:59:24 Файл C:/Program Files/Zend/Apache2/htdocs/wings/Wings/Logs.php подключён.
2013-05-06 16:59:24 Файл C:/Program Files/Zend/Apache2/htdocs/wings/Wings/Header.php подключён.
2013-05-06 16:59:24 Файл C:/Program Files/Zend/Apache2/htdocs/wings/Wings/DB.php подключён.
2013-05-06 16:59:24 Файл C:/Program Files/Zend/Apache2/htdocs/wings/Applications/FrontEnd/Workspace.php подключён.
2013-05-06 16:59:24 Файл C:/Program Files/Zend/Apache2/htdocs/wings/Applications/FrontEnd/FrontEndModel.php подключён.
2013-05-06 16:59:24 Файл C:/Program Files/Zend/Apache2/htdocs/wings/Applications/FrontEnd/Error/Controller.php подключён.
2013-05-06 16:59:24 Файл C:/Program Files/Zend/Apache2/htdocs/wings/Applications/FrontEnd/Error/View.php подключён.
2013-05-06 16:59:25 Файл C:/Program Files/Zend/Apache2/htdocs/wings/Wings/Logs.php подключён.
2013-05-06 16:59:25 Файл C:/Program Files/Zend/Apache2/htdocs/wings/Wings/Header.php подключён.
2013-05-06 16:59:25 Файл C:/Program Files/Zend/Apache2/htdocs/wings/Wings/DB.php подключён.
2013-05-06 16:59:25 Файл C:/Program Files/Zend/Apache2/htdocs/wings/Applications/FrontEnd/Workspace.php подключён.
2013-05-06 16:59:25 Файл C:/Program Files/Zend/Apache2/htdocs/wings/Applications/FrontEnd/FrontEndModel.php подключён.
2013-05-06 16:59:25 Файл C:/Program Files/Zend/Apache2/htdocs/wings/Applications/FrontEnd/Error/Controller.php подключён.
2013-05-06 16:59:25 Файл C:/Program Files/Zend/Apache2/htdocs/wings/Applications/FrontEnd/Error/View.php подключён.
2013-05-06 17:00:41 Файл C:/Program Files/Zend/Apache2/htdocs/wings/Wings/Logs.php подключён.
2013-05-06 17:00:41 Файл C:/Program Files/Zend/Apache2/htdocs/wings/Wings/Header.php подключён.
2013-05-06 17:00:41 Файл C:/Program Files/Zend/Apache2/htdocs/wings/Wings/DB.php подключён.
2013-05-06 17:00:41 Файл C:/Program Files/Zend/Apache2/htdocs/wings/Applications/FrontEnd/Workspace.php подключён.
2013-05-06 17:00:41 Файл C:/Program Files/Zend/Apache2/htdocs/wings/Applications/FrontEnd/FrontEndModel.php подключён.
2013-05-06 17:00:41 Файл C:/Program Files/Zend/Apache2/htdocs/wings/Applications/FrontEnd/Error/Controller.php подключён.
2013-05-06 17:00:41 Файл C:/Program Files/Zend/Apache2/htdocs/wings/Applications/FrontEnd/Error/View.php подключён.
2013-05-06 17:00:49 Файл C:/Program Files/Zend/Apache2/htdocs/wings/Wings/Logs.php подключён.
2013-05-06 17:00:49 Файл C:/Program Files/Zend/Apache2/htdocs/wings/Wings/Header.php подключён.
2013-05-06 17:00:49 Файл C:/Program Files/Zend/Apache2/htdocs/wings/Wings/DB.php подключён.
2013-05-06 17:00:49 Файл C:/Program Files/Zend/Apache2/htdocs/wings/Applications/FrontEnd/Workspace.php подключён.
2013-05-06 17:00:49 Файл C:/Program Files/Zend/Apache2/htdocs/wings/Applications/FrontEnd/FrontEndModel.php подключён.
2013-05-06 17:00:49 Файл C:/Program Files/Zend/Apache2/htdocs/wings/Applications/FrontEnd/Error/Controller.php подключён.
2013-05-06 17:00:49 Файл C:/Program Files/Zend/Apache2/htdocs/wings/Applications/FrontEnd/Error/View.php подключён.
2013-05-06 17:00:49 Файл C:/Program Files/Zend/Apache2/htdocs/wings/Smarty_Internal_TemplateCompilerBase.php не найден.
2013-05-06 17:00:49 Файл C:/Program Files/Zend/Apache2/htdocs/wings/Smarty_Internal_Templatelexer.php не найден.
2013-05-06 17:00:49 Файл C:/Program Files/Zend/Apache2/htdocs/wings/Smarty_Internal_Templateparser.php не найден.
2013-05-06 17:00:49 Файл C:/Program Files/Zend/Apache2/htdocs/wings/Smarty_Internal_CompileBase.php не найден.
2013-05-06 17:00:49 Файл C:/Program Files/Zend/Apache2/htdocs/wings/Smarty_Internal_Write_File.php не найден.
2013-05-06 17:00:50 Файл C:/Program Files/Zend/Apache2/htdocs/wings/Wings/Logs.php подключён.
2013-05-06 17:00:50 Файл C:/Program Files/Zend/Apache2/htdocs/wings/Wings/Header.php подключён.
2013-05-06 17:00:50 Файл C:/Program Files/Zend/Apache2/htdocs/wings/Wings/DB.php подключён.
2013-05-06 17:00:50 Файл C:/Program Files/Zend/Apache2/htdocs/wings/Applications/FrontEnd/Workspace.php подключён.
2013-05-06 17:00:50 Файл C:/Program Files/Zend/Apache2/htdocs/wings/Applications/FrontEnd/FrontEndModel.php подключён.
2013-05-06 17:00:50 Файл C:/Program Files/Zend/Apache2/htdocs/wings/Applications/FrontEnd/Error/Controller.php подключён.
2013-05-06 17:00:50 Файл C:/Program Files/Zend/Apache2/htdocs/wings/Applications/FrontEnd/Error/View.php подключён.
2013-05-06 17:00:50 Файл C:/Program Files/Zend/Apache2/htdocs/wings/Smarty_Internal_TemplateCompilerBase.php не найден.
2013-05-06 17:00:50 Файл C:/Program Files/Zend/Apache2/htdocs/wings/Smarty_Internal_Templatelexer.php не найден.
2013-05-06 17:00:50 Файл C:/Program Files/Zend/Apache2/htdocs/wings/Smarty_Internal_Templateparser.php не найден.
2013-05-06 17:00:50 Файл C:/Program Files/Zend/Apache2/htdocs/wings/Smarty_Internal_CompileBase.php не найден.
2013-05-06 17:00:50 Файл C:/Program Files/Zend/Apache2/htdocs/wings/Smarty_Internal_Write_File.php не найден.
2013-05-06 17:00:51 Файл C:/Program Files/Zend/Apache2/htdocs/wings/Wings/Logs.php подключён.
2013-05-06 17:00:51 Файл C:/Program Files/Zend/Apache2/htdocs/wings/Wings/Header.php подключён.
2013-05-06 17:00:51 Файл C:/Program Files/Zend/Apache2/htdocs/wings/Wings/DB.php подключён.
2013-05-06 17:00:51 Файл C:/Program Files/Zend/Apache2/htdocs/wings/Applications/FrontEnd/Workspace.php подключён.
2013-05-06 17:00:51 Файл C:/Program Files/Zend/Apache2/htdocs/wings/Applications/FrontEnd/FrontEndModel.php подключён.
2013-05-06 17:00:51 Файл C:/Program Files/Zend/Apache2/htdocs/wings/Applications/FrontEnd/Error/Controller.php подключён.
2013-05-06 17:00:51 Файл C:/Program Files/Zend/Apache2/htdocs/wings/Applications/FrontEnd/Error/View.php подключён.
2013-05-06 17:00:51 Файл C:/Program Files/Zend/Apache2/htdocs/wings/Smarty_Internal_TemplateCompilerBase.php не найден.
2013-05-06 17:00:51 Файл C:/Program Files/Zend/Apache2/htdocs/wings/Smarty_Internal_Templatelexer.php не найден.
2013-05-06 17:00:51 Файл C:/Program Files/Zend/Apache2/htdocs/wings/Smarty_Internal_Templateparser.php не найден.
2013-05-06 17:00:51 Файл C:/Program Files/Zend/Apache2/htdocs/wings/Smarty_Internal_CompileBase.php не найден.
2013-05-06 17:00:51 Файл C:/Program Files/Zend/Apache2/htdocs/wings/Smarty_Internal_Write_File.php не найден.
2013-05-06 17:00:52 Файл C:/Program Files/Zend/Apache2/htdocs/wings/Wings/Logs.php подключён.
2013-05-06 17:00:52 Файл C:/Program Files/Zend/Apache2/htdocs/wings/Wings/Header.php подключён.
2013-05-06 17:00:52 Файл C:/Program Files/Zend/Apache2/htdocs/wings/Wings/DB.php подключён.
2013-05-06 17:00:52 Файл C:/Program Files/Zend/Apache2/htdocs/wings/Applications/FrontEnd/Workspace.php подключён.
2013-05-06 17:00:52 Файл C:/Program Files/Zend/Apache2/htdocs/wings/Applications/FrontEnd/FrontEndModel.php подключён.
2013-05-06 17:00:52 Файл C:/Program Files/Zend/Apache2/htdocs/wings/Applications/FrontEnd/Error/Controller.php подключён.
2013-05-06 17:00:52 Файл C:/Program Files/Zend/Apache2/htdocs/wings/Applications/FrontEnd/Error/View.php подключён.
2013-05-06 17:01:50 Файл C:/Program Files/Zend/Apache2/htdocs/wings/Wings/Logs.php подключён.
2013-05-06 17:01:50 Файл C:/Program Files/Zend/Apache2/htdocs/wings/Wings/Header.php подключён.
2013-05-06 17:01:50 Файл C:/Program Files/Zend/Apache2/htdocs/wings/Wings/DB.php подключён.
2013-05-06 17:01:50 Файл C:/Program Files/Zend/Apache2/htdocs/wings/Applications/FrontEnd/Workspace.php подключён.
2013-05-06 17:01:50 Файл C:/Program Files/Zend/Apache2/htdocs/wings/Applications/FrontEnd/FrontEndModel.php подключён.
2013-05-06 17:01:50 Файл C:/Program Files/Zend/Apache2/htdocs/wings/Applications/FrontEnd/Error/Controller.php подключён.
2013-05-06 17:01:50 Файл C:/Program Files/Zend/Apache2/htdocs/wings/Applications/FrontEnd/Error/View.php подключён.
2013-05-06 17:01:50 Файл C:/Program Files/Zend/Apache2/htdocs/wings/Smarty_Internal_TemplateCompilerBase.php не найден.
2013-05-06 17:01:50 Файл C:/Program Files/Zend/Apache2/htdocs/wings/Smarty_Internal_Templatelexer.php не найден.
2013-05-06 17:01:50 Файл C:/Program Files/Zend/Apache2/htdocs/wings/Smarty_Internal_Templateparser.php не найден.
2013-05-06 17:01:50 Файл C:/Program Files/Zend/Apache2/htdocs/wings/Smarty_Internal_CompileBase.php не найден.
2013-05-06 17:01:50 Файл C:/Program Files/Zend/Apache2/htdocs/wings/Smarty_Internal_Write_File.php не найден.
2013-05-06 17:01:52 Файл C:/Program Files/Zend/Apache2/htdocs/wings/Wings/Logs.php подключён.
2013-05-06 17:01:52 Файл C:/Program Files/Zend/Apache2/htdocs/wings/Wings/Header.php подключён.
2013-05-06 17:01:52 Файл C:/Program Files/Zend/Apache2/htdocs/wings/Wings/DB.php подключён.
2013-05-06 17:01:52 Файл C:/Program Files/Zend/Apache2/htdocs/wings/Applications/FrontEnd/Workspace.php подключён.
2013-05-06 17:01:52 Файл C:/Program Files/Zend/Apache2/htdocs/wings/Applications/FrontEnd/FrontEndModel.php подключён.
2013-05-06 17:01:52 Файл C:/Program Files/Zend/Apache2/htdocs/wings/Applications/FrontEnd/Error/Controller.php подключён.
2013-05-06 17:01:52 Файл C:/Program Files/Zend/Apache2/htdocs/wings/Applications/FrontEnd/Error/View.php подключён.
2013-05-06 17:01:52 Файл C:/Program Files/Zend/Apache2/htdocs/wings/Smarty_Internal_TemplateCompilerBase.php не найден.
2013-05-06 17:01:52 Файл C:/Program Files/Zend/Apache2/htdocs/wings/Smarty_Internal_Templatelexer.php не найден.
2013-05-06 17:01:52 Файл C:/Program Files/Zend/Apache2/htdocs/wings/Smarty_Internal_Templateparser.php не найден.
2013-05-06 17:01:52 Файл C:/Program Files/Zend/Apache2/htdocs/wings/Smarty_Internal_CompileBase.php не найден.
2013-05-06 17:01:52 Файл C:/Program Files/Zend/Apache2/htdocs/wings/Smarty_Internal_Write_File.php не найден.
2013-05-06 17:01:53 Файл C:/Program Files/Zend/Apache2/htdocs/wings/Wings/Logs.php подключён.
2013-05-06 17:01:53 Файл C:/Program Files/Zend/Apache2/htdocs/wings/Wings/Header.php подключён.
2013-05-06 17:01:53 Файл C:/Program Files/Zend/Apache2/htdocs/wings/Wings/DB.php подключён.
2013-05-06 17:01:53 Файл C:/Program Files/Zend/Apache2/htdocs/wings/Applications/FrontEnd/Workspace.php подключён.
2013-05-06 17:01:53 Файл C:/Program Files/Zend/Apache2/htdocs/wings/Applications/FrontEnd/FrontEndModel.php подключён.
2013-05-06 17:01:53 Файл C:/Program Files/Zend/Apache2/htdocs/wings/Applications/FrontEnd/Error/Controller.php подключён.
2013-05-06 17:01:53 Файл C:/Program Files/Zend/Apache2/htdocs/wings/Applications/FrontEnd/Error/View.php подключён.
2013-05-06 17:02:17 Файл C:/Program Files/Zend/Apache2/htdocs/wings/Wings/Logs.php подключён.
2013-05-06 17:02:17 Файл C:/Program Files/Zend/Apache2/htdocs/wings/Wings/Header.php подключён.
2013-05-06 17:02:17 Файл C:/Program Files/Zend/Apache2/htdocs/wings/Wings/DB.php подключён.
2013-05-06 17:02:17 Файл C:/Program Files/Zend/Apache2/htdocs/wings/Applications/FrontEnd/Workspace.php подключён.
2013-05-06 17:02:17 Файл C:/Program Files/Zend/Apache2/htdocs/wings/Applications/FrontEnd/FrontEndModel.php подключён.
2013-05-06 17:02:17 Файл C:/Program Files/Zend/Apache2/htdocs/wings/Applications/FrontEnd/Error/Controller.php подключён.
2013-05-06 17:02:17 Файл C:/Program Files/Zend/Apache2/htdocs/wings/Applications/FrontEnd/Error/View.php подключён.
2013-05-06 17:02:26 Файл C:/Program Files/Zend/Apache2/htdocs/wings/Wings/Logs.php подключён.
2013-05-06 17:02:26 Файл C:/Program Files/Zend/Apache2/htdocs/wings/Wings/Header.php подключён.
2013-05-06 17:02:26 Файл C:/Program Files/Zend/Apache2/htdocs/wings/Wings/DB.php подключён.
2013-05-06 17:02:26 Файл C:/Program Files/Zend/Apache2/htdocs/wings/Applications/FrontEnd/Workspace.php подключён.
2013-05-06 17:02:26 Файл C:/Program Files/Zend/Apache2/htdocs/wings/Applications/FrontEnd/FrontEndModel.php подключён.
2013-05-06 17:02:26 Файл C:/Program Files/Zend/Apache2/htdocs/wings/Applications/FrontEnd/Error/Controller.php подключён.
2013-05-06 17:02:26 Файл C:/Program Files/Zend/Apache2/htdocs/wings/Applications/FrontEnd/Error/View.php подключён.
2013-05-06 17:02:26 Файл C:/Program Files/Zend/Apache2/htdocs/wings/Smarty_Internal_TemplateCompilerBase.php не найден.
2013-05-06 17:02:26 Файл C:/Program Files/Zend/Apache2/htdocs/wings/Smarty_Internal_Templatelexer.php не найден.
2013-05-06 17:02:26 Файл C:/Program Files/Zend/Apache2/htdocs/wings/Smarty_Internal_Templateparser.php не найден.
2013-05-06 17:02:26 Файл C:/Program Files/Zend/Apache2/htdocs/wings/Smarty_Internal_CompileBase.php не найден.
2013-05-06 17:02:26 Файл C:/Program Files/Zend/Apache2/htdocs/wings/Smarty_Internal_Write_File.php не найден.
2013-05-06 17:02:32 Файл C:/Program Files/Zend/Apache2/htdocs/wings/Wings/Logs.php подключён.
2013-05-06 17:02:32 Файл C:/Program Files/Zend/Apache2/htdocs/wings/Wings/Header.php подключён.
2013-05-06 17:02:32 Файл C:/Program Files/Zend/Apache2/htdocs/wings/Wings/DB.php подключён.
2013-05-06 17:02:32 Файл C:/Program Files/Zend/Apache2/htdocs/wings/Applications/FrontEnd/Workspace.php подключён.
2013-05-06 17:02:32 Файл C:/Program Files/Zend/Apache2/htdocs/wings/Applications/FrontEnd/FrontEndModel.php подключён.
2013-05-06 17:02:32 Файл C:/Program Files/Zend/Apache2/htdocs/wings/Applications/FrontEnd/Error/Controller.php подключён.
2013-05-06 17:02:32 Файл C:/Program Files/Zend/Apache2/htdocs/wings/Applications/FrontEnd/Error/View.php подключён.
2013-05-06 17:02:49 Файл C:/Program Files/Zend/Apache2/htdocs/wings/Wings/Logs.php подключён.
2013-05-06 17:02:49 Файл C:/Program Files/Zend/Apache2/htdocs/wings/Wings/Header.php подключён.
2013-05-06 17:02:49 Файл C:/Program Files/Zend/Apache2/htdocs/wings/Wings/DB.php подключён.
2013-05-06 17:02:49 Файл C:/Program Files/Zend/Apache2/htdocs/wings/Applications/FrontEnd/Workspace.php подключён.
2013-05-06 17:02:49 Файл C:/Program Files/Zend/Apache2/htdocs/wings/Applications/FrontEnd/FrontEndModel.php подключён.
2013-05-06 17:02:49 Файл C:/Program Files/Zend/Apache2/htdocs/wings/Applications/FrontEnd/Error/Controller.php подключён.
2013-05-06 17:02:49 Файл C:/Program Files/Zend/Apache2/htdocs/wings/Applications/FrontEnd/Error/View.php подключён.
2013-05-06 17:02:49 Файл C:/Program Files/Zend/Apache2/htdocs/wings/Smarty_Internal_TemplateCompilerBase.php не найден.
2013-05-06 17:02:49 Файл C:/Program Files/Zend/Apache2/htdocs/wings/Smarty_Internal_Templatelexer.php не найден.
2013-05-06 17:02:49 Файл C:/Program Files/Zend/Apache2/htdocs/wings/Smarty_Internal_Templateparser.php не найден.
2013-05-06 17:02:49 Файл C:/Program Files/Zend/Apache2/htdocs/wings/Smarty_Internal_CompileBase.php не найден.
2013-05-06 17:02:49 Файл C:/Program Files/Zend/Apache2/htdocs/wings/Smarty_Internal_Write_File.php не найден.
2013-05-06 17:02:52 Файл C:/Program Files/Zend/Apache2/htdocs/wings/Wings/Logs.php подключён.
2013-05-06 17:02:52 Файл C:/Program Files/Zend/Apache2/htdocs/wings/Wings/Header.php подключён.
2013-05-06 17:02:52 Файл C:/Program Files/Zend/Apache2/htdocs/wings/Wings/DB.php подключён.
2013-05-06 17:02:52 Файл C:/Program Files/Zend/Apache2/htdocs/wings/Applications/FrontEnd/Workspace.php подключён.
2013-05-06 17:02:52 Файл C:/Program Files/Zend/Apache2/htdocs/wings/Applications/FrontEnd/FrontEndModel.php подключён.
2013-05-06 17:02:52 Файл C:/Program Files/Zend/Apache2/htdocs/wings/Applications/FrontEnd/Error/Controller.php подключён.
2013-05-06 17:02:52 Файл C:/Program Files/Zend/Apache2/htdocs/wings/Applications/FrontEnd/Error/View.php подключён.
2013-05-06 17:03:38 Файл C:/Program Files/Zend/Apache2/htdocs/wings/Wings/Logs.php подключён.
2013-05-06 17:03:38 Файл C:/Program Files/Zend/Apache2/htdocs/wings/Wings/Header.php подключён.
2013-05-06 17:03:38 Файл C:/Program Files/Zend/Apache2/htdocs/wings/Wings/DB.php подключён.
2013-05-06 17:03:38 Файл C:/Program Files/Zend/Apache2/htdocs/wings/Applications/FrontEnd/Workspace.php подключён.
2013-05-06 17:03:38 Файл C:/Program Files/Zend/Apache2/htdocs/wings/Applications/FrontEnd/FrontEndModel.php подключён.
2013-05-06 17:03:38 Файл C:/Program Files/Zend/Apache2/htdocs/wings/Applications/FrontEnd/Error/Controller.php подключён.
2013-05-06 17:03:38 Файл C:/Program Files/Zend/Apache2/htdocs/wings/Applications/FrontEnd/Error/View.php подключён.
2013-05-06 17:03:41 Файл C:/Program Files/Zend/Apache2/htdocs/wings/Wings/Logs.php подключён.
2013-05-06 17:03:41 Файл C:/Program Files/Zend/Apache2/htdocs/wings/Wings/Header.php подключён.
2013-05-06 17:03:41 Файл C:/Program Files/Zend/Apache2/htdocs/wings/Wings/DB.php подключён.
2013-05-06 17:03:41 Файл C:/Program Files/Zend/Apache2/htdocs/wings/Applications/FrontEnd/Workspace.php подключён.
2013-05-06 17:03:41 Файл C:/Program Files/Zend/Apache2/htdocs/wings/Applications/FrontEnd/FrontEndModel.php подключён.
2013-05-06 17:03:41 Файл C:/Program Files/Zend/Apache2/htdocs/wings/Applications/FrontEnd/Error/Controller.php подключён.
2013-05-06 17:03:41 Файл C:/Program Files/Zend/Apache2/htdocs/wings/Applications/FrontEnd/Error/View.php подключён.
2013-05-06 17:03:51 Файл C:/Program Files/Zend/Apache2/htdocs/wings/Wings/Logs.php подключён.
2013-05-06 17:03:51 Файл C:/Program Files/Zend/Apache2/htdocs/wings/Wings/Header.php подключён.
2013-05-06 17:03:51 Файл C:/Program Files/Zend/Apache2/htdocs/wings/Wings/DB.php подключён.
2013-05-06 17:03:51 Файл C:/Program Files/Zend/Apache2/htdocs/wings/Applications/FrontEnd/Workspace.php подключён.
2013-05-06 17:03:51 Файл C:/Program Files/Zend/Apache2/htdocs/wings/Applications/FrontEnd/FrontEndModel.php подключён.
2013-05-06 17:03:51 Файл C:/Program Files/Zend/Apache2/htdocs/wings/Applications/FrontEnd/Error/Controller.php подключён.
2013-05-06 17:03:51 Файл C:/Program Files/Zend/Apache2/htdocs/wings/Applications/FrontEnd/Error/View.php подключён.
2013-05-06 17:04:03 Файл C:/Program Files/Zend/Apache2/htdocs/wings/Wings/Logs.php подключён.
2013-05-06 17:04:03 Файл C:/Program Files/Zend/Apache2/htdocs/wings/Wings/Header.php подключён.
2013-05-06 17:04:03 Файл C:/Program Files/Zend/Apache2/htdocs/wings/Wings/DB.php подключён.
2013-05-06 17:04:03 Файл C:/Program Files/Zend/Apache2/htdocs/wings/Applications/FrontEnd/Workspace.php подключён.
2013-05-06 17:04:03 Файл C:/Program Files/Zend/Apache2/htdocs/wings/Applications/FrontEnd/FrontEndModel.php подключён.
2013-05-06 17:04:03 Файл C:/Program Files/Zend/Apache2/htdocs/wings/Applications/FrontEnd/Error/Controller.php подключён.
2013-05-06 17:04:03 Файл C:/Program Files/Zend/Apache2/htdocs/wings/Applications/FrontEnd/Error/View.php подключён.
2013-05-06 17:04:04 Файл C:/Program Files/Zend/Apache2/htdocs/wings/Wings/Logs.php подключён.
2013-05-06 17:04:04 Файл C:/Program Files/Zend/Apache2/htdocs/wings/Wings/Header.php подключён.
2013-05-06 17:04:04 Файл C:/Program Files/Zend/Apache2/htdocs/wings/Wings/DB.php подключён.
2013-05-06 17:04:04 Файл C:/Program Files/Zend/Apache2/htdocs/wings/Applications/FrontEnd/Workspace.php подключён.
2013-05-06 17:04:04 Файл C:/Program Files/Zend/Apache2/htdocs/wings/Applications/FrontEnd/FrontEndModel.php подключён.
2013-05-06 17:04:04 Файл C:/Program Files/Zend/Apache2/htdocs/wings/Applications/FrontEnd/Error/Controller.php подключён.
2013-05-06 17:04:04 Файл C:/Program Files/Zend/Apache2/htdocs/wings/Applications/FrontEnd/Error/View.php подключён.
2013-05-06 17:04:06 Файл C:/Program Files/Zend/Apache2/htdocs/wings/Wings/Logs.php подключён.
2013-05-06 17:04:06 Файл C:/Program Files/Zend/Apache2/htdocs/wings/Wings/Header.php подключён.
2013-05-06 17:04:06 Файл C:/Program Files/Zend/Apache2/htdocs/wings/Wings/DB.php подключён.
2013-05-06 17:04:06 Файл C:/Program Files/Zend/Apache2/htdocs/wings/Applications/FrontEnd/Workspace.php подключён.
2013-05-06 17:04:06 Файл C:/Program Files/Zend/Apache2/htdocs/wings/Applications/FrontEnd/FrontEndModel.php подключён.
2013-05-06 17:04:06 Файл C:/Program Files/Zend/Apache2/htdocs/wings/Applications/FrontEnd/Error/Controller.php подключён.
2013-05-06 17:04:06 Файл C:/Program Files/Zend/Apache2/htdocs/wings/Applications/FrontEnd/Error/View.php подключён.
2013-05-06 17:04:22 Файл C:/Program Files/Zend/Apache2/htdocs/wings/Wings/Logs.php подключён.
2013-05-06 17:04:22 Файл C:/Program Files/Zend/Apache2/htdocs/wings/Wings/Header.php подключён.
2013-05-06 17:04:22 Файл C:/Program Files/Zend/Apache2/htdocs/wings/Wings/DB.php подключён.
2013-05-06 17:04:22 Файл C:/Program Files/Zend/Apache2/htdocs/wings/Applications/FrontEnd/Workspace.php подключён.
2013-05-06 17:04:22 Файл C:/Program Files/Zend/Apache2/htdocs/wings/Applications/FrontEnd/FrontEndModel.php подключён.
2013-05-06 17:04:22 Файл C:/Program Files/Zend/Apache2/htdocs/wings/Applications/FrontEnd/Error/Controller.php подключён.
2013-05-06 17:04:22 Файл C:/Program Files/Zend/Apache2/htdocs/wings/Applications/FrontEnd/Error/View.php подключён.
2013-05-06 17:04:22 Файл C:/Program Files/Zend/Apache2/htdocs/wings/Smarty_Internal_TemplateCompilerBase.php не найден.
2013-05-06 17:04:22 Файл C:/Program Files/Zend/Apache2/htdocs/wings/Smarty_Internal_Templatelexer.php не найден.
2013-05-06 17:04:22 Файл C:/Program Files/Zend/Apache2/htdocs/wings/Smarty_Internal_Templateparser.php не найден.
2013-05-06 17:04:22 Файл C:/Program Files/Zend/Apache2/htdocs/wings/Smarty_Internal_CompileBase.php не найден.
2013-05-06 17:04:22 Файл C:/Program Files/Zend/Apache2/htdocs/wings/Smarty_Internal_Write_File.php не найден.
2013-05-06 17:04:23 Файл C:/Program Files/Zend/Apache2/htdocs/wings/Wings/Logs.php подключён.
2013-05-06 17:04:23 Файл C:/Program Files/Zend/Apache2/htdocs/wings/Wings/Header.php подключён.
2013-05-06 17:04:23 Файл C:/Program Files/Zend/Apache2/htdocs/wings/Wings/DB.php подключён.
2013-05-06 17:04:23 Файл C:/Program Files/Zend/Apache2/htdocs/wings/Applications/FrontEnd/Workspace.php подключён.
2013-05-06 17:04:23 Файл C:/Program Files/Zend/Apache2/htdocs/wings/Applications/FrontEnd/FrontEndModel.php подключён.
2013-05-06 17:04:23 Файл C:/Program Files/Zend/Apache2/htdocs/wings/Applications/FrontEnd/Error/Controller.php подключён.
2013-05-06 17:04:23 Файл C:/Program Files/Zend/Apache2/htdocs/wings/Applications/FrontEnd/Error/View.php подключён.
2013-05-06 17:04:23 Файл C:/Program Files/Zend/Apache2/htdocs/wings/Smarty_Internal_TemplateCompilerBase.php не найден.
2013-05-06 17:04:23 Файл C:/Program Files/Zend/Apache2/htdocs/wings/Smarty_Internal_Templatelexer.php не найден.
2013-05-06 17:04:23 Файл C:/Program Files/Zend/Apache2/htdocs/wings/Smarty_Internal_Templateparser.php не найден.
2013-05-06 17:04:23 Файл C:/Program Files/Zend/Apache2/htdocs/wings/Smarty_Internal_CompileBase.php не найден.
2013-05-06 17:04:23 Файл C:/Program Files/Zend/Apache2/htdocs/wings/Smarty_Internal_Write_File.php не найден.
2013-05-06 17:04:33 Файл C:/Program Files/Zend/Apache2/htdocs/wings/Wings/Logs.php подключён.
2013-05-06 17:04:33 Файл C:/Program Files/Zend/Apache2/htdocs/wings/Wings/Header.php подключён.
2013-05-06 17:04:33 Файл C:/Program Files/Zend/Apache2/htdocs/wings/Wings/DB.php подключён.
2013-05-06 17:04:33 Файл C:/Program Files/Zend/Apache2/htdocs/wings/Applications/FrontEnd/Workspace.php подключён.
2013-05-06 17:04:33 Файл C:/Program Files/Zend/Apache2/htdocs/wings/Applications/FrontEnd/FrontEndModel.php подключён.
2013-05-06 17:04:33 Файл C:/Program Files/Zend/Apache2/htdocs/wings/Applications/FrontEnd/Error/Controller.php подключён.
2013-05-06 17:04:33 Файл C:/Program Files/Zend/Apache2/htdocs/wings/Applications/FrontEnd/Error/View.php подключён.
2013-05-06 17:04:41 Файл C:/Program Files/Zend/Apache2/htdocs/wings/Wings/Logs.php подключён.
2013-05-06 17:04:41 Файл C:/Program Files/Zend/Apache2/htdocs/wings/Wings/Header.php подключён.
2013-05-06 17:04:41 Файл C:/Program Files/Zend/Apache2/htdocs/wings/Wings/DB.php подключён.
2013-05-06 17:04:41 Файл C:/Program Files/Zend/Apache2/htdocs/wings/Applications/FrontEnd/Workspace.php подключён.
2013-05-06 17:04:41 Файл C:/Program Files/Zend/Apache2/htdocs/wings/Applications/FrontEnd/FrontEndModel.php подключён.
2013-05-06 17:04:41 Файл C:/Program Files/Zend/Apache2/htdocs/wings/Applications/FrontEnd/Error/Controller.php подключён.
2013-05-06 17:04:41 Файл C:/Program Files/Zend/Apache2/htdocs/wings/Applications/FrontEnd/Error/View.php подключён.
2013-05-06 17:04:41 Файл C:/Program Files/Zend/Apache2/htdocs/wings/Smarty_Internal_TemplateCompilerBase.php не найден.
2013-05-06 17:04:41 Файл C:/Program Files/Zend/Apache2/htdocs/wings/Smarty_Internal_Templatelexer.php не найден.
2013-05-06 17:04:41 Файл C:/Program Files/Zend/Apache2/htdocs/wings/Smarty_Internal_Templateparser.php не найден.
2013-05-06 17:04:41 Файл C:/Program Files/Zend/Apache2/htdocs/wings/Smarty_Internal_CompileBase.php не найден.
2013-05-06 17:04:41 Файл C:/Program Files/Zend/Apache2/htdocs/wings/Smarty_Internal_Write_File.php не найден.
2013-05-06 17:04:43 Файл C:/Program Files/Zend/Apache2/htdocs/wings/Wings/Logs.php подключён.
2013-05-06 17:04:43 Файл C:/Program Files/Zend/Apache2/htdocs/wings/Wings/Header.php подключён.
2013-05-06 17:04:43 Файл C:/Program Files/Zend/Apache2/htdocs/wings/Wings/DB.php подключён.
2013-05-06 17:04:43 Файл C:/Program Files/Zend/Apache2/htdocs/wings/Applications/FrontEnd/Workspace.php подключён.
2013-05-06 17:04:43 Файл C:/Program Files/Zend/Apache2/htdocs/wings/Applications/FrontEnd/FrontEndModel.php подключён.
2013-05-06 17:04:43 Файл C:/Program Files/Zend/Apache2/htdocs/wings/Applications/FrontEnd/Error/Controller.php подключён.
2013-05-06 17:04:43 Файл C:/Program Files/Zend/Apache2/htdocs/wings/Applications/FrontEnd/Error/View.php подключён.
2013-05-06 17:04:43 Файл C:/Program Files/Zend/Apache2/htdocs/wings/Smarty_Internal_TemplateCompilerBase.php не найден.
2013-05-06 17:04:43 Файл C:/Program Files/Zend/Apache2/htdocs/wings/Smarty_Internal_Templatelexer.php не найден.
2013-05-06 17:04:43 Файл C:/Program Files/Zend/Apache2/htdocs/wings/Smarty_Internal_Templateparser.php не найден.
2013-05-06 17:04:43 Файл C:/Program Files/Zend/Apache2/htdocs/wings/Smarty_Internal_CompileBase.php не найден.
2013-05-06 17:04:43 Файл C:/Program Files/Zend/Apache2/htdocs/wings/Smarty_Internal_Write_File.php не найден.
2013-05-06 17:04:45 Файл C:/Program Files/Zend/Apache2/htdocs/wings/Wings/Logs.php подключён.
2013-05-06 17:04:45 Файл C:/Program Files/Zend/Apache2/htdocs/wings/Wings/Header.php подключён.
2013-05-06 17:04:45 Файл C:/Program Files/Zend/Apache2/htdocs/wings/Wings/DB.php подключён.
2013-05-06 17:04:45 Файл C:/Program Files/Zend/Apache2/htdocs/wings/Applications/FrontEnd/Workspace.php подключён.
2013-05-06 17:04:45 Файл C:/Program Files/Zend/Apache2/htdocs/wings/Applications/FrontEnd/FrontEndModel.php подключён.
2013-05-06 17:04:45 Файл C:/Program Files/Zend/Apache2/htdocs/wings/Applications/FrontEnd/Error/Controller.php подключён.
2013-05-06 17:04:45 Файл C:/Program Files/Zend/Apache2/htdocs/wings/Applications/FrontEnd/Error/View.php подключён.
2013-05-06 17:04:51 Файл C:/Program Files/Zend/Apache2/htdocs/wings/Wings/Logs.php подключён.
2013-05-06 17:04:51 Файл C:/Program Files/Zend/Apache2/htdocs/wings/Wings/Header.php подключён.
2013-05-06 17:04:51 Файл C:/Program Files/Zend/Apache2/htdocs/wings/Wings/DB.php подключён.
2013-05-06 17:04:51 Файл C:/Program Files/Zend/Apache2/htdocs/wings/Applications/FrontEnd/Workspace.php подключён.
2013-05-06 17:04:51 Файл C:/Program Files/Zend/Apache2/htdocs/wings/Applications/FrontEnd/FrontEndModel.php подключён.
2013-05-06 17:04:51 Файл C:/Program Files/Zend/Apache2/htdocs/wings/Applications/FrontEnd/Error/Controller.php подключён.
2013-05-06 17:04:51 Файл C:/Program Files/Zend/Apache2/htdocs/wings/Applications/FrontEnd/Error/View.php подключён.
2013-05-06 17:04:51 Файл C:/Program Files/Zend/Apache2/htdocs/wings/Smarty_Internal_TemplateCompilerBase.php не найден.
2013-05-06 17:04:51 Файл C:/Program Files/Zend/Apache2/htdocs/wings/Smarty_Internal_Templatelexer.php не найден.
2013-05-06 17:04:51 Файл C:/Program Files/Zend/Apache2/htdocs/wings/Smarty_Internal_Templateparser.php не найден.
2013-05-06 17:04:51 Файл C:/Program Files/Zend/Apache2/htdocs/wings/Smarty_Internal_CompileBase.php не найден.
2013-05-06 17:04:51 Файл C:/Program Files/Zend/Apache2/htdocs/wings/Smarty_Internal_Write_File.php не найден.
2013-05-06 17:04:53 Файл C:/Program Files/Zend/Apache2/htdocs/wings/Wings/Logs.php подключён.
2013-05-06 17:04:53 Файл C:/Program Files/Zend/Apache2/htdocs/wings/Wings/Header.php подключён.
2013-05-06 17:04:53 Файл C:/Program Files/Zend/Apache2/htdocs/wings/Wings/DB.php подключён.
2013-05-06 17:04:53 Файл C:/Program Files/Zend/Apache2/htdocs/wings/Applications/FrontEnd/Workspace.php подключён.
2013-05-06 17:04:53 Файл C:/Program Files/Zend/Apache2/htdocs/wings/Applications/FrontEnd/FrontEndModel.php подключён.
2013-05-06 17:04:53 Файл C:/Program Files/Zend/Apache2/htdocs/wings/Applications/FrontEnd/Error/Controller.php подключён.
2013-05-06 17:04:53 Файл C:/Program Files/Zend/Apache2/htdocs/wings/Applications/FrontEnd/Error/View.php подключён.
2013-05-06 17:04:53 Файл C:/Program Files/Zend/Apache2/htdocs/wings/Smarty_Internal_TemplateCompilerBase.php не найден.
2013-05-06 17:04:53 Файл C:/Program Files/Zend/Apache2/htdocs/wings/Smarty_Internal_Templatelexer.php не найден.
2013-05-06 17:04:53 Файл C:/Program Files/Zend/Apache2/htdocs/wings/Smarty_Internal_Templateparser.php не найден.
2013-05-06 17:04:53 Файл C:/Program Files/Zend/Apache2/htdocs/wings/Smarty_Internal_CompileBase.php не найден.
2013-05-06 17:04:53 Файл C:/Program Files/Zend/Apache2/htdocs/wings/Smarty_Internal_Write_File.php не найден.
2013-05-06 17:04:54 Файл C:/Program Files/Zend/Apache2/htdocs/wings/Wings/Logs.php подключён.
2013-05-06 17:04:54 Файл C:/Program Files/Zend/Apache2/htdocs/wings/Wings/Header.php подключён.
2013-05-06 17:04:54 Файл C:/Program Files/Zend/Apache2/htdocs/wings/Wings/DB.php подключён.
2013-05-06 17:04:54 Файл C:/Program Files/Zend/Apache2/htdocs/wings/Applications/FrontEnd/Workspace.php подключён.
2013-05-06 17:04:54 Файл C:/Program Files/Zend/Apache2/htdocs/wings/Applications/FrontEnd/FrontEndModel.php подключён.
2013-05-06 17:04:54 Файл C:/Program Files/Zend/Apache2/htdocs/wings/Applications/FrontEnd/Error/Controller.php подключён.
2013-05-06 17:04:54 Файл C:/Program Files/Zend/Apache2/htdocs/wings/Applications/FrontEnd/Error/View.php подключён.
2013-05-06 17:04:57 Файл C:/Program Files/Zend/Apache2/htdocs/wings/Wings/Logs.php подключён.
2013-05-06 17:04:57 Файл C:/Program Files/Zend/Apache2/htdocs/wings/Wings/Header.php подключён.
2013-05-06 17:04:57 Файл C:/Program Files/Zend/Apache2/htdocs/wings/Wings/DB.php подключён.
2013-05-06 17:04:57 Файл C:/Program Files/Zend/Apache2/htdocs/wings/Applications/FrontEnd/Workspace.php подключён.
2013-05-06 17:04:57 Файл C:/Program Files/Zend/Apache2/htdocs/wings/Applications/FrontEnd/FrontEndModel.php подключён.
2013-05-06 17:04:57 Файл C:/Program Files/Zend/Apache2/htdocs/wings/Applications/FrontEnd/Error/Controller.php подключён.
2013-05-06 17:04:57 Файл C:/Program Files/Zend/Apache2/htdocs/wings/Applications/FrontEnd/Error/View.php подключён.
2013-05-06 17:44:15 Файл C:/Program Files/Zend/Apache2/htdocs/wings/Wings/Logs.php подключён.
2013-05-06 17:44:15 Файл C:/Program Files/Zend/Apache2/htdocs/wings/Wings/Header.php подключён.
2013-05-06 17:44:15 Файл C:/Program Files/Zend/Apache2/htdocs/wings/Wings/DB.php подключён.
2013-05-06 17:44:15 Файл C:/Program Files/Zend/Apache2/htdocs/wings/Applications/FrontEnd/Workspace.php подключён.
2013-05-06 17:44:15 Файл C:/Program Files/Zend/Apache2/htdocs/wings/Applications/FrontEnd/FrontEndModel.php подключён.
2013-05-06 17:44:15 Файл C:/Program Files/Zend/Apache2/htdocs/wings/Applications/FrontEnd/Error/Controller.php подключён.
2013-05-06 17:44:15 Файл C:/Program Files/Zend/Apache2/htdocs/wings/Applications/FrontEnd/Error/View.php подключён.
2013-05-06 17:44:23 Файл C:/Program Files/Zend/Apache2/htdocs/wings/Wings/Logs.php подключён.
2013-05-06 17:44:23 Файл C:/Program Files/Zend/Apache2/htdocs/wings/Wings/Header.php подключён.
2013-05-06 17:44:23 Файл C:/Program Files/Zend/Apache2/htdocs/wings/Wings/DB.php подключён.
2013-05-06 17:44:23 Файл C:/Program Files/Zend/Apache2/htdocs/wings/Applications/FrontEnd/Workspace.php подключён.
2013-05-06 17:44:23 Файл C:/Program Files/Zend/Apache2/htdocs/wings/Applications/FrontEnd/FrontEndModel.php подключён.
2013-05-06 17:44:23 Файл C:/Program Files/Zend/Apache2/htdocs/wings/Applications/FrontEnd/Error/Controller.php подключён.
2013-05-06 17:44:23 Файл C:/Program Files/Zend/Apache2/htdocs/wings/Applications/FrontEnd/Error/View.php подключён.
2013-05-06 17:44:51 Файл C:/Program Files/Zend/Apache2/htdocs/wings/Wings/Logs.php подключён.
2013-05-06 17:44:51 Файл C:/Program Files/Zend/Apache2/htdocs/wings/Wings/Header.php подключён.
2013-05-06 17:44:51 Файл C:/Program Files/Zend/Apache2/htdocs/wings/Wings/DB.php подключён.
2013-05-06 17:44:51 Файл C:/Program Files/Zend/Apache2/htdocs/wings/Applications/FrontEnd/Workspace.php подключён.
2013-05-06 17:44:51 Файл C:/Program Files/Zend/Apache2/htdocs/wings/Applications/FrontEnd/FrontEndModel.php подключён.
2013-05-06 17:44:51 Файл C:/Program Files/Zend/Apache2/htdocs/wings/Applications/FrontEnd/Error/Controller.php подключён.
2013-05-06 17:44:51 Файл C:/Program Files/Zend/Apache2/htdocs/wings/Applications/FrontEnd/Error/View.php подключён.
2013-05-06 17:44:53 Файл C:/Program Files/Zend/Apache2/htdocs/wings/Wings/Logs.php подключён.
2013-05-06 17:44:53 Файл C:/Program Files/Zend/Apache2/htdocs/wings/Wings/Header.php подключён.
2013-05-06 17:44:53 Файл C:/Program Files/Zend/Apache2/htdocs/wings/Wings/DB.php подключён.
2013-05-06 17:44:53 Файл C:/Program Files/Zend/Apache2/htdocs/wings/Applications/FrontEnd/Workspace.php подключён.
2013-05-06 17:44:53 Файл C:/Program Files/Zend/Apache2/htdocs/wings/Applications/FrontEnd/FrontEndModel.php подключён.
2013-05-06 17:44:53 Файл C:/Program Files/Zend/Apache2/htdocs/wings/Applications/FrontEnd/Error/Controller.php подключён.
2013-05-06 17:44:53 Файл C:/Program Files/Zend/Apache2/htdocs/wings/Applications/FrontEnd/Error/View.php подключён.
