2013-05-08 09:03:59 Файл C:/Program Files (x86)/Zend/Apache2/htdocs/wings/Wings/Logs.php подключён.
2013-05-08 09:03:59 Файл C:/Program Files (x86)/Zend/Apache2/htdocs/wings/Wings/Header.php подключён.
2013-05-08 09:03:59 Файл C:/Program Files (x86)/Zend/Apache2/htdocs/wings/Wings/DB.php подключён.
2013-05-08 09:03:59 Файл C:/Program Files (x86)/Zend/Apache2/htdocs/wings/Applications/FrontEnd/Workspace.php подключён.
2013-05-08 09:03:59 Файл C:/Program Files (x86)/Zend/Apache2/htdocs/wings/Applications/FrontEnd/FrontEndModel.php подключён.
2013-05-08 09:04:00 Файл C:/Program Files (x86)/Zend/Apache2/htdocs/wings/Applications/FrontEnd/Error/Controller.php подключён.
2013-05-08 09:04:00 Файл C:/Program Files (x86)/Zend/Apache2/htdocs/wings/Applications/FrontEnd/Error/View.php подключён.
2013-05-08 09:04:00 Файл C:/Program Files (x86)/Zend/Apache2/htdocs/wings/Wings/Logs.php подключён.
2013-05-08 09:04:00 Файл C:/Program Files (x86)/Zend/Apache2/htdocs/wings/Wings/Header.php подключён.
2013-05-08 09:04:00 Файл C:/Program Files (x86)/Zend/Apache2/htdocs/wings/Wings/DB.php подключён.
2013-05-08 09:04:00 Файл C:/Program Files (x86)/Zend/Apache2/htdocs/wings/Applications/FrontEnd/Workspace.php подключён.
2013-05-08 09:04:00 Файл C:/Program Files (x86)/Zend/Apache2/htdocs/wings/Applications/FrontEnd/FrontEndModel.php подключён.
2013-05-08 09:04:00 Файл C:/Program Files (x86)/Zend/Apache2/htdocs/wings/Applications/FrontEnd/Error/Controller.php подключён.
2013-05-08 09:04:00 Файл C:/Program Files (x86)/Zend/Apache2/htdocs/wings/Applications/FrontEnd/Error/View.php подключён.
2013-05-08 10:27:26 Файл C:/Program Files (x86)/Zend/Apache2/htdocs/wings/Wings/Logs.php подключён.
2013-05-08 10:27:26 Файл C:/Program Files (x86)/Zend/Apache2/htdocs/wings/Wings/Header.php подключён.
2013-05-08 10:30:00 Файл C:/Program Files (x86)/Zend/Apache2/htdocs/wings/Wings/Logs.php подключён.
2013-05-08 10:30:00 Файл C:/Program Files (x86)/Zend/Apache2/htdocs/wings/Wings/Header.php подключён.
2013-05-08 10:32:51 Файл C:/Program Files (x86)/Zend/Apache2/htdocs/wings/Wings/Logs.php подключён.
2013-05-08 10:32:51 Файл C:/Program Files (x86)/Zend/Apache2/htdocs/wings/Wings/Header.php подключён.
2013-05-08 10:32:51 Файл C:/Program Files (x86)/Zend/Apache2/htdocs/wings/Wings/DB.php подключён.
2013-05-08 10:32:52 Файл C:/Program Files (x86)/Zend/Apache2/htdocs/wings/Applications/FrontEnd/Workspace.php подключён.
2013-05-08 10:32:52 Файл C:/Program Files (x86)/Zend/Apache2/htdocs/wings/Applications/FrontEnd/FrontEndModel.php подключён.
2013-05-08 10:32:52 Файл C:/Program Files (x86)/Zend/Apache2/htdocs/wings/Applications/FrontEnd/Error/Controller.php подключён.
2013-05-08 10:32:52 Файл C:/Program Files (x86)/Zend/Apache2/htdocs/wings/Applications/FrontEnd/Error/View.php подключён.
2013-05-08 10:32:52 Файл C:/Program Files (x86)/Zend/Apache2/htdocs/wings/Wings/Logs.php подключён.
2013-05-08 10:32:52 Файл C:/Program Files (x86)/Zend/Apache2/htdocs/wings/Wings/Header.php подключён.
2013-05-08 10:32:52 Файл C:/Program Files (x86)/Zend/Apache2/htdocs/wings/Wings/DB.php подключён.
2013-05-08 10:32:52 Файл C:/Program Files (x86)/Zend/Apache2/htdocs/wings/Applications/FrontEnd/Workspace.php подключён.
2013-05-08 10:32:52 Файл C:/Program Files (x86)/Zend/Apache2/htdocs/wings/Applications/FrontEnd/FrontEndModel.php подключён.
2013-05-08 10:32:52 Файл C:/Program Files (x86)/Zend/Apache2/htdocs/wings/Applications/FrontEnd/Error/Controller.php подключён.
2013-05-08 10:32:52 Файл C:/Program Files (x86)/Zend/Apache2/htdocs/wings/Applications/FrontEnd/Error/View.php подключён.
2013-05-08 10:33:38 Файл C:/Program Files (x86)/Zend/Apache2/htdocs/wings/Wings/Logs.php подключён.
2013-05-08 10:33:38 Файл C:/Program Files (x86)/Zend/Apache2/htdocs/wings/Wings/Header.php подключён.
2013-05-08 10:33:38 Файл C:/Program Files (x86)/Zend/Apache2/htdocs/wings/Wings/DB.php подключён.
2013-05-08 10:33:38 Файл C:/Program Files (x86)/Zend/Apache2/htdocs/wings/Applications/FrontEnd/Workspace.php подключён.
2013-05-08 10:33:38 Файл C:/Program Files (x86)/Zend/Apache2/htdocs/wings/Applications/FrontEnd/FrontEndModel.php подключён.
2013-05-08 10:33:38 Файл C:/Program Files (x86)/Zend/Apache2/htdocs/wings/Applications/FrontEnd/Error/Controller.php подключён.
2013-05-08 10:33:38 Файл C:/Program Files (x86)/Zend/Apache2/htdocs/wings/Applications/FrontEnd/Error/View.php подключён.
2013-05-08 10:33:39 Файл C:/Program Files (x86)/Zend/Apache2/htdocs/wings/Wings/Logs.php подключён.
2013-05-08 10:33:39 Файл C:/Program Files (x86)/Zend/Apache2/htdocs/wings/Wings/Header.php подключён.
2013-05-08 10:33:39 Файл C:/Program Files (x86)/Zend/Apache2/htdocs/wings/Wings/DB.php подключён.
2013-05-08 10:33:39 Файл C:/Program Files (x86)/Zend/Apache2/htdocs/wings/Applications/FrontEnd/Workspace.php подключён.
2013-05-08 10:33:39 Файл C:/Program Files (x86)/Zend/Apache2/htdocs/wings/Applications/FrontEnd/FrontEndModel.php подключён.
2013-05-08 10:33:39 Файл C:/Program Files (x86)/Zend/Apache2/htdocs/wings/Applications/FrontEnd/Error/Controller.php подключён.
2013-05-08 10:33:39 Файл C:/Program Files (x86)/Zend/Apache2/htdocs/wings/Applications/FrontEnd/Error/View.php подключён.
2013-05-08 10:33:43 Файл C:/Program Files (x86)/Zend/Apache2/htdocs/wings/Wings/Logs.php подключён.
2013-05-08 10:33:43 Файл C:/Program Files (x86)/Zend/Apache2/htdocs/wings/Wings/Header.php подключён.
2013-05-08 10:33:43 Файл C:/Program Files (x86)/Zend/Apache2/htdocs/wings/Wings/DB.php подключён.
2013-05-08 10:33:43 Файл C:/Program Files (x86)/Zend/Apache2/htdocs/wings/Applications/FrontEnd/Workspace.php подключён.
2013-05-08 10:33:43 Файл C:/Program Files (x86)/Zend/Apache2/htdocs/wings/Applications/FrontEnd/FrontEndModel.php подключён.
2013-05-08 10:33:43 Файл C:/Program Files (x86)/Zend/Apache2/htdocs/wings/Applications/FrontEnd/Index/Controller.php подключён.
2013-05-08 10:33:43 Файл C:/Program Files (x86)/Zend/Apache2/htdocs/wings/Applications/FrontEnd/Index/View.php подключён.
2013-05-08 10:33:46 Файл C:/Program Files (x86)/Zend/Apache2/htdocs/wings/Wings/Logs.php подключён.
2013-05-08 10:33:46 Файл C:/Program Files (x86)/Zend/Apache2/htdocs/wings/Wings/Header.php подключён.
2013-05-08 10:33:46 Файл C:/Program Files (x86)/Zend/Apache2/htdocs/wings/Wings/Logs.php подключён.
2013-05-08 10:33:46 Файл C:/Program Files (x86)/Zend/Apache2/htdocs/wings/Wings/Header.php подключён.
2013-05-08 10:33:46 Файл C:/Program Files (x86)/Zend/Apache2/htdocs/wings/Wings/DB.php подключён.
2013-05-08 10:33:46 Файл C:/Program Files (x86)/Zend/Apache2/htdocs/wings/Applications/FrontEnd/Workspace.php подключён.
2013-05-08 10:33:46 Файл C:/Program Files (x86)/Zend/Apache2/htdocs/wings/Applications/FrontEnd/FrontEndModel.php подключён.
2013-05-08 10:33:46 Файл C:/Program Files (x86)/Zend/Apache2/htdocs/wings/Applications/FrontEnd/Index/Controller.php подключён.
2013-05-08 10:33:46 Файл C:/Program Files (x86)/Zend/Apache2/htdocs/wings/Applications/FrontEnd/Index/View.php подключён.
2013-05-08 10:45:30 Файл C:/Program Files (x86)/Zend/Apache2/htdocs/wings/Wings/Logs.php подключён.
2013-05-08 10:45:30 Файл C:/Program Files (x86)/Zend/Apache2/htdocs/wings/Wings/Header.php подключён.
2013-05-08 10:45:30 Файл C:/Program Files (x86)/Zend/Apache2/htdocs/wings/Wings/Logs.php подключён.
2013-05-08 10:45:30 Файл C:/Program Files (x86)/Zend/Apache2/htdocs/wings/Wings/Header.php подключён.
2013-05-08 10:45:30 Файл C:/Program Files (x86)/Zend/Apache2/htdocs/wings/Wings/DB.php подключён.
2013-05-08 10:45:30 Файл C:/Program Files (x86)/Zend/Apache2/htdocs/wings/Applications/FrontEnd/Workspace.php подключён.
2013-05-08 10:45:30 Файл C:/Program Files (x86)/Zend/Apache2/htdocs/wings/Applications/FrontEnd/FrontEndModel.php подключён.
2013-05-08 10:45:30 Файл C:/Program Files (x86)/Zend/Apache2/htdocs/wings/Applications/FrontEnd/Index/Controller.php подключён.
2013-05-08 10:45:30 Файл C:/Program Files (x86)/Zend/Apache2/htdocs/wings/Applications/FrontEnd/Index/View.php подключён.
2013-05-08 10:46:13 Файл C:/Program Files (x86)/Zend/Apache2/htdocs/wings/Wings/Logs.php подключён.
2013-05-08 10:46:13 Файл C:/Program Files (x86)/Zend/Apache2/htdocs/wings/Wings/Header.php подключён.
2013-05-08 10:46:13 Файл C:/Program Files (x86)/Zend/Apache2/htdocs/wings/Wings/DB.php подключён.
2013-05-08 10:46:13 Файл C:/Program Files (x86)/Zend/Apache2/htdocs/wings/Applications/FrontEnd/Workspace.php подключён.
2013-05-08 10:46:13 Файл C:/Program Files (x86)/Zend/Apache2/htdocs/wings/Applications/FrontEnd/FrontEndModel.php подключён.
2013-05-08 10:46:13 Файл C:/Program Files (x86)/Zend/Apache2/htdocs/wings/Applications/FrontEnd/Index/Controller.php подключён.
2013-05-08 10:46:13 Файл C:/Program Files (x86)/Zend/Apache2/htdocs/wings/Applications/FrontEnd/Index/View.php подключён.
2013-05-08 10:46:46 Файл C:/Program Files (x86)/Zend/Apache2/htdocs/wings/Wings/Logs.php подключён.
2013-05-08 10:46:46 Файл C:/Program Files (x86)/Zend/Apache2/htdocs/wings/Wings/Header.php подключён.
2013-05-08 10:46:46 Файл C:/Program Files (x86)/Zend/Apache2/htdocs/wings/Wings/DB.php подключён.
2013-05-08 10:46:46 Файл C:/Program Files (x86)/Zend/Apache2/htdocs/wings/Applications/FrontEnd/Workspace.php подключён.
2013-05-08 10:46:46 Файл C:/Program Files (x86)/Zend/Apache2/htdocs/wings/Applications/FrontEnd/FrontEndModel.php подключён.
2013-05-08 10:46:46 Файл C:/Program Files (x86)/Zend/Apache2/htdocs/wings/Applications/FrontEnd/Index/Controller.php подключён.
2013-05-08 10:46:46 Файл C:/Program Files (x86)/Zend/Apache2/htdocs/wings/Applications/FrontEnd/Index/View.php подключён.
2013-05-08 10:47:14 Файл C:/Program Files (x86)/Zend/Apache2/htdocs/wings/Wings/Logs.php подключён.
2013-05-08 10:47:14 Файл C:/Program Files (x86)/Zend/Apache2/htdocs/wings/Wings/Header.php подключён.
2013-05-08 10:47:14 Файл C:/Program Files (x86)/Zend/Apache2/htdocs/wings/Wings/DB.php подключён.
2013-05-08 10:47:14 Файл C:/Program Files (x86)/Zend/Apache2/htdocs/wings/Applications/FrontEnd/Workspace.php подключён.
2013-05-08 10:47:14 Файл C:/Program Files (x86)/Zend/Apache2/htdocs/wings/Applications/FrontEnd/FrontEndModel.php подключён.
2013-05-08 10:47:14 Файл C:/Program Files (x86)/Zend/Apache2/htdocs/wings/Applications/FrontEnd/Index/Controller.php подключён.
2013-05-08 10:47:14 Файл C:/Program Files (x86)/Zend/Apache2/htdocs/wings/Applications/FrontEnd/Index/View.php подключён.
2013-05-08 10:47:17 Файл C:/Program Files (x86)/Zend/Apache2/htdocs/wings/Wings/Logs.php подключён.
2013-05-08 10:47:17 Файл C:/Program Files (x86)/Zend/Apache2/htdocs/wings/Wings/Header.php подключён.
2013-05-08 10:47:17 Файл C:/Program Files (x86)/Zend/Apache2/htdocs/wings/Wings/DB.php подключён.
2013-05-08 10:47:17 Файл C:/Program Files (x86)/Zend/Apache2/htdocs/wings/Applications/FrontEnd/Workspace.php подключён.
2013-05-08 10:47:17 Файл C:/Program Files (x86)/Zend/Apache2/htdocs/wings/Applications/FrontEnd/FrontEndModel.php подключён.
2013-05-08 10:47:17 Файл C:/Program Files (x86)/Zend/Apache2/htdocs/wings/Applications/FrontEnd/Error/Controller.php подключён.
2013-05-08 10:47:17 Файл C:/Program Files (x86)/Zend/Apache2/htdocs/wings/Applications/FrontEnd/Error/View.php подключён.
2013-05-08 11:06:06 Файл C:/Program Files (x86)/Zend/Apache2/htdocs/wings/Wings/Logs.php подключён.
2013-05-08 11:06:06 Файл C:/Program Files (x86)/Zend/Apache2/htdocs/wings/Wings/Header.php подключён.
2013-05-08 11:06:06 Файл C:/Program Files (x86)/Zend/Apache2/htdocs/wings/Wings/DB.php подключён.
2013-05-08 11:06:06 Файл C:/Program Files (x86)/Zend/Apache2/htdocs/wings/Applications/FrontEnd/Workspace.php подключён.
2013-05-08 11:06:06 Файл C:/Program Files (x86)/Zend/Apache2/htdocs/wings/Applications/FrontEnd/FrontEndModel.php подключён.
2013-05-08 11:06:06 Файл C:/Program Files (x86)/Zend/Apache2/htdocs/wings/Applications/FrontEnd/Error/Controller.php подключён.
2013-05-08 11:06:06 Файл C:/Program Files (x86)/Zend/Apache2/htdocs/wings/Applications/FrontEnd/Error/View.php подключён.
2013-05-08 11:06:08 Файл C:/Program Files (x86)/Zend/Apache2/htdocs/wings/Wings/Logs.php подключён.
2013-05-08 11:06:08 Файл C:/Program Files (x86)/Zend/Apache2/htdocs/wings/Wings/Header.php подключён.
2013-05-08 11:06:08 Файл C:/Program Files (x86)/Zend/Apache2/htdocs/wings/Wings/DB.php подключён.
2013-05-08 11:06:08 Файл C:/Program Files (x86)/Zend/Apache2/htdocs/wings/Applications/FrontEnd/Workspace.php подключён.
2013-05-08 11:06:08 Файл C:/Program Files (x86)/Zend/Apache2/htdocs/wings/Applications/FrontEnd/FrontEndModel.php подключён.
2013-05-08 11:06:08 Файл C:/Program Files (x86)/Zend/Apache2/htdocs/wings/Applications/FrontEnd/Error/Controller.php подключён.
2013-05-08 11:06:08 Файл C:/Program Files (x86)/Zend/Apache2/htdocs/wings/Applications/FrontEnd/Error/View.php подключён.
2013-05-08 11:06:33 Файл C:/Program Files (x86)/Zend/Apache2/htdocs/wings/Wings/Logs.php подключён.
2013-05-08 11:06:33 Файл C:/Program Files (x86)/Zend/Apache2/htdocs/wings/Wings/Header.php подключён.
2013-05-08 11:06:33 Файл C:/Program Files (x86)/Zend/Apache2/htdocs/wings/Wings/DB.php подключён.
2013-05-08 11:06:33 Файл C:/Program Files (x86)/Zend/Apache2/htdocs/wings/Applications/FrontEnd/Workspace.php подключён.
2013-05-08 11:06:33 Файл C:/Program Files (x86)/Zend/Apache2/htdocs/wings/Applications/FrontEnd/FrontEndModel.php подключён.
2013-05-08 11:06:33 Файл C:/Program Files (x86)/Zend/Apache2/htdocs/wings/Applications/FrontEnd/Index/Controller.php подключён.
2013-05-08 11:06:33 Файл C:/Program Files (x86)/Zend/Apache2/htdocs/wings/Applications/FrontEnd/Index/View.php подключён.
2013-05-08 11:06:38 Файл C:/Program Files (x86)/Zend/Apache2/htdocs/wings/Wings/Logs.php подключён.
2013-05-08 11:06:38 Файл C:/Program Files (x86)/Zend/Apache2/htdocs/wings/Wings/Header.php подключён.
2013-05-08 11:06:38 Файл C:/Program Files (x86)/Zend/Apache2/htdocs/wings/Wings/DB.php подключён.
2013-05-08 11:06:38 Файл C:/Program Files (x86)/Zend/Apache2/htdocs/wings/Applications/FrontEnd/Workspace.php подключён.
2013-05-08 11:06:38 Файл C:/Program Files (x86)/Zend/Apache2/htdocs/wings/Applications/FrontEnd/FrontEndModel.php подключён.
2013-05-08 11:06:38 Файл C:/Program Files (x86)/Zend/Apache2/htdocs/wings/Applications/FrontEnd/Index/Controller.php подключён.
2013-05-08 11:06:38 Файл C:/Program Files (x86)/Zend/Apache2/htdocs/wings/Applications/FrontEnd/Index/View.php подключён.
2013-05-08 13:42:14 Файл C:/Program Files (x86)/Zend/Apache2/htdocs/wings/Wings/Logs.php подключён.
2013-05-08 13:42:14 Файл C:/Program Files (x86)/Zend/Apache2/htdocs/wings/Wings/Header.php подключён.
2013-05-08 13:42:14 Файл C:/Program Files (x86)/Zend/Apache2/htdocs/wings/Wings/DB.php подключён.
2013-05-08 13:42:15 Файл C:/Program Files (x86)/Zend/Apache2/htdocs/wings/Applications/FrontEnd/Workspace.php подключён.
2013-05-08 13:42:15 Файл C:/Program Files (x86)/Zend/Apache2/htdocs/wings/Applications/FrontEnd/FrontEndModel.php подключён.
2013-05-08 13:42:15 Файл C:/Program Files (x86)/Zend/Apache2/htdocs/wings/Applications/FrontEnd/Index/Controller.php подключён.
2013-05-08 13:42:15 Файл C:/Program Files (x86)/Zend/Apache2/htdocs/wings/Applications/FrontEnd/Index/View.php подключён.
2013-05-08 14:18:07 Файл C:/Program Files (x86)/Zend/Apache2/htdocs/wings/Wings/Logs.php подключён.
2013-05-08 14:18:07 Файл C:/Program Files (x86)/Zend/Apache2/htdocs/wings/Wings/Header.php подключён.
2013-05-08 14:18:07 Файл C:/Program Files (x86)/Zend/Apache2/htdocs/wings/Wings/DB.php подключён.
2013-05-08 14:18:07 Файл C:/Program Files (x86)/Zend/Apache2/htdocs/wings/Applications/BackEnd/Workspace.php подключён.
2013-05-08 14:18:07 Файл C:/Program Files (x86)/Zend/Apache2/htdocs/wings/Applications/BackEnd/FrontEndModel.php не найден.
2013-05-08 14:20:02 Файл C:/Program Files (x86)/Zend/Apache2/htdocs/wings/Wings/Logs.php подключён.
2013-05-08 14:20:02 Файл C:/Program Files (x86)/Zend/Apache2/htdocs/wings/Wings/Header.php подключён.
2013-05-08 14:20:02 Файл C:/Program Files (x86)/Zend/Apache2/htdocs/wings/Wings/DB.php подключён.
2013-05-08 14:20:02 Файл C:/Program Files (x86)/Zend/Apache2/htdocs/wings/Applications/BackEnd/Workspace.php подключён.
2013-05-08 14:20:02 Файл C:/Program Files (x86)/Zend/Apache2/htdocs/wings/Applications/Model.php подключён.
2013-05-08 14:20:02 Файл C:/Program Files (x86)/Zend/Apache2/htdocs/wings/Applications/BackEnd/Error/Controller.php не найден.
2013-05-08 14:20:19 Файл C:/Program Files (x86)/Zend/Apache2/htdocs/wings/Wings/Logs.php подключён.
2013-05-08 14:20:19 Файл C:/Program Files (x86)/Zend/Apache2/htdocs/wings/Wings/Header.php подключён.
2013-05-08 14:20:19 Файл C:/Program Files (x86)/Zend/Apache2/htdocs/wings/Wings/DB.php подключён.
2013-05-08 14:20:19 Файл C:/Program Files (x86)/Zend/Apache2/htdocs/wings/Applications/BackEnd/Workspace.php подключён.
2013-05-08 14:20:19 Файл C:/Program Files (x86)/Zend/Apache2/htdocs/wings/Applications/Model.php подключён.
2013-05-08 14:20:19 Файл C:/Program Files (x86)/Zend/Apache2/htdocs/wings/Applications/BackEnd/Error/Controller.php подключён.
2013-05-08 14:20:42 Файл C:/Program Files (x86)/Zend/Apache2/htdocs/wings/Wings/Logs.php подключён.
2013-05-08 14:20:42 Файл C:/Program Files (x86)/Zend/Apache2/htdocs/wings/Wings/Header.php подключён.
2013-05-08 14:20:42 Файл C:/Program Files (x86)/Zend/Apache2/htdocs/wings/Wings/DB.php подключён.
2013-05-08 14:20:42 Файл C:/Program Files (x86)/Zend/Apache2/htdocs/wings/Applications/BackEnd/Workspace.php подключён.
2013-05-08 14:20:42 Файл C:/Program Files (x86)/Zend/Apache2/htdocs/wings/Applications/Model.php подключён.
2013-05-08 14:20:43 Файл C:/Program Files (x86)/Zend/Apache2/htdocs/wings/Applications/BackEnd/Error/Controller.php подключён.
2013-05-08 14:20:43 Файл C:/Program Files (x86)/Zend/Apache2/htdocs/wings/Applications/BackEnd/Error/View.php подключён.
2013-05-08 14:21:05 Файл C:/Program Files (x86)/Zend/Apache2/htdocs/wings/Wings/Logs.php подключён.
2013-05-08 14:21:05 Файл C:/Program Files (x86)/Zend/Apache2/htdocs/wings/Wings/Header.php подключён.
2013-05-08 14:21:05 Файл C:/Program Files (x86)/Zend/Apache2/htdocs/wings/Wings/DB.php подключён.
2013-05-08 14:21:05 Файл C:/Program Files (x86)/Zend/Apache2/htdocs/wings/Applications/BackEnd/Workspace.php подключён.
2013-05-08 14:21:05 Файл C:/Program Files (x86)/Zend/Apache2/htdocs/wings/Applications/Model.php подключён.
2013-05-08 14:21:05 Файл C:/Program Files (x86)/Zend/Apache2/htdocs/wings/Applications/BackEnd/Error/Controller.php подключён.
2013-05-08 14:21:05 Файл C:/Program Files (x86)/Zend/Apache2/htdocs/wings/Applications/BackEnd/Error/View.php подключён.
2013-05-08 14:21:05 Файл C:/Program Files (x86)/Zend/Apache2/htdocs/wings/Smarty_Internal_TemplateCompilerBase.php не найден.
2013-05-08 14:21:05 Файл C:/Program Files (x86)/Zend/Apache2/htdocs/wings/Smarty_Internal_Templatelexer.php не найден.
2013-05-08 14:21:05 Файл C:/Program Files (x86)/Zend/Apache2/htdocs/wings/Smarty_Internal_Templateparser.php не найден.
2013-05-08 14:21:05 Файл C:/Program Files (x86)/Zend/Apache2/htdocs/wings/Smarty_Internal_CompileBase.php не найден.
2013-05-08 14:21:05 Файл C:/Program Files (x86)/Zend/Apache2/htdocs/wings/Smarty_Internal_Write_File.php не найден.
2013-05-08 14:35:04 Файл C:/Program Files (x86)/Zend/Apache2/htdocs/wings/Wings/Logs.php подключён.
2013-05-08 14:35:04 Файл C:/Program Files (x86)/Zend/Apache2/htdocs/wings/Wings/Header.php подключён.
2013-05-08 14:35:04 Файл C:/Program Files (x86)/Zend/Apache2/htdocs/wings/Wings/DB.php подключён.
2013-05-08 14:35:04 Файл C:/Program Files (x86)/Zend/Apache2/htdocs/wings/Applications/BackEnd/Workspace.php подключён.
2013-05-08 14:35:04 Файл C:/Program Files (x86)/Zend/Apache2/htdocs/wings/Applications/Model.php подключён.
2013-05-08 14:35:04 Файл C:/Program Files (x86)/Zend/Apache2/htdocs/wings/Applications/BackEnd/Error/Controller.php подключён.
2013-05-08 14:35:04 Файл C:/Program Files (x86)/Zend/Apache2/htdocs/wings/Applications/BackEnd/Error/View.php подключён.
