2013-05-07 17:17:38 Файл C:/Program Files (x86)/Zend/Apache2/htdocs/wings/Wings/Logs.php подключён.
2013-05-07 17:17:38 Файл C:/Program Files (x86)/Zend/Apache2/htdocs/wings/Wings/Header.php подключён.
2013-05-07 17:17:38 Файл C:/Program Files (x86)/Zend/Apache2/htdocs/wings/Wings/Logs.php подключён.
2013-05-07 17:17:38 Файл C:/Program Files (x86)/Zend/Apache2/htdocs/wings/Wings/Header.php подключён.
2013-05-07 17:17:38 Файл C:/Program Files (x86)/Zend/Apache2/htdocs/wings/Wings/DB.php подключён.
2013-05-07 17:17:39 Файл C:/Program Files (x86)/Zend/Apache2/htdocs/wings/Wings/Logs.php подключён.
2013-05-07 17:17:39 Файл C:/Program Files (x86)/Zend/Apache2/htdocs/wings/Wings/Header.php подключён.
2013-05-07 17:17:39 Файл C:/Program Files (x86)/Zend/Apache2/htdocs/wings/Wings/DB.php подключён.
2013-05-07 17:38:06 Файл C:/Program Files (x86)/Zend/Apache2/htdocs/wings/Wings/Logs.php подключён.
2013-05-07 17:38:06 Файл C:/Program Files (x86)/Zend/Apache2/htdocs/wings/Wings/Header.php подключён.
2013-05-07 17:38:06 Файл C:/Program Files (x86)/Zend/Apache2/htdocs/wings/Wings/DB.php подключён.
2013-05-07 17:38:06 Файл C:/Program Files (x86)/Zend/Apache2/htdocs/wings/Applications/FrontEnd/Workspace.php подключён.
2013-05-07 17:38:06 Файл C:/Program Files (x86)/Zend/Apache2/htdocs/wings/Applications/FrontEnd/FrontEndModel.php подключён.
2013-05-07 17:38:06 Файл C:/Program Files (x86)/Zend/Apache2/htdocs/wings/Applications/FrontEnd/Index/Controller.php подключён.
2013-05-07 17:38:06 Файл C:/Program Files (x86)/Zend/Apache2/htdocs/wings/Applications/FrontEnd/Index/View.php подключён.
2013-05-07 17:38:06 Файл C:/Program Files (x86)/Zend/Apache2/htdocs/wings/Smarty_Internal_TemplateCompilerBase.php не найден.
2013-05-07 17:38:06 Файл C:/Program Files (x86)/Zend/Apache2/htdocs/wings/Smarty_Internal_Templatelexer.php не найден.
2013-05-07 17:38:06 Файл C:/Program Files (x86)/Zend/Apache2/htdocs/wings/Smarty_Internal_Templateparser.php не найден.
2013-05-07 17:38:06 Файл C:/Program Files (x86)/Zend/Apache2/htdocs/wings/Smarty_Internal_CompileBase.php не найден.
2013-05-07 17:38:06 Файл C:/Program Files (x86)/Zend/Apache2/htdocs/wings/Smarty_Internal_Write_File.php не найден.
2013-05-07 17:38:09 Файл C:/Program Files (x86)/Zend/Apache2/htdocs/wings/Wings/Logs.php подключён.
2013-05-07 17:38:09 Файл C:/Program Files (x86)/Zend/Apache2/htdocs/wings/Wings/Header.php подключён.
2013-05-07 17:38:09 Файл C:/Program Files (x86)/Zend/Apache2/htdocs/wings/Wings/DB.php подключён.
2013-05-07 17:38:09 Файл C:/Program Files (x86)/Zend/Apache2/htdocs/wings/Applications/FrontEnd/Workspace.php подключён.
2013-05-07 17:38:09 Файл C:/Program Files (x86)/Zend/Apache2/htdocs/wings/Applications/FrontEnd/FrontEndModel.php подключён.
2013-05-07 17:38:09 Файл C:/Program Files (x86)/Zend/Apache2/htdocs/wings/Applications/FrontEnd/Error/Controller.php подключён.
2013-05-07 17:38:09 Файл C:/Program Files (x86)/Zend/Apache2/htdocs/wings/Applications/FrontEnd/Error/View.php подключён.
2013-05-07 17:38:09 Файл C:/Program Files (x86)/Zend/Apache2/htdocs/wings/Smarty_Internal_TemplateCompilerBase.php не найден.
2013-05-07 17:38:09 Файл C:/Program Files (x86)/Zend/Apache2/htdocs/wings/Smarty_Internal_Templatelexer.php не найден.
2013-05-07 17:38:09 Файл C:/Program Files (x86)/Zend/Apache2/htdocs/wings/Smarty_Internal_Templateparser.php не найден.
2013-05-07 17:38:09 Файл C:/Program Files (x86)/Zend/Apache2/htdocs/wings/Smarty_Internal_CompileBase.php не найден.
2013-05-07 17:38:09 Файл C:/Program Files (x86)/Zend/Apache2/htdocs/wings/Smarty_Internal_Write_File.php не найден.
2013-05-07 17:42:11 Файл C:/Program Files (x86)/Zend/Apache2/htdocs/wings/Wings/Logs.php подключён.
2013-05-07 17:42:11 Файл C:/Program Files (x86)/Zend/Apache2/htdocs/wings/Wings/Header.php подключён.
2013-05-07 17:42:11 Файл C:/Program Files (x86)/Zend/Apache2/htdocs/wings/Wings/DB.php подключён.
2013-05-07 17:42:11 Файл C:/Program Files (x86)/Zend/Apache2/htdocs/wings/Applications/FrontEnd/Workspace.php подключён.
2013-05-07 17:42:11 Файл C:/Program Files (x86)/Zend/Apache2/htdocs/wings/Applications/FrontEnd/FrontEndModel.php подключён.
2013-05-07 17:42:11 Файл C:/Program Files (x86)/Zend/Apache2/htdocs/wings/Applications/FrontEnd/Error/Controller.php подключён.
2013-05-07 17:42:11 Файл C:/Program Files (x86)/Zend/Apache2/htdocs/wings/Applications/FrontEnd/Error/View.php подключён.
2013-05-07 17:42:14 Файл C:/Program Files (x86)/Zend/Apache2/htdocs/wings/Wings/Logs.php подключён.
2013-05-07 17:42:14 Файл C:/Program Files (x86)/Zend/Apache2/htdocs/wings/Wings/Header.php подключён.
2013-05-07 17:42:14 Файл C:/Program Files (x86)/Zend/Apache2/htdocs/wings/Wings/DB.php подключён.
2013-05-07 17:42:14 Файл C:/Program Files (x86)/Zend/Apache2/htdocs/wings/Applications/FrontEnd/Workspace.php подключён.
2013-05-07 17:42:14 Файл C:/Program Files (x86)/Zend/Apache2/htdocs/wings/Applications/FrontEnd/FrontEndModel.php подключён.
2013-05-07 17:42:14 Файл C:/Program Files (x86)/Zend/Apache2/htdocs/wings/Applications/FrontEnd/Error/Controller.php подключён.
2013-05-07 17:42:14 Файл C:/Program Files (x86)/Zend/Apache2/htdocs/wings/Applications/FrontEnd/Error/View.php подключён.
2013-05-07 17:42:15 Файл C:/Program Files (x86)/Zend/Apache2/htdocs/wings/Wings/Logs.php подключён.
2013-05-07 17:42:15 Файл C:/Program Files (x86)/Zend/Apache2/htdocs/wings/Wings/Header.php подключён.
2013-05-07 17:42:15 Файл C:/Program Files (x86)/Zend/Apache2/htdocs/wings/Wings/DB.php подключён.
2013-05-07 17:42:15 Файл C:/Program Files (x86)/Zend/Apache2/htdocs/wings/Applications/FrontEnd/Workspace.php подключён.
2013-05-07 17:42:15 Файл C:/Program Files (x86)/Zend/Apache2/htdocs/wings/Applications/FrontEnd/FrontEndModel.php подключён.
2013-05-07 17:42:15 Файл C:/Program Files (x86)/Zend/Apache2/htdocs/wings/Applications/FrontEnd/Error/Controller.php подключён.
2013-05-07 17:42:15 Файл C:/Program Files (x86)/Zend/Apache2/htdocs/wings/Applications/FrontEnd/Error/View.php подключён.
2013-05-07 17:42:16 Файл C:/Program Files (x86)/Zend/Apache2/htdocs/wings/Wings/Logs.php подключён.
2013-05-07 17:42:16 Файл C:/Program Files (x86)/Zend/Apache2/htdocs/wings/Wings/Header.php подключён.
2013-05-07 17:42:16 Файл C:/Program Files (x86)/Zend/Apache2/htdocs/wings/Wings/DB.php подключён.
2013-05-07 17:42:16 Файл C:/Program Files (x86)/Zend/Apache2/htdocs/wings/Applications/FrontEnd/Workspace.php подключён.
2013-05-07 17:42:16 Файл C:/Program Files (x86)/Zend/Apache2/htdocs/wings/Applications/FrontEnd/FrontEndModel.php подключён.
2013-05-07 17:42:16 Файл C:/Program Files (x86)/Zend/Apache2/htdocs/wings/Applications/FrontEnd/Error/Controller.php подключён.
2013-05-07 17:42:16 Файл C:/Program Files (x86)/Zend/Apache2/htdocs/wings/Applications/FrontEnd/Error/View.php подключён.
2013-05-07 17:42:17 Файл C:/Program Files (x86)/Zend/Apache2/htdocs/wings/Wings/Logs.php подключён.
2013-05-07 17:42:17 Файл C:/Program Files (x86)/Zend/Apache2/htdocs/wings/Wings/Header.php подключён.
2013-05-07 17:42:17 Файл C:/Program Files (x86)/Zend/Apache2/htdocs/wings/Wings/DB.php подключён.
2013-05-07 17:42:17 Файл C:/Program Files (x86)/Zend/Apache2/htdocs/wings/Applications/FrontEnd/Workspace.php подключён.
2013-05-07 17:42:17 Файл C:/Program Files (x86)/Zend/Apache2/htdocs/wings/Applications/FrontEnd/FrontEndModel.php подключён.
2013-05-07 17:42:17 Файл C:/Program Files (x86)/Zend/Apache2/htdocs/wings/Applications/FrontEnd/Error/Controller.php подключён.
2013-05-07 17:42:17 Файл C:/Program Files (x86)/Zend/Apache2/htdocs/wings/Applications/FrontEnd/Error/View.php подключён.
2013-05-07 17:42:18 Файл C:/Program Files (x86)/Zend/Apache2/htdocs/wings/Wings/Logs.php подключён.
2013-05-07 17:42:18 Файл C:/Program Files (x86)/Zend/Apache2/htdocs/wings/Wings/Header.php подключён.
2013-05-07 17:42:18 Файл C:/Program Files (x86)/Zend/Apache2/htdocs/wings/Wings/DB.php подключён.
2013-05-07 17:42:18 Файл C:/Program Files (x86)/Zend/Apache2/htdocs/wings/Applications/FrontEnd/Workspace.php подключён.
2013-05-07 17:42:18 Файл C:/Program Files (x86)/Zend/Apache2/htdocs/wings/Applications/FrontEnd/FrontEndModel.php подключён.
2013-05-07 17:42:18 Файл C:/Program Files (x86)/Zend/Apache2/htdocs/wings/Applications/FrontEnd/Error/Controller.php подключён.
2013-05-07 17:42:18 Файл C:/Program Files (x86)/Zend/Apache2/htdocs/wings/Applications/FrontEnd/Error/View.php подключён.
2013-05-07 17:42:19 Файл C:/Program Files (x86)/Zend/Apache2/htdocs/wings/Wings/Logs.php подключён.
2013-05-07 17:42:19 Файл C:/Program Files (x86)/Zend/Apache2/htdocs/wings/Wings/Header.php подключён.
2013-05-07 17:42:19 Файл C:/Program Files (x86)/Zend/Apache2/htdocs/wings/Wings/DB.php подключён.
2013-05-07 17:42:19 Файл C:/Program Files (x86)/Zend/Apache2/htdocs/wings/Applications/FrontEnd/Workspace.php подключён.
2013-05-07 17:42:19 Файл C:/Program Files (x86)/Zend/Apache2/htdocs/wings/Applications/FrontEnd/FrontEndModel.php подключён.
2013-05-07 17:42:19 Файл C:/Program Files (x86)/Zend/Apache2/htdocs/wings/Applications/FrontEnd/Error/Controller.php подключён.
2013-05-07 17:42:19 Файл C:/Program Files (x86)/Zend/Apache2/htdocs/wings/Applications/FrontEnd/Error/View.php подключён.
2013-05-07 17:42:19 Файл C:/Program Files (x86)/Zend/Apache2/htdocs/wings/Wings/Logs.php подключён.
2013-05-07 17:42:19 Файл C:/Program Files (x86)/Zend/Apache2/htdocs/wings/Wings/Header.php подключён.
2013-05-07 17:42:19 Файл C:/Program Files (x86)/Zend/Apache2/htdocs/wings/Wings/DB.php подключён.
2013-05-07 17:42:19 Файл C:/Program Files (x86)/Zend/Apache2/htdocs/wings/Applications/FrontEnd/Workspace.php подключён.
2013-05-07 17:42:19 Файл C:/Program Files (x86)/Zend/Apache2/htdocs/wings/Applications/FrontEnd/FrontEndModel.php подключён.
2013-05-07 17:42:19 Файл C:/Program Files (x86)/Zend/Apache2/htdocs/wings/Applications/FrontEnd/Error/Controller.php подключён.
2013-05-07 17:42:19 Файл C:/Program Files (x86)/Zend/Apache2/htdocs/wings/Applications/FrontEnd/Error/View.php подключён.
2013-05-07 17:42:20 Файл C:/Program Files (x86)/Zend/Apache2/htdocs/wings/Wings/Logs.php подключён.
2013-05-07 17:42:20 Файл C:/Program Files (x86)/Zend/Apache2/htdocs/wings/Wings/Header.php подключён.
2013-05-07 17:42:20 Файл C:/Program Files (x86)/Zend/Apache2/htdocs/wings/Wings/DB.php подключён.
2013-05-07 17:42:20 Файл C:/Program Files (x86)/Zend/Apache2/htdocs/wings/Applications/FrontEnd/Workspace.php подключён.
2013-05-07 17:42:20 Файл C:/Program Files (x86)/Zend/Apache2/htdocs/wings/Applications/FrontEnd/FrontEndModel.php подключён.
2013-05-07 17:42:20 Файл C:/Program Files (x86)/Zend/Apache2/htdocs/wings/Applications/FrontEnd/Error/Controller.php подключён.
2013-05-07 17:42:20 Файл C:/Program Files (x86)/Zend/Apache2/htdocs/wings/Applications/FrontEnd/Error/View.php подключён.
2013-05-07 17:42:20 Файл C:/Program Files (x86)/Zend/Apache2/htdocs/wings/Wings/Logs.php подключён.
2013-05-07 17:42:20 Файл C:/Program Files (x86)/Zend/Apache2/htdocs/wings/Wings/Header.php подключён.
2013-05-07 17:42:20 Файл C:/Program Files (x86)/Zend/Apache2/htdocs/wings/Wings/DB.php подключён.
2013-05-07 17:42:20 Файл C:/Program Files (x86)/Zend/Apache2/htdocs/wings/Applications/FrontEnd/Workspace.php подключён.
2013-05-07 17:42:20 Файл C:/Program Files (x86)/Zend/Apache2/htdocs/wings/Applications/FrontEnd/FrontEndModel.php подключён.
2013-05-07 17:42:20 Файл C:/Program Files (x86)/Zend/Apache2/htdocs/wings/Applications/FrontEnd/Error/Controller.php подключён.
2013-05-07 17:42:20 Файл C:/Program Files (x86)/Zend/Apache2/htdocs/wings/Applications/FrontEnd/Error/View.php подключён.
2013-05-07 17:42:21 Файл C:/Program Files (x86)/Zend/Apache2/htdocs/wings/Wings/Logs.php подключён.
2013-05-07 17:42:21 Файл C:/Program Files (x86)/Zend/Apache2/htdocs/wings/Wings/Header.php подключён.
2013-05-07 17:42:21 Файл C:/Program Files (x86)/Zend/Apache2/htdocs/wings/Wings/DB.php подключён.
2013-05-07 17:42:21 Файл C:/Program Files (x86)/Zend/Apache2/htdocs/wings/Applications/FrontEnd/Workspace.php подключён.
2013-05-07 17:42:21 Файл C:/Program Files (x86)/Zend/Apache2/htdocs/wings/Applications/FrontEnd/FrontEndModel.php подключён.
2013-05-07 17:42:21 Файл C:/Program Files (x86)/Zend/Apache2/htdocs/wings/Applications/FrontEnd/Error/Controller.php подключён.
2013-05-07 17:42:21 Файл C:/Program Files (x86)/Zend/Apache2/htdocs/wings/Applications/FrontEnd/Error/View.php подключён.
2013-05-07 17:42:22 Файл C:/Program Files (x86)/Zend/Apache2/htdocs/wings/Wings/Logs.php подключён.
2013-05-07 17:42:22 Файл C:/Program Files (x86)/Zend/Apache2/htdocs/wings/Wings/Header.php подключён.
2013-05-07 17:42:22 Файл C:/Program Files (x86)/Zend/Apache2/htdocs/wings/Wings/DB.php подключён.
2013-05-07 17:42:22 Файл C:/Program Files (x86)/Zend/Apache2/htdocs/wings/Applications/FrontEnd/Workspace.php подключён.
2013-05-07 17:42:22 Файл C:/Program Files (x86)/Zend/Apache2/htdocs/wings/Applications/FrontEnd/FrontEndModel.php подключён.
2013-05-07 17:42:22 Файл C:/Program Files (x86)/Zend/Apache2/htdocs/wings/Applications/FrontEnd/Error/Controller.php подключён.
2013-05-07 17:42:22 Файл C:/Program Files (x86)/Zend/Apache2/htdocs/wings/Applications/FrontEnd/Error/View.php подключён.
2013-05-07 17:47:49 Файл C:/Program Files (x86)/Zend/Apache2/htdocs/wings/Wings/Logs.php подключён.
2013-05-07 17:47:49 Файл C:/Program Files (x86)/Zend/Apache2/htdocs/wings/Wings/Header.php подключён.
2013-05-07 17:47:49 Файл C:/Program Files (x86)/Zend/Apache2/htdocs/wings/Wings/Logs.php подключён.
2013-05-07 17:47:49 Файл C:/Program Files (x86)/Zend/Apache2/htdocs/wings/Wings/Header.php подключён.
2013-05-07 17:47:49 Файл C:/Program Files (x86)/Zend/Apache2/htdocs/wings/Wings/DB.php подключён.
2013-05-07 17:47:49 Файл C:/Program Files (x86)/Zend/Apache2/htdocs/wings/Applications/FrontEnd/Workspace.php подключён.
2013-05-07 17:47:49 Файл C:/Program Files (x86)/Zend/Apache2/htdocs/wings/Applications/FrontEnd/FrontEndModel.php подключён.
2013-05-07 17:47:49 Файл C:/Program Files (x86)/Zend/Apache2/htdocs/wings/Applications/FrontEnd/Index/Controller.php подключён.
2013-05-07 17:47:49 Файл C:/Program Files (x86)/Zend/Apache2/htdocs/wings/Applications/FrontEnd/Index/View.php подключён.
