2013-05-04 10:57:43 Файл C:/Program Files (x86)/Zend/Apache2/htdocs/wings//Wings/Logs.php подключён.
2013-05-04 10:57:43 Файл C:/Program Files (x86)/Zend/Apache2/htdocs/wings//Wings/Header.php подключён.
2013-05-04 10:57:43 Файл C:/Program Files (x86)/Zend/Apache2/htdocs/wings//Wings/DB.php подключён.
2013-05-04 10:57:44 Файл C:/Program Files (x86)/Zend/Apache2/htdocs/wings//Applications/FrontEnd/Workspace.php подключён.
2013-05-04 10:57:44 Файл C:/Program Files (x86)/Zend/Apache2/htdocs/wings//Applications/FrontEnd/FrontEndModel.php подключён.
2013-05-04 10:57:44 Файл C:/Program Files (x86)/Zend/Apache2/htdocs/wings//Applications/FrontEnd/Error/Controller.php подключён.
2013-05-04 10:57:44 Файл C:/Program Files (x86)/Zend/Apache2/htdocs/wings//Applications/FrontEnd/Error/View.php подключён.
2013-05-04 19:08:41 Файл C:/Program Files (x86)/Zend/Apache2/htdocs/wings//Wings/Logs.php подключён.
2013-05-04 19:08:41 Файл C:/Program Files (x86)/Zend/Apache2/htdocs/wings//Wings/Header.php подключён.
2013-05-04 19:08:41 Файл C:/Program Files (x86)/Zend/Apache2/htdocs/wings//Wings/DB.php подключён.
2013-05-04 19:08:44 Файл C:/Program Files (x86)/Zend/Apache2/htdocs/wings//Applications/FrontEnd/Workspace.php подключён.
2013-05-04 19:08:44 Файл C:/Program Files (x86)/Zend/Apache2/htdocs/wings//Applications/FrontEnd/FrontEndModel.php подключён.
2013-05-04 19:08:44 Файл C:/Program Files (x86)/Zend/Apache2/htdocs/wings//Applications/FrontEnd/Error/Controller.php подключён.
2013-05-04 19:08:44 Файл C:/Program Files (x86)/Zend/Apache2/htdocs/wings//Applications/FrontEnd/Error/View.php подключён.
2013-05-04 20:07:14 Файл C:/Program Files (x86)/Zend/Apache2/htdocs/wings//Wings/Logs.php подключён.
2013-05-04 20:07:14 Файл C:/Program Files (x86)/Zend/Apache2/htdocs/wings//Wings/Header.php подключён.
2013-05-04 20:07:14 Файл C:/Program Files (x86)/Zend/Apache2/htdocs/wings//Wings/DB.php подключён.
2013-05-04 20:07:14 Файл C:/Program Files (x86)/Zend/Apache2/htdocs/wings//Applications/FrontEnd/Workspace.php подключён.
2013-05-04 20:07:14 Файл C:/Program Files (x86)/Zend/Apache2/htdocs/wings//Applications/FrontEnd/FrontEndModel.php подключён.
2013-05-04 20:07:15 Файл C:/Program Files (x86)/Zend/Apache2/htdocs/wings//Applications/FrontEnd/Error/Controller.php подключён.
2013-05-04 20:07:15 Файл C:/Program Files (x86)/Zend/Apache2/htdocs/wings//Applications/FrontEnd/Error/View.php подключён.
