2013-05-05 20:43:12 Файл C:/Program Files (x86)/Zend/Apache2/htdocs/wings//Wings/Logs.php подключён.
2013-05-05 20:43:12 Файл C:/Program Files (x86)/Zend/Apache2/htdocs/wings//Wings/Header.php подключён.
2013-05-05 20:43:12 Файл C:/Program Files (x86)/Zend/Apache2/htdocs/wings//Wings/DB.php подключён.
2013-05-05 20:43:13 Файл C:/Program Files (x86)/Zend/Apache2/htdocs/wings//Applications/FrontEnd/Workspace.php подключён.
2013-05-05 20:43:13 Файл C:/Program Files (x86)/Zend/Apache2/htdocs/wings//Applications/FrontEnd/FrontEndModel.php подключён.
2013-05-05 20:43:13 Файл C:/Program Files (x86)/Zend/Apache2/htdocs/wings//Applications/FrontEnd/Error/Controller.php подключён.
2013-05-05 20:43:13 Файл C:/Program Files (x86)/Zend/Apache2/htdocs/wings//Applications/FrontEnd/Error/View.php подключён.
2013-05-05 20:43:13 Файл C:/Program Files (x86)/Zend/Apache2/htdocs/wings//Wings/Logs.php подключён.
2013-05-05 20:43:13 Файл C:/Program Files (x86)/Zend/Apache2/htdocs/wings//Wings/Header.php подключён.
2013-05-05 20:43:13 Файл C:/Program Files (x86)/Zend/Apache2/htdocs/wings//Wings/DB.php подключён.
2013-05-05 20:43:13 Файл C:/Program Files (x86)/Zend/Apache2/htdocs/wings//Applications/FrontEnd/Workspace.php подключён.
2013-05-05 20:43:13 Файл C:/Program Files (x86)/Zend/Apache2/htdocs/wings//Applications/FrontEnd/FrontEndModel.php подключён.
2013-05-05 20:43:13 Файл C:/Program Files (x86)/Zend/Apache2/htdocs/wings//Applications/FrontEnd/Error/Controller.php подключён.
2013-05-05 20:43:13 Файл C:/Program Files (x86)/Zend/Apache2/htdocs/wings//Applications/FrontEnd/Error/View.php подключён.
2013-05-05 21:14:48 Файл C:/Program Files (x86)/Zend/Apache2/htdocs/wings//Wings/Logs.php подключён.
2013-05-05 21:14:48 Файл C:/Program Files (x86)/Zend/Apache2/htdocs/wings//Wings/Header.php подключён.
2013-05-05 21:14:48 Файл C:/Program Files (x86)/Zend/Apache2/htdocs/wings//Wings/DB.php подключён.
2013-05-05 21:14:48 Файл C:/Program Files (x86)/Zend/Apache2/htdocs/wings//Applications/FrontEnd/Workspace.php подключён.
2013-05-05 21:14:48 Файл C:/Program Files (x86)/Zend/Apache2/htdocs/wings//Applications/FrontEnd/FrontEndModel.php подключён.
2013-05-05 21:14:48 Файл C:/Program Files (x86)/Zend/Apache2/htdocs/wings//Applications/FrontEnd/Error/Controller.php подключён.
2013-05-05 21:14:48 Файл C:/Program Files (x86)/Zend/Apache2/htdocs/wings//Applications/FrontEnd/Error/View.php подключён.
