2013-05-03 11:09:50 Файл C:/Program Files (x86)/Zend/Apache2/htdocs/wings//Wings/Logs.php подключён.
2013-05-03 11:09:50 Файл C:/Program Files (x86)/Zend/Apache2/htdocs/wings//Wings/Header.php подключён.
2013-05-03 11:09:50 Файл C:/Program Files (x86)/Zend/Apache2/htdocs/wings//Wings/DB.php подключён.
2013-05-03 11:10:02 Файл C:/Program Files (x86)/Zend/Apache2/htdocs/wings//Wings/Logs.php подключён.
2013-05-03 11:10:02 Файл C:/Program Files (x86)/Zend/Apache2/htdocs/wings//Wings/Header.php подключён.
2013-05-03 11:10:02 Файл C:/Program Files (x86)/Zend/Apache2/htdocs/wings//Wings/Logs.php подключён.
2013-05-03 11:10:02 Файл C:/Program Files (x86)/Zend/Apache2/htdocs/wings//Wings/Header.php подключён.
2013-05-03 11:10:02 Файл C:/Program Files (x86)/Zend/Apache2/htdocs/wings//Wings/DB.php подключён.
2013-05-03 11:10:07 Файл C:/Program Files (x86)/Zend/Apache2/htdocs/wings//Wings/Logs.php подключён.
2013-05-03 11:10:07 Файл C:/Program Files (x86)/Zend/Apache2/htdocs/wings//Wings/Header.php подключён.
2013-05-03 11:12:16 Файл C:/Program Files (x86)/Zend/Apache2/htdocs/wings//Wings/Logs.php подключён.
2013-05-03 11:12:16 Файл C:/Program Files (x86)/Zend/Apache2/htdocs/wings//Wings/Header.php подключён.
2013-05-03 11:12:16 Файл C:/Program Files (x86)/Zend/Apache2/htdocs/wings//Wings/DB.php подключён.
2013-05-03 11:12:16 Файл C:/Program Files (x86)/Zend/Apache2/htdocs/wings//Wings/Logs.php подключён.
2013-05-03 11:12:16 Файл C:/Program Files (x86)/Zend/Apache2/htdocs/wings//Wings/Header.php подключён.
2013-05-03 11:12:16 Файл C:/Program Files (x86)/Zend/Apache2/htdocs/wings//Wings/DB.php подключён.
2013-05-03 11:12:40 Файл C:/Program Files (x86)/Zend/Apache2/htdocs/wings//Wings/Logs.php подключён.
2013-05-03 11:12:40 Файл C:/Program Files (x86)/Zend/Apache2/htdocs/wings//Wings/Header.php подключён.
2013-05-03 11:12:40 Файл C:/Program Files (x86)/Zend/Apache2/htdocs/wings//Wings/DB.php подключён.
2013-05-03 11:16:20 Файл C:/Program Files (x86)/Zend/Apache2/htdocs/wings//Wings/Logs.php подключён.
2013-05-03 11:16:20 Файл C:/Program Files (x86)/Zend/Apache2/htdocs/wings//Wings/Header.php подключён.
2013-05-03 11:16:20 Файл C:/Program Files (x86)/Zend/Apache2/htdocs/wings//Wings/DB.php подключён.
2013-05-03 11:24:08 Файл C:/Program Files (x86)/Zend/Apache2/htdocs/wings//Wings/Logs.php подключён.
2013-05-03 11:24:08 Файл C:/Program Files (x86)/Zend/Apache2/htdocs/wings//Wings/Header.php подключён.
2013-05-03 11:24:08 Файл C:/Program Files (x86)/Zend/Apache2/htdocs/wings//Wings/DB.php подключён.
2013-05-03 11:24:08 Файл C:/Program Files (x86)/Zend/Apache2/htdocs/wings//Applications/FrontEnd/Workspace.php подключён.
2013-05-03 11:24:08 Файл C:/Program Files (x86)/Zend/Apache2/htdocs/wings//Applications/FrontEnd/FrontEndModel.php подключён.
2013-05-03 11:24:08 Файл C:/Program Files (x86)/Zend/Apache2/htdocs/wings//Applications/FrontEnd/Index/Controller.php подключён.
2013-05-03 11:24:08 Файл C:/Program Files (x86)/Zend/Apache2/htdocs/wings//Applications/FrontEnd/Index/View.php подключён.
2013-05-03 11:24:12 Файл C:/Program Files (x86)/Zend/Apache2/htdocs/wings//Wings/Logs.php подключён.
2013-05-03 11:24:12 Файл C:/Program Files (x86)/Zend/Apache2/htdocs/wings//Wings/Header.php подключён.
2013-05-03 11:24:12 Файл C:/Program Files (x86)/Zend/Apache2/htdocs/wings//Wings/DB.php подключён.
2013-05-03 11:24:12 Файл C:/Program Files (x86)/Zend/Apache2/htdocs/wings//Applications/FrontEnd/Workspace.php подключён.
2013-05-03 11:24:12 Файл C:/Program Files (x86)/Zend/Apache2/htdocs/wings//Applications/FrontEnd/FrontEndModel.php подключён.
2013-05-03 11:24:12 Файл C:/Program Files (x86)/Zend/Apache2/htdocs/wings//Applications/FrontEnd/Error/Controller.php подключён.
2013-05-03 11:24:12 Файл C:/Program Files (x86)/Zend/Apache2/htdocs/wings//Applications/FrontEnd/Error/View.php подключён.
2013-05-03 13:10:58 Файл C:/Program Files (x86)/Zend/Apache2/htdocs/wings//Wings/Logs.php подключён.
2013-05-03 13:10:58 Файл C:/Program Files (x86)/Zend/Apache2/htdocs/wings//Wings/Header.php подключён.
2013-05-03 13:10:58 Файл C:/Program Files (x86)/Zend/Apache2/htdocs/wings//Wings/Logs.php подключён.
2013-05-03 13:10:58 Файл C:/Program Files (x86)/Zend/Apache2/htdocs/wings//Wings/Header.php подключён.
2013-05-03 13:10:58 Файл C:/Program Files (x86)/Zend/Apache2/htdocs/wings//Wings/DB.php подключён.
2013-05-03 13:10:58 Файл C:/Program Files (x86)/Zend/Apache2/htdocs/wings//Applications/FrontEnd/Workspace.php подключён.
2013-05-03 13:10:58 Файл C:/Program Files (x86)/Zend/Apache2/htdocs/wings//Applications/FrontEnd/FrontEndModel.php подключён.
2013-05-03 13:10:58 Файл C:/Program Files (x86)/Zend/Apache2/htdocs/wings//Applications/FrontEnd/Index/Controller.php подключён.
2013-05-03 13:10:58 Файл C:/Program Files (x86)/Zend/Apache2/htdocs/wings//Applications/FrontEnd/Index/View.php подключён.
2013-05-03 13:11:06 Файл C:/Program Files (x86)/Zend/Apache2/htdocs/wings//Wings/Logs.php подключён.
2013-05-03 13:11:06 Файл C:/Program Files (x86)/Zend/Apache2/htdocs/wings//Wings/Header.php подключён.
2013-05-03 13:11:06 Файл C:/Program Files (x86)/Zend/Apache2/htdocs/wings//Wings/DB.php подключён.
2013-05-03 13:11:06 Файл C:/Program Files (x86)/Zend/Apache2/htdocs/wings//Applications/FrontEnd/Workspace.php подключён.
2013-05-03 13:11:06 Файл C:/Program Files (x86)/Zend/Apache2/htdocs/wings//Applications/FrontEnd/FrontEndModel.php подключён.
2013-05-03 13:11:06 Файл C:/Program Files (x86)/Zend/Apache2/htdocs/wings//Applications/FrontEnd/Error/Controller.php подключён.
2013-05-03 13:11:06 Файл C:/Program Files (x86)/Zend/Apache2/htdocs/wings//Applications/FrontEnd/Error/View.php подключён.
2013-05-03 13:11:27 Файл C:/Program Files (x86)/Zend/Apache2/htdocs/wings//Wings/Logs.php подключён.
2013-05-03 13:11:27 Файл C:/Program Files (x86)/Zend/Apache2/htdocs/wings//Wings/Header.php подключён.
2013-05-03 13:11:27 Файл C:/Program Files (x86)/Zend/Apache2/htdocs/wings//Wings/DB.php подключён.
2013-05-03 13:11:36 Файл C:/Program Files (x86)/Zend/Apache2/htdocs/wings//Wings/Logs.php подключён.
2013-05-03 13:11:36 Файл C:/Program Files (x86)/Zend/Apache2/htdocs/wings//Wings/Header.php подключён.
2013-05-03 13:11:36 Файл C:/Program Files (x86)/Zend/Apache2/htdocs/wings//Wings/DB.php подключён.
2013-05-03 13:11:36 Файл C:/Program Files (x86)/Zend/Apache2/htdocs/wings//Applications/FrontEnd/Workspace.php подключён.
2013-05-03 13:11:36 Файл C:/Program Files (x86)/Zend/Apache2/htdocs/wings//Applications/FrontEnd/FrontEndModel.php подключён.
2013-05-03 13:11:36 Файл C:/Program Files (x86)/Zend/Apache2/htdocs/wings//Applications/FrontEnd/Error/Controller.php подключён.
2013-05-03 13:11:36 Файл C:/Program Files (x86)/Zend/Apache2/htdocs/wings//Applications/FrontEnd/Error/View.php подключён.
2013-05-03 13:11:40 Файл C:/Program Files (x86)/Zend/Apache2/htdocs/wings//Wings/Logs.php подключён.
2013-05-03 13:11:40 Файл C:/Program Files (x86)/Zend/Apache2/htdocs/wings//Wings/Header.php подключён.
2013-05-03 13:11:40 Файл C:/Program Files (x86)/Zend/Apache2/htdocs/wings//Wings/DB.php подключён.
2013-05-03 13:11:40 Файл C:/Program Files (x86)/Zend/Apache2/htdocs/wings//Applications/FrontEnd/Workspace.php подключён.
2013-05-03 13:11:40 Файл C:/Program Files (x86)/Zend/Apache2/htdocs/wings//Applications/FrontEnd/FrontEndModel.php подключён.
2013-05-03 13:11:40 Файл C:/Program Files (x86)/Zend/Apache2/htdocs/wings//Applications/FrontEnd/Error/Controller.php подключён.
2013-05-03 13:11:40 Файл C:/Program Files (x86)/Zend/Apache2/htdocs/wings//Applications/FrontEnd/Error/View.php подключён.
2013-05-03 13:11:58 Файл C:/Program Files (x86)/Zend/Apache2/htdocs/wings//Wings/Logs.php подключён.
2013-05-03 13:11:58 Файл C:/Program Files (x86)/Zend/Apache2/htdocs/wings//Wings/Header.php подключён.
2013-05-03 13:11:58 Файл C:/Program Files (x86)/Zend/Apache2/htdocs/wings//Wings/DB.php подключён.
2013-05-03 13:11:58 Файл C:/Program Files (x86)/Zend/Apache2/htdocs/wings//Applications/FrontEnd/Workspace.php подключён.
2013-05-03 13:11:58 Файл C:/Program Files (x86)/Zend/Apache2/htdocs/wings//Applications/FrontEnd/FrontEndModel.php подключён.
2013-05-03 13:12:05 Файл C:/Program Files (x86)/Zend/Apache2/htdocs/wings//Wings/Logs.php подключён.
2013-05-03 13:12:05 Файл C:/Program Files (x86)/Zend/Apache2/htdocs/wings//Wings/Header.php подключён.
2013-05-03 13:12:05 Файл C:/Program Files (x86)/Zend/Apache2/htdocs/wings//Wings/DB.php подключён.
2013-05-03 13:12:05 Файл C:/Program Files (x86)/Zend/Apache2/htdocs/wings//Applications/FrontEnd/Workspace.php подключён.
2013-05-03 13:12:05 Файл C:/Program Files (x86)/Zend/Apache2/htdocs/wings//Applications/FrontEnd/FrontEndModel.php подключён.
2013-05-03 13:12:05 Файл C:/Program Files (x86)/Zend/Apache2/htdocs/wings//Applications/FrontEnd/Index/Controller.php подключён.
2013-05-03 13:12:05 Файл C:/Program Files (x86)/Zend/Apache2/htdocs/wings//Applications/FrontEnd/Index/View.php подключён.
2013-05-03 13:52:37 Файл C:/Program Files (x86)/Zend/Apache2/htdocs/wings//Wings/Logs.php подключён.
2013-05-03 13:52:37 Файл C:/Program Files (x86)/Zend/Apache2/htdocs/wings//Wings/Header.php подключён.
2013-05-03 13:52:37 Файл C:/Program Files (x86)/Zend/Apache2/htdocs/wings//Wings/DB.php подключён.
2013-05-03 13:52:38 Файл C:/Program Files (x86)/Zend/Apache2/htdocs/wings//Applications/BackEnd/Workspace.php не найден.
2013-05-03 13:52:42 Файл C:/Program Files (x86)/Zend/Apache2/htdocs/wings//Wings/Logs.php подключён.
2013-05-03 13:52:42 Файл C:/Program Files (x86)/Zend/Apache2/htdocs/wings//Wings/Header.php подключён.
2013-05-03 13:52:42 Файл C:/Program Files (x86)/Zend/Apache2/htdocs/wings//Wings/DB.php подключён.
2013-05-03 13:52:42 Файл C:/Program Files (x86)/Zend/Apache2/htdocs/wings//Applications/FrontEnd/Workspace.php подключён.
2013-05-03 13:52:42 Файл C:/Program Files (x86)/Zend/Apache2/htdocs/wings//Applications/FrontEnd/FrontEndModel.php подключён.
2013-05-03 13:52:42 Файл C:/Program Files (x86)/Zend/Apache2/htdocs/wings//Applications/FrontEnd/Error/Controller.php подключён.
2013-05-03 13:52:42 Файл C:/Program Files (x86)/Zend/Apache2/htdocs/wings//Applications/FrontEnd/Error/View.php подключён.
2013-05-03 20:59:14 Файл C:/Program Files (x86)/Zend/Apache2/htdocs/wings//Wings/Logs.php подключён.
2013-05-03 20:59:14 Файл C:/Program Files (x86)/Zend/Apache2/htdocs/wings//Wings/Header.php подключён.
2013-05-03 20:59:14 Файл C:/Program Files (x86)/Zend/Apache2/htdocs/wings//Wings/DB.php подключён.
2013-05-03 20:59:15 Файл C:/Program Files (x86)/Zend/Apache2/htdocs/wings//Applications/FrontEnd/Workspace.php подключён.
2013-05-03 20:59:15 Файл C:/Program Files (x86)/Zend/Apache2/htdocs/wings//Applications/FrontEnd/FrontEndModel.php подключён.
2013-05-03 20:59:15 Файл C:/Program Files (x86)/Zend/Apache2/htdocs/wings//Applications/FrontEnd/Error/Controller.php подключён.
2013-05-03 20:59:15 Файл C:/Program Files (x86)/Zend/Apache2/htdocs/wings//Applications/FrontEnd/Error/View.php подключён.
2013-05-03 20:59:15 Файл C:/Program Files (x86)/Zend/Apache2/htdocs/wings//Wings/Logs.php подключён.
2013-05-03 20:59:15 Файл C:/Program Files (x86)/Zend/Apache2/htdocs/wings//Wings/Header.php подключён.
2013-05-03 20:59:15 Файл C:/Program Files (x86)/Zend/Apache2/htdocs/wings//Wings/DB.php подключён.
2013-05-03 20:59:15 Файл C:/Program Files (x86)/Zend/Apache2/htdocs/wings//Applications/FrontEnd/Workspace.php подключён.
2013-05-03 20:59:15 Файл C:/Program Files (x86)/Zend/Apache2/htdocs/wings//Applications/FrontEnd/FrontEndModel.php подключён.
2013-05-03 20:59:15 Файл C:/Program Files (x86)/Zend/Apache2/htdocs/wings//Applications/FrontEnd/Error/Controller.php подключён.
2013-05-03 20:59:15 Файл C:/Program Files (x86)/Zend/Apache2/htdocs/wings//Applications/FrontEnd/Error/View.php подключён.
