2015-08-28 09:27:59 Файл C:/Program Files (x86)/Zend/Apache2/htdocs/wings/Wings/Logs.php подключён.
2015-08-28 09:27:59 Файл C:/Program Files (x86)/Zend/Apache2/htdocs/wings/Wings/Directory.php подключён.
2015-08-28 09:27:59 Файл C:/Program Files (x86)/Zend/Apache2/htdocs/wings/Wings/Crypt.php подключён.
2015-08-28 09:27:59 Файл C:/Program Files (x86)/Zend/Apache2/htdocs/wings/Wings/File.php подключён.
2015-08-28 09:27:59 Файл C:/Program Files (x86)/Zend/Apache2/htdocs/wings/Wings/DB.php подключён.
2015-08-28 09:27:59 Файл C:/Program Files (x86)/Zend/Apache2/htdocs/wings/Wings/tGet.php подключён.
2015-08-28 09:27:59 Файл C:/Program Files (x86)/Zend/Apache2/htdocs/wings/Wings/User.php подключён.
2015-08-28 09:27:59 Файл C:/Program Files (x86)/Zend/Apache2/htdocs/wings/Wings/Header.php подключён.
2015-08-28 09:27:59 Файл C:/Program Files (x86)/Zend/Apache2/htdocs/wings/Applications/BackEnd/Workspace.php подключён.
2015-08-28 09:27:59 Файл C:/Program Files (x86)/Zend/Apache2/htdocs/wings/Applications/BackEnd/Authorization/Controller.php подключён.
2015-08-28 09:27:59 Файл C:/Program Files (x86)/Zend/Apache2/htdocs/wings/Applications/BackEnd/Authorization/View.php подключён.
2015-08-28 09:27:59 Файл C:/Program Files (x86)/Zend/Apache2/htdocs/wings/Wings/Logs.php подключён.
2015-08-28 09:27:59 Файл C:/Program Files (x86)/Zend/Apache2/htdocs/wings/Wings/Directory.php подключён.
2015-08-28 09:27:59 Файл C:/Program Files (x86)/Zend/Apache2/htdocs/wings/Wings/Crypt.php подключён.
2015-08-28 09:27:59 Файл C:/Program Files (x86)/Zend/Apache2/htdocs/wings/Wings/File.php подключён.
2015-08-28 09:27:59 Файл C:/Program Files (x86)/Zend/Apache2/htdocs/wings/Wings/DB.php подключён.
2015-08-28 09:27:59 Файл C:/Program Files (x86)/Zend/Apache2/htdocs/wings/Wings/Header.php подключён.
2015-08-28 09:27:59 Файл C:/Program Files (x86)/Zend/Apache2/htdocs/wings/Wings/Logs.php подключён.
2015-08-28 09:27:59 Файл C:/Program Files (x86)/Zend/Apache2/htdocs/wings/Wings/Directory.php подключён.
2015-08-28 09:27:59 Файл C:/Program Files (x86)/Zend/Apache2/htdocs/wings/Wings/Crypt.php подключён.
2015-08-28 09:27:59 Файл C:/Program Files (x86)/Zend/Apache2/htdocs/wings/Wings/File.php подключён.
2015-08-28 09:27:59 Файл C:/Program Files (x86)/Zend/Apache2/htdocs/wings/Wings/DB.php подключён.
2015-08-28 09:27:59 Файл C:/Program Files (x86)/Zend/Apache2/htdocs/wings/Wings/tGet.php подключён.
2015-08-28 09:27:59 Файл C:/Program Files (x86)/Zend/Apache2/htdocs/wings/Wings/User.php подключён.
2015-08-28 09:27:59 Файл C:/Program Files (x86)/Zend/Apache2/htdocs/wings/Wings/Header.php подключён.
2015-08-28 09:27:59 Файл C:/Program Files (x86)/Zend/Apache2/htdocs/wings/Applications/FrontEnd/Workspace.php подключён.
2015-08-28 09:27:59 Файл C:/Program Files (x86)/Zend/Apache2/htdocs/wings/Wings/Page.php подключён.
2015-08-28 09:28:32 Файл C:/Program Files (x86)/Zend/Apache2/htdocs/wings/Wings/Logs.php подключён.
2015-08-28 09:28:32 Файл C:/Program Files (x86)/Zend/Apache2/htdocs/wings/Wings/Directory.php подключён.
2015-08-28 09:28:32 Файл C:/Program Files (x86)/Zend/Apache2/htdocs/wings/Wings/Crypt.php подключён.
2015-08-28 09:28:32 Файл C:/Program Files (x86)/Zend/Apache2/htdocs/wings/Wings/File.php подключён.
2015-08-28 09:28:32 Файл C:/Program Files (x86)/Zend/Apache2/htdocs/wings/Wings/DB.php подключён.
2015-08-28 09:28:32 Файл C:/Program Files (x86)/Zend/Apache2/htdocs/wings/Wings/tGet.php подключён.
2015-08-28 09:28:32 Файл C:/Program Files (x86)/Zend/Apache2/htdocs/wings/Wings/User.php подключён.
2015-08-28 09:28:32 Файл C:/Program Files (x86)/Zend/Apache2/htdocs/wings/Wings/Header.php подключён.
2015-08-28 09:28:32 Файл C:/Program Files (x86)/Zend/Apache2/htdocs/wings/Applications/BackEnd/Workspace.php подключён.
2015-08-28 09:28:32 Файл C:/Program Files (x86)/Zend/Apache2/htdocs/wings/Applications/BackEnd/Authorization/Controller.php подключён.
2015-08-28 09:28:32 Файл C:/Program Files (x86)/Zend/Apache2/htdocs/wings/Applications/BackEnd/Authorization/View.php подключён.
2015-08-28 09:28:33 Файл C:/Program Files (x86)/Zend/Apache2/htdocs/wings/Wings/Logs.php подключён.
2015-08-28 09:28:33 Файл C:/Program Files (x86)/Zend/Apache2/htdocs/wings/Wings/Directory.php подключён.
2015-08-28 09:28:33 Файл C:/Program Files (x86)/Zend/Apache2/htdocs/wings/Wings/Crypt.php подключён.
2015-08-28 09:28:33 Файл C:/Program Files (x86)/Zend/Apache2/htdocs/wings/Wings/File.php подключён.
2015-08-28 09:28:33 Файл C:/Program Files (x86)/Zend/Apache2/htdocs/wings/Wings/DB.php подключён.
2015-08-28 09:28:33 Файл C:/Program Files (x86)/Zend/Apache2/htdocs/wings/Wings/Header.php подключён.
2015-08-28 09:28:33 Файл C:/Program Files (x86)/Zend/Apache2/htdocs/wings/Wings/Logs.php подключён.
2015-08-28 09:28:33 Файл C:/Program Files (x86)/Zend/Apache2/htdocs/wings/Wings/Directory.php подключён.
2015-08-28 09:28:33 Файл C:/Program Files (x86)/Zend/Apache2/htdocs/wings/Wings/Crypt.php подключён.
2015-08-28 09:28:33 Файл C:/Program Files (x86)/Zend/Apache2/htdocs/wings/Wings/File.php подключён.
2015-08-28 09:28:33 Файл C:/Program Files (x86)/Zend/Apache2/htdocs/wings/Wings/DB.php подключён.
2015-08-28 09:28:33 Файл C:/Program Files (x86)/Zend/Apache2/htdocs/wings/Wings/tGet.php подключён.
2015-08-28 09:28:33 Файл C:/Program Files (x86)/Zend/Apache2/htdocs/wings/Wings/User.php подключён.
2015-08-28 09:28:33 Файл C:/Program Files (x86)/Zend/Apache2/htdocs/wings/Wings/Header.php подключён.
2015-08-28 09:28:33 Файл C:/Program Files (x86)/Zend/Apache2/htdocs/wings/Applications/FrontEnd/Workspace.php подключён.
2015-08-28 09:28:33 Файл C:/Program Files (x86)/Zend/Apache2/htdocs/wings/Wings/Page.php подключён.
2015-08-28 09:46:17 Файл C:/Program Files (x86)/Zend/Apache2/htdocs/wings/Wings/Logs.php подключён.
2015-08-28 09:46:17 Файл C:/Program Files (x86)/Zend/Apache2/htdocs/wings/Wings/Directory.php подключён.
2015-08-28 09:46:17 Файл C:/Program Files (x86)/Zend/Apache2/htdocs/wings/Wings/Crypt.php подключён.
2015-08-28 09:46:17 Файл C:/Program Files (x86)/Zend/Apache2/htdocs/wings/Wings/File.php подключён.
2015-08-28 09:46:17 Файл C:/Program Files (x86)/Zend/Apache2/htdocs/wings/Wings/DB.php подключён.
2015-08-28 09:46:17 Файл C:/Program Files (x86)/Zend/Apache2/htdocs/wings/Wings/tGet.php подключён.
2015-08-28 09:46:17 Файл C:/Program Files (x86)/Zend/Apache2/htdocs/wings/Wings/User.php подключён.
2015-08-28 09:46:17 Файл C:/Program Files (x86)/Zend/Apache2/htdocs/wings/Wings/Header.php подключён.
2015-08-28 09:46:17 Файл C:/Program Files (x86)/Zend/Apache2/htdocs/wings/Applications/BackEnd/Workspace.php подключён.
2015-08-28 09:46:17 Файл C:/Program Files (x86)/Zend/Apache2/htdocs/wings/Applications/BackEnd/Authorization/Controller.php подключён.
2015-08-28 09:46:17 Файл C:/Program Files (x86)/Zend/Apache2/htdocs/wings/Applications/BackEnd/Authorization/View.php подключён.
2015-08-28 09:46:18 Файл C:/Program Files (x86)/Zend/Apache2/htdocs/wings/Wings/Logs.php подключён.
2015-08-28 09:46:18 Файл C:/Program Files (x86)/Zend/Apache2/htdocs/wings/Wings/Directory.php подключён.
2015-08-28 09:46:18 Файл C:/Program Files (x86)/Zend/Apache2/htdocs/wings/Wings/Crypt.php подключён.
2015-08-28 09:46:18 Файл C:/Program Files (x86)/Zend/Apache2/htdocs/wings/Wings/File.php подключён.
2015-08-28 09:46:18 Файл C:/Program Files (x86)/Zend/Apache2/htdocs/wings/Wings/DB.php подключён.
2015-08-28 09:46:18 Файл C:/Program Files (x86)/Zend/Apache2/htdocs/wings/Wings/Header.php подключён.
2015-08-28 09:46:18 Файл C:/Program Files (x86)/Zend/Apache2/htdocs/wings/Wings/Logs.php подключён.
2015-08-28 09:46:18 Файл C:/Program Files (x86)/Zend/Apache2/htdocs/wings/Wings/Directory.php подключён.
2015-08-28 09:46:18 Файл C:/Program Files (x86)/Zend/Apache2/htdocs/wings/Wings/Crypt.php подключён.
2015-08-28 09:46:18 Файл C:/Program Files (x86)/Zend/Apache2/htdocs/wings/Wings/File.php подключён.
2015-08-28 09:46:18 Файл C:/Program Files (x86)/Zend/Apache2/htdocs/wings/Wings/DB.php подключён.
2015-08-28 09:46:18 Файл C:/Program Files (x86)/Zend/Apache2/htdocs/wings/Wings/tGet.php подключён.
2015-08-28 09:46:18 Файл C:/Program Files (x86)/Zend/Apache2/htdocs/wings/Wings/User.php подключён.
2015-08-28 09:46:18 Файл C:/Program Files (x86)/Zend/Apache2/htdocs/wings/Wings/Header.php подключён.
2015-08-28 09:46:18 Файл C:/Program Files (x86)/Zend/Apache2/htdocs/wings/Applications/FrontEnd/Workspace.php подключён.
2015-08-28 09:46:18 Файл C:/Program Files (x86)/Zend/Apache2/htdocs/wings/Wings/Page.php подключён.
2015-08-28 09:46:19 Файл C:/Program Files (x86)/Zend/Apache2/htdocs/wings/Wings/Logs.php подключён.
2015-08-28 09:46:19 Файл C:/Program Files (x86)/Zend/Apache2/htdocs/wings/Wings/Directory.php подключён.
2015-08-28 09:46:19 Файл C:/Program Files (x86)/Zend/Apache2/htdocs/wings/Wings/Crypt.php подключён.
2015-08-28 09:46:19 Файл C:/Program Files (x86)/Zend/Apache2/htdocs/wings/Wings/File.php подключён.
2015-08-28 09:46:19 Файл C:/Program Files (x86)/Zend/Apache2/htdocs/wings/Wings/DB.php подключён.
2015-08-28 09:46:19 Файл C:/Program Files (x86)/Zend/Apache2/htdocs/wings/Wings/tGet.php подключён.
2015-08-28 09:46:19 Файл C:/Program Files (x86)/Zend/Apache2/htdocs/wings/Wings/User.php подключён.
2015-08-28 09:46:19 Файл C:/Program Files (x86)/Zend/Apache2/htdocs/wings/Wings/Header.php подключён.
2015-08-28 09:46:19 Файл C:/Program Files (x86)/Zend/Apache2/htdocs/wings/Applications/BackEnd/Workspace.php подключён.
2015-08-28 09:46:19 Файл C:/Program Files (x86)/Zend/Apache2/htdocs/wings/Applications/BackEnd/Authorization/Controller.php подключён.
2015-08-28 09:46:19 Файл C:/Program Files (x86)/Zend/Apache2/htdocs/wings/Wings/UserGroupeModel.php подключён.
2015-08-28 09:46:19 Файл C:/Program Files (x86)/Zend/Apache2/htdocs/wings/Applications/BackEnd/Authorization/View.php подключён.
2015-08-28 09:46:19 Файл C:/Program Files (x86)/Zend/Apache2/htdocs/wings/Wings/Logs.php подключён.
2015-08-28 09:46:19 Файл C:/Program Files (x86)/Zend/Apache2/htdocs/wings/Wings/Directory.php подключён.
2015-08-28 09:46:19 Файл C:/Program Files (x86)/Zend/Apache2/htdocs/wings/Wings/Crypt.php подключён.
2015-08-28 09:46:19 Файл C:/Program Files (x86)/Zend/Apache2/htdocs/wings/Wings/File.php подключён.
2015-08-28 09:46:19 Файл C:/Program Files (x86)/Zend/Apache2/htdocs/wings/Wings/DB.php подключён.
2015-08-28 09:46:19 Файл C:/Program Files (x86)/Zend/Apache2/htdocs/wings/Wings/tGet.php подключён.
2015-08-28 09:46:19 Файл C:/Program Files (x86)/Zend/Apache2/htdocs/wings/Wings/User.php подключён.
2015-08-28 09:46:19 Файл C:/Program Files (x86)/Zend/Apache2/htdocs/wings/Wings/UserGroupeModel.php подключён.
2015-08-28 09:46:19 Файл C:/Program Files (x86)/Zend/Apache2/htdocs/wings/Wings/Header.php подключён.
2015-08-28 09:46:19 Файл C:/Program Files (x86)/Zend/Apache2/htdocs/wings/Applications/BackEnd/Workspace.php подключён.
2015-08-28 09:46:19 Файл C:/Program Files (x86)/Zend/Apache2/htdocs/wings/Wings/Page.php подключён.
2015-08-28 09:46:19 Файл C:/Program Files (x86)/Zend/Apache2/htdocs/wings/Applications/BackEnd/Controller.php подключён.
2015-08-28 09:46:19 Файл C:/Program Files (x86)/Zend/Apache2/htdocs/wings/Applications/BackEnd/User/Controller.php подключён.
2015-08-28 09:46:19 Файл C:/Program Files (x86)/Zend/Apache2/htdocs/wings/Applications/BackEnd/Model.php подключён.
2015-08-28 09:46:19 Файл C:/Program Files (x86)/Zend/Apache2/htdocs/wings/Applications/BackEnd/User/Model.php подключён.
2015-08-28 09:46:19 Файл C:/Program Files (x86)/Zend/Apache2/htdocs/wings/Wings/Tree/iTree.php подключён.
2015-08-28 09:46:19 Файл C:/Program Files (x86)/Zend/Apache2/htdocs/wings/Wings/Tree/NestedSets.php подключён.
2015-08-28 09:46:19 Файл C:/Program Files (x86)/Zend/Apache2/htdocs/wings/Applications/BackEnd/View.php подключён.
2015-08-28 09:46:19 Файл C:/Program Files (x86)/Zend/Apache2/htdocs/wings/Applications/BackEnd/User/View.php подключён.
2015-08-28 09:46:19 Файл C:/Program Files (x86)/Zend/Apache2/htdocs/wings/Applications/BackEnd/Group/Model.php подключён.
2015-08-28 09:51:01 Файл C:/Program Files (x86)/Zend/Apache2/htdocs/wings/Wings/Logs.php подключён.
2015-08-28 09:51:01 Файл C:/Program Files (x86)/Zend/Apache2/htdocs/wings/Wings/Directory.php подключён.
2015-08-28 09:51:01 Файл C:/Program Files (x86)/Zend/Apache2/htdocs/wings/Wings/Crypt.php подключён.
2015-08-28 09:51:01 Файл C:/Program Files (x86)/Zend/Apache2/htdocs/wings/Wings/File.php подключён.
2015-08-28 09:51:01 Файл C:/Program Files (x86)/Zend/Apache2/htdocs/wings/Wings/DB.php подключён.
2015-08-28 09:51:01 Файл C:/Program Files (x86)/Zend/Apache2/htdocs/wings/Wings/tGet.php подключён.
2015-08-28 09:51:01 Файл C:/Program Files (x86)/Zend/Apache2/htdocs/wings/Wings/User.php подключён.
2015-08-28 09:51:01 Файл C:/Program Files (x86)/Zend/Apache2/htdocs/wings/Wings/Header.php подключён.
2015-08-28 09:51:01 Файл C:/Program Files (x86)/Zend/Apache2/htdocs/wings/Applications/BackEnd/Workspace.php подключён.
2015-08-28 09:51:01 Файл C:/Program Files (x86)/Zend/Apache2/htdocs/wings/Applications/BackEnd/Authorization/Controller.php подключён.
2015-08-28 09:51:01 Файл C:/Program Files (x86)/Zend/Apache2/htdocs/wings/Applications/BackEnd/Authorization/View.php подключён.
2015-08-28 09:51:01 Файл C:/Program Files (x86)/Zend/Apache2/htdocs/wings/Wings/Logs.php подключён.
2015-08-28 09:51:01 Файл C:/Program Files (x86)/Zend/Apache2/htdocs/wings/Wings/Directory.php подключён.
2015-08-28 09:51:01 Файл C:/Program Files (x86)/Zend/Apache2/htdocs/wings/Wings/Crypt.php подключён.
2015-08-28 09:51:01 Файл C:/Program Files (x86)/Zend/Apache2/htdocs/wings/Wings/File.php подключён.
2015-08-28 09:51:01 Файл C:/Program Files (x86)/Zend/Apache2/htdocs/wings/Wings/DB.php подключён.
2015-08-28 09:51:01 Файл C:/Program Files (x86)/Zend/Apache2/htdocs/wings/Wings/Header.php подключён.
2015-08-28 09:51:01 Файл C:/Program Files (x86)/Zend/Apache2/htdocs/wings/Wings/Logs.php подключён.
2015-08-28 09:51:01 Файл C:/Program Files (x86)/Zend/Apache2/htdocs/wings/Wings/Directory.php подключён.
2015-08-28 09:51:01 Файл C:/Program Files (x86)/Zend/Apache2/htdocs/wings/Wings/Crypt.php подключён.
2015-08-28 09:51:01 Файл C:/Program Files (x86)/Zend/Apache2/htdocs/wings/Wings/File.php подключён.
2015-08-28 09:51:01 Файл C:/Program Files (x86)/Zend/Apache2/htdocs/wings/Wings/DB.php подключён.
2015-08-28 09:51:01 Файл C:/Program Files (x86)/Zend/Apache2/htdocs/wings/Wings/tGet.php подключён.
2015-08-28 09:51:01 Файл C:/Program Files (x86)/Zend/Apache2/htdocs/wings/Wings/User.php подключён.
2015-08-28 09:51:01 Файл C:/Program Files (x86)/Zend/Apache2/htdocs/wings/Wings/Header.php подключён.
2015-08-28 09:51:01 Файл C:/Program Files (x86)/Zend/Apache2/htdocs/wings/Applications/FrontEnd/Workspace.php подключён.
2015-08-28 09:51:01 Файл C:/Program Files (x86)/Zend/Apache2/htdocs/wings/Wings/Page.php подключён.
2015-08-28 10:38:09 Файл C:/Program Files (x86)/Zend/Apache2/htdocs/wings/Wings/Logs.php подключён.
2015-08-28 10:38:09 Файл C:/Program Files (x86)/Zend/Apache2/htdocs/wings/Wings/Directory.php подключён.
2015-08-28 10:38:09 Файл C:/Program Files (x86)/Zend/Apache2/htdocs/wings/Wings/Crypt.php подключён.
2015-08-28 10:38:09 Файл C:/Program Files (x86)/Zend/Apache2/htdocs/wings/Wings/File.php подключён.
2015-08-28 10:38:09 Файл C:/Program Files (x86)/Zend/Apache2/htdocs/wings/Wings/DB.php подключён.
2015-08-28 10:38:09 Файл C:/Program Files (x86)/Zend/Apache2/htdocs/wings/Wings/tGet.php подключён.
2015-08-28 10:38:09 Файл C:/Program Files (x86)/Zend/Apache2/htdocs/wings/Wings/User.php подключён.
2015-08-28 10:38:09 Файл C:/Program Files (x86)/Zend/Apache2/htdocs/wings/Wings/Header.php подключён.
2015-08-28 10:38:09 Файл C:/Program Files (x86)/Zend/Apache2/htdocs/wings/Applications/BackEnd/Workspace.php подключён.
2015-08-28 10:38:09 Файл C:/Program Files (x86)/Zend/Apache2/htdocs/wings/Applications/BackEnd/Authorization/Controller.php подключён.
2015-08-28 10:38:09 Файл C:/Program Files (x86)/Zend/Apache2/htdocs/wings/Applications/BackEnd/Authorization/View.php подключён.
2015-08-28 10:38:09 Файл C:/Program Files (x86)/Zend/Apache2/htdocs/wings/Wings/Logs.php подключён.
2015-08-28 10:38:09 Файл C:/Program Files (x86)/Zend/Apache2/htdocs/wings/Wings/Directory.php подключён.
2015-08-28 10:38:09 Файл C:/Program Files (x86)/Zend/Apache2/htdocs/wings/Wings/Crypt.php подключён.
2015-08-28 10:38:09 Файл C:/Program Files (x86)/Zend/Apache2/htdocs/wings/Wings/File.php подключён.
2015-08-28 10:38:09 Файл C:/Program Files (x86)/Zend/Apache2/htdocs/wings/Wings/DB.php подключён.
2015-08-28 10:38:09 Файл C:/Program Files (x86)/Zend/Apache2/htdocs/wings/Wings/Header.php подключён.
2015-08-28 10:38:09 Файл C:/Program Files (x86)/Zend/Apache2/htdocs/wings/Wings/Logs.php подключён.
2015-08-28 10:38:09 Файл C:/Program Files (x86)/Zend/Apache2/htdocs/wings/Wings/Directory.php подключён.
2015-08-28 10:38:09 Файл C:/Program Files (x86)/Zend/Apache2/htdocs/wings/Wings/Crypt.php подключён.
2015-08-28 10:38:09 Файл C:/Program Files (x86)/Zend/Apache2/htdocs/wings/Wings/File.php подключён.
2015-08-28 10:38:09 Файл C:/Program Files (x86)/Zend/Apache2/htdocs/wings/Wings/DB.php подключён.
2015-08-28 10:38:09 Файл C:/Program Files (x86)/Zend/Apache2/htdocs/wings/Wings/tGet.php подключён.
2015-08-28 10:38:09 Файл C:/Program Files (x86)/Zend/Apache2/htdocs/wings/Wings/User.php подключён.
2015-08-28 10:38:09 Файл C:/Program Files (x86)/Zend/Apache2/htdocs/wings/Wings/Header.php подключён.
2015-08-28 10:38:09 Файл C:/Program Files (x86)/Zend/Apache2/htdocs/wings/Applications/FrontEnd/Workspace.php подключён.
2015-08-28 10:38:09 Файл C:/Program Files (x86)/Zend/Apache2/htdocs/wings/Wings/Page.php подключён.
2015-08-28 11:10:18 Файл C:/Program Files (x86)/Zend/Apache2/htdocs/wings/Wings/Logs.php подключён.
2015-08-28 11:10:18 Файл C:/Program Files (x86)/Zend/Apache2/htdocs/wings/Wings/Directory.php подключён.
2015-08-28 11:10:18 Файл C:/Program Files (x86)/Zend/Apache2/htdocs/wings/Wings/Crypt.php подключён.
2015-08-28 11:10:18 Файл C:/Program Files (x86)/Zend/Apache2/htdocs/wings/Wings/File.php подключён.
2015-08-28 11:10:18 Файл C:/Program Files (x86)/Zend/Apache2/htdocs/wings/Wings/DB.php подключён.
2015-08-28 11:10:18 Файл C:/Program Files (x86)/Zend/Apache2/htdocs/wings/Wings/tGet.php подключён.
2015-08-28 11:10:18 Файл C:/Program Files (x86)/Zend/Apache2/htdocs/wings/Wings/User.php подключён.
2015-08-28 11:10:18 Файл C:/Program Files (x86)/Zend/Apache2/htdocs/wings/Wings/Header.php подключён.
2015-08-28 11:10:18 Файл C:/Program Files (x86)/Zend/Apache2/htdocs/wings/Applications/BackEnd/Workspace.php подключён.
2015-08-28 11:10:18 Файл C:/Program Files (x86)/Zend/Apache2/htdocs/wings/Applications/BackEnd/Authorization/Controller.php подключён.
2015-08-28 11:10:18 Файл C:/Program Files (x86)/Zend/Apache2/htdocs/wings/Applications/BackEnd/Authorization/View.php подключён.
2015-08-28 11:10:18 Файл C:/Program Files (x86)/Zend/Apache2/htdocs/wings/Wings/Logs.php подключён.
2015-08-28 11:10:18 Файл C:/Program Files (x86)/Zend/Apache2/htdocs/wings/Wings/Directory.php подключён.
2015-08-28 11:10:18 Файл C:/Program Files (x86)/Zend/Apache2/htdocs/wings/Wings/Crypt.php подключён.
2015-08-28 11:10:18 Файл C:/Program Files (x86)/Zend/Apache2/htdocs/wings/Wings/File.php подключён.
2015-08-28 11:10:18 Файл C:/Program Files (x86)/Zend/Apache2/htdocs/wings/Wings/DB.php подключён.
2015-08-28 11:10:18 Файл C:/Program Files (x86)/Zend/Apache2/htdocs/wings/Wings/Header.php подключён.
2015-08-28 11:10:18 Файл C:/Program Files (x86)/Zend/Apache2/htdocs/wings/Wings/Logs.php подключён.
2015-08-28 11:10:18 Файл C:/Program Files (x86)/Zend/Apache2/htdocs/wings/Wings/Directory.php подключён.
2015-08-28 11:10:18 Файл C:/Program Files (x86)/Zend/Apache2/htdocs/wings/Wings/Crypt.php подключён.
2015-08-28 11:10:18 Файл C:/Program Files (x86)/Zend/Apache2/htdocs/wings/Wings/File.php подключён.
2015-08-28 11:10:18 Файл C:/Program Files (x86)/Zend/Apache2/htdocs/wings/Wings/DB.php подключён.
2015-08-28 11:10:18 Файл C:/Program Files (x86)/Zend/Apache2/htdocs/wings/Wings/tGet.php подключён.
2015-08-28 11:10:18 Файл C:/Program Files (x86)/Zend/Apache2/htdocs/wings/Wings/User.php подключён.
2015-08-28 11:10:18 Файл C:/Program Files (x86)/Zend/Apache2/htdocs/wings/Wings/Header.php подключён.
2015-08-28 11:10:18 Файл C:/Program Files (x86)/Zend/Apache2/htdocs/wings/Applications/FrontEnd/Workspace.php подключён.
2015-08-28 11:10:18 Файл C:/Program Files (x86)/Zend/Apache2/htdocs/wings/Wings/Page.php подключён.
2015-08-28 11:59:53 Файл C:/Program Files (x86)/Zend/Apache2/htdocs/wings/Wings/Logs.php подключён.
2015-08-28 11:59:53 Файл C:/Program Files (x86)/Zend/Apache2/htdocs/wings/Wings/Directory.php подключён.
2015-08-28 11:59:53 Файл C:/Program Files (x86)/Zend/Apache2/htdocs/wings/Wings/Crypt.php подключён.
2015-08-28 11:59:53 Файл C:/Program Files (x86)/Zend/Apache2/htdocs/wings/Wings/File.php подключён.
2015-08-28 11:59:53 Файл C:/Program Files (x86)/Zend/Apache2/htdocs/wings/Wings/DB.php подключён.
2015-08-28 11:59:54 Файл C:/Program Files (x86)/Zend/Apache2/htdocs/wings/Wings/Header.php подключён.
2015-08-28 11:59:54 Файл C:/Program Files (x86)/Zend/Apache2/htdocs/wings/Wings/Logs.php подключён.
2015-08-28 11:59:54 Файл C:/Program Files (x86)/Zend/Apache2/htdocs/wings/Wings/Directory.php подключён.
2015-08-28 11:59:54 Файл C:/Program Files (x86)/Zend/Apache2/htdocs/wings/Wings/Crypt.php подключён.
2015-08-28 11:59:54 Файл C:/Program Files (x86)/Zend/Apache2/htdocs/wings/Wings/File.php подключён.
2015-08-28 11:59:54 Файл C:/Program Files (x86)/Zend/Apache2/htdocs/wings/Wings/DB.php подключён.
2015-08-28 11:59:54 Файл C:/Program Files (x86)/Zend/Apache2/htdocs/wings/Wings/tGet.php подключён.
2015-08-28 11:59:54 Файл C:/Program Files (x86)/Zend/Apache2/htdocs/wings/Wings/User.php подключён.
2015-08-28 11:59:54 Файл C:/Program Files (x86)/Zend/Apache2/htdocs/wings/Wings/Header.php подключён.
2015-08-28 11:59:54 Файл C:/Program Files (x86)/Zend/Apache2/htdocs/wings/Applications/FrontEnd/Workspace.php подключён.
2015-08-28 11:59:54 Файл C:/Program Files (x86)/Zend/Apache2/htdocs/wings/Wings/Page.php подключён.
2015-08-28 12:00:00 Файл C:/Program Files (x86)/Zend/Apache2/htdocs/wings/Wings/Logs.php подключён.
2015-08-28 12:00:00 Файл C:/Program Files (x86)/Zend/Apache2/htdocs/wings/Wings/Directory.php подключён.
2015-08-28 12:00:00 Файл C:/Program Files (x86)/Zend/Apache2/htdocs/wings/Wings/Crypt.php подключён.
2015-08-28 12:00:00 Файл C:/Program Files (x86)/Zend/Apache2/htdocs/wings/Wings/File.php подключён.
2015-08-28 12:00:00 Файл C:/Program Files (x86)/Zend/Apache2/htdocs/wings/Wings/DB.php подключён.
2015-08-28 12:00:00 Файл C:/Program Files (x86)/Zend/Apache2/htdocs/wings/Wings/Header.php подключён.
2015-08-28 12:00:01 Файл C:/Program Files (x86)/Zend/Apache2/htdocs/wings/Wings/Logs.php подключён.
2015-08-28 12:00:01 Файл C:/Program Files (x86)/Zend/Apache2/htdocs/wings/Wings/Directory.php подключён.
2015-08-28 12:00:01 Файл C:/Program Files (x86)/Zend/Apache2/htdocs/wings/Wings/Crypt.php подключён.
2015-08-28 12:00:01 Файл C:/Program Files (x86)/Zend/Apache2/htdocs/wings/Wings/File.php подключён.
2015-08-28 12:00:01 Файл C:/Program Files (x86)/Zend/Apache2/htdocs/wings/Wings/DB.php подключён.
2015-08-28 12:00:01 Файл C:/Program Files (x86)/Zend/Apache2/htdocs/wings/Wings/tGet.php подключён.
2015-08-28 12:00:01 Файл C:/Program Files (x86)/Zend/Apache2/htdocs/wings/Wings/User.php подключён.
2015-08-28 12:00:01 Файл C:/Program Files (x86)/Zend/Apache2/htdocs/wings/Wings/Header.php подключён.
2015-08-28 12:00:01 Файл C:/Program Files (x86)/Zend/Apache2/htdocs/wings/Applications/BackEnd/Workspace.php подключён.
2015-08-28 12:00:01 Файл C:/Program Files (x86)/Zend/Apache2/htdocs/wings/Applications/BackEnd/Authorization/Controller.php подключён.
2015-08-28 12:00:01 Файл C:/Program Files (x86)/Zend/Apache2/htdocs/wings/Applications/BackEnd/Authorization/View.php подключён.
2015-08-28 12:00:01 Файл C:/Program Files (x86)/Zend/Apache2/htdocs/wings/Wings/Logs.php подключён.
2015-08-28 12:00:01 Файл C:/Program Files (x86)/Zend/Apache2/htdocs/wings/Wings/Directory.php подключён.
2015-08-28 12:00:01 Файл C:/Program Files (x86)/Zend/Apache2/htdocs/wings/Wings/Crypt.php подключён.
2015-08-28 12:00:01 Файл C:/Program Files (x86)/Zend/Apache2/htdocs/wings/Wings/File.php подключён.
2015-08-28 12:00:01 Файл C:/Program Files (x86)/Zend/Apache2/htdocs/wings/Wings/DB.php подключён.
2015-08-28 12:00:01 Файл C:/Program Files (x86)/Zend/Apache2/htdocs/wings/Wings/Header.php подключён.
2015-08-28 12:00:01 Файл C:/Program Files (x86)/Zend/Apache2/htdocs/wings/Wings/Logs.php подключён.
2015-08-28 12:00:01 Файл C:/Program Files (x86)/Zend/Apache2/htdocs/wings/Wings/Directory.php подключён.
2015-08-28 12:00:01 Файл C:/Program Files (x86)/Zend/Apache2/htdocs/wings/Wings/Crypt.php подключён.
2015-08-28 12:00:01 Файл C:/Program Files (x86)/Zend/Apache2/htdocs/wings/Wings/File.php подключён.
2015-08-28 12:00:01 Файл C:/Program Files (x86)/Zend/Apache2/htdocs/wings/Wings/DB.php подключён.
2015-08-28 12:00:01 Файл C:/Program Files (x86)/Zend/Apache2/htdocs/wings/Wings/Header.php подключён.
2015-08-28 12:00:01 Файл C:/Program Files (x86)/Zend/Apache2/htdocs/wings/Wings/Logs.php подключён.
2015-08-28 12:00:01 Файл C:/Program Files (x86)/Zend/Apache2/htdocs/wings/Wings/Directory.php подключён.
2015-08-28 12:00:01 Файл C:/Program Files (x86)/Zend/Apache2/htdocs/wings/Wings/Crypt.php подключён.
2015-08-28 12:00:01 Файл C:/Program Files (x86)/Zend/Apache2/htdocs/wings/Wings/File.php подключён.
2015-08-28 12:00:01 Файл C:/Program Files (x86)/Zend/Apache2/htdocs/wings/Wings/DB.php подключён.
2015-08-28 12:00:01 Файл C:/Program Files (x86)/Zend/Apache2/htdocs/wings/Wings/tGet.php подключён.
2015-08-28 12:00:01 Файл C:/Program Files (x86)/Zend/Apache2/htdocs/wings/Wings/User.php подключён.
2015-08-28 12:00:01 Файл C:/Program Files (x86)/Zend/Apache2/htdocs/wings/Wings/Header.php подключён.
2015-08-28 12:00:01 Файл C:/Program Files (x86)/Zend/Apache2/htdocs/wings/Applications/FrontEnd/Workspace.php подключён.
2015-08-28 12:00:01 Файл C:/Program Files (x86)/Zend/Apache2/htdocs/wings/Wings/Page.php подключён.
2015-08-28 12:00:01 Файл C:/Program Files (x86)/Zend/Apache2/htdocs/wings/Wings/Logs.php подключён.
2015-08-28 12:00:01 Файл C:/Program Files (x86)/Zend/Apache2/htdocs/wings/Wings/Directory.php подключён.
2015-08-28 12:00:01 Файл C:/Program Files (x86)/Zend/Apache2/htdocs/wings/Wings/Crypt.php подключён.
2015-08-28 12:00:01 Файл C:/Program Files (x86)/Zend/Apache2/htdocs/wings/Wings/File.php подключён.
2015-08-28 12:00:01 Файл C:/Program Files (x86)/Zend/Apache2/htdocs/wings/Wings/DB.php подключён.
2015-08-28 12:00:01 Файл C:/Program Files (x86)/Zend/Apache2/htdocs/wings/Wings/tGet.php подключён.
2015-08-28 12:00:01 Файл C:/Program Files (x86)/Zend/Apache2/htdocs/wings/Wings/User.php подключён.
2015-08-28 12:00:01 Файл C:/Program Files (x86)/Zend/Apache2/htdocs/wings/Wings/Header.php подключён.
2015-08-28 12:00:01 Файл C:/Program Files (x86)/Zend/Apache2/htdocs/wings/Applications/FrontEnd/Workspace.php подключён.
2015-08-28 12:00:01 Файл C:/Program Files (x86)/Zend/Apache2/htdocs/wings/Wings/Page.php подключён.
2015-08-28 12:00:02 Файл C:/Program Files (x86)/Zend/Apache2/htdocs/wings/Wings/Logs.php подключён.
2015-08-28 12:00:02 Файл C:/Program Files (x86)/Zend/Apache2/htdocs/wings/Wings/Directory.php подключён.
2015-08-28 12:00:02 Файл C:/Program Files (x86)/Zend/Apache2/htdocs/wings/Wings/Crypt.php подключён.
2015-08-28 12:00:02 Файл C:/Program Files (x86)/Zend/Apache2/htdocs/wings/Wings/File.php подключён.
2015-08-28 12:00:02 Файл C:/Program Files (x86)/Zend/Apache2/htdocs/wings/Wings/DB.php подключён.
2015-08-28 12:00:02 Файл C:/Program Files (x86)/Zend/Apache2/htdocs/wings/Wings/Header.php подключён.
2015-08-28 12:00:02 Файл C:/Program Files (x86)/Zend/Apache2/htdocs/wings/Wings/Logs.php подключён.
2015-08-28 12:00:02 Файл C:/Program Files (x86)/Zend/Apache2/htdocs/wings/Wings/Directory.php подключён.
2015-08-28 12:00:02 Файл C:/Program Files (x86)/Zend/Apache2/htdocs/wings/Wings/Crypt.php подключён.
2015-08-28 12:00:02 Файл C:/Program Files (x86)/Zend/Apache2/htdocs/wings/Wings/File.php подключён.
2015-08-28 12:00:02 Файл C:/Program Files (x86)/Zend/Apache2/htdocs/wings/Wings/DB.php подключён.
2015-08-28 12:00:02 Файл C:/Program Files (x86)/Zend/Apache2/htdocs/wings/Wings/tGet.php подключён.
2015-08-28 12:00:02 Файл C:/Program Files (x86)/Zend/Apache2/htdocs/wings/Wings/User.php подключён.
2015-08-28 12:00:02 Файл C:/Program Files (x86)/Zend/Apache2/htdocs/wings/Wings/Header.php подключён.
2015-08-28 12:00:02 Файл C:/Program Files (x86)/Zend/Apache2/htdocs/wings/Applications/FrontEnd/Workspace.php подключён.
2015-08-28 12:00:02 Файл C:/Program Files (x86)/Zend/Apache2/htdocs/wings/Wings/Page.php подключён.
2015-08-28 14:15:32 Файл C:/Program Files (x86)/Zend/Apache2/htdocs/wings/Wings/Logs.php подключён.
2015-08-28 14:15:32 Файл C:/Program Files (x86)/Zend/Apache2/htdocs/wings/Wings/Directory.php подключён.
2015-08-28 14:15:32 Файл C:/Program Files (x86)/Zend/Apache2/htdocs/wings/Wings/Crypt.php подключён.
2015-08-28 14:15:32 Файл C:/Program Files (x86)/Zend/Apache2/htdocs/wings/Wings/File.php подключён.
2015-08-28 14:15:32 Файл C:/Program Files (x86)/Zend/Apache2/htdocs/wings/Wings/DB.php подключён.
2015-08-28 14:15:32 Файл C:/Program Files (x86)/Zend/Apache2/htdocs/wings/Wings/tGet.php подключён.
2015-08-28 14:15:32 Файл C:/Program Files (x86)/Zend/Apache2/htdocs/wings/Wings/User.php подключён.
2015-08-28 14:15:32 Файл C:/Program Files (x86)/Zend/Apache2/htdocs/wings/Wings/Header.php подключён.
2015-08-28 14:15:32 Файл C:/Program Files (x86)/Zend/Apache2/htdocs/wings/Applications/BackEnd/Workspace.php подключён.
2015-08-28 14:15:32 Файл C:/Program Files (x86)/Zend/Apache2/htdocs/wings/Applications/BackEnd/Authorization/Controller.php подключён.
2015-08-28 14:15:32 Файл C:/Program Files (x86)/Zend/Apache2/htdocs/wings/Applications/BackEnd/Authorization/View.php подключён.
2015-08-28 14:15:32 Файл C:/Program Files (x86)/Zend/Apache2/htdocs/wings/Wings/Logs.php подключён.
2015-08-28 14:15:32 Файл C:/Program Files (x86)/Zend/Apache2/htdocs/wings/Wings/Directory.php подключён.
2015-08-28 14:15:32 Файл C:/Program Files (x86)/Zend/Apache2/htdocs/wings/Wings/Crypt.php подключён.
2015-08-28 14:15:32 Файл C:/Program Files (x86)/Zend/Apache2/htdocs/wings/Wings/File.php подключён.
2015-08-28 14:15:32 Файл C:/Program Files (x86)/Zend/Apache2/htdocs/wings/Wings/DB.php подключён.
2015-08-28 14:15:32 Файл C:/Program Files (x86)/Zend/Apache2/htdocs/wings/Wings/Header.php подключён.
2015-08-28 14:15:32 Файл C:/Program Files (x86)/Zend/Apache2/htdocs/wings/Wings/Logs.php подключён.
2015-08-28 14:15:32 Файл C:/Program Files (x86)/Zend/Apache2/htdocs/wings/Wings/Directory.php подключён.
2015-08-28 14:15:32 Файл C:/Program Files (x86)/Zend/Apache2/htdocs/wings/Wings/Crypt.php подключён.
2015-08-28 14:15:32 Файл C:/Program Files (x86)/Zend/Apache2/htdocs/wings/Wings/File.php подключён.
2015-08-28 14:15:32 Файл C:/Program Files (x86)/Zend/Apache2/htdocs/wings/Wings/DB.php подключён.
2015-08-28 14:15:32 Файл C:/Program Files (x86)/Zend/Apache2/htdocs/wings/Wings/tGet.php подключён.
2015-08-28 14:15:32 Файл C:/Program Files (x86)/Zend/Apache2/htdocs/wings/Wings/User.php подключён.
2015-08-28 14:15:32 Файл C:/Program Files (x86)/Zend/Apache2/htdocs/wings/Wings/Header.php подключён.
2015-08-28 14:15:32 Файл C:/Program Files (x86)/Zend/Apache2/htdocs/wings/Applications/FrontEnd/Workspace.php подключён.
2015-08-28 14:15:32 Файл C:/Program Files (x86)/Zend/Apache2/htdocs/wings/Wings/Page.php подключён.
2015-08-28 14:16:22 Файл C:/Program Files (x86)/Zend/Apache2/htdocs/wings/Wings/Logs.php подключён.
2015-08-28 14:16:22 Файл C:/Program Files (x86)/Zend/Apache2/htdocs/wings/Wings/Directory.php подключён.
2015-08-28 14:16:22 Файл C:/Program Files (x86)/Zend/Apache2/htdocs/wings/Wings/Crypt.php подключён.
2015-08-28 14:16:22 Файл C:/Program Files (x86)/Zend/Apache2/htdocs/wings/Wings/File.php подключён.
2015-08-28 14:16:22 Файл C:/Program Files (x86)/Zend/Apache2/htdocs/wings/Wings/DB.php подключён.
2015-08-28 14:16:22 Файл C:/Program Files (x86)/Zend/Apache2/htdocs/wings/Wings/tGet.php подключён.
2015-08-28 14:16:22 Файл C:/Program Files (x86)/Zend/Apache2/htdocs/wings/Wings/User.php подключён.
2015-08-28 14:16:22 Файл C:/Program Files (x86)/Zend/Apache2/htdocs/wings/Wings/Header.php подключён.
2015-08-28 14:16:22 Файл C:/Program Files (x86)/Zend/Apache2/htdocs/wings/Applications/BackEnd/Workspace.php подключён.
2015-08-28 14:16:22 Файл C:/Program Files (x86)/Zend/Apache2/htdocs/wings/Applications/BackEnd/Authorization/Controller.php подключён.
2015-08-28 14:16:22 Файл C:/Program Files (x86)/Zend/Apache2/htdocs/wings/Applications/BackEnd/Authorization/View.php подключён.
2015-08-28 14:16:22 Файл C:/Program Files (x86)/Zend/Apache2/htdocs/wings/Wings/Logs.php подключён.
2015-08-28 14:16:22 Файл C:/Program Files (x86)/Zend/Apache2/htdocs/wings/Wings/Directory.php подключён.
2015-08-28 14:16:22 Файл C:/Program Files (x86)/Zend/Apache2/htdocs/wings/Wings/Crypt.php подключён.
2015-08-28 14:16:22 Файл C:/Program Files (x86)/Zend/Apache2/htdocs/wings/Wings/File.php подключён.
2015-08-28 14:16:22 Файл C:/Program Files (x86)/Zend/Apache2/htdocs/wings/Wings/DB.php подключён.
2015-08-28 14:16:22 Файл C:/Program Files (x86)/Zend/Apache2/htdocs/wings/Wings/Header.php подключён.
2015-08-28 14:16:22 Файл C:/Program Files (x86)/Zend/Apache2/htdocs/wings/Wings/Logs.php подключён.
2015-08-28 14:16:22 Файл C:/Program Files (x86)/Zend/Apache2/htdocs/wings/Wings/Directory.php подключён.
2015-08-28 14:16:22 Файл C:/Program Files (x86)/Zend/Apache2/htdocs/wings/Wings/Crypt.php подключён.
2015-08-28 14:16:22 Файл C:/Program Files (x86)/Zend/Apache2/htdocs/wings/Wings/File.php подключён.
2015-08-28 14:16:22 Файл C:/Program Files (x86)/Zend/Apache2/htdocs/wings/Wings/DB.php подключён.
2015-08-28 14:16:22 Файл C:/Program Files (x86)/Zend/Apache2/htdocs/wings/Wings/tGet.php подключён.
2015-08-28 14:16:22 Файл C:/Program Files (x86)/Zend/Apache2/htdocs/wings/Wings/User.php подключён.
2015-08-28 14:16:22 Файл C:/Program Files (x86)/Zend/Apache2/htdocs/wings/Wings/Header.php подключён.
2015-08-28 14:16:22 Файл C:/Program Files (x86)/Zend/Apache2/htdocs/wings/Applications/FrontEnd/Workspace.php подключён.
2015-08-28 14:16:22 Файл C:/Program Files (x86)/Zend/Apache2/htdocs/wings/Wings/Page.php подключён.
2015-08-28 14:20:34 Файл C:/Program Files (x86)/Zend/Apache2/htdocs/wings/Wings/Logs.php подключён.
2015-08-28 14:20:34 Файл C:/Program Files (x86)/Zend/Apache2/htdocs/wings/Wings/Directory.php подключён.
2015-08-28 14:20:34 Файл C:/Program Files (x86)/Zend/Apache2/htdocs/wings/Wings/Crypt.php подключён.
2015-08-28 14:20:34 Файл C:/Program Files (x86)/Zend/Apache2/htdocs/wings/Wings/File.php подключён.
2015-08-28 14:20:34 Файл C:/Program Files (x86)/Zend/Apache2/htdocs/wings/Wings/DB.php подключён.
2015-08-28 14:20:34 Файл C:/Program Files (x86)/Zend/Apache2/htdocs/wings/Wings/tGet.php подключён.
2015-08-28 14:20:34 Файл C:/Program Files (x86)/Zend/Apache2/htdocs/wings/Wings/User.php подключён.
2015-08-28 14:20:34 Файл C:/Program Files (x86)/Zend/Apache2/htdocs/wings/Wings/Header.php подключён.
2015-08-28 14:20:34 Файл C:/Program Files (x86)/Zend/Apache2/htdocs/wings/Applications/BackEnd/Workspace.php подключён.
2015-08-28 14:20:34 Файл C:/Program Files (x86)/Zend/Apache2/htdocs/wings/Applications/BackEnd/Authorization/Controller.php подключён.
2015-08-28 14:20:34 Файл C:/Program Files (x86)/Zend/Apache2/htdocs/wings/Applications/BackEnd/Authorization/View.php подключён.
2015-08-28 14:20:34 Файл C:/Program Files (x86)/Zend/Apache2/htdocs/wings/Wings/Logs.php подключён.
2015-08-28 14:20:34 Файл C:/Program Files (x86)/Zend/Apache2/htdocs/wings/Wings/Directory.php подключён.
2015-08-28 14:20:34 Файл C:/Program Files (x86)/Zend/Apache2/htdocs/wings/Wings/Crypt.php подключён.
2015-08-28 14:20:34 Файл C:/Program Files (x86)/Zend/Apache2/htdocs/wings/Wings/File.php подключён.
2015-08-28 14:20:34 Файл C:/Program Files (x86)/Zend/Apache2/htdocs/wings/Wings/DB.php подключён.
2015-08-28 14:20:34 Файл C:/Program Files (x86)/Zend/Apache2/htdocs/wings/Wings/Header.php подключён.
2015-08-28 14:20:34 Файл C:/Program Files (x86)/Zend/Apache2/htdocs/wings/Wings/Logs.php подключён.
2015-08-28 14:20:34 Файл C:/Program Files (x86)/Zend/Apache2/htdocs/wings/Wings/Directory.php подключён.
2015-08-28 14:20:34 Файл C:/Program Files (x86)/Zend/Apache2/htdocs/wings/Wings/Crypt.php подключён.
2015-08-28 14:20:34 Файл C:/Program Files (x86)/Zend/Apache2/htdocs/wings/Wings/File.php подключён.
2015-08-28 14:20:34 Файл C:/Program Files (x86)/Zend/Apache2/htdocs/wings/Wings/DB.php подключён.
2015-08-28 14:20:34 Файл C:/Program Files (x86)/Zend/Apache2/htdocs/wings/Wings/tGet.php подключён.
2015-08-28 14:20:34 Файл C:/Program Files (x86)/Zend/Apache2/htdocs/wings/Wings/User.php подключён.
2015-08-28 14:20:34 Файл C:/Program Files (x86)/Zend/Apache2/htdocs/wings/Wings/Header.php подключён.
2015-08-28 14:20:34 Файл C:/Program Files (x86)/Zend/Apache2/htdocs/wings/Applications/FrontEnd/Workspace.php подключён.
2015-08-28 14:20:34 Файл C:/Program Files (x86)/Zend/Apache2/htdocs/wings/Wings/Page.php подключён.
2015-08-28 14:20:55 Файл C:/Program Files (x86)/Zend/Apache2/htdocs/wings/Wings/Logs.php подключён.
2015-08-28 14:20:55 Файл C:/Program Files (x86)/Zend/Apache2/htdocs/wings/Wings/Directory.php подключён.
2015-08-28 14:20:55 Файл C:/Program Files (x86)/Zend/Apache2/htdocs/wings/Wings/Crypt.php подключён.
2015-08-28 14:20:55 Файл C:/Program Files (x86)/Zend/Apache2/htdocs/wings/Wings/File.php подключён.
2015-08-28 14:20:55 Файл C:/Program Files (x86)/Zend/Apache2/htdocs/wings/Wings/DB.php подключён.
2015-08-28 14:20:55 Файл C:/Program Files (x86)/Zend/Apache2/htdocs/wings/Wings/tGet.php подключён.
2015-08-28 14:20:55 Файл C:/Program Files (x86)/Zend/Apache2/htdocs/wings/Wings/User.php подключён.
2015-08-28 14:20:55 Файл C:/Program Files (x86)/Zend/Apache2/htdocs/wings/Wings/Header.php подключён.
2015-08-28 14:20:55 Файл C:/Program Files (x86)/Zend/Apache2/htdocs/wings/Applications/BackEnd/Workspace.php подключён.
2015-08-28 14:20:55 Файл C:/Program Files (x86)/Zend/Apache2/htdocs/wings/Applications/BackEnd/Authorization/Controller.php подключён.
2015-08-28 14:20:55 Файл C:/Program Files (x86)/Zend/Apache2/htdocs/wings/Applications/BackEnd/Authorization/View.php подключён.
2015-08-28 14:20:55 Файл C:/Program Files (x86)/Zend/Apache2/htdocs/wings/Wings/Logs.php подключён.
2015-08-28 14:20:55 Файл C:/Program Files (x86)/Zend/Apache2/htdocs/wings/Wings/Directory.php подключён.
2015-08-28 14:20:55 Файл C:/Program Files (x86)/Zend/Apache2/htdocs/wings/Wings/Crypt.php подключён.
2015-08-28 14:20:55 Файл C:/Program Files (x86)/Zend/Apache2/htdocs/wings/Wings/File.php подключён.
2015-08-28 14:20:55 Файл C:/Program Files (x86)/Zend/Apache2/htdocs/wings/Wings/DB.php подключён.
2015-08-28 14:20:55 Файл C:/Program Files (x86)/Zend/Apache2/htdocs/wings/Wings/Header.php подключён.
2015-08-28 14:20:55 Файл C:/Program Files (x86)/Zend/Apache2/htdocs/wings/Wings/Logs.php подключён.
2015-08-28 14:20:55 Файл C:/Program Files (x86)/Zend/Apache2/htdocs/wings/Wings/Directory.php подключён.
2015-08-28 14:20:55 Файл C:/Program Files (x86)/Zend/Apache2/htdocs/wings/Wings/Crypt.php подключён.
2015-08-28 14:20:55 Файл C:/Program Files (x86)/Zend/Apache2/htdocs/wings/Wings/File.php подключён.
2015-08-28 14:20:55 Файл C:/Program Files (x86)/Zend/Apache2/htdocs/wings/Wings/DB.php подключён.
2015-08-28 14:20:55 Файл C:/Program Files (x86)/Zend/Apache2/htdocs/wings/Wings/tGet.php подключён.
2015-08-28 14:20:55 Файл C:/Program Files (x86)/Zend/Apache2/htdocs/wings/Wings/User.php подключён.
2015-08-28 14:20:55 Файл C:/Program Files (x86)/Zend/Apache2/htdocs/wings/Wings/Header.php подключён.
2015-08-28 14:20:55 Файл C:/Program Files (x86)/Zend/Apache2/htdocs/wings/Applications/FrontEnd/Workspace.php подключён.
2015-08-28 14:20:55 Файл C:/Program Files (x86)/Zend/Apache2/htdocs/wings/Wings/Page.php подключён.
2015-08-28 16:42:03 Файл C:/Program Files (x86)/Zend/Apache2/htdocs/wings/Wings/Logs.php подключён.
2015-08-28 16:42:03 Файл C:/Program Files (x86)/Zend/Apache2/htdocs/wings/Wings/Directory.php подключён.
2015-08-28 16:42:03 Файл C:/Program Files (x86)/Zend/Apache2/htdocs/wings/Wings/Crypt.php подключён.
2015-08-28 16:42:03 Файл C:/Program Files (x86)/Zend/Apache2/htdocs/wings/Wings/File.php подключён.
2015-08-28 16:42:03 Файл C:/Program Files (x86)/Zend/Apache2/htdocs/wings/Wings/DB.php подключён.
2015-08-28 16:42:03 Файл C:/Program Files (x86)/Zend/Apache2/htdocs/wings/Wings/tGet.php подключён.
2015-08-28 16:42:03 Файл C:/Program Files (x86)/Zend/Apache2/htdocs/wings/Wings/User.php подключён.
2015-08-28 16:42:03 Файл C:/Program Files (x86)/Zend/Apache2/htdocs/wings/Wings/Header.php подключён.
2015-08-28 16:42:03 Файл C:/Program Files (x86)/Zend/Apache2/htdocs/wings/Applications/BackEnd/Workspace.php подключён.
2015-08-28 16:42:03 Файл C:/Program Files (x86)/Zend/Apache2/htdocs/wings/Applications/BackEnd/Authorization/Controller.php подключён.
2015-08-28 16:42:03 Файл C:/Program Files (x86)/Zend/Apache2/htdocs/wings/Applications/BackEnd/Authorization/View.php подключён.
2015-08-28 16:42:03 Файл C:/Program Files (x86)/Zend/Apache2/htdocs/wings/Wings/Logs.php подключён.
2015-08-28 16:42:03 Файл C:/Program Files (x86)/Zend/Apache2/htdocs/wings/Wings/Directory.php подключён.
2015-08-28 16:42:03 Файл C:/Program Files (x86)/Zend/Apache2/htdocs/wings/Wings/Crypt.php подключён.
2015-08-28 16:42:03 Файл C:/Program Files (x86)/Zend/Apache2/htdocs/wings/Wings/File.php подключён.
2015-08-28 16:42:03 Файл C:/Program Files (x86)/Zend/Apache2/htdocs/wings/Wings/DB.php подключён.
2015-08-28 16:42:03 Файл C:/Program Files (x86)/Zend/Apache2/htdocs/wings/Wings/Header.php подключён.
2015-08-28 16:42:03 Файл C:/Program Files (x86)/Zend/Apache2/htdocs/wings/Wings/Logs.php подключён.
2015-08-28 16:42:03 Файл C:/Program Files (x86)/Zend/Apache2/htdocs/wings/Wings/Directory.php подключён.
2015-08-28 16:42:03 Файл C:/Program Files (x86)/Zend/Apache2/htdocs/wings/Wings/Crypt.php подключён.
2015-08-28 16:42:03 Файл C:/Program Files (x86)/Zend/Apache2/htdocs/wings/Wings/File.php подключён.
2015-08-28 16:42:03 Файл C:/Program Files (x86)/Zend/Apache2/htdocs/wings/Wings/DB.php подключён.
2015-08-28 16:42:03 Файл C:/Program Files (x86)/Zend/Apache2/htdocs/wings/Wings/tGet.php подключён.
2015-08-28 16:42:03 Файл C:/Program Files (x86)/Zend/Apache2/htdocs/wings/Wings/User.php подключён.
2015-08-28 16:42:03 Файл C:/Program Files (x86)/Zend/Apache2/htdocs/wings/Wings/Header.php подключён.
2015-08-28 16:42:03 Файл C:/Program Files (x86)/Zend/Apache2/htdocs/wings/Applications/FrontEnd/Workspace.php подключён.
2015-08-28 16:42:03 Файл C:/Program Files (x86)/Zend/Apache2/htdocs/wings/Wings/Page.php подключён.
2015-08-28 16:52:58 Файл C:/Program Files (x86)/Zend/Apache2/htdocs/wings/Wings/Logs.php подключён.
2015-08-28 16:52:58 Файл C:/Program Files (x86)/Zend/Apache2/htdocs/wings/Wings/Directory.php подключён.
2015-08-28 16:52:58 Файл C:/Program Files (x86)/Zend/Apache2/htdocs/wings/Wings/Crypt.php подключён.
2015-08-28 16:52:58 Файл C:/Program Files (x86)/Zend/Apache2/htdocs/wings/Wings/File.php подключён.
2015-08-28 16:52:58 Файл C:/Program Files (x86)/Zend/Apache2/htdocs/wings/Wings/DB.php подключён.
2015-08-28 16:52:58 Файл C:/Program Files (x86)/Zend/Apache2/htdocs/wings/Wings/tGet.php подключён.
2015-08-28 16:52:58 Файл C:/Program Files (x86)/Zend/Apache2/htdocs/wings/Wings/User.php подключён.
2015-08-28 16:52:58 Файл C:/Program Files (x86)/Zend/Apache2/htdocs/wings/Wings/Header.php подключён.
2015-08-28 16:52:58 Файл C:/Program Files (x86)/Zend/Apache2/htdocs/wings/Applications/BackEnd/Workspace.php подключён.
2015-08-28 16:52:58 Файл C:/Program Files (x86)/Zend/Apache2/htdocs/wings/Applications/BackEnd/Authorization/Controller.php подключён.
2015-08-28 16:52:58 Файл C:/Program Files (x86)/Zend/Apache2/htdocs/wings/Applications/BackEnd/Authorization/View.php подключён.
2015-08-28 16:52:58 Файл C:/Program Files (x86)/Zend/Apache2/htdocs/wings/Wings/Logs.php подключён.
2015-08-28 16:52:58 Файл C:/Program Files (x86)/Zend/Apache2/htdocs/wings/Wings/Directory.php подключён.
2015-08-28 16:52:58 Файл C:/Program Files (x86)/Zend/Apache2/htdocs/wings/Wings/Crypt.php подключён.
2015-08-28 16:52:58 Файл C:/Program Files (x86)/Zend/Apache2/htdocs/wings/Wings/File.php подключён.
2015-08-28 16:52:58 Файл C:/Program Files (x86)/Zend/Apache2/htdocs/wings/Wings/DB.php подключён.
2015-08-28 16:52:58 Файл C:/Program Files (x86)/Zend/Apache2/htdocs/wings/Wings/Header.php подключён.
2015-08-28 16:52:58 Файл C:/Program Files (x86)/Zend/Apache2/htdocs/wings/Wings/Logs.php подключён.
2015-08-28 16:52:58 Файл C:/Program Files (x86)/Zend/Apache2/htdocs/wings/Wings/Directory.php подключён.
2015-08-28 16:52:58 Файл C:/Program Files (x86)/Zend/Apache2/htdocs/wings/Wings/Crypt.php подключён.
2015-08-28 16:52:58 Файл C:/Program Files (x86)/Zend/Apache2/htdocs/wings/Wings/File.php подключён.
2015-08-28 16:52:58 Файл C:/Program Files (x86)/Zend/Apache2/htdocs/wings/Wings/DB.php подключён.
2015-08-28 16:52:58 Файл C:/Program Files (x86)/Zend/Apache2/htdocs/wings/Wings/tGet.php подключён.
2015-08-28 16:52:58 Файл C:/Program Files (x86)/Zend/Apache2/htdocs/wings/Wings/User.php подключён.
2015-08-28 16:52:58 Файл C:/Program Files (x86)/Zend/Apache2/htdocs/wings/Wings/Header.php подключён.
2015-08-28 16:52:58 Файл C:/Program Files (x86)/Zend/Apache2/htdocs/wings/Applications/FrontEnd/Workspace.php подключён.
2015-08-28 16:52:58 Файл C:/Program Files (x86)/Zend/Apache2/htdocs/wings/Wings/Page.php подключён.
2015-08-28 17:05:07 Файл C:/Program Files (x86)/Zend/Apache2/htdocs/wings/Wings/Logs.php подключён.
2015-08-28 17:05:07 Файл C:/Program Files (x86)/Zend/Apache2/htdocs/wings/Wings/Directory.php подключён.
2015-08-28 17:05:07 Файл C:/Program Files (x86)/Zend/Apache2/htdocs/wings/Wings/Crypt.php подключён.
2015-08-28 17:05:07 Файл C:/Program Files (x86)/Zend/Apache2/htdocs/wings/Wings/File.php подключён.
2015-08-28 17:05:07 Файл C:/Program Files (x86)/Zend/Apache2/htdocs/wings/Wings/DB.php подключён.
2015-08-28 17:05:07 Файл C:/Program Files (x86)/Zend/Apache2/htdocs/wings/Wings/tGet.php подключён.
2015-08-28 17:05:07 Файл C:/Program Files (x86)/Zend/Apache2/htdocs/wings/Wings/User.php подключён.
2015-08-28 17:05:07 Файл C:/Program Files (x86)/Zend/Apache2/htdocs/wings/Wings/Header.php подключён.
2015-08-28 17:05:07 Файл C:/Program Files (x86)/Zend/Apache2/htdocs/wings/Applications/BackEnd/Workspace.php подключён.
2015-08-28 17:05:07 Файл C:/Program Files (x86)/Zend/Apache2/htdocs/wings/Applications/BackEnd/Authorization/Controller.php подключён.
2015-08-28 17:05:07 Файл C:/Program Files (x86)/Zend/Apache2/htdocs/wings/Applications/BackEnd/Authorization/View.php подключён.
2015-08-28 17:05:07 Файл C:/Program Files (x86)/Zend/Apache2/htdocs/wings/Wings/Logs.php подключён.
2015-08-28 17:05:07 Файл C:/Program Files (x86)/Zend/Apache2/htdocs/wings/Wings/Directory.php подключён.
2015-08-28 17:05:07 Файл C:/Program Files (x86)/Zend/Apache2/htdocs/wings/Wings/Crypt.php подключён.
2015-08-28 17:05:07 Файл C:/Program Files (x86)/Zend/Apache2/htdocs/wings/Wings/File.php подключён.
2015-08-28 17:05:07 Файл C:/Program Files (x86)/Zend/Apache2/htdocs/wings/Wings/DB.php подключён.
2015-08-28 17:05:07 Файл C:/Program Files (x86)/Zend/Apache2/htdocs/wings/Wings/Header.php подключён.
2015-08-28 17:05:07 Файл C:/Program Files (x86)/Zend/Apache2/htdocs/wings/Wings/Logs.php подключён.
2015-08-28 17:05:07 Файл C:/Program Files (x86)/Zend/Apache2/htdocs/wings/Wings/Directory.php подключён.
2015-08-28 17:05:07 Файл C:/Program Files (x86)/Zend/Apache2/htdocs/wings/Wings/Crypt.php подключён.
2015-08-28 17:05:07 Файл C:/Program Files (x86)/Zend/Apache2/htdocs/wings/Wings/File.php подключён.
2015-08-28 17:05:07 Файл C:/Program Files (x86)/Zend/Apache2/htdocs/wings/Wings/DB.php подключён.
2015-08-28 17:05:07 Файл C:/Program Files (x86)/Zend/Apache2/htdocs/wings/Wings/tGet.php подключён.
2015-08-28 17:05:07 Файл C:/Program Files (x86)/Zend/Apache2/htdocs/wings/Wings/User.php подключён.
2015-08-28 17:05:07 Файл C:/Program Files (x86)/Zend/Apache2/htdocs/wings/Wings/Header.php подключён.
2015-08-28 17:05:07 Файл C:/Program Files (x86)/Zend/Apache2/htdocs/wings/Applications/FrontEnd/Workspace.php подключён.
2015-08-28 17:05:07 Файл C:/Program Files (x86)/Zend/Apache2/htdocs/wings/Wings/Page.php подключён.
2015-08-28 17:30:11 Файл C:/Program Files (x86)/Zend/Apache2/htdocs/wings/Wings/Logs.php подключён.
2015-08-28 17:30:11 Файл C:/Program Files (x86)/Zend/Apache2/htdocs/wings/Wings/Directory.php подключён.
2015-08-28 17:30:11 Файл C:/Program Files (x86)/Zend/Apache2/htdocs/wings/Wings/Crypt.php подключён.
2015-08-28 17:30:11 Файл C:/Program Files (x86)/Zend/Apache2/htdocs/wings/Wings/File.php подключён.
2015-08-28 17:30:11 Файл C:/Program Files (x86)/Zend/Apache2/htdocs/wings/Wings/DB.php подключён.
2015-08-28 17:30:11 Файл C:/Program Files (x86)/Zend/Apache2/htdocs/wings/Wings/tGet.php подключён.
2015-08-28 17:30:11 Файл C:/Program Files (x86)/Zend/Apache2/htdocs/wings/Wings/User.php подключён.
2015-08-28 17:30:11 Файл C:/Program Files (x86)/Zend/Apache2/htdocs/wings/Wings/Header.php подключён.
2015-08-28 17:30:11 Файл C:/Program Files (x86)/Zend/Apache2/htdocs/wings/Applications/BackEnd/Workspace.php подключён.
2015-08-28 17:30:11 Файл C:/Program Files (x86)/Zend/Apache2/htdocs/wings/Applications/BackEnd/Authorization/Controller.php подключён.
2015-08-28 17:30:11 Файл C:/Program Files (x86)/Zend/Apache2/htdocs/wings/Applications/BackEnd/Authorization/View.php подключён.
2015-08-28 17:30:11 Файл C:/Program Files (x86)/Zend/Apache2/htdocs/wings/Wings/Logs.php подключён.
2015-08-28 17:30:11 Файл C:/Program Files (x86)/Zend/Apache2/htdocs/wings/Wings/Directory.php подключён.
2015-08-28 17:30:11 Файл C:/Program Files (x86)/Zend/Apache2/htdocs/wings/Wings/Crypt.php подключён.
2015-08-28 17:30:11 Файл C:/Program Files (x86)/Zend/Apache2/htdocs/wings/Wings/File.php подключён.
2015-08-28 17:30:11 Файл C:/Program Files (x86)/Zend/Apache2/htdocs/wings/Wings/DB.php подключён.
2015-08-28 17:30:11 Файл C:/Program Files (x86)/Zend/Apache2/htdocs/wings/Wings/Header.php подключён.
2015-08-28 17:30:11 Файл C:/Program Files (x86)/Zend/Apache2/htdocs/wings/Wings/Logs.php подключён.
2015-08-28 17:30:11 Файл C:/Program Files (x86)/Zend/Apache2/htdocs/wings/Wings/Directory.php подключён.
2015-08-28 17:30:11 Файл C:/Program Files (x86)/Zend/Apache2/htdocs/wings/Wings/Crypt.php подключён.
2015-08-28 17:30:11 Файл C:/Program Files (x86)/Zend/Apache2/htdocs/wings/Wings/File.php подключён.
2015-08-28 17:30:11 Файл C:/Program Files (x86)/Zend/Apache2/htdocs/wings/Wings/DB.php подключён.
2015-08-28 17:30:11 Файл C:/Program Files (x86)/Zend/Apache2/htdocs/wings/Wings/tGet.php подключён.
2015-08-28 17:30:11 Файл C:/Program Files (x86)/Zend/Apache2/htdocs/wings/Wings/User.php подключён.
2015-08-28 17:30:11 Файл C:/Program Files (x86)/Zend/Apache2/htdocs/wings/Wings/Header.php подключён.
2015-08-28 17:30:11 Файл C:/Program Files (x86)/Zend/Apache2/htdocs/wings/Applications/FrontEnd/Workspace.php подключён.
2015-08-28 17:30:11 Файл C:/Program Files (x86)/Zend/Apache2/htdocs/wings/Wings/Page.php подключён.
