2015-08-13 09:20:29 Файл C:/Program Files (x86)/Zend/Apache2/htdocs/wings/Wings/Logs.php подключён.
2015-08-13 09:20:29 Файл C:/Program Files (x86)/Zend/Apache2/htdocs/wings/Wings/Directory.php подключён.
2015-08-13 09:20:29 Файл C:/Program Files (x86)/Zend/Apache2/htdocs/wings/Wings/Crypt.php подключён.
2015-08-13 09:20:29 Файл C:/Program Files (x86)/Zend/Apache2/htdocs/wings/Wings/File.php подключён.
2015-08-13 09:20:29 Файл C:/Program Files (x86)/Zend/Apache2/htdocs/wings/Wings/DB.php подключён.
2015-08-13 09:20:29 Файл C:/Program Files (x86)/Zend/Apache2/htdocs/wings/Wings/tGet.php подключён.
2015-08-13 09:20:29 Файл C:/Program Files (x86)/Zend/Apache2/htdocs/wings/Wings/User.php подключён.
2015-08-13 09:20:29 Файл C:/Program Files (x86)/Zend/Apache2/htdocs/wings/Wings/Header.php подключён.
2015-08-13 09:20:29 Файл C:/Program Files (x86)/Zend/Apache2/htdocs/wings/Applications/BackEnd/Workspace.php подключён.
2015-08-13 09:20:29 Файл C:/Program Files (x86)/Zend/Apache2/htdocs/wings/Applications/BackEnd/Authorization/Controller.php подключён.
2015-08-13 09:20:29 Файл C:/Program Files (x86)/Zend/Apache2/htdocs/wings/Applications/BackEnd/Authorization/View.php подключён.
2015-08-13 09:20:29 Файл C:/Program Files (x86)/Zend/Apache2/htdocs/wings/Wings/Logs.php подключён.
2015-08-13 09:20:29 Файл C:/Program Files (x86)/Zend/Apache2/htdocs/wings/Wings/Directory.php подключён.
2015-08-13 09:20:29 Файл C:/Program Files (x86)/Zend/Apache2/htdocs/wings/Wings/Crypt.php подключён.
2015-08-13 09:20:29 Файл C:/Program Files (x86)/Zend/Apache2/htdocs/wings/Wings/File.php подключён.
2015-08-13 09:20:29 Файл C:/Program Files (x86)/Zend/Apache2/htdocs/wings/Wings/DB.php подключён.
2015-08-13 09:20:29 Файл C:/Program Files (x86)/Zend/Apache2/htdocs/wings/Wings/Header.php подключён.
2015-08-13 09:20:29 Файл C:/Program Files (x86)/Zend/Apache2/htdocs/wings/Wings/Logs.php подключён.
2015-08-13 09:20:29 Файл C:/Program Files (x86)/Zend/Apache2/htdocs/wings/Wings/Directory.php подключён.
2015-08-13 09:20:29 Файл C:/Program Files (x86)/Zend/Apache2/htdocs/wings/Wings/Crypt.php подключён.
2015-08-13 09:20:29 Файл C:/Program Files (x86)/Zend/Apache2/htdocs/wings/Wings/File.php подключён.
2015-08-13 09:20:29 Файл C:/Program Files (x86)/Zend/Apache2/htdocs/wings/Wings/DB.php подключён.
2015-08-13 09:20:29 Файл C:/Program Files (x86)/Zend/Apache2/htdocs/wings/Wings/tGet.php подключён.
2015-08-13 09:20:29 Файл C:/Program Files (x86)/Zend/Apache2/htdocs/wings/Wings/User.php подключён.
2015-08-13 09:20:29 Файл C:/Program Files (x86)/Zend/Apache2/htdocs/wings/Wings/Header.php подключён.
2015-08-13 09:20:30 Файл C:/Program Files (x86)/Zend/Apache2/htdocs/wings/Applications/FrontEnd/Workspace.php подключён.
2015-08-13 09:20:30 Файл C:/Program Files (x86)/Zend/Apache2/htdocs/wings/Wings/Page.php подключён.
2015-08-13 09:20:31 Файл C:/Program Files (x86)/Zend/Apache2/htdocs/wings/Wings/Logs.php подключён.
2015-08-13 09:20:31 Файл C:/Program Files (x86)/Zend/Apache2/htdocs/wings/Wings/Directory.php подключён.
2015-08-13 09:20:31 Файл C:/Program Files (x86)/Zend/Apache2/htdocs/wings/Wings/Crypt.php подключён.
2015-08-13 09:20:31 Файл C:/Program Files (x86)/Zend/Apache2/htdocs/wings/Wings/File.php подключён.
2015-08-13 09:20:31 Файл C:/Program Files (x86)/Zend/Apache2/htdocs/wings/Wings/DB.php подключён.
2015-08-13 09:20:31 Файл C:/Program Files (x86)/Zend/Apache2/htdocs/wings/Wings/tGet.php подключён.
2015-08-13 09:20:31 Файл C:/Program Files (x86)/Zend/Apache2/htdocs/wings/Wings/User.php подключён.
2015-08-13 09:20:31 Файл C:/Program Files (x86)/Zend/Apache2/htdocs/wings/Wings/Header.php подключён.
2015-08-13 09:20:31 Файл C:/Program Files (x86)/Zend/Apache2/htdocs/wings/Applications/BackEnd/Workspace.php подключён.
2015-08-13 09:20:31 Файл C:/Program Files (x86)/Zend/Apache2/htdocs/wings/Applications/BackEnd/Authorization/Controller.php подключён.
2015-08-13 09:20:31 Файл C:/Program Files (x86)/Zend/Apache2/htdocs/wings/Wings/UserGroupeModel.php подключён.
2015-08-13 09:20:31 Файл C:/Program Files (x86)/Zend/Apache2/htdocs/wings/Applications/BackEnd/Authorization/View.php подключён.
2015-08-13 09:20:31 Файл C:/Program Files (x86)/Zend/Apache2/htdocs/wings/Wings/Logs.php подключён.
2015-08-13 09:20:31 Файл C:/Program Files (x86)/Zend/Apache2/htdocs/wings/Wings/Directory.php подключён.
2015-08-13 09:20:31 Файл C:/Program Files (x86)/Zend/Apache2/htdocs/wings/Wings/Crypt.php подключён.
2015-08-13 09:20:31 Файл C:/Program Files (x86)/Zend/Apache2/htdocs/wings/Wings/File.php подключён.
2015-08-13 09:20:31 Файл C:/Program Files (x86)/Zend/Apache2/htdocs/wings/Wings/DB.php подключён.
2015-08-13 09:20:31 Файл C:/Program Files (x86)/Zend/Apache2/htdocs/wings/Wings/tGet.php подключён.
2015-08-13 09:20:31 Файл C:/Program Files (x86)/Zend/Apache2/htdocs/wings/Wings/User.php подключён.
2015-08-13 09:20:31 Файл C:/Program Files (x86)/Zend/Apache2/htdocs/wings/Wings/UserGroupeModel.php подключён.
2015-08-13 09:20:32 Файл C:/Program Files (x86)/Zend/Apache2/htdocs/wings/Wings/Header.php подключён.
2015-08-13 09:20:32 Файл C:/Program Files (x86)/Zend/Apache2/htdocs/wings/Applications/BackEnd/Workspace.php подключён.
2015-08-13 09:20:32 Файл C:/Program Files (x86)/Zend/Apache2/htdocs/wings/Wings/Page.php подключён.
2015-08-13 09:20:32 Файл C:/Program Files (x86)/Zend/Apache2/htdocs/wings/Applications/BackEnd/Controller.php подключён.
2015-08-13 09:20:32 Файл C:/Program Files (x86)/Zend/Apache2/htdocs/wings/Applications/BackEnd/User/Controller.php подключён.
2015-08-13 09:20:32 Файл C:/Program Files (x86)/Zend/Apache2/htdocs/wings/Applications/BackEnd/Model.php подключён.
2015-08-13 09:20:32 Файл C:/Program Files (x86)/Zend/Apache2/htdocs/wings/Applications/BackEnd/User/Model.php подключён.
2015-08-13 09:20:32 Файл C:/Program Files (x86)/Zend/Apache2/htdocs/wings/Wings/Tree/iTree.php подключён.
2015-08-13 09:20:32 Файл C:/Program Files (x86)/Zend/Apache2/htdocs/wings/Wings/Tree/NestedSets.php подключён.
2015-08-13 09:20:32 Файл C:/Program Files (x86)/Zend/Apache2/htdocs/wings/Applications/BackEnd/View.php подключён.
2015-08-13 09:20:32 Файл C:/Program Files (x86)/Zend/Apache2/htdocs/wings/Applications/BackEnd/User/View.php подключён.
