2015-08-18 08:58:59 Файл C:/Program Files (x86)/Zend/Apache2/htdocs/wings/Wings/Logs.php подключён.
2015-08-18 08:58:59 Файл C:/Program Files (x86)/Zend/Apache2/htdocs/wings/Wings/Directory.php подключён.
2015-08-18 08:58:59 Файл C:/Program Files (x86)/Zend/Apache2/htdocs/wings/Wings/Crypt.php подключён.
2015-08-18 08:58:59 Файл C:/Program Files (x86)/Zend/Apache2/htdocs/wings/Wings/File.php подключён.
2015-08-18 08:58:59 Файл C:/Program Files (x86)/Zend/Apache2/htdocs/wings/Wings/DB.php подключён.
2015-08-18 08:58:59 Файл C:/Program Files (x86)/Zend/Apache2/htdocs/wings/Wings/tGet.php подключён.
2015-08-18 08:58:59 Файл C:/Program Files (x86)/Zend/Apache2/htdocs/wings/Wings/User.php подключён.
2015-08-18 08:58:59 Файл C:/Program Files (x86)/Zend/Apache2/htdocs/wings/Wings/Header.php подключён.
2015-08-18 08:58:59 Файл C:/Program Files (x86)/Zend/Apache2/htdocs/wings/Applications/BackEnd/Workspace.php подключён.
2015-08-18 08:58:59 Файл C:/Program Files (x86)/Zend/Apache2/htdocs/wings/Applications/BackEnd/Authorization/Controller.php подключён.
2015-08-18 08:58:59 Файл C:/Program Files (x86)/Zend/Apache2/htdocs/wings/Applications/BackEnd/Authorization/View.php подключён.
2015-08-18 08:58:59 Файл C:/Program Files (x86)/Zend/Apache2/htdocs/wings/Wings/Logs.php подключён.
2015-08-18 08:58:59 Файл C:/Program Files (x86)/Zend/Apache2/htdocs/wings/Wings/Directory.php подключён.
2015-08-18 08:58:59 Файл C:/Program Files (x86)/Zend/Apache2/htdocs/wings/Wings/Crypt.php подключён.
2015-08-18 08:58:59 Файл C:/Program Files (x86)/Zend/Apache2/htdocs/wings/Wings/File.php подключён.
2015-08-18 08:58:59 Файл C:/Program Files (x86)/Zend/Apache2/htdocs/wings/Wings/DB.php подключён.
2015-08-18 08:58:59 Файл C:/Program Files (x86)/Zend/Apache2/htdocs/wings/Wings/Header.php подключён.
2015-08-18 08:58:59 Файл C:/Program Files (x86)/Zend/Apache2/htdocs/wings/Wings/Logs.php подключён.
2015-08-18 08:58:59 Файл C:/Program Files (x86)/Zend/Apache2/htdocs/wings/Wings/Directory.php подключён.
2015-08-18 08:58:59 Файл C:/Program Files (x86)/Zend/Apache2/htdocs/wings/Wings/Crypt.php подключён.
2015-08-18 08:58:59 Файл C:/Program Files (x86)/Zend/Apache2/htdocs/wings/Wings/File.php подключён.
2015-08-18 08:58:59 Файл C:/Program Files (x86)/Zend/Apache2/htdocs/wings/Wings/DB.php подключён.
2015-08-18 08:58:59 Файл C:/Program Files (x86)/Zend/Apache2/htdocs/wings/Wings/tGet.php подключён.
2015-08-18 08:58:59 Файл C:/Program Files (x86)/Zend/Apache2/htdocs/wings/Wings/User.php подключён.
2015-08-18 08:58:59 Файл C:/Program Files (x86)/Zend/Apache2/htdocs/wings/Wings/Header.php подключён.
2015-08-18 08:58:59 Файл C:/Program Files (x86)/Zend/Apache2/htdocs/wings/Applications/FrontEnd/Workspace.php подключён.
2015-08-18 08:58:59 Файл C:/Program Files (x86)/Zend/Apache2/htdocs/wings/Wings/Page.php подключён.
2015-08-18 08:59:05 Файл C:/Program Files (x86)/Zend/Apache2/htdocs/wings/Wings/Logs.php подключён.
2015-08-18 08:59:05 Файл C:/Program Files (x86)/Zend/Apache2/htdocs/wings/Wings/Directory.php подключён.
2015-08-18 08:59:05 Файл C:/Program Files (x86)/Zend/Apache2/htdocs/wings/Wings/Crypt.php подключён.
2015-08-18 08:59:05 Файл C:/Program Files (x86)/Zend/Apache2/htdocs/wings/Wings/File.php подключён.
2015-08-18 08:59:05 Файл C:/Program Files (x86)/Zend/Apache2/htdocs/wings/Wings/DB.php подключён.
2015-08-18 08:59:05 Файл C:/Program Files (x86)/Zend/Apache2/htdocs/wings/Wings/Header.php подключён.
2015-08-18 08:59:05 Файл C:/Program Files (x86)/Zend/Apache2/htdocs/wings/Wings/Logs.php подключён.
2015-08-18 08:59:05 Файл C:/Program Files (x86)/Zend/Apache2/htdocs/wings/Wings/Directory.php подключён.
2015-08-18 08:59:05 Файл C:/Program Files (x86)/Zend/Apache2/htdocs/wings/Wings/Crypt.php подключён.
2015-08-18 08:59:05 Файл C:/Program Files (x86)/Zend/Apache2/htdocs/wings/Wings/File.php подключён.
2015-08-18 08:59:05 Файл C:/Program Files (x86)/Zend/Apache2/htdocs/wings/Wings/DB.php подключён.
2015-08-18 08:59:05 Файл C:/Program Files (x86)/Zend/Apache2/htdocs/wings/Wings/tGet.php подключён.
2015-08-18 08:59:05 Файл C:/Program Files (x86)/Zend/Apache2/htdocs/wings/Wings/User.php подключён.
2015-08-18 08:59:05 Файл C:/Program Files (x86)/Zend/Apache2/htdocs/wings/Wings/Header.php подключён.
2015-08-18 08:59:05 Файл C:/Program Files (x86)/Zend/Apache2/htdocs/wings/Applications/FrontEnd/Workspace.php подключён.
2015-08-18 08:59:05 Файл C:/Program Files (x86)/Zend/Apache2/htdocs/wings/Wings/Page.php подключён.
2015-08-18 08:59:05 Файл C:/Program Files (x86)/Zend/Apache2/htdocs/wings/Wings/Logs.php подключён.
2015-08-18 08:59:05 Файл C:/Program Files (x86)/Zend/Apache2/htdocs/wings/Wings/Directory.php подключён.
2015-08-18 08:59:05 Файл C:/Program Files (x86)/Zend/Apache2/htdocs/wings/Wings/Crypt.php подключён.
2015-08-18 08:59:05 Файл C:/Program Files (x86)/Zend/Apache2/htdocs/wings/Wings/File.php подключён.
2015-08-18 08:59:05 Файл C:/Program Files (x86)/Zend/Apache2/htdocs/wings/Wings/DB.php подключён.
2015-08-18 08:59:05 Файл C:/Program Files (x86)/Zend/Apache2/htdocs/wings/Wings/Header.php подключён.
2015-08-18 08:59:05 Файл C:/Program Files (x86)/Zend/Apache2/htdocs/wings/Wings/Logs.php подключён.
2015-08-18 08:59:05 Файл C:/Program Files (x86)/Zend/Apache2/htdocs/wings/Wings/Directory.php подключён.
2015-08-18 08:59:05 Файл C:/Program Files (x86)/Zend/Apache2/htdocs/wings/Wings/Crypt.php подключён.
2015-08-18 08:59:05 Файл C:/Program Files (x86)/Zend/Apache2/htdocs/wings/Wings/File.php подключён.
2015-08-18 08:59:05 Файл C:/Program Files (x86)/Zend/Apache2/htdocs/wings/Wings/DB.php подключён.
2015-08-18 08:59:05 Файл C:/Program Files (x86)/Zend/Apache2/htdocs/wings/Wings/tGet.php подключён.
2015-08-18 08:59:05 Файл C:/Program Files (x86)/Zend/Apache2/htdocs/wings/Wings/User.php подключён.
2015-08-18 08:59:05 Файл C:/Program Files (x86)/Zend/Apache2/htdocs/wings/Wings/Header.php подключён.
2015-08-18 08:59:05 Файл C:/Program Files (x86)/Zend/Apache2/htdocs/wings/Applications/FrontEnd/Workspace.php подключён.
2015-08-18 08:59:05 Файл C:/Program Files (x86)/Zend/Apache2/htdocs/wings/Wings/Page.php подключён.
2015-08-18 08:59:05 Файл C:/Program Files (x86)/Zend/Apache2/htdocs/wings/Wings/Logs.php подключён.
2015-08-18 08:59:05 Файл C:/Program Files (x86)/Zend/Apache2/htdocs/wings/Wings/Directory.php подключён.
2015-08-18 08:59:05 Файл C:/Program Files (x86)/Zend/Apache2/htdocs/wings/Wings/Crypt.php подключён.
2015-08-18 08:59:05 Файл C:/Program Files (x86)/Zend/Apache2/htdocs/wings/Wings/File.php подключён.
2015-08-18 08:59:05 Файл C:/Program Files (x86)/Zend/Apache2/htdocs/wings/Wings/DB.php подключён.
2015-08-18 08:59:05 Файл C:/Program Files (x86)/Zend/Apache2/htdocs/wings/Wings/tGet.php подключён.
2015-08-18 08:59:05 Файл C:/Program Files (x86)/Zend/Apache2/htdocs/wings/Wings/User.php подключён.
2015-08-18 08:59:05 Файл C:/Program Files (x86)/Zend/Apache2/htdocs/wings/Wings/Header.php подключён.
2015-08-18 08:59:05 Файл C:/Program Files (x86)/Zend/Apache2/htdocs/wings/Applications/FrontEnd/Workspace.php подключён.
2015-08-18 08:59:05 Файл C:/Program Files (x86)/Zend/Apache2/htdocs/wings/Wings/Page.php подключён.
