2015-04-14 11:51:33 Файл C:/Program Files (x86)/Zend/Apache2/htdocs/wings/Wings/Logs.php подключён.
2015-04-14 11:51:33 Файл C:/Program Files (x86)/Zend/Apache2/htdocs/wings/Wings/Directory.php подключён.
2015-04-14 11:51:33 Файл C:/Program Files (x86)/Zend/Apache2/htdocs/wings/Wings/Crypt.php подключён.
2015-04-14 11:51:33 Файл C:/Program Files (x86)/Zend/Apache2/htdocs/wings/Wings/File.php подключён.
2015-04-14 11:51:33 Файл C:/Program Files (x86)/Zend/Apache2/htdocs/wings/Wings/DB.php подключён.
2015-04-14 11:53:21 Файл C:/Program Files (x86)/Zend/Apache2/htdocs/wings/Wings/Logs.php подключён.
2015-04-14 11:53:21 Файл C:/Program Files (x86)/Zend/Apache2/htdocs/wings/Wings/Directory.php подключён.
2015-04-14 11:53:21 Файл C:/Program Files (x86)/Zend/Apache2/htdocs/wings/Wings/Crypt.php подключён.
2015-04-14 11:53:21 Файл C:/Program Files (x86)/Zend/Apache2/htdocs/wings/Wings/File.php подключён.
2015-04-14 11:53:21 Файл C:/Program Files (x86)/Zend/Apache2/htdocs/wings/Wings/DB.php подключён.
2015-04-14 11:54:29 Файл C:/Program Files (x86)/Zend/Apache2/htdocs/wings/Wings/Logs.php подключён.
2015-04-14 11:54:29 Файл C:/Program Files (x86)/Zend/Apache2/htdocs/wings/Wings/Directory.php подключён.
2015-04-14 11:54:29 Файл C:/Program Files (x86)/Zend/Apache2/htdocs/wings/Wings/Crypt.php подключён.
2015-04-14 11:54:29 Файл C:/Program Files (x86)/Zend/Apache2/htdocs/wings/Wings/File.php подключён.
2015-04-14 11:54:29 Файл C:/Program Files (x86)/Zend/Apache2/htdocs/wings/Wings/DB.php подключён.
2015-04-14 11:54:29 Файл C:/Program Files (x86)/Zend/Apache2/htdocs/wings/Wings/Header.php подключён.
2015-04-14 11:54:29 Файл C:/Program Files (x86)/Zend/Apache2/htdocs/wings/Wings/Logs.php подключён.
2015-04-14 11:54:29 Файл C:/Program Files (x86)/Zend/Apache2/htdocs/wings/Wings/Directory.php подключён.
2015-04-14 11:54:29 Файл C:/Program Files (x86)/Zend/Apache2/htdocs/wings/Wings/Crypt.php подключён.
2015-04-14 11:54:29 Файл C:/Program Files (x86)/Zend/Apache2/htdocs/wings/Wings/File.php подключён.
2015-04-14 11:54:29 Файл C:/Program Files (x86)/Zend/Apache2/htdocs/wings/Wings/DB.php подключён.
2015-04-14 11:54:29 Файл C:/Program Files (x86)/Zend/Apache2/htdocs/wings/Wings/tGet.php подключён.
2015-04-14 11:54:29 Файл C:/Program Files (x86)/Zend/Apache2/htdocs/wings/Wings/User.php подключён.
2015-04-14 11:54:29 Файл C:/Program Files (x86)/Zend/Apache2/htdocs/wings/Wings/Header.php подключён.
2015-04-14 11:54:29 Файл C:/Program Files (x86)/Zend/Apache2/htdocs/wings/Applications/FrontEnd/Workspace.php подключён.
2015-04-14 11:54:29 Файл C:/Program Files (x86)/Zend/Apache2/htdocs/wings/Wings/Page.php подключён.
2015-04-14 11:54:36 Файл C:/Program Files (x86)/Zend/Apache2/htdocs/wings/Wings/Logs.php подключён.
2015-04-14 11:54:36 Файл C:/Program Files (x86)/Zend/Apache2/htdocs/wings/Wings/Directory.php подключён.
2015-04-14 11:54:36 Файл C:/Program Files (x86)/Zend/Apache2/htdocs/wings/Wings/Crypt.php подключён.
2015-04-14 11:54:36 Файл C:/Program Files (x86)/Zend/Apache2/htdocs/wings/Wings/File.php подключён.
2015-04-14 11:54:36 Файл C:/Program Files (x86)/Zend/Apache2/htdocs/wings/Wings/DB.php подключён.
2015-04-14 11:54:36 Файл C:/Program Files (x86)/Zend/Apache2/htdocs/wings/Wings/tGet.php подключён.
2015-04-14 11:54:36 Файл C:/Program Files (x86)/Zend/Apache2/htdocs/wings/Wings/User.php подключён.
2015-04-14 11:54:36 Файл C:/Program Files (x86)/Zend/Apache2/htdocs/wings/Wings/Header.php подключён.
2015-04-14 11:54:36 Файл C:/Program Files (x86)/Zend/Apache2/htdocs/wings/Applications/BackEnd/Workspace.php подключён.
2015-04-14 11:54:36 Файл C:/Program Files (x86)/Zend/Apache2/htdocs/wings/Applications/BackEnd/Authorization/Controller.php подключён.
2015-04-14 11:54:36 Файл C:/Program Files (x86)/Zend/Apache2/htdocs/wings/Applications/BackEnd/Authorization/View.php подключён.
2015-04-14 11:54:36 Файл C:/Program Files (x86)/Zend/Apache2/htdocs/wings/Smarty_Internal_TemplateCompilerBase.php не найден.
2015-04-14 11:54:36 Файл C:/Program Files (x86)/Zend/Apache2/htdocs/wings/Smarty_Internal_Templatelexer.php не найден.
2015-04-14 11:54:36 Файл C:/Program Files (x86)/Zend/Apache2/htdocs/wings/Smarty_Internal_Templateparser.php не найден.
2015-04-14 11:54:36 Файл C:/Program Files (x86)/Zend/Apache2/htdocs/wings/Smarty_Internal_CompileBase.php не найден.
2015-04-14 11:54:36 Файл C:/Program Files (x86)/Zend/Apache2/htdocs/wings/Smarty_Internal_Write_File.php не найден.
2015-04-14 11:54:36 Файл C:/Program Files (x86)/Zend/Apache2/htdocs/wings/Wings/Logs.php подключён.
2015-04-14 11:54:36 Файл C:/Program Files (x86)/Zend/Apache2/htdocs/wings/Wings/Directory.php подключён.
2015-04-14 11:54:36 Файл C:/Program Files (x86)/Zend/Apache2/htdocs/wings/Wings/Crypt.php подключён.
2015-04-14 11:54:36 Файл C:/Program Files (x86)/Zend/Apache2/htdocs/wings/Wings/File.php подключён.
2015-04-14 11:54:36 Файл C:/Program Files (x86)/Zend/Apache2/htdocs/wings/Wings/DB.php подключён.
2015-04-14 11:54:36 Файл C:/Program Files (x86)/Zend/Apache2/htdocs/wings/Wings/Header.php подключён.
2015-04-14 11:54:36 Файл C:/Program Files (x86)/Zend/Apache2/htdocs/wings/Wings/Logs.php подключён.
2015-04-14 11:54:36 Файл C:/Program Files (x86)/Zend/Apache2/htdocs/wings/Wings/Directory.php подключён.
2015-04-14 11:54:36 Файл C:/Program Files (x86)/Zend/Apache2/htdocs/wings/Wings/Crypt.php подключён.
2015-04-14 11:54:36 Файл C:/Program Files (x86)/Zend/Apache2/htdocs/wings/Wings/File.php подключён.
2015-04-14 11:54:36 Файл C:/Program Files (x86)/Zend/Apache2/htdocs/wings/Wings/DB.php подключён.
2015-04-14 11:54:36 Файл C:/Program Files (x86)/Zend/Apache2/htdocs/wings/Wings/tGet.php подключён.
2015-04-14 11:54:36 Файл C:/Program Files (x86)/Zend/Apache2/htdocs/wings/Wings/User.php подключён.
2015-04-14 11:54:36 Файл C:/Program Files (x86)/Zend/Apache2/htdocs/wings/Wings/Header.php подключён.
2015-04-14 11:54:36 Файл C:/Program Files (x86)/Zend/Apache2/htdocs/wings/Applications/FrontEnd/Workspace.php подключён.
2015-04-14 11:54:36 Файл C:/Program Files (x86)/Zend/Apache2/htdocs/wings/Wings/Page.php подключён.
2015-04-14 11:54:48 Файл C:/Program Files (x86)/Zend/Apache2/htdocs/wings/Wings/Logs.php подключён.
2015-04-14 11:54:48 Файл C:/Program Files (x86)/Zend/Apache2/htdocs/wings/Wings/Directory.php подключён.
2015-04-14 11:54:48 Файл C:/Program Files (x86)/Zend/Apache2/htdocs/wings/Wings/Crypt.php подключён.
2015-04-14 11:54:48 Файл C:/Program Files (x86)/Zend/Apache2/htdocs/wings/Wings/File.php подключён.
2015-04-14 11:54:48 Файл C:/Program Files (x86)/Zend/Apache2/htdocs/wings/Wings/DB.php подключён.
2015-04-14 11:54:48 Файл C:/Program Files (x86)/Zend/Apache2/htdocs/wings/Wings/tGet.php подключён.
2015-04-14 11:54:48 Файл C:/Program Files (x86)/Zend/Apache2/htdocs/wings/Wings/User.php подключён.
2015-04-14 11:54:48 Файл C:/Program Files (x86)/Zend/Apache2/htdocs/wings/Wings/Header.php подключён.
2015-04-14 11:54:48 Файл C:/Program Files (x86)/Zend/Apache2/htdocs/wings/Applications/BackEnd/Workspace.php подключён.
2015-04-14 11:54:48 Файл C:/Program Files (x86)/Zend/Apache2/htdocs/wings/Applications/BackEnd/Authorization/Controller.php подключён.
2015-04-14 11:54:48 Файл C:/Program Files (x86)/Zend/Apache2/htdocs/wings/Wings/UserGroupeModel.php подключён.
2015-04-14 11:54:48 Файл C:/Program Files (x86)/Zend/Apache2/htdocs/wings/Applications/BackEnd/Authorization/View.php подключён.
2015-04-14 11:54:48 Файл C:/Program Files (x86)/Zend/Apache2/htdocs/wings/Wings/Logs.php подключён.
2015-04-14 11:54:48 Файл C:/Program Files (x86)/Zend/Apache2/htdocs/wings/Wings/Directory.php подключён.
2015-04-14 11:54:48 Файл C:/Program Files (x86)/Zend/Apache2/htdocs/wings/Wings/Crypt.php подключён.
2015-04-14 11:54:48 Файл C:/Program Files (x86)/Zend/Apache2/htdocs/wings/Wings/File.php подключён.
2015-04-14 11:54:48 Файл C:/Program Files (x86)/Zend/Apache2/htdocs/wings/Wings/DB.php подключён.
2015-04-14 11:54:48 Файл C:/Program Files (x86)/Zend/Apache2/htdocs/wings/Wings/tGet.php подключён.
2015-04-14 11:54:48 Файл C:/Program Files (x86)/Zend/Apache2/htdocs/wings/Wings/User.php подключён.
2015-04-14 11:54:48 Файл C:/Program Files (x86)/Zend/Apache2/htdocs/wings/Wings/UserGroupeModel.php подключён.
2015-04-14 11:54:48 Файл C:/Program Files (x86)/Zend/Apache2/htdocs/wings/Wings/Header.php подключён.
2015-04-14 11:54:48 Файл C:/Program Files (x86)/Zend/Apache2/htdocs/wings/Applications/BackEnd/Workspace.php подключён.
2015-04-14 11:55:25 Файл C:/Program Files (x86)/Zend/Apache2/htdocs/wings/Wings/Logs.php подключён.
2015-04-14 11:55:25 Файл C:/Program Files (x86)/Zend/Apache2/htdocs/wings/Wings/Directory.php подключён.
2015-04-14 11:55:25 Файл C:/Program Files (x86)/Zend/Apache2/htdocs/wings/Wings/Crypt.php подключён.
2015-04-14 11:55:25 Файл C:/Program Files (x86)/Zend/Apache2/htdocs/wings/Wings/File.php подключён.
2015-04-14 11:55:25 Файл C:/Program Files (x86)/Zend/Apache2/htdocs/wings/Wings/DB.php подключён.
2015-04-14 11:55:25 Файл C:/Program Files (x86)/Zend/Apache2/htdocs/wings/Wings/tGet.php подключён.
2015-04-14 11:55:25 Файл C:/Program Files (x86)/Zend/Apache2/htdocs/wings/Wings/User.php подключён.
2015-04-14 11:55:25 Файл C:/Program Files (x86)/Zend/Apache2/htdocs/wings/Wings/UserGroupeModel.php подключён.
2015-04-14 11:55:25 Файл C:/Program Files (x86)/Zend/Apache2/htdocs/wings/Wings/Header.php подключён.
2015-04-14 11:55:25 Файл C:/Program Files (x86)/Zend/Apache2/htdocs/wings/Applications/BackEnd/Workspace.php подключён.
2015-04-14 11:56:32 Файл C:/Program Files (x86)/Zend/Apache2/htdocs/wings/Wings/Logs.php подключён.
2015-04-14 11:56:32 Файл C:/Program Files (x86)/Zend/Apache2/htdocs/wings/Wings/Directory.php подключён.
2015-04-14 11:56:32 Файл C:/Program Files (x86)/Zend/Apache2/htdocs/wings/Wings/Crypt.php подключён.
2015-04-14 11:56:32 Файл C:/Program Files (x86)/Zend/Apache2/htdocs/wings/Wings/File.php подключён.
2015-04-14 11:56:32 Файл C:/Program Files (x86)/Zend/Apache2/htdocs/wings/Wings/DB.php подключён.
2015-04-14 11:56:32 Файл C:/Program Files (x86)/Zend/Apache2/htdocs/wings/Wings/tGet.php подключён.
2015-04-14 11:56:32 Файл C:/Program Files (x86)/Zend/Apache2/htdocs/wings/Wings/User.php подключён.
2015-04-14 11:56:32 Файл C:/Program Files (x86)/Zend/Apache2/htdocs/wings/Wings/UserGroupeModel.php подключён.
2015-04-14 11:56:32 Файл C:/Program Files (x86)/Zend/Apache2/htdocs/wings/Wings/Header.php подключён.
2015-04-14 11:56:32 Файл C:/Program Files (x86)/Zend/Apache2/htdocs/wings/Applications/BackEnd/Workspace.php подключён.
2015-04-14 11:56:32 Файл C:/Program Files (x86)/Zend/Apache2/htdocs/wings/Wings/Page.php подключён.
2015-04-14 11:56:32 Файл C:/Program Files (x86)/Zend/Apache2/htdocs/wings/Applications/BackEnd/Controller.php подключён.
2015-04-14 11:56:32 Файл C:/Program Files (x86)/Zend/Apache2/htdocs/wings/Applications/BackEnd/Index/Controller.php подключён.
2015-04-14 11:56:32 Файл C:/Program Files (x86)/Zend/Apache2/htdocs/wings/Wings/Tree/iTree.php подключён.
2015-04-14 11:56:32 Файл C:/Program Files (x86)/Zend/Apache2/htdocs/wings/Wings/Tree/NestedSets.php подключён.
2015-04-14 11:56:32 Файл C:/Program Files (x86)/Zend/Apache2/htdocs/wings/Applications/BackEnd/View.php подключён.
2015-04-14 11:56:32 Файл C:/Program Files (x86)/Zend/Apache2/htdocs/wings/Applications/BackEnd/Index/View.php подключён.
2015-04-14 11:56:32 Файл C:/Program Files (x86)/Zend/Apache2/htdocs/wings/Smarty_Internal_TemplateCompilerBase.php не найден.
2015-04-14 11:56:32 Файл C:/Program Files (x86)/Zend/Apache2/htdocs/wings/Smarty_Internal_Templatelexer.php не найден.
2015-04-14 11:56:32 Файл C:/Program Files (x86)/Zend/Apache2/htdocs/wings/Smarty_Internal_Templateparser.php не найден.
2015-04-14 11:56:32 Файл C:/Program Files (x86)/Zend/Apache2/htdocs/wings/Smarty_Internal_CompileBase.php не найден.
2015-04-14 11:56:32 Файл C:/Program Files (x86)/Zend/Apache2/htdocs/wings/Smarty_Internal_Write_File.php не найден.
2015-04-14 11:56:36 Файл C:/Program Files (x86)/Zend/Apache2/htdocs/wings/Wings/Logs.php подключён.
2015-04-14 11:56:36 Файл C:/Program Files (x86)/Zend/Apache2/htdocs/wings/Wings/Directory.php подключён.
2015-04-14 11:56:36 Файл C:/Program Files (x86)/Zend/Apache2/htdocs/wings/Wings/Crypt.php подключён.
2015-04-14 11:56:36 Файл C:/Program Files (x86)/Zend/Apache2/htdocs/wings/Wings/File.php подключён.
2015-04-14 11:56:36 Файл C:/Program Files (x86)/Zend/Apache2/htdocs/wings/Wings/DB.php подключён.
2015-04-14 11:56:36 Файл C:/Program Files (x86)/Zend/Apache2/htdocs/wings/Wings/tGet.php подключён.
2015-04-14 11:56:36 Файл C:/Program Files (x86)/Zend/Apache2/htdocs/wings/Wings/User.php подключён.
2015-04-14 11:56:36 Файл C:/Program Files (x86)/Zend/Apache2/htdocs/wings/Wings/UserGroupeModel.php подключён.
2015-04-14 11:56:36 Файл C:/Program Files (x86)/Zend/Apache2/htdocs/wings/Wings/Header.php подключён.
2015-04-14 11:56:36 Файл C:/Program Files (x86)/Zend/Apache2/htdocs/wings/Applications/BackEnd/Workspace.php подключён.
2015-04-14 11:56:36 Файл C:/Program Files (x86)/Zend/Apache2/htdocs/wings/Wings/Page.php подключён.
2015-04-14 11:56:36 Файл C:/Program Files (x86)/Zend/Apache2/htdocs/wings/Applications/BackEnd/Controller.php подключён.
2015-04-14 11:56:36 Файл C:/Program Files (x86)/Zend/Apache2/htdocs/wings/Applications/BackEnd/Groups/Controller.php подключён.
2015-04-14 11:56:36 Файл C:/Program Files (x86)/Zend/Apache2/htdocs/wings/Wings/Tree/iTree.php подключён.
2015-04-14 11:56:36 Файл C:/Program Files (x86)/Zend/Apache2/htdocs/wings/Wings/Tree/NestedSets.php подключён.
2015-04-14 11:56:36 Файл C:/Program Files (x86)/Zend/Apache2/htdocs/wings/Applications/BackEnd/View.php подключён.
2015-04-14 11:56:36 Файл C:/Program Files (x86)/Zend/Apache2/htdocs/wings/Applications/BackEnd/Groups/View.php подключён.
2015-04-14 11:56:36 Файл C:/Program Files (x86)/Zend/Apache2/htdocs/wings/Smarty_Internal_TemplateCompilerBase.php не найден.
2015-04-14 11:56:36 Файл C:/Program Files (x86)/Zend/Apache2/htdocs/wings/Smarty_Internal_Write_File.php не найден.
2015-04-14 11:56:38 Файл C:/Program Files (x86)/Zend/Apache2/htdocs/wings/Wings/Logs.php подключён.
2015-04-14 11:56:38 Файл C:/Program Files (x86)/Zend/Apache2/htdocs/wings/Wings/Directory.php подключён.
2015-04-14 11:56:38 Файл C:/Program Files (x86)/Zend/Apache2/htdocs/wings/Wings/Crypt.php подключён.
2015-04-14 11:56:38 Файл C:/Program Files (x86)/Zend/Apache2/htdocs/wings/Wings/File.php подключён.
2015-04-14 11:56:38 Файл C:/Program Files (x86)/Zend/Apache2/htdocs/wings/Wings/DB.php подключён.
2015-04-14 11:56:38 Файл C:/Program Files (x86)/Zend/Apache2/htdocs/wings/Wings/tGet.php подключён.
2015-04-14 11:56:38 Файл C:/Program Files (x86)/Zend/Apache2/htdocs/wings/Wings/User.php подключён.
2015-04-14 11:56:38 Файл C:/Program Files (x86)/Zend/Apache2/htdocs/wings/Wings/UserGroupeModel.php подключён.
2015-04-14 11:56:38 Файл C:/Program Files (x86)/Zend/Apache2/htdocs/wings/Wings/Header.php подключён.
2015-04-14 11:56:38 Файл C:/Program Files (x86)/Zend/Apache2/htdocs/wings/Applications/BackEnd/Workspace.php подключён.
2015-04-14 11:56:38 Файл C:/Program Files (x86)/Zend/Apache2/htdocs/wings/Wings/Page.php подключён.
2015-04-14 11:56:38 Файл C:/Program Files (x86)/Zend/Apache2/htdocs/wings/Applications/BackEnd/Controller.php подключён.
2015-04-14 11:56:38 Файл C:/Program Files (x86)/Zend/Apache2/htdocs/wings/Applications/BackEnd/Index/Controller.php подключён.
2015-04-14 11:56:38 Файл C:/Program Files (x86)/Zend/Apache2/htdocs/wings/Wings/Tree/iTree.php подключён.
2015-04-14 11:56:38 Файл C:/Program Files (x86)/Zend/Apache2/htdocs/wings/Wings/Tree/NestedSets.php подключён.
2015-04-14 11:56:38 Файл C:/Program Files (x86)/Zend/Apache2/htdocs/wings/Applications/BackEnd/View.php подключён.
2015-04-14 11:56:38 Файл C:/Program Files (x86)/Zend/Apache2/htdocs/wings/Applications/BackEnd/Index/View.php подключён.
2015-04-14 11:56:41 Файл C:/Program Files (x86)/Zend/Apache2/htdocs/wings/Wings/Logs.php подключён.
2015-04-14 11:56:41 Файл C:/Program Files (x86)/Zend/Apache2/htdocs/wings/Wings/Directory.php подключён.
2015-04-14 11:56:41 Файл C:/Program Files (x86)/Zend/Apache2/htdocs/wings/Wings/Crypt.php подключён.
2015-04-14 11:56:41 Файл C:/Program Files (x86)/Zend/Apache2/htdocs/wings/Wings/File.php подключён.
2015-04-14 11:56:41 Файл C:/Program Files (x86)/Zend/Apache2/htdocs/wings/Wings/DB.php подключён.
2015-04-14 11:56:41 Файл C:/Program Files (x86)/Zend/Apache2/htdocs/wings/Wings/tGet.php подключён.
2015-04-14 11:56:41 Файл C:/Program Files (x86)/Zend/Apache2/htdocs/wings/Wings/User.php подключён.
2015-04-14 11:56:41 Файл C:/Program Files (x86)/Zend/Apache2/htdocs/wings/Wings/UserGroupeModel.php подключён.
2015-04-14 11:56:41 Файл C:/Program Files (x86)/Zend/Apache2/htdocs/wings/Wings/Header.php подключён.
2015-04-14 11:56:41 Файл C:/Program Files (x86)/Zend/Apache2/htdocs/wings/Applications/BackEnd/Workspace.php подключён.
2015-04-14 11:56:41 Файл C:/Program Files (x86)/Zend/Apache2/htdocs/wings/Wings/Page.php подключён.
2015-04-14 11:56:41 Файл C:/Program Files (x86)/Zend/Apache2/htdocs/wings/Applications/BackEnd/Controller.php подключён.
2015-04-14 11:56:41 Файл C:/Program Files (x86)/Zend/Apache2/htdocs/wings/Applications/BackEnd/Users/Controller.php подключён.
2015-04-14 11:56:41 Файл C:/Program Files (x86)/Zend/Apache2/htdocs/wings/Wings/Tree/iTree.php подключён.
2015-04-14 11:56:41 Файл C:/Program Files (x86)/Zend/Apache2/htdocs/wings/Wings/Tree/NestedSets.php подключён.
2015-04-14 11:56:41 Файл C:/Program Files (x86)/Zend/Apache2/htdocs/wings/Applications/BackEnd/View.php подключён.
2015-04-14 11:56:41 Файл C:/Program Files (x86)/Zend/Apache2/htdocs/wings/Applications/BackEnd/Users/View.php подключён.
2015-04-14 11:56:41 Файл C:/Program Files (x86)/Zend/Apache2/htdocs/wings/Applications/BackEnd/Model.php подключён.
2015-04-14 11:56:41 Файл C:/Program Files (x86)/Zend/Apache2/htdocs/wings/Applications/BackEnd/Users/Model.php подключён.
2015-04-14 11:56:41 Файл C:/Program Files (x86)/Zend/Apache2/htdocs/wings/Smarty_Internal_TemplateCompilerBase.php не найден.
2015-04-14 11:56:41 Файл C:/Program Files (x86)/Zend/Apache2/htdocs/wings/Smarty_Internal_Templatelexer.php не найден.
2015-04-14 11:56:41 Файл C:/Program Files (x86)/Zend/Apache2/htdocs/wings/Smarty_Internal_Templateparser.php не найден.
2015-04-14 11:56:41 Файл C:/Program Files (x86)/Zend/Apache2/htdocs/wings/Smarty_Internal_CompileBase.php не найден.
2015-04-14 11:56:41 Файл C:/Program Files (x86)/Zend/Apache2/htdocs/wings/Smarty_Internal_Write_File.php не найден.
2015-04-14 11:56:45 Файл C:/Program Files (x86)/Zend/Apache2/htdocs/wings/Wings/Logs.php подключён.
2015-04-14 11:56:45 Файл C:/Program Files (x86)/Zend/Apache2/htdocs/wings/Wings/Directory.php подключён.
2015-04-14 11:56:45 Файл C:/Program Files (x86)/Zend/Apache2/htdocs/wings/Wings/Crypt.php подключён.
2015-04-14 11:56:45 Файл C:/Program Files (x86)/Zend/Apache2/htdocs/wings/Wings/File.php подключён.
2015-04-14 11:56:45 Файл C:/Program Files (x86)/Zend/Apache2/htdocs/wings/Wings/DB.php подключён.
2015-04-14 11:56:45 Файл C:/Program Files (x86)/Zend/Apache2/htdocs/wings/Wings/tGet.php подключён.
2015-04-14 11:56:45 Файл C:/Program Files (x86)/Zend/Apache2/htdocs/wings/Wings/User.php подключён.
2015-04-14 11:56:45 Файл C:/Program Files (x86)/Zend/Apache2/htdocs/wings/Wings/UserGroupeModel.php подключён.
2015-04-14 11:56:45 Файл C:/Program Files (x86)/Zend/Apache2/htdocs/wings/Wings/Header.php подключён.
2015-04-14 11:56:45 Файл C:/Program Files (x86)/Zend/Apache2/htdocs/wings/Applications/BackEnd/Workspace.php подключён.
2015-04-14 11:56:45 Файл C:/Program Files (x86)/Zend/Apache2/htdocs/wings/Wings/Page.php подключён.
2015-04-14 11:56:45 Файл C:/Program Files (x86)/Zend/Apache2/htdocs/wings/Applications/BackEnd/Controller.php подключён.
2015-04-14 11:56:45 Файл C:/Program Files (x86)/Zend/Apache2/htdocs/wings/Applications/BackEnd/Users/Controller.php подключён.
2015-04-14 11:56:45 Файл C:/Program Files (x86)/Zend/Apache2/htdocs/wings/Wings/Tree/iTree.php подключён.
2015-04-14 11:56:45 Файл C:/Program Files (x86)/Zend/Apache2/htdocs/wings/Wings/Tree/NestedSets.php подключён.
2015-04-14 11:56:45 Файл C:/Program Files (x86)/Zend/Apache2/htdocs/wings/Applications/BackEnd/View.php подключён.
2015-04-14 11:56:45 Файл C:/Program Files (x86)/Zend/Apache2/htdocs/wings/Applications/BackEnd/Users/View.php подключён.
2015-04-14 11:56:45 Файл C:/Program Files (x86)/Zend/Apache2/htdocs/wings/Applications/BackEnd/Model.php подключён.
2015-04-14 11:56:45 Файл C:/Program Files (x86)/Zend/Apache2/htdocs/wings/Applications/BackEnd/Users/Model.php подключён.
2015-04-14 11:56:45 Файл C:/Program Files (x86)/Zend/Apache2/htdocs/wings/Smarty_Internal_TemplateCompilerBase.php не найден.
2015-04-14 11:56:45 Файл C:/Program Files (x86)/Zend/Apache2/htdocs/wings/Smarty_Internal_Templatelexer.php не найден.
2015-04-14 11:56:45 Файл C:/Program Files (x86)/Zend/Apache2/htdocs/wings/Smarty_Internal_Templateparser.php не найден.
2015-04-14 11:56:45 Файл C:/Program Files (x86)/Zend/Apache2/htdocs/wings/Smarty_Internal_CompileBase.php не найден.
2015-04-14 11:56:45 Файл C:/Program Files (x86)/Zend/Apache2/htdocs/wings/Smarty_Internal_Write_File.php не найден.
2015-04-14 11:56:47 Файл C:/Program Files (x86)/Zend/Apache2/htdocs/wings/Wings/Logs.php подключён.
2015-04-14 11:56:47 Файл C:/Program Files (x86)/Zend/Apache2/htdocs/wings/Wings/Directory.php подключён.
2015-04-14 11:56:47 Файл C:/Program Files (x86)/Zend/Apache2/htdocs/wings/Wings/Crypt.php подключён.
2015-04-14 11:56:47 Файл C:/Program Files (x86)/Zend/Apache2/htdocs/wings/Wings/File.php подключён.
2015-04-14 11:56:47 Файл C:/Program Files (x86)/Zend/Apache2/htdocs/wings/Wings/DB.php подключён.
2015-04-14 11:56:47 Файл C:/Program Files (x86)/Zend/Apache2/htdocs/wings/Wings/tGet.php подключён.
2015-04-14 11:56:47 Файл C:/Program Files (x86)/Zend/Apache2/htdocs/wings/Wings/User.php подключён.
2015-04-14 11:56:47 Файл C:/Program Files (x86)/Zend/Apache2/htdocs/wings/Wings/UserGroupeModel.php подключён.
2015-04-14 11:56:47 Файл C:/Program Files (x86)/Zend/Apache2/htdocs/wings/Wings/Header.php подключён.
2015-04-14 11:56:47 Файл C:/Program Files (x86)/Zend/Apache2/htdocs/wings/Applications/BackEnd/Workspace.php подключён.
2015-04-14 11:56:47 Файл C:/Program Files (x86)/Zend/Apache2/htdocs/wings/Wings/Page.php подключён.
2015-04-14 11:56:47 Файл C:/Program Files (x86)/Zend/Apache2/htdocs/wings/Applications/BackEnd/Controller.php подключён.
2015-04-14 11:56:47 Файл C:/Program Files (x86)/Zend/Apache2/htdocs/wings/Applications/BackEnd/Users/Controller.php подключён.
2015-04-14 11:56:47 Файл C:/Program Files (x86)/Zend/Apache2/htdocs/wings/Wings/Tree/iTree.php подключён.
2015-04-14 11:56:47 Файл C:/Program Files (x86)/Zend/Apache2/htdocs/wings/Wings/Tree/NestedSets.php подключён.
2015-04-14 11:56:47 Файл C:/Program Files (x86)/Zend/Apache2/htdocs/wings/Applications/BackEnd/View.php подключён.
2015-04-14 11:56:47 Файл C:/Program Files (x86)/Zend/Apache2/htdocs/wings/Applications/BackEnd/Users/View.php подключён.
2015-04-14 11:56:47 Файл C:/Program Files (x86)/Zend/Apache2/htdocs/wings/Applications/BackEnd/Model.php подключён.
2015-04-14 11:56:47 Файл C:/Program Files (x86)/Zend/Apache2/htdocs/wings/Applications/BackEnd/Users/Model.php подключён.
2015-04-14 11:56:52 Файл C:/Program Files (x86)/Zend/Apache2/htdocs/wings/Wings/Logs.php подключён.
2015-04-14 11:56:52 Файл C:/Program Files (x86)/Zend/Apache2/htdocs/wings/Wings/Directory.php подключён.
2015-04-14 11:56:52 Файл C:/Program Files (x86)/Zend/Apache2/htdocs/wings/Wings/Crypt.php подключён.
2015-04-14 11:56:52 Файл C:/Program Files (x86)/Zend/Apache2/htdocs/wings/Wings/File.php подключён.
2015-04-14 11:56:52 Файл C:/Program Files (x86)/Zend/Apache2/htdocs/wings/Wings/DB.php подключён.
2015-04-14 11:56:52 Файл C:/Program Files (x86)/Zend/Apache2/htdocs/wings/Wings/tGet.php подключён.
2015-04-14 11:56:52 Файл C:/Program Files (x86)/Zend/Apache2/htdocs/wings/Wings/User.php подключён.
2015-04-14 11:56:52 Файл C:/Program Files (x86)/Zend/Apache2/htdocs/wings/Wings/UserGroupeModel.php подключён.
2015-04-14 11:56:52 Файл C:/Program Files (x86)/Zend/Apache2/htdocs/wings/Wings/Header.php подключён.
2015-04-14 11:56:52 Файл C:/Program Files (x86)/Zend/Apache2/htdocs/wings/Applications/BackEnd/Workspace.php подключён.
2015-04-14 11:56:52 Файл C:/Program Files (x86)/Zend/Apache2/htdocs/wings/Wings/Page.php подключён.
2015-04-14 11:56:53 Файл C:/Program Files (x86)/Zend/Apache2/htdocs/wings/Applications/BackEnd/Controller.php подключён.
2015-04-14 11:56:53 Файл C:/Program Files (x86)/Zend/Apache2/htdocs/wings/Applications/BackEnd/Users/Controller.php подключён.
2015-04-14 11:56:53 Файл C:/Program Files (x86)/Zend/Apache2/htdocs/wings/Wings/Tree/iTree.php подключён.
2015-04-14 11:56:53 Файл C:/Program Files (x86)/Zend/Apache2/htdocs/wings/Wings/Tree/NestedSets.php подключён.
2015-04-14 11:56:53 Файл C:/Program Files (x86)/Zend/Apache2/htdocs/wings/Applications/BackEnd/View.php подключён.
2015-04-14 11:56:53 Файл C:/Program Files (x86)/Zend/Apache2/htdocs/wings/Applications/BackEnd/Users/View.php подключён.
2015-04-14 11:56:53 Файл C:/Program Files (x86)/Zend/Apache2/htdocs/wings/Applications/BackEnd/Model.php подключён.
2015-04-14 11:56:53 Файл C:/Program Files (x86)/Zend/Apache2/htdocs/wings/Applications/BackEnd/Users/Model.php подключён.
2015-04-14 11:57:14 Файл C:/Program Files (x86)/Zend/Apache2/htdocs/wings/Wings/Logs.php подключён.
2015-04-14 11:57:14 Файл C:/Program Files (x86)/Zend/Apache2/htdocs/wings/Wings/Directory.php подключён.
2015-04-14 11:57:14 Файл C:/Program Files (x86)/Zend/Apache2/htdocs/wings/Wings/Crypt.php подключён.
2015-04-14 11:57:14 Файл C:/Program Files (x86)/Zend/Apache2/htdocs/wings/Wings/File.php подключён.
2015-04-14 11:57:14 Файл C:/Program Files (x86)/Zend/Apache2/htdocs/wings/Wings/DB.php подключён.
2015-04-14 11:57:14 Файл C:/Program Files (x86)/Zend/Apache2/htdocs/wings/Wings/tGet.php подключён.
2015-04-14 11:57:14 Файл C:/Program Files (x86)/Zend/Apache2/htdocs/wings/Wings/User.php подключён.
2015-04-14 11:57:14 Файл C:/Program Files (x86)/Zend/Apache2/htdocs/wings/Wings/UserGroupeModel.php подключён.
2015-04-14 11:57:14 Файл C:/Program Files (x86)/Zend/Apache2/htdocs/wings/Wings/Header.php подключён.
2015-04-14 11:57:14 Файл C:/Program Files (x86)/Zend/Apache2/htdocs/wings/Applications/BackEnd/Workspace.php подключён.
2015-04-14 11:57:14 Файл C:/Program Files (x86)/Zend/Apache2/htdocs/wings/Wings/Page.php подключён.
2015-04-14 11:57:14 Файл C:/Program Files (x86)/Zend/Apache2/htdocs/wings/Applications/BackEnd/Controller.php подключён.
2015-04-14 11:57:14 Файл C:/Program Files (x86)/Zend/Apache2/htdocs/wings/Applications/BackEnd/Index/Controller.php подключён.
2015-04-14 11:57:14 Файл C:/Program Files (x86)/Zend/Apache2/htdocs/wings/Wings/Tree/iTree.php подключён.
2015-04-14 11:57:14 Файл C:/Program Files (x86)/Zend/Apache2/htdocs/wings/Wings/Tree/NestedSets.php подключён.
2015-04-14 11:57:14 Файл C:/Program Files (x86)/Zend/Apache2/htdocs/wings/Applications/BackEnd/View.php подключён.
2015-04-14 11:57:14 Файл C:/Program Files (x86)/Zend/Apache2/htdocs/wings/Applications/BackEnd/Index/View.php подключён.
2015-04-14 11:57:17 Файл C:/Program Files (x86)/Zend/Apache2/htdocs/wings/Wings/Logs.php подключён.
2015-04-14 11:57:17 Файл C:/Program Files (x86)/Zend/Apache2/htdocs/wings/Wings/Directory.php подключён.
2015-04-14 11:57:17 Файл C:/Program Files (x86)/Zend/Apache2/htdocs/wings/Wings/Crypt.php подключён.
2015-04-14 11:57:17 Файл C:/Program Files (x86)/Zend/Apache2/htdocs/wings/Wings/File.php подключён.
2015-04-14 11:57:17 Файл C:/Program Files (x86)/Zend/Apache2/htdocs/wings/Wings/DB.php подключён.
2015-04-14 11:57:17 Файл C:/Program Files (x86)/Zend/Apache2/htdocs/wings/Wings/tGet.php подключён.
2015-04-14 11:57:17 Файл C:/Program Files (x86)/Zend/Apache2/htdocs/wings/Wings/User.php подключён.
2015-04-14 11:57:17 Файл C:/Program Files (x86)/Zend/Apache2/htdocs/wings/Wings/UserGroupeModel.php подключён.
2015-04-14 11:57:17 Файл C:/Program Files (x86)/Zend/Apache2/htdocs/wings/Wings/Header.php подключён.
2015-04-14 11:57:17 Файл C:/Program Files (x86)/Zend/Apache2/htdocs/wings/Applications/BackEnd/Workspace.php подключён.
2015-04-14 11:57:17 Файл C:/Program Files (x86)/Zend/Apache2/htdocs/wings/Wings/Page.php подключён.
2015-04-14 11:57:17 Файл C:/Program Files (x86)/Zend/Apache2/htdocs/wings/Applications/BackEnd/Controller.php подключён.
2015-04-14 11:57:17 Файл C:/Program Files (x86)/Zend/Apache2/htdocs/wings/Applications/BackEnd/Users/Controller.php подключён.
2015-04-14 11:57:17 Файл C:/Program Files (x86)/Zend/Apache2/htdocs/wings/Wings/Tree/iTree.php подключён.
2015-04-14 11:57:17 Файл C:/Program Files (x86)/Zend/Apache2/htdocs/wings/Wings/Tree/NestedSets.php подключён.
2015-04-14 11:57:17 Файл C:/Program Files (x86)/Zend/Apache2/htdocs/wings/Applications/BackEnd/View.php подключён.
2015-04-14 11:57:17 Файл C:/Program Files (x86)/Zend/Apache2/htdocs/wings/Applications/BackEnd/Users/View.php подключён.
2015-04-14 11:57:17 Файл C:/Program Files (x86)/Zend/Apache2/htdocs/wings/Applications/BackEnd/Model.php подключён.
2015-04-14 11:57:17 Файл C:/Program Files (x86)/Zend/Apache2/htdocs/wings/Applications/BackEnd/Users/Model.php подключён.
