2015-08-10 09:21:11 Файл C:/Program Files (x86)/Zend/Apache2/htdocs/wings/Wings/Logs.php подключён.
2015-08-10 09:21:11 Файл C:/Program Files (x86)/Zend/Apache2/htdocs/wings/Wings/Directory.php подключён.
2015-08-10 09:21:12 Файл C:/Program Files (x86)/Zend/Apache2/htdocs/wings/Wings/Crypt.php подключён.
2015-08-10 09:21:12 Файл C:/Program Files (x86)/Zend/Apache2/htdocs/wings/Wings/File.php подключён.
2015-08-10 09:21:12 Файл C:/Program Files (x86)/Zend/Apache2/htdocs/wings/Wings/DB.php подключён.
2015-08-10 09:21:14 Файл C:/Program Files (x86)/Zend/Apache2/htdocs/wings/Wings/Header.php подключён.
2015-08-10 09:21:15 Файл C:/Program Files (x86)/Zend/Apache2/htdocs/wings/Wings/Logs.php подключён.
2015-08-10 09:21:15 Файл C:/Program Files (x86)/Zend/Apache2/htdocs/wings/Wings/Directory.php подключён.
2015-08-10 09:21:15 Файл C:/Program Files (x86)/Zend/Apache2/htdocs/wings/Wings/Crypt.php подключён.
2015-08-10 09:21:15 Файл C:/Program Files (x86)/Zend/Apache2/htdocs/wings/Wings/File.php подключён.
2015-08-10 09:21:15 Файл C:/Program Files (x86)/Zend/Apache2/htdocs/wings/Wings/DB.php подключён.
2015-08-10 09:21:15 Файл C:/Program Files (x86)/Zend/Apache2/htdocs/wings/Wings/tGet.php подключён.
2015-08-10 09:21:15 Файл C:/Program Files (x86)/Zend/Apache2/htdocs/wings/Wings/User.php подключён.
2015-08-10 09:21:16 Файл C:/Program Files (x86)/Zend/Apache2/htdocs/wings/Wings/Header.php подключён.
2015-08-10 09:21:16 Файл C:/Program Files (x86)/Zend/Apache2/htdocs/wings/Applications/BackEnd/Workspace.php подключён.
2015-08-10 09:21:17 Файл C:/Program Files (x86)/Zend/Apache2/htdocs/wings/Applications/BackEnd/Authorization/Controller.php подключён.
2015-08-10 09:21:17 Файл C:/Program Files (x86)/Zend/Apache2/htdocs/wings/Applications/BackEnd/Authorization/View.php подключён.
2015-08-10 09:21:18 Файл C:/Program Files (x86)/Zend/Apache2/htdocs/wings/Wings/Logs.php подключён.
2015-08-10 09:21:18 Файл C:/Program Files (x86)/Zend/Apache2/htdocs/wings/Wings/Directory.php подключён.
2015-08-10 09:21:18 Файл C:/Program Files (x86)/Zend/Apache2/htdocs/wings/Wings/Crypt.php подключён.
2015-08-10 09:21:18 Файл C:/Program Files (x86)/Zend/Apache2/htdocs/wings/Wings/File.php подключён.
2015-08-10 09:21:18 Файл C:/Program Files (x86)/Zend/Apache2/htdocs/wings/Wings/DB.php подключён.
2015-08-10 09:21:18 Файл C:/Program Files (x86)/Zend/Apache2/htdocs/wings/Wings/Header.php подключён.
2015-08-10 09:21:18 Файл C:/Program Files (x86)/Zend/Apache2/htdocs/wings/Wings/Logs.php подключён.
2015-08-10 09:21:18 Файл C:/Program Files (x86)/Zend/Apache2/htdocs/wings/Wings/Directory.php подключён.
2015-08-10 09:21:18 Файл C:/Program Files (x86)/Zend/Apache2/htdocs/wings/Wings/Crypt.php подключён.
2015-08-10 09:21:18 Файл C:/Program Files (x86)/Zend/Apache2/htdocs/wings/Wings/File.php подключён.
2015-08-10 09:21:18 Файл C:/Program Files (x86)/Zend/Apache2/htdocs/wings/Wings/DB.php подключён.
2015-08-10 09:21:18 Файл C:/Program Files (x86)/Zend/Apache2/htdocs/wings/Wings/tGet.php подключён.
2015-08-10 09:21:18 Файл C:/Program Files (x86)/Zend/Apache2/htdocs/wings/Wings/User.php подключён.
2015-08-10 09:21:18 Файл C:/Program Files (x86)/Zend/Apache2/htdocs/wings/Wings/Header.php подключён.
2015-08-10 09:21:18 Файл C:/Program Files (x86)/Zend/Apache2/htdocs/wings/Applications/FrontEnd/Workspace.php подключён.
2015-08-10 09:21:18 Файл C:/Program Files (x86)/Zend/Apache2/htdocs/wings/Wings/Page.php подключён.
2015-08-10 09:21:25 Файл C:/Program Files (x86)/Zend/Apache2/htdocs/wings/Wings/Logs.php подключён.
2015-08-10 09:21:25 Файл C:/Program Files (x86)/Zend/Apache2/htdocs/wings/Wings/Directory.php подключён.
2015-08-10 09:21:25 Файл C:/Program Files (x86)/Zend/Apache2/htdocs/wings/Wings/Crypt.php подключён.
2015-08-10 09:21:25 Файл C:/Program Files (x86)/Zend/Apache2/htdocs/wings/Wings/File.php подключён.
2015-08-10 09:21:25 Файл C:/Program Files (x86)/Zend/Apache2/htdocs/wings/Wings/DB.php подключён.
2015-08-10 09:21:25 Файл C:/Program Files (x86)/Zend/Apache2/htdocs/wings/Wings/tGet.php подключён.
2015-08-10 09:21:25 Файл C:/Program Files (x86)/Zend/Apache2/htdocs/wings/Wings/User.php подключён.
2015-08-10 09:21:25 Файл C:/Program Files (x86)/Zend/Apache2/htdocs/wings/Wings/Header.php подключён.
2015-08-10 09:21:25 Файл C:/Program Files (x86)/Zend/Apache2/htdocs/wings/Applications/BackEnd/Workspace.php подключён.
2015-08-10 09:21:25 Файл C:/Program Files (x86)/Zend/Apache2/htdocs/wings/Applications/BackEnd/Authorization/Controller.php подключён.
2015-08-10 09:21:25 Файл C:/Program Files (x86)/Zend/Apache2/htdocs/wings/Wings/UserGroupeModel.php подключён.
2015-08-10 09:21:27 Файл C:/Program Files (x86)/Zend/Apache2/htdocs/wings/Applications/BackEnd/Authorization/View.php подключён.
2015-08-10 09:21:27 Файл C:/Program Files (x86)/Zend/Apache2/htdocs/wings/Wings/Logs.php подключён.
2015-08-10 09:21:27 Файл C:/Program Files (x86)/Zend/Apache2/htdocs/wings/Wings/Directory.php подключён.
2015-08-10 09:21:27 Файл C:/Program Files (x86)/Zend/Apache2/htdocs/wings/Wings/Crypt.php подключён.
2015-08-10 09:21:27 Файл C:/Program Files (x86)/Zend/Apache2/htdocs/wings/Wings/File.php подключён.
2015-08-10 09:21:27 Файл C:/Program Files (x86)/Zend/Apache2/htdocs/wings/Wings/DB.php подключён.
2015-08-10 09:21:27 Файл C:/Program Files (x86)/Zend/Apache2/htdocs/wings/Wings/Header.php подключён.
2015-08-10 09:21:27 Файл C:/Program Files (x86)/Zend/Apache2/htdocs/wings/Wings/Logs.php подключён.
2015-08-10 09:21:27 Файл C:/Program Files (x86)/Zend/Apache2/htdocs/wings/Wings/Directory.php подключён.
2015-08-10 09:21:27 Файл C:/Program Files (x86)/Zend/Apache2/htdocs/wings/Wings/Crypt.php подключён.
2015-08-10 09:21:27 Файл C:/Program Files (x86)/Zend/Apache2/htdocs/wings/Wings/File.php подключён.
2015-08-10 09:21:27 Файл C:/Program Files (x86)/Zend/Apache2/htdocs/wings/Wings/DB.php подключён.
2015-08-10 09:21:27 Файл C:/Program Files (x86)/Zend/Apache2/htdocs/wings/Wings/tGet.php подключён.
2015-08-10 09:21:27 Файл C:/Program Files (x86)/Zend/Apache2/htdocs/wings/Wings/User.php подключён.
2015-08-10 09:21:27 Файл C:/Program Files (x86)/Zend/Apache2/htdocs/wings/Wings/UserGroupeModel.php подключён.
2015-08-10 09:21:28 Файл C:/Program Files (x86)/Zend/Apache2/htdocs/wings/Wings/Header.php подключён.
2015-08-10 09:21:28 Файл C:/Program Files (x86)/Zend/Apache2/htdocs/wings/Applications/BackEnd/Workspace.php подключён.
2015-08-10 09:21:28 Файл C:/Program Files (x86)/Zend/Apache2/htdocs/wings/Wings/Page.php подключён.
2015-08-10 09:21:28 Файл C:/Program Files (x86)/Zend/Apache2/htdocs/wings/Applications/BackEnd/Controller.php подключён.
2015-08-10 09:21:28 Файл C:/Program Files (x86)/Zend/Apache2/htdocs/wings/Applications/BackEnd/Index/Controller.php подключён.
2015-08-10 09:21:28 Файл C:/Program Files (x86)/Zend/Apache2/htdocs/wings/Wings/Tree/iTree.php подключён.
2015-08-10 09:21:28 Файл C:/Program Files (x86)/Zend/Apache2/htdocs/wings/Wings/Tree/NestedSets.php подключён.
2015-08-10 09:21:29 Файл C:/Program Files (x86)/Zend/Apache2/htdocs/wings/Applications/BackEnd/View.php подключён.
2015-08-10 09:21:29 Файл C:/Program Files (x86)/Zend/Apache2/htdocs/wings/Applications/BackEnd/Index/View.php подключён.
2015-08-10 09:21:29 Файл C:/Program Files (x86)/Zend/Apache2/htdocs/wings/Wings/Logs.php подключён.
2015-08-10 09:21:29 Файл C:/Program Files (x86)/Zend/Apache2/htdocs/wings/Wings/Directory.php подключён.
2015-08-10 09:21:29 Файл C:/Program Files (x86)/Zend/Apache2/htdocs/wings/Wings/Crypt.php подключён.
2015-08-10 09:21:29 Файл C:/Program Files (x86)/Zend/Apache2/htdocs/wings/Wings/File.php подключён.
2015-08-10 09:21:29 Файл C:/Program Files (x86)/Zend/Apache2/htdocs/wings/Wings/DB.php подключён.
2015-08-10 09:21:29 Файл C:/Program Files (x86)/Zend/Apache2/htdocs/wings/Wings/tGet.php подключён.
2015-08-10 09:21:29 Файл C:/Program Files (x86)/Zend/Apache2/htdocs/wings/Wings/User.php подключён.
2015-08-10 09:21:29 Файл C:/Program Files (x86)/Zend/Apache2/htdocs/wings/Wings/UserGroupeModel.php подключён.
2015-08-10 09:21:29 Файл C:/Program Files (x86)/Zend/Apache2/htdocs/wings/Wings/Header.php подключён.
2015-08-10 09:21:29 Файл C:/Program Files (x86)/Zend/Apache2/htdocs/wings/Applications/FrontEnd/Workspace.php подключён.
2015-08-10 09:21:29 Файл C:/Program Files (x86)/Zend/Apache2/htdocs/wings/Wings/Page.php подключён.
2015-08-10 09:21:29 Файл C:/Program Files (x86)/Zend/Apache2/htdocs/wings/Wings/Logs.php подключён.
2015-08-10 09:21:29 Файл C:/Program Files (x86)/Zend/Apache2/htdocs/wings/Wings/Directory.php подключён.
2015-08-10 09:21:29 Файл C:/Program Files (x86)/Zend/Apache2/htdocs/wings/Wings/Crypt.php подключён.
2015-08-10 09:21:29 Файл C:/Program Files (x86)/Zend/Apache2/htdocs/wings/Wings/File.php подключён.
2015-08-10 09:21:29 Файл C:/Program Files (x86)/Zend/Apache2/htdocs/wings/Wings/DB.php подключён.
2015-08-10 09:21:29 Файл C:/Program Files (x86)/Zend/Apache2/htdocs/wings/Wings/Header.php подключён.
2015-08-10 09:21:29 Файл C:/Program Files (x86)/Zend/Apache2/htdocs/wings/Wings/Logs.php подключён.
2015-08-10 09:21:29 Файл C:/Program Files (x86)/Zend/Apache2/htdocs/wings/Wings/Directory.php подключён.
2015-08-10 09:21:29 Файл C:/Program Files (x86)/Zend/Apache2/htdocs/wings/Wings/Crypt.php подключён.
2015-08-10 09:21:29 Файл C:/Program Files (x86)/Zend/Apache2/htdocs/wings/Wings/File.php подключён.
2015-08-10 09:21:29 Файл C:/Program Files (x86)/Zend/Apache2/htdocs/wings/Wings/DB.php подключён.
2015-08-10 09:21:29 Файл C:/Program Files (x86)/Zend/Apache2/htdocs/wings/Wings/tGet.php подключён.
2015-08-10 09:21:29 Файл C:/Program Files (x86)/Zend/Apache2/htdocs/wings/Wings/User.php подключён.
2015-08-10 09:21:29 Файл C:/Program Files (x86)/Zend/Apache2/htdocs/wings/Wings/UserGroupeModel.php подключён.
2015-08-10 09:21:29 Файл C:/Program Files (x86)/Zend/Apache2/htdocs/wings/Wings/Header.php подключён.
2015-08-10 09:21:29 Файл C:/Program Files (x86)/Zend/Apache2/htdocs/wings/Applications/FrontEnd/Workspace.php подключён.
2015-08-10 09:21:29 Файл C:/Program Files (x86)/Zend/Apache2/htdocs/wings/Wings/Page.php подключён.
2015-08-10 09:21:32 Файл C:/Program Files (x86)/Zend/Apache2/htdocs/wings/Wings/Logs.php подключён.
2015-08-10 09:21:32 Файл C:/Program Files (x86)/Zend/Apache2/htdocs/wings/Wings/Directory.php подключён.
2015-08-10 09:21:32 Файл C:/Program Files (x86)/Zend/Apache2/htdocs/wings/Wings/Crypt.php подключён.
2015-08-10 09:21:32 Файл C:/Program Files (x86)/Zend/Apache2/htdocs/wings/Wings/File.php подключён.
2015-08-10 09:21:32 Файл C:/Program Files (x86)/Zend/Apache2/htdocs/wings/Wings/DB.php подключён.
2015-08-10 09:21:32 Файл C:/Program Files (x86)/Zend/Apache2/htdocs/wings/Wings/tGet.php подключён.
2015-08-10 09:21:32 Файл C:/Program Files (x86)/Zend/Apache2/htdocs/wings/Wings/User.php подключён.
2015-08-10 09:21:32 Файл C:/Program Files (x86)/Zend/Apache2/htdocs/wings/Wings/UserGroupeModel.php подключён.
2015-08-10 09:21:32 Файл C:/Program Files (x86)/Zend/Apache2/htdocs/wings/Wings/Header.php подключён.
2015-08-10 09:21:32 Файл C:/Program Files (x86)/Zend/Apache2/htdocs/wings/Applications/BackEnd/Workspace.php подключён.
2015-08-10 09:21:32 Файл C:/Program Files (x86)/Zend/Apache2/htdocs/wings/Wings/Page.php подключён.
2015-08-10 09:21:33 Файл C:/Program Files (x86)/Zend/Apache2/htdocs/wings/Applications/BackEnd/Controller.php подключён.
2015-08-10 09:21:33 Файл C:/Program Files (x86)/Zend/Apache2/htdocs/wings/Applications/BackEnd/Group/Controller.php подключён.
2015-08-10 09:21:33 Файл C:/Program Files (x86)/Zend/Apache2/htdocs/wings/Applications/BackEnd/Model.php подключён.
2015-08-10 09:21:33 Файл C:/Program Files (x86)/Zend/Apache2/htdocs/wings/Applications/BackEnd/Group/Model.php подключён.
2015-08-10 09:21:33 Файл C:/Program Files (x86)/Zend/Apache2/htdocs/wings/Wings/Tree/iTree.php подключён.
2015-08-10 09:21:33 Файл C:/Program Files (x86)/Zend/Apache2/htdocs/wings/Wings/Tree/NestedSets.php подключён.
2015-08-10 09:21:33 Файл C:/Program Files (x86)/Zend/Apache2/htdocs/wings/Applications/BackEnd/View.php подключён.
2015-08-10 09:21:33 Файл C:/Program Files (x86)/Zend/Apache2/htdocs/wings/Applications/BackEnd/Group/View.php подключён.
